[0.046s] Invoking command in '/home/user/ros2_control_example/build/custom_interfaces': CMAKE_PREFIX_PATH=/opt/ros/humble /usr/bin/cmake --build /home/user/ros2_control_example/build/custom_interfaces -- -j8 -l8
[0.152s] [  3%] Built target custom_interfaces__cpp
[0.167s] [  3%] Built target ament_cmake_python_copy_custom_interfaces
[0.171s] [ 12%] Built target custom_interfaces__rosidl_generator_c
[0.189s] [ 41%] Built target custom_interfaces__rosidl_typesupport_cpp
[0.189s] [ 41%] Built target custom_interfaces__rosidl_typesupport_fastrtps_cpp
[0.189s] [ 41%] Built target custom_interfaces__rosidl_typesupport_introspection_cpp
[0.194s] [ 51%] Built target custom_interfaces__rosidl_typesupport_c
[0.195s] [ 61%] Built target custom_interfaces__rosidl_typesupport_introspection_c
[0.197s] [ 70%] Built target custom_interfaces__rosidl_typesupport_fastrtps_c
[0.211s] [ 70%] Built target custom_interfaces
[0.304s] [ 74%] Built target custom_interfaces__py
[0.333s] [ 80%] Built target custom_interfaces__rosidl_generator_py
[0.358s] [ 87%] Built target custom_interfaces__rosidl_typesupport_introspection_c__pyext
[0.358s] [ 93%] Built target custom_interfaces__rosidl_typesupport_fastrtps_c__pyext
[0.362s] [100%] Built target custom_interfaces__rosidl_typesupport_c__pyext
[0.448s] running egg_info
[0.448s] writing custom_interfaces.egg-info/PKG-INFO
[0.449s] writing dependency_links to custom_interfaces.egg-info/dependency_links.txt
[0.449s] writing top-level names to custom_interfaces.egg-info/top_level.txt
[0.452s] reading manifest file 'custom_interfaces.egg-info/SOURCES.txt'
[0.453s] writing manifest file 'custom_interfaces.egg-info/SOURCES.txt'
[0.474s] [100%] Built target ament_cmake_python_build_custom_interfaces_egg
[0.480s] Invoked command in '/home/user/ros2_control_example/build/custom_interfaces' returned '0': CMAKE_PREFIX_PATH=/opt/ros/humble /usr/bin/cmake --build /home/user/ros2_control_example/build/custom_interfaces -- -j8 -l8
[0.508s] Invoking command in '/home/user/ros2_control_example/build/custom_interfaces': CMAKE_PREFIX_PATH=/opt/ros/humble /usr/bin/cmake --install /home/user/ros2_control_example/build/custom_interfaces
[0.513s] -- Install configuration: ""
[0.513s] -- Up-to-date: /home/user/ros2_control_example/install/custom_interfaces/share/ament_index/resource_index/rosidl_interfaces/custom_interfaces
[0.514s] -- Up-to-date: /home/user/ros2_control_example/install/custom_interfaces/include/custom_interfaces/custom_interfaces
[0.514s] -- Up-to-date: /home/user/ros2_control_example/install/custom_interfaces/include/custom_interfaces/custom_interfaces/msg
[0.514s] -- Up-to-date: /home/user/ros2_control_example/install/custom_interfaces/include/custom_interfaces/custom_interfaces/msg/detail
[0.515s] -- Up-to-date: /home/user/ros2_control_example/install/custom_interfaces/include/custom_interfaces/custom_interfaces/msg/detail/controlnote__struct.h
[0.515s] -- Up-to-date: /home/user/ros2_control_example/install/custom_interfaces/include/custom_interfaces/custom_interfaces/msg/detail/controlnote__functions.h
[0.515s] -- Up-to-date: /home/user/ros2_control_example/install/custom_interfaces/include/custom_interfaces/custom_interfaces/msg/detail/controlnote__functions.c
[0.515s] -- Up-to-date: /home/user/ros2_control_example/install/custom_interfaces/include/custom_interfaces/custom_interfaces/msg/detail/controlnote__type_support.h
[0.515s] -- Up-to-date: /home/user/ros2_control_example/install/custom_interfaces/include/custom_interfaces/custom_interfaces/msg/controlnote.h
[0.515s] -- Up-to-date: /home/user/ros2_control_example/install/custom_interfaces/include/custom_interfaces/custom_interfaces/msg/rosidl_generator_c__visibility_control.h
[0.515s] -- Up-to-date: /home/user/ros2_control_example/install/custom_interfaces/share/custom_interfaces/environment/library_path.sh
[0.515s] -- Up-to-date: /home/user/ros2_control_example/install/custom_interfaces/share/custom_interfaces/environment/library_path.dsv
[0.516s] -- Up-to-date: /home/user/ros2_control_example/install/custom_interfaces/lib/libcustom_interfaces__rosidl_generator_c.so
[0.516s] -- Up-to-date: /home/user/ros2_control_example/install/custom_interfaces/include/custom_interfaces/custom_interfaces
[0.516s] -- Up-to-date: /home/user/ros2_control_example/install/custom_interfaces/include/custom_interfaces/custom_interfaces/msg
[0.516s] -- Up-to-date: /home/user/ros2_control_example/install/custom_interfaces/include/custom_interfaces/custom_interfaces/msg/detail
[0.516s] -- Up-to-date: /home/user/ros2_control_example/install/custom_interfaces/include/custom_interfaces/custom_interfaces/msg/detail/controlnote__rosidl_typesupport_fastrtps_c.h
[0.516s] -- Up-to-date: /home/user/ros2_control_example/install/custom_interfaces/include/custom_interfaces/custom_interfaces/msg/rosidl_typesupport_fastrtps_c__visibility_control.h
[0.517s] -- Up-to-date: /home/user/ros2_control_example/install/custom_interfaces/lib/libcustom_interfaces__rosidl_typesupport_fastrtps_c.so
[0.517s] -- Up-to-date: /home/user/ros2_control_example/install/custom_interfaces/include/custom_interfaces/custom_interfaces
[0.517s] -- Up-to-date: /home/user/ros2_control_example/install/custom_interfaces/include/custom_interfaces/custom_interfaces/msg
[0.517s] -- Up-to-date: /home/user/ros2_control_example/install/custom_interfaces/include/custom_interfaces/custom_interfaces/msg/detail
[0.517s] -- Up-to-date: /home/user/ros2_control_example/install/custom_interfaces/include/custom_interfaces/custom_interfaces/msg/detail/controlnote__struct.hpp
[0.517s] -- Up-to-date: /home/user/ros2_control_example/install/custom_interfaces/include/custom_interfaces/custom_interfaces/msg/detail/controlnote__builder.hpp
[0.517s] -- Up-to-date: /home/user/ros2_control_example/install/custom_interfaces/include/custom_interfaces/custom_interfaces/msg/detail/controlnote__traits.hpp
[0.517s] -- Up-to-date: /home/user/ros2_control_example/install/custom_interfaces/include/custom_interfaces/custom_interfaces/msg/controlnote.hpp
[0.517s] -- Up-to-date: /home/user/ros2_control_example/install/custom_interfaces/include/custom_interfaces/custom_interfaces
[0.517s] -- Up-to-date: /home/user/ros2_control_example/install/custom_interfaces/include/custom_interfaces/custom_interfaces/msg
[0.517s] -- Up-to-date: /home/user/ros2_control_example/install/custom_interfaces/include/custom_interfaces/custom_interfaces/msg/detail
[0.517s] -- Up-to-date: /home/user/ros2_control_example/install/custom_interfaces/include/custom_interfaces/custom_interfaces/msg/detail/controlnote__rosidl_typesupport_fastrtps_cpp.hpp
[0.517s] -- Up-to-date: /home/user/ros2_control_example/install/custom_interfaces/include/custom_interfaces/custom_interfaces/msg/detail/dds_fastrtps
[0.517s] -- Up-to-date: /home/user/ros2_control_example/install/custom_interfaces/include/custom_interfaces/custom_interfaces/msg/rosidl_typesupport_fastrtps_cpp__visibility_control.h
[0.518s] -- Up-to-date: /home/user/ros2_control_example/install/custom_interfaces/lib/libcustom_interfaces__rosidl_typesupport_fastrtps_cpp.so
[0.518s] -- Up-to-date: /home/user/ros2_control_example/install/custom_interfaces/include/custom_interfaces/custom_interfaces
[0.518s] -- Up-to-date: /home/user/ros2_control_example/install/custom_interfaces/include/custom_interfaces/custom_interfaces/msg
[0.519s] -- Up-to-date: /home/user/ros2_control_example/install/custom_interfaces/include/custom_interfaces/custom_interfaces/msg/detail
[0.519s] -- Up-to-date: /home/user/ros2_control_example/install/custom_interfaces/include/custom_interfaces/custom_interfaces/msg/detail/controlnote__rosidl_typesupport_introspection_c.h
[0.519s] -- Up-to-date: /home/user/ros2_control_example/install/custom_interfaces/include/custom_interfaces/custom_interfaces/msg/detail/controlnote__type_support.c
[0.519s] -- Up-to-date: /home/user/ros2_control_example/install/custom_interfaces/include/custom_interfaces/custom_interfaces/msg/rosidl_typesupport_introspection_c__visibility_control.h
[0.519s] -- Up-to-date: /home/user/ros2_control_example/install/custom_interfaces/lib/libcustom_interfaces__rosidl_typesupport_introspection_c.so
[0.520s] -- Up-to-date: /home/user/ros2_control_example/install/custom_interfaces/lib/libcustom_interfaces__rosidl_typesupport_c.so
[0.520s] -- Up-to-date: /home/user/ros2_control_example/install/custom_interfaces/include/custom_interfaces/custom_interfaces
[0.520s] -- Up-to-date: /home/user/ros2_control_example/install/custom_interfaces/include/custom_interfaces/custom_interfaces/msg
[0.520s] -- Up-to-date: /home/user/ros2_control_example/install/custom_interfaces/include/custom_interfaces/custom_interfaces/msg/detail
[0.520s] -- Up-to-date: /home/user/ros2_control_example/install/custom_interfaces/include/custom_interfaces/custom_interfaces/msg/detail/controlnote__type_support.cpp
[0.520s] -- Up-to-date: /home/user/ros2_control_example/install/custom_interfaces/include/custom_interfaces/custom_interfaces/msg/detail/controlnote__rosidl_typesupport_introspection_cpp.hpp
[0.521s] -- Up-to-date: /home/user/ros2_control_example/install/custom_interfaces/lib/libcustom_interfaces__rosidl_typesupport_introspection_cpp.so
[0.522s] -- Up-to-date: /home/user/ros2_control_example/install/custom_interfaces/lib/libcustom_interfaces__rosidl_typesupport_cpp.so
[0.522s] -- Up-to-date: /home/user/ros2_control_example/install/custom_interfaces/share/custom_interfaces/environment/pythonpath.sh
[0.522s] -- Up-to-date: /home/user/ros2_control_example/install/custom_interfaces/share/custom_interfaces/environment/pythonpath.dsv
[0.522s] -- Up-to-date: /home/user/ros2_control_example/install/custom_interfaces/local/lib/python3.10/dist-packages/custom_interfaces-0.0.0-py3.10.egg-info
[0.522s] -- Installing: /home/user/ros2_control_example/install/custom_interfaces/local/lib/python3.10/dist-packages/custom_interfaces-0.0.0-py3.10.egg-info/SOURCES.txt
[0.522s] -- Installing: /home/user/ros2_control_example/install/custom_interfaces/local/lib/python3.10/dist-packages/custom_interfaces-0.0.0-py3.10.egg-info/dependency_links.txt
[0.522s] -- Installing: /home/user/ros2_control_example/install/custom_interfaces/local/lib/python3.10/dist-packages/custom_interfaces-0.0.0-py3.10.egg-info/PKG-INFO
[0.522s] -- Installing: /home/user/ros2_control_example/install/custom_interfaces/local/lib/python3.10/dist-packages/custom_interfaces-0.0.0-py3.10.egg-info/top_level.txt
[0.523s] -- Up-to-date: /home/user/ros2_control_example/install/custom_interfaces/local/lib/python3.10/dist-packages/custom_interfaces
[0.523s] -- Up-to-date: /home/user/ros2_control_example/install/custom_interfaces/local/lib/python3.10/dist-packages/custom_interfaces/custom_interfaces_s__rosidl_typesupport_fastrtps_c.cpython-310-x86_64-linux-gnu.so
[0.523s] -- Up-to-date: /home/user/ros2_control_example/install/custom_interfaces/local/lib/python3.10/dist-packages/custom_interfaces/__init__.py
[0.523s] -- Up-to-date: /home/user/ros2_control_example/install/custom_interfaces/local/lib/python3.10/dist-packages/custom_interfaces/custom_interfaces_s__rosidl_typesupport_c.cpython-310-x86_64-linux-gnu.so
[0.523s] -- Up-to-date: /home/user/ros2_control_example/install/custom_interfaces/local/lib/python3.10/dist-packages/custom_interfaces/msg
[0.523s] -- Up-to-date: /home/user/ros2_control_example/install/custom_interfaces/local/lib/python3.10/dist-packages/custom_interfaces/msg/_controlnote.py
[0.523s] -- Up-to-date: /home/user/ros2_control_example/install/custom_interfaces/local/lib/python3.10/dist-packages/custom_interfaces/msg/__init__.py
[0.523s] -- Up-to-date: /home/user/ros2_control_example/install/custom_interfaces/local/lib/python3.10/dist-packages/custom_interfaces/msg/_controlnote_s.c
[0.523s] -- Up-to-date: /home/user/ros2_control_example/install/custom_interfaces/local/lib/python3.10/dist-packages/custom_interfaces/libcustom_interfaces__rosidl_generator_py.so
[0.523s] -- Up-to-date: /home/user/ros2_control_example/install/custom_interfaces/local/lib/python3.10/dist-packages/custom_interfaces/_custom_interfaces_s.ep.rosidl_typesupport_introspection_c.c
[0.523s] -- Up-to-date: /home/user/ros2_control_example/install/custom_interfaces/local/lib/python3.10/dist-packages/custom_interfaces/custom_interfaces_s__rosidl_typesupport_introspection_c.cpython-310-x86_64-linux-gnu.so
[0.523s] -- Up-to-date: /home/user/ros2_control_example/install/custom_interfaces/local/lib/python3.10/dist-packages/custom_interfaces/_custom_interfaces_s.ep.rosidl_typesupport_c.c
[0.523s] -- Up-to-date: /home/user/ros2_control_example/install/custom_interfaces/local/lib/python3.10/dist-packages/custom_interfaces/_custom_interfaces_s.ep.rosidl_typesupport_fastrtps_c.c
[0.550s] Listing '/home/user/ros2_control_example/install/custom_interfaces/local/lib/python3.10/dist-packages/custom_interfaces'...
[0.550s] Listing '/home/user/ros2_control_example/install/custom_interfaces/local/lib/python3.10/dist-packages/custom_interfaces/msg'...
[0.555s] -- Up-to-date: /home/user/ros2_control_example/install/custom_interfaces/local/lib/python3.10/dist-packages/custom_interfaces/custom_interfaces_s__rosidl_typesupport_fastrtps_c.cpython-310-x86_64-linux-gnu.so
[0.555s] -- Up-to-date: /home/user/ros2_control_example/install/custom_interfaces/local/lib/python3.10/dist-packages/custom_interfaces/custom_interfaces_s__rosidl_typesupport_introspection_c.cpython-310-x86_64-linux-gnu.so
[0.556s] -- Up-to-date: /home/user/ros2_control_example/install/custom_interfaces/local/lib/python3.10/dist-packages/custom_interfaces/custom_interfaces_s__rosidl_typesupport_c.cpython-310-x86_64-linux-gnu.so
[0.556s] -- Up-to-date: /home/user/ros2_control_example/install/custom_interfaces/lib/libcustom_interfaces__rosidl_generator_py.so
[0.556s] -- Up-to-date: /home/user/ros2_control_example/install/custom_interfaces/share/custom_interfaces/msg/Controlnote.idl
[0.556s] -- Up-to-date: /home/user/ros2_control_example/install/custom_interfaces/share/custom_interfaces/msg/Controlnote.msg
[0.557s] -- Up-to-date: /home/user/ros2_control_example/install/custom_interfaces/share/ament_index/resource_index/package_run_dependencies/custom_interfaces
[0.557s] -- Up-to-date: /home/user/ros2_control_example/install/custom_interfaces/share/ament_index/resource_index/parent_prefix_path/custom_interfaces
[0.557s] -- Up-to-date: /home/user/ros2_control_example/install/custom_interfaces/share/custom_interfaces/environment/ament_prefix_path.sh
[0.557s] -- Up-to-date: /home/user/ros2_control_example/install/custom_interfaces/share/custom_interfaces/environment/ament_prefix_path.dsv
[0.557s] -- Up-to-date: /home/user/ros2_control_example/install/custom_interfaces/share/custom_interfaces/environment/path.sh
[0.557s] -- Up-to-date: /home/user/ros2_control_example/install/custom_interfaces/share/custom_interfaces/environment/path.dsv
[0.557s] -- Up-to-date: /home/user/ros2_control_example/install/custom_interfaces/share/custom_interfaces/local_setup.bash
[0.557s] -- Up-to-date: /home/user/ros2_control_example/install/custom_interfaces/share/custom_interfaces/local_setup.sh
[0.557s] -- Up-to-date: /home/user/ros2_control_example/install/custom_interfaces/share/custom_interfaces/local_setup.zsh
[0.557s] -- Up-to-date: /home/user/ros2_control_example/install/custom_interfaces/share/custom_interfaces/local_setup.dsv
[0.558s] -- Installing: /home/user/ros2_control_example/install/custom_interfaces/share/custom_interfaces/package.dsv
[0.558s] -- Up-to-date: /home/user/ros2_control_example/install/custom_interfaces/share/ament_index/resource_index/packages/custom_interfaces
[0.560s] -- Up-to-date: /home/user/ros2_control_example/install/custom_interfaces/share/custom_interfaces/cmake/export_custom_interfaces__rosidl_generator_cExport.cmake
[0.560s] -- Up-to-date: /home/user/ros2_control_example/install/custom_interfaces/share/custom_interfaces/cmake/export_custom_interfaces__rosidl_generator_cExport-noconfig.cmake
[0.560s] -- Up-to-date: /home/user/ros2_control_example/install/custom_interfaces/share/custom_interfaces/cmake/export_custom_interfaces__rosidl_typesupport_fastrtps_cExport.cmake
[0.560s] -- Up-to-date: /home/user/ros2_control_example/install/custom_interfaces/share/custom_interfaces/cmake/export_custom_interfaces__rosidl_typesupport_fastrtps_cExport-noconfig.cmake
[0.561s] -- Up-to-date: /home/user/ros2_control_example/install/custom_interfaces/share/custom_interfaces/cmake/export_custom_interfaces__rosidl_generator_cppExport.cmake
[0.562s] -- Up-to-date: /home/user/ros2_control_example/install/custom_interfaces/share/custom_interfaces/cmake/export_custom_interfaces__rosidl_typesupport_fastrtps_cppExport.cmake
[0.562s] -- Up-to-date: /home/user/ros2_control_example/install/custom_interfaces/share/custom_interfaces/cmake/export_custom_interfaces__rosidl_typesupport_fastrtps_cppExport-noconfig.cmake
[0.563s] -- Up-to-date: /home/user/ros2_control_example/install/custom_interfaces/share/custom_interfaces/cmake/custom_interfaces__rosidl_typesupport_introspection_cExport.cmake
[0.563s] -- Up-to-date: /home/user/ros2_control_example/install/custom_interfaces/share/custom_interfaces/cmake/custom_interfaces__rosidl_typesupport_introspection_cExport-noconfig.cmake
[0.564s] -- Up-to-date: /home/user/ros2_control_example/install/custom_interfaces/share/custom_interfaces/cmake/custom_interfaces__rosidl_typesupport_cExport.cmake
[0.564s] -- Up-to-date: /home/user/ros2_control_example/install/custom_interfaces/share/custom_interfaces/cmake/custom_interfaces__rosidl_typesupport_cExport-noconfig.cmake
[0.565s] -- Up-to-date: /home/user/ros2_control_example/install/custom_interfaces/share/custom_interfaces/cmake/custom_interfaces__rosidl_typesupport_introspection_cppExport.cmake
[0.565s] -- Up-to-date: /home/user/ros2_control_example/install/custom_interfaces/share/custom_interfaces/cmake/custom_interfaces__rosidl_typesupport_introspection_cppExport-noconfig.cmake
[0.566s] -- Up-to-date: /home/user/ros2_control_example/install/custom_interfaces/share/custom_interfaces/cmake/custom_interfaces__rosidl_typesupport_cppExport.cmake
[0.566s] -- Up-to-date: /home/user/ros2_control_example/install/custom_interfaces/share/custom_interfaces/cmake/custom_interfaces__rosidl_typesupport_cppExport-noconfig.cmake
[0.567s] -- Up-to-date: /home/user/ros2_control_example/install/custom_interfaces/share/custom_interfaces/cmake/export_custom_interfaces__rosidl_generator_pyExport.cmake
[0.567s] -- Up-to-date: /home/user/ros2_control_example/install/custom_interfaces/share/custom_interfaces/cmake/export_custom_interfaces__rosidl_generator_pyExport-noconfig.cmake
[0.567s] -- Up-to-date: /home/user/ros2_control_example/install/custom_interfaces/share/custom_interfaces/cmake/rosidl_cmake-extras.cmake
[0.567s] -- Up-to-date: /home/user/ros2_control_example/install/custom_interfaces/share/custom_interfaces/cmake/ament_cmake_export_dependencies-extras.cmake
[0.568s] -- Up-to-date: /home/user/ros2_control_example/install/custom_interfaces/share/custom_interfaces/cmake/ament_cmake_export_include_directories-extras.cmake
[0.568s] -- Up-to-date: /home/user/ros2_control_example/install/custom_interfaces/share/custom_interfaces/cmake/ament_cmake_export_libraries-extras.cmake
[0.568s] -- Up-to-date: /home/user/ros2_control_example/install/custom_interfaces/share/custom_interfaces/cmake/ament_cmake_export_targets-extras.cmake
[0.568s] -- Up-to-date: /home/user/ros2_control_example/install/custom_interfaces/share/custom_interfaces/cmake/rosidl_cmake_export_typesupport_targets-extras.cmake
[0.568s] -- Up-to-date: /home/user/ros2_control_example/install/custom_interfaces/share/custom_interfaces/cmake/rosidl_cmake_export_typesupport_libraries-extras.cmake
[0.568s] -- Up-to-date: /home/user/ros2_control_example/install/custom_interfaces/share/custom_interfaces/cmake/custom_interfacesConfig.cmake
[0.568s] -- Up-to-date: /home/user/ros2_control_example/install/custom_interfaces/share/custom_interfaces/cmake/custom_interfacesConfig-version.cmake
[0.568s] -- Up-to-date: /home/user/ros2_control_example/install/custom_interfaces/share/custom_interfaces/package.xml
[0.571s] Invoked command in '/home/user/ros2_control_example/build/custom_interfaces' returned '0': CMAKE_PREFIX_PATH=/opt/ros/humble /usr/bin/cmake --install /home/user/ros2_control_example/build/custom_interfaces
