[0.012s] Invoking command in '/home/user/ros2_control_example/build/robot_model': CMAKE_PREFIX_PATH=/opt/ros/humble /usr/bin/cmake /home/user/ros2_control_example/src/robot_model -DCMAKE_INSTALL_PREFIX=/home/user/ros2_control_example/install/robot_model
[0.059s] -- The C compiler identification is GNU 11.3.0
[0.104s] -- The CXX compiler identification is GNU 11.3.0
[0.110s] -- Detecting C compiler ABI info
[0.155s] -- Detecting C compiler ABI info - done
[0.161s] -- Check for working C compiler: /usr/bin/cc - skipped
[0.161s] -- Detecting C compile features
[0.162s] -- Detecting C compile features - done
[0.164s] -- Detecting CXX compiler ABI info
[0.218s] -- Detecting CXX compiler ABI info - done
[0.224s] -- Check for working CXX compiler: /usr/bin/c++ - skipped
[0.225s] -- Detecting CXX compile features
[0.225s] -- Detecting CXX compile features - done
[0.227s] -- Found ament_cmake: 1.3.3 (/opt/ros/humble/share/ament_cmake/cmake)
[0.399s] -- Found Python3: /usr/bin/python3.10 (found version "3.10.6") found components: Interpreter 
[0.480s] -- Found ament_lint_auto: 0.12.4 (/opt/ros/humble/share/ament_lint_auto/cmake)
[0.539s] -- Added test 'flake8' to check Python code syntax and style conventions
[0.539s] -- Added test 'lint_cmake' to check CMake code style
[0.540s] -- Added test 'pep257' to check Python code against some of the docstring style conventions in PEP 257
[0.541s] -- Added test 'xmllint' to check XML markup files
[0.542s] -- Configuring done
[0.544s] -- Generating done
[0.544s] -- Build files have been written to: /home/user/ros2_control_example/build/robot_model
[0.547s] Invoked command in '/home/user/ros2_control_example/build/robot_model' returned '0': CMAKE_PREFIX_PATH=/opt/ros/humble /usr/bin/cmake /home/user/ros2_control_example/src/robot_model -DCMAKE_INSTALL_PREFIX=/home/user/ros2_control_example/install/robot_model
[0.549s] Invoking command in '/home/user/ros2_control_example/build/robot_model': CMAKE_PREFIX_PATH=/opt/ros/humble /usr/bin/cmake --build /home/user/ros2_control_example/build/robot_model -- -j8 -l8
[0.570s] Invoked command in '/home/user/ros2_control_example/build/robot_model' returned '0': CMAKE_PREFIX_PATH=/opt/ros/humble /usr/bin/cmake --build /home/user/ros2_control_example/build/robot_model -- -j8 -l8
[0.586s] Invoking command in '/home/user/ros2_control_example/build/robot_model': CMAKE_PREFIX_PATH=/opt/ros/humble /usr/bin/cmake --install /home/user/ros2_control_example/build/robot_model
[0.591s] -- Install configuration: ""
[0.591s] -- Installing: /home/user/ros2_control_example/install/robot_model/share/robot_model/description
[0.591s] -- Installing: /home/user/ros2_control_example/install/robot_model/share/robot_model/description/robot.urdf.xacro
[0.591s] -- Installing: /home/user/ros2_control_example/install/robot_model/share/robot_model/description/gazebo_ros2_control.xacro
[0.591s] -- Installing: /home/user/ros2_control_example/install/robot_model/share/robot_model/description/include.xacro
[0.591s] -- Installing: /home/user/ros2_control_example/install/robot_model/share/robot_model/description/gazebo.xacro
[0.592s] -- Installing: /home/user/ros2_control_example/install/robot_model/share/robot_model/launch
[0.592s] -- Installing: /home/user/ros2_control_example/install/robot_model/share/robot_model/launch/gazeobo_sim.launch.py
[0.592s] -- Installing: /home/user/ros2_control_example/install/robot_model/share/robot_model/launch/robot_state_publisher_launch.py
[0.592s] -- Installing: /home/user/ros2_control_example/install/robot_model/share/robot_model/config
[0.592s] -- Installing: /home/user/ros2_control_example/install/robot_model/share/robot_model/config/my_controllers.yaml
[0.592s] -- Installing: /home/user/ros2_control_example/install/robot_model/share/ament_index/resource_index/package_run_dependencies/robot_model
[0.592s] -- Installing: /home/user/ros2_control_example/install/robot_model/share/ament_index/resource_index/parent_prefix_path/robot_model
[0.592s] -- Installing: /home/user/ros2_control_example/install/robot_model/share/robot_model/environment/ament_prefix_path.sh
[0.592s] -- Installing: /home/user/ros2_control_example/install/robot_model/share/robot_model/environment/ament_prefix_path.dsv
[0.593s] -- Installing: /home/user/ros2_control_example/install/robot_model/share/robot_model/environment/path.sh
[0.593s] -- Installing: /home/user/ros2_control_example/install/robot_model/share/robot_model/environment/path.dsv
[0.593s] -- Installing: /home/user/ros2_control_example/install/robot_model/share/robot_model/local_setup.bash
[0.593s] -- Installing: /home/user/ros2_control_example/install/robot_model/share/robot_model/local_setup.sh
[0.593s] -- Installing: /home/user/ros2_control_example/install/robot_model/share/robot_model/local_setup.zsh
[0.593s] -- Installing: /home/user/ros2_control_example/install/robot_model/share/robot_model/local_setup.dsv
[0.593s] -- Installing: /home/user/ros2_control_example/install/robot_model/share/robot_model/package.dsv
[0.593s] -- Installing: /home/user/ros2_control_example/install/robot_model/share/ament_index/resource_index/packages/robot_model
[0.593s] -- Installing: /home/user/ros2_control_example/install/robot_model/share/robot_model/cmake/robot_modelConfig.cmake
[0.593s] -- Installing: /home/user/ros2_control_example/install/robot_model/share/robot_model/cmake/robot_modelConfig-version.cmake
[0.593s] -- Installing: /home/user/ros2_control_example/install/robot_model/share/robot_model/package.xml
[0.595s] Invoked command in '/home/user/ros2_control_example/build/robot_model' returned '0': CMAKE_PREFIX_PATH=/opt/ros/humble /usr/bin/cmake --install /home/user/ros2_control_example/build/robot_model
