[0.010s] Invoking command in '/home/user/ros2_control_example/build/robot_model': CMAKE_PREFIX_PATH=/opt/ros/humble /usr/bin/cmake --build /home/user/ros2_control_example/build/robot_model -- -j8 -l8
[0.024s] -- Found ament_cmake: 1.3.3 (/opt/ros/humble/share/ament_cmake/cmake)
[0.126s] -- Found ament_lint_auto: 0.12.4 (/opt/ros/humble/share/ament_lint_auto/cmake)
[0.175s] -- Added test 'flake8' to check Python code syntax and style conventions
[0.175s] -- Added test 'lint_cmake' to check CMake code style
[0.175s] -- Added test 'pep257' to check Python code against some of the docstring style conventions in PEP 257
[0.176s] -- Added test 'xmllint' to check XML markup files
[0.176s] -- Configuring done
[0.178s] -- Generating done
[0.179s] -- Build files have been written to: /home/user/ros2_control_example/build/robot_model
[0.191s] Invoked command in '/home/user/ros2_control_example/build/robot_model' returned '0': CMAKE_PREFIX_PATH=/opt/ros/humble /usr/bin/cmake --build /home/user/ros2_control_example/build/robot_model -- -j8 -l8
[0.207s] Invoking command in '/home/user/ros2_control_example/build/robot_model': CMAKE_PREFIX_PATH=/opt/ros/humble /usr/bin/cmake --install /home/user/ros2_control_example/build/robot_model
[0.211s] -- Install configuration: ""
[0.212s] -- Installing: /home/user/ros2_control_example/install/robot_model/share/robot_model/description
[0.212s] -- Installing: /home/user/ros2_control_example/install/robot_model/share/robot_model/description/robot.urdf.xacro
[0.212s] -- Installing: /home/user/ros2_control_example/install/robot_model/share/robot_model/description/include.xacro
[0.212s] -- Installing: /home/user/ros2_control_example/install/robot_model/share/robot_model/launch
[0.212s] -- Installing: /home/user/ros2_control_example/install/robot_model/share/robot_model/launch/robot_state_publisher_launch.py
[0.212s] -- Up-to-date: /home/user/ros2_control_example/install/robot_model/share/ament_index/resource_index/package_run_dependencies/robot_model
[0.212s] -- Up-to-date: /home/user/ros2_control_example/install/robot_model/share/ament_index/resource_index/parent_prefix_path/robot_model
[0.212s] -- Up-to-date: /home/user/ros2_control_example/install/robot_model/share/robot_model/environment/ament_prefix_path.sh
[0.212s] -- Installing: /home/user/ros2_control_example/install/robot_model/share/robot_model/environment/ament_prefix_path.dsv
[0.212s] -- Up-to-date: /home/user/ros2_control_example/install/robot_model/share/robot_model/environment/path.sh
[0.212s] -- Installing: /home/user/ros2_control_example/install/robot_model/share/robot_model/environment/path.dsv
[0.212s] -- Up-to-date: /home/user/ros2_control_example/install/robot_model/share/robot_model/local_setup.bash
[0.213s] -- Up-to-date: /home/user/ros2_control_example/install/robot_model/share/robot_model/local_setup.sh
[0.213s] -- Up-to-date: /home/user/ros2_control_example/install/robot_model/share/robot_model/local_setup.zsh
[0.213s] -- Installing: /home/user/ros2_control_example/install/robot_model/share/robot_model/local_setup.dsv
[0.213s] -- Installing: /home/user/ros2_control_example/install/robot_model/share/robot_model/package.dsv
[0.213s] -- Up-to-date: /home/user/ros2_control_example/install/robot_model/share/ament_index/resource_index/packages/robot_model
[0.213s] -- Up-to-date: /home/user/ros2_control_example/install/robot_model/share/robot_model/cmake/robot_modelConfig.cmake
[0.213s] -- Up-to-date: /home/user/ros2_control_example/install/robot_model/share/robot_model/cmake/robot_modelConfig-version.cmake
[0.213s] -- Up-to-date: /home/user/ros2_control_example/install/robot_model/share/robot_model/package.xml
[0.214s] Invoked command in '/home/user/ros2_control_example/build/robot_model' returned '0': CMAKE_PREFIX_PATH=/opt/ros/humble /usr/bin/cmake --install /home/user/ros2_control_example/build/robot_model
