[0.287s] DEBUG:colcon:Command line arguments: ['/usr/bin/colcon', 'build']
[0.287s] DEBUG:colcon:Parsed command line arguments: Namespace(log_base=None, log_level=None, verb_name='build', build_base='build', install_base='install', merge_install=False, symlink_install=False, test_result_base=None, continue_on_error=False, executor='parallel', parallel_workers=8, event_handlers=None, ignore_user_meta=False, metas=['./colcon.meta'], base_paths=['.'], packages_ignore=None, packages_ignore_regex=None, paths=None, packages_up_to=None, packages_up_to_regex=None, packages_above=None, packages_above_and_dependencies=None, packages_above_depth=None, packages_select_by_dep=None, packages_skip_by_dep=None, packages_skip_up_to=None, packages_select_build_failed=False, packages_skip_build_finished=False, packages_select_test_failures=False, packages_skip_test_passed=False, packages_select=None, packages_skip=None, packages_select_regex=None, packages_skip_regex=None, packages_start=None, packages_end=None, allow_overriding=[], cmake_args=None, cmake_target=None, cmake_target_skip_unavailable=False, cmake_clean_cache=False, cmake_clean_first=False, cmake_force_configure=False, ament_cmake_args=None, catkin_cmake_args=None, catkin_skip_building_tests=False, verb_parser=<colcon_defaults.argument_parser.defaults.DefaultArgumentsDecorator object at 0x7fdcb5b51d50>, verb_extension=<colcon_core.verb.build.BuildVerb object at 0x7fdcb5b517e0>, main=<bound method BuildVerb.main of <colcon_core.verb.build.BuildVerb object at 0x7fdcb5b517e0>>)
[0.304s] Level 1:colcon.colcon_core.package_discovery:discover_packages(colcon_meta) check parameters
[0.304s] Level 1:colcon.colcon_core.package_discovery:discover_packages(recursive) check parameters
[0.304s] Level 1:colcon.colcon_core.package_discovery:discover_packages(ignore) check parameters
[0.304s] Level 1:colcon.colcon_core.package_discovery:discover_packages(path) check parameters
[0.305s] Level 1:colcon.colcon_core.package_discovery:discover_packages(colcon_meta) discover
[0.305s] Level 1:colcon.colcon_core.package_discovery:discover_packages(recursive) discover
[0.305s] INFO:colcon.colcon_core.package_discovery:Crawling recursively for packages in '/home/user/ros2_control_example'
[0.305s] Level 1:colcon.colcon_core.package_identification:_identify(.) by extensions ['ignore', 'ignore_ament_install']
[0.305s] Level 1:colcon.colcon_core.package_identification:_identify(.) by extension 'ignore'
[0.305s] Level 1:colcon.colcon_core.package_identification:_identify(.) by extension 'ignore_ament_install'
[0.305s] Level 1:colcon.colcon_core.package_identification:_identify(.) by extensions ['colcon_pkg']
[0.305s] Level 1:colcon.colcon_core.package_identification:_identify(.) by extension 'colcon_pkg'
[0.305s] Level 1:colcon.colcon_core.package_identification:_identify(.) by extensions ['colcon_meta']
[0.305s] Level 1:colcon.colcon_core.package_identification:_identify(.) by extension 'colcon_meta'
[0.305s] Level 1:colcon.colcon_core.package_identification:_identify(.) by extensions ['ros']
[0.305s] Level 1:colcon.colcon_core.package_identification:_identify(.) by extension 'ros'
[0.313s] Level 1:colcon.colcon_core.package_identification:_identify(.) by extensions ['cmake', 'python']
[0.314s] Level 1:colcon.colcon_core.package_identification:_identify(.) by extension 'cmake'
[0.314s] Level 1:colcon.colcon_core.package_identification:_identify(.) by extension 'python'
[0.314s] Level 1:colcon.colcon_core.package_identification:_identify(.) by extensions ['python_setup_py']
[0.314s] Level 1:colcon.colcon_core.package_identification:_identify(.) by extension 'python_setup_py'
[0.314s] Level 1:colcon.colcon_core.package_identification:_identify(build) by extensions ['ignore', 'ignore_ament_install']
[0.314s] Level 1:colcon.colcon_core.package_identification:_identify(build) by extension 'ignore'
[0.314s] Level 1:colcon.colcon_core.package_identification:_identify(build) ignored
[0.314s] Level 1:colcon.colcon_core.package_identification:_identify(install) by extensions ['ignore', 'ignore_ament_install']
[0.314s] Level 1:colcon.colcon_core.package_identification:_identify(install) by extension 'ignore'
[0.314s] Level 1:colcon.colcon_core.package_identification:_identify(install) ignored
[0.314s] Level 1:colcon.colcon_core.package_identification:_identify(log) by extensions ['ignore', 'ignore_ament_install']
[0.314s] Level 1:colcon.colcon_core.package_identification:_identify(log) by extension 'ignore'
[0.314s] Level 1:colcon.colcon_core.package_identification:_identify(log) ignored
[0.314s] Level 1:colcon.colcon_core.package_identification:_identify(picture) by extensions ['ignore', 'ignore_ament_install']
[0.314s] Level 1:colcon.colcon_core.package_identification:_identify(picture) by extension 'ignore'
[0.314s] Level 1:colcon.colcon_core.package_identification:_identify(picture) by extension 'ignore_ament_install'
[0.315s] Level 1:colcon.colcon_core.package_identification:_identify(picture) by extensions ['colcon_pkg']
[0.315s] Level 1:colcon.colcon_core.package_identification:_identify(picture) by extension 'colcon_pkg'
[0.315s] Level 1:colcon.colcon_core.package_identification:_identify(picture) by extensions ['colcon_meta']
[0.315s] Level 1:colcon.colcon_core.package_identification:_identify(picture) by extension 'colcon_meta'
[0.315s] Level 1:colcon.colcon_core.package_identification:_identify(picture) by extensions ['ros']
[0.315s] Level 1:colcon.colcon_core.package_identification:_identify(picture) by extension 'ros'
[0.315s] Level 1:colcon.colcon_core.package_identification:_identify(picture) by extensions ['cmake', 'python']
[0.315s] Level 1:colcon.colcon_core.package_identification:_identify(picture) by extension 'cmake'
[0.315s] Level 1:colcon.colcon_core.package_identification:_identify(picture) by extension 'python'
[0.315s] Level 1:colcon.colcon_core.package_identification:_identify(picture) by extensions ['python_setup_py']
[0.315s] Level 1:colcon.colcon_core.package_identification:_identify(picture) by extension 'python_setup_py'
[0.315s] Level 1:colcon.colcon_core.package_identification:_identify(src) by extensions ['ignore', 'ignore_ament_install']
[0.315s] Level 1:colcon.colcon_core.package_identification:_identify(src) by extension 'ignore'
[0.315s] Level 1:colcon.colcon_core.package_identification:_identify(src) by extension 'ignore_ament_install'
[0.315s] Level 1:colcon.colcon_core.package_identification:_identify(src) by extensions ['colcon_pkg']
[0.315s] Level 1:colcon.colcon_core.package_identification:_identify(src) by extension 'colcon_pkg'
[0.315s] Level 1:colcon.colcon_core.package_identification:_identify(src) by extensions ['colcon_meta']
[0.315s] Level 1:colcon.colcon_core.package_identification:_identify(src) by extension 'colcon_meta'
[0.315s] Level 1:colcon.colcon_core.package_identification:_identify(src) by extensions ['ros']
[0.315s] Level 1:colcon.colcon_core.package_identification:_identify(src) by extension 'ros'
[0.315s] Level 1:colcon.colcon_core.package_identification:_identify(src) by extensions ['cmake', 'python']
[0.315s] Level 1:colcon.colcon_core.package_identification:_identify(src) by extension 'cmake'
[0.315s] Level 1:colcon.colcon_core.package_identification:_identify(src) by extension 'python'
[0.315s] Level 1:colcon.colcon_core.package_identification:_identify(src) by extensions ['python_setup_py']
[0.315s] Level 1:colcon.colcon_core.package_identification:_identify(src) by extension 'python_setup_py'
[0.315s] Level 1:colcon.colcon_core.package_identification:_identify(src/custom_interfaces) by extensions ['ignore', 'ignore_ament_install']
[0.316s] Level 1:colcon.colcon_core.package_identification:_identify(src/custom_interfaces) by extension 'ignore'
[0.316s] Level 1:colcon.colcon_core.package_identification:_identify(src/custom_interfaces) by extension 'ignore_ament_install'
[0.316s] Level 1:colcon.colcon_core.package_identification:_identify(src/custom_interfaces) by extensions ['colcon_pkg']
[0.316s] Level 1:colcon.colcon_core.package_identification:_identify(src/custom_interfaces) by extension 'colcon_pkg'
[0.316s] Level 1:colcon.colcon_core.package_identification:_identify(src/custom_interfaces) by extensions ['colcon_meta']
[0.316s] Level 1:colcon.colcon_core.package_identification:_identify(src/custom_interfaces) by extension 'colcon_meta'
[0.316s] Level 1:colcon.colcon_core.package_identification:_identify(src/custom_interfaces) by extensions ['ros']
[0.316s] Level 1:colcon.colcon_core.package_identification:_identify(src/custom_interfaces) by extension 'ros'
[0.318s] DEBUG:colcon.colcon_core.package_identification:Package 'src/custom_interfaces' with type 'ros.ament_cmake' and name 'custom_interfaces'
[0.318s] Level 1:colcon.colcon_core.package_identification:_identify(src/multi_link_controller) by extensions ['ignore', 'ignore_ament_install']
[0.318s] Level 1:colcon.colcon_core.package_identification:_identify(src/multi_link_controller) by extension 'ignore'
[0.318s] Level 1:colcon.colcon_core.package_identification:_identify(src/multi_link_controller) by extension 'ignore_ament_install'
[0.318s] Level 1:colcon.colcon_core.package_identification:_identify(src/multi_link_controller) by extensions ['colcon_pkg']
[0.318s] Level 1:colcon.colcon_core.package_identification:_identify(src/multi_link_controller) by extension 'colcon_pkg'
[0.318s] Level 1:colcon.colcon_core.package_identification:_identify(src/multi_link_controller) by extensions ['colcon_meta']
[0.318s] Level 1:colcon.colcon_core.package_identification:_identify(src/multi_link_controller) by extension 'colcon_meta'
[0.318s] Level 1:colcon.colcon_core.package_identification:_identify(src/multi_link_controller) by extensions ['ros']
[0.318s] Level 1:colcon.colcon_core.package_identification:_identify(src/multi_link_controller) by extension 'ros'
[0.319s] DEBUG:colcon.colcon_core.package_identification:Package 'src/multi_link_controller' with type 'ros.ament_cmake' and name 'multi_link_controller'
[0.319s] Level 1:colcon.colcon_core.package_identification:_identify(src/my_controller) by extensions ['ignore', 'ignore_ament_install']
[0.319s] Level 1:colcon.colcon_core.package_identification:_identify(src/my_controller) by extension 'ignore'
[0.319s] Level 1:colcon.colcon_core.package_identification:_identify(src/my_controller) by extension 'ignore_ament_install'
[0.319s] Level 1:colcon.colcon_core.package_identification:_identify(src/my_controller) by extensions ['colcon_pkg']
[0.319s] Level 1:colcon.colcon_core.package_identification:_identify(src/my_controller) by extension 'colcon_pkg'
[0.319s] Level 1:colcon.colcon_core.package_identification:_identify(src/my_controller) by extensions ['colcon_meta']
[0.319s] Level 1:colcon.colcon_core.package_identification:_identify(src/my_controller) by extension 'colcon_meta'
[0.319s] Level 1:colcon.colcon_core.package_identification:_identify(src/my_controller) by extensions ['ros']
[0.319s] Level 1:colcon.colcon_core.package_identification:_identify(src/my_controller) by extension 'ros'
[0.320s] DEBUG:colcon.colcon_core.package_identification:Package 'src/my_controller' with type 'ros.ament_cmake' and name 'my_controller'
[0.320s] Level 1:colcon.colcon_core.package_identification:_identify(src/my_controller2) by extensions ['ignore', 'ignore_ament_install']
[0.320s] Level 1:colcon.colcon_core.package_identification:_identify(src/my_controller2) by extension 'ignore'
[0.320s] Level 1:colcon.colcon_core.package_identification:_identify(src/my_controller2) by extension 'ignore_ament_install'
[0.320s] Level 1:colcon.colcon_core.package_identification:_identify(src/my_controller2) by extensions ['colcon_pkg']
[0.320s] Level 1:colcon.colcon_core.package_identification:_identify(src/my_controller2) by extension 'colcon_pkg'
[0.320s] Level 1:colcon.colcon_core.package_identification:_identify(src/my_controller2) by extensions ['colcon_meta']
[0.320s] Level 1:colcon.colcon_core.package_identification:_identify(src/my_controller2) by extension 'colcon_meta'
[0.320s] Level 1:colcon.colcon_core.package_identification:_identify(src/my_controller2) by extensions ['ros']
[0.320s] Level 1:colcon.colcon_core.package_identification:_identify(src/my_controller2) by extension 'ros'
[0.321s] DEBUG:colcon.colcon_core.package_identification:Package 'src/my_controller2' with type 'ros.ament_cmake' and name 'my_controller2'
[0.321s] Level 1:colcon.colcon_core.package_identification:_identify(src/my_fake_hardware_SDK) by extensions ['ignore', 'ignore_ament_install']
[0.321s] Level 1:colcon.colcon_core.package_identification:_identify(src/my_fake_hardware_SDK) by extension 'ignore'
[0.321s] Level 1:colcon.colcon_core.package_identification:_identify(src/my_fake_hardware_SDK) by extension 'ignore_ament_install'
[0.321s] Level 1:colcon.colcon_core.package_identification:_identify(src/my_fake_hardware_SDK) by extensions ['colcon_pkg']
[0.321s] Level 1:colcon.colcon_core.package_identification:_identify(src/my_fake_hardware_SDK) by extension 'colcon_pkg'
[0.321s] Level 1:colcon.colcon_core.package_identification:_identify(src/my_fake_hardware_SDK) by extensions ['colcon_meta']
[0.322s] Level 1:colcon.colcon_core.package_identification:_identify(src/my_fake_hardware_SDK) by extension 'colcon_meta'
[0.322s] Level 1:colcon.colcon_core.package_identification:_identify(src/my_fake_hardware_SDK) by extensions ['ros']
[0.322s] Level 1:colcon.colcon_core.package_identification:_identify(src/my_fake_hardware_SDK) by extension 'ros'
[0.322s] DEBUG:colcon.colcon_core.package_identification:Package 'src/my_fake_hardware_SDK' with type 'ros.ament_cmake' and name 'my_fake_hardware_SDK'
[0.322s] Level 1:colcon.colcon_core.package_identification:_identify(src/my_hardware_interface) by extensions ['ignore', 'ignore_ament_install']
[0.322s] Level 1:colcon.colcon_core.package_identification:_identify(src/my_hardware_interface) by extension 'ignore'
[0.322s] Level 1:colcon.colcon_core.package_identification:_identify(src/my_hardware_interface) by extension 'ignore_ament_install'
[0.322s] Level 1:colcon.colcon_core.package_identification:_identify(src/my_hardware_interface) by extensions ['colcon_pkg']
[0.322s] Level 1:colcon.colcon_core.package_identification:_identify(src/my_hardware_interface) by extension 'colcon_pkg'
[0.322s] Level 1:colcon.colcon_core.package_identification:_identify(src/my_hardware_interface) by extensions ['colcon_meta']
[0.322s] Level 1:colcon.colcon_core.package_identification:_identify(src/my_hardware_interface) by extension 'colcon_meta'
[0.322s] Level 1:colcon.colcon_core.package_identification:_identify(src/my_hardware_interface) by extensions ['ros']
[0.322s] Level 1:colcon.colcon_core.package_identification:_identify(src/my_hardware_interface) by extension 'ros'
[0.323s] DEBUG:colcon.colcon_core.package_identification:Package 'src/my_hardware_interface' with type 'ros.ament_cmake' and name 'my_hardware_interface'
[0.323s] Level 1:colcon.colcon_core.package_identification:_identify(src/robot_model) by extensions ['ignore', 'ignore_ament_install']
[0.323s] Level 1:colcon.colcon_core.package_identification:_identify(src/robot_model) by extension 'ignore'
[0.323s] Level 1:colcon.colcon_core.package_identification:_identify(src/robot_model) by extension 'ignore_ament_install'
[0.323s] Level 1:colcon.colcon_core.package_identification:_identify(src/robot_model) by extensions ['colcon_pkg']
[0.323s] Level 1:colcon.colcon_core.package_identification:_identify(src/robot_model) by extension 'colcon_pkg'
[0.323s] Level 1:colcon.colcon_core.package_identification:_identify(src/robot_model) by extensions ['colcon_meta']
[0.323s] Level 1:colcon.colcon_core.package_identification:_identify(src/robot_model) by extension 'colcon_meta'
[0.323s] Level 1:colcon.colcon_core.package_identification:_identify(src/robot_model) by extensions ['ros']
[0.323s] Level 1:colcon.colcon_core.package_identification:_identify(src/robot_model) by extension 'ros'
[0.324s] DEBUG:colcon.colcon_core.package_identification:Package 'src/robot_model' with type 'ros.ament_cmake' and name 'robot_model'
[0.324s] Level 1:colcon.colcon_core.package_discovery:discover_packages(recursive) using defaults
[0.324s] Level 1:colcon.colcon_core.package_discovery:discover_packages(ignore) discover
[0.324s] Level 1:colcon.colcon_core.package_discovery:discover_packages(ignore) using defaults
[0.324s] Level 1:colcon.colcon_core.package_discovery:discover_packages(path) discover
[0.324s] Level 1:colcon.colcon_core.package_discovery:discover_packages(path) using defaults
[0.342s] Level 1:colcon.colcon_core.package_discovery:discover_packages(prefix_path) check parameters
[0.342s] Level 1:colcon.colcon_core.package_discovery:discover_packages(prefix_path) discover
[0.344s] DEBUG:colcon.colcon_installed_package_information.package_discovery:Found 330 installed packages in /opt/ros/humble
[0.346s] Level 1:colcon.colcon_core.package_discovery:discover_packages(prefix_path) using defaults
[0.400s] Level 5:colcon.colcon_core.verb:set package 'custom_interfaces' build argument 'cmake_args' from command line to 'None'
[0.400s] Level 5:colcon.colcon_core.verb:set package 'custom_interfaces' build argument 'cmake_target' from command line to 'None'
[0.400s] Level 5:colcon.colcon_core.verb:set package 'custom_interfaces' build argument 'cmake_target_skip_unavailable' from command line to 'False'
[0.400s] Level 5:colcon.colcon_core.verb:set package 'custom_interfaces' build argument 'cmake_clean_cache' from command line to 'False'
[0.400s] Level 5:colcon.colcon_core.verb:set package 'custom_interfaces' build argument 'cmake_clean_first' from command line to 'False'
[0.400s] Level 5:colcon.colcon_core.verb:set package 'custom_interfaces' build argument 'cmake_force_configure' from command line to 'False'
[0.400s] Level 5:colcon.colcon_core.verb:set package 'custom_interfaces' build argument 'ament_cmake_args' from command line to 'None'
[0.400s] Level 5:colcon.colcon_core.verb:set package 'custom_interfaces' build argument 'catkin_cmake_args' from command line to 'None'
[0.400s] Level 5:colcon.colcon_core.verb:set package 'custom_interfaces' build argument 'catkin_skip_building_tests' from command line to 'False'
[0.400s] DEBUG:colcon.colcon_core.verb:Building package 'custom_interfaces' with the following arguments: {'ament_cmake_args': None, 'build_base': '/home/user/ros2_control_example/build/custom_interfaces', 'catkin_cmake_args': None, 'catkin_skip_building_tests': False, 'cmake_args': None, 'cmake_clean_cache': False, 'cmake_clean_first': False, 'cmake_force_configure': False, 'cmake_target': None, 'cmake_target_skip_unavailable': False, 'install_base': '/home/user/ros2_control_example/install/custom_interfaces', 'merge_install': False, 'path': '/home/user/ros2_control_example/src/custom_interfaces', 'symlink_install': False, 'test_result_base': None}
[0.401s] Level 5:colcon.colcon_core.verb:set package 'my_controller' build argument 'cmake_args' from command line to 'None'
[0.401s] Level 5:colcon.colcon_core.verb:set package 'my_controller' build argument 'cmake_target' from command line to 'None'
[0.401s] Level 5:colcon.colcon_core.verb:set package 'my_controller' build argument 'cmake_target_skip_unavailable' from command line to 'False'
[0.401s] Level 5:colcon.colcon_core.verb:set package 'my_controller' build argument 'cmake_clean_cache' from command line to 'False'
[0.401s] Level 5:colcon.colcon_core.verb:set package 'my_controller' build argument 'cmake_clean_first' from command line to 'False'
[0.401s] Level 5:colcon.colcon_core.verb:set package 'my_controller' build argument 'cmake_force_configure' from command line to 'False'
[0.401s] Level 5:colcon.colcon_core.verb:set package 'my_controller' build argument 'ament_cmake_args' from command line to 'None'
[0.401s] Level 5:colcon.colcon_core.verb:set package 'my_controller' build argument 'catkin_cmake_args' from command line to 'None'
[0.401s] Level 5:colcon.colcon_core.verb:set package 'my_controller' build argument 'catkin_skip_building_tests' from command line to 'False'
[0.401s] DEBUG:colcon.colcon_core.verb:Building package 'my_controller' with the following arguments: {'ament_cmake_args': None, 'build_base': '/home/user/ros2_control_example/build/my_controller', 'catkin_cmake_args': None, 'catkin_skip_building_tests': False, 'cmake_args': None, 'cmake_clean_cache': False, 'cmake_clean_first': False, 'cmake_force_configure': False, 'cmake_target': None, 'cmake_target_skip_unavailable': False, 'install_base': '/home/user/ros2_control_example/install/my_controller', 'merge_install': False, 'path': '/home/user/ros2_control_example/src/my_controller', 'symlink_install': False, 'test_result_base': None}
[0.402s] Level 5:colcon.colcon_core.verb:set package 'my_fake_hardware_SDK' build argument 'cmake_args' from command line to 'None'
[0.402s] Level 5:colcon.colcon_core.verb:set package 'my_fake_hardware_SDK' build argument 'cmake_target' from command line to 'None'
[0.402s] Level 5:colcon.colcon_core.verb:set package 'my_fake_hardware_SDK' build argument 'cmake_target_skip_unavailable' from command line to 'False'
[0.402s] Level 5:colcon.colcon_core.verb:set package 'my_fake_hardware_SDK' build argument 'cmake_clean_cache' from command line to 'False'
[0.402s] Level 5:colcon.colcon_core.verb:set package 'my_fake_hardware_SDK' build argument 'cmake_clean_first' from command line to 'False'
[0.402s] Level 5:colcon.colcon_core.verb:set package 'my_fake_hardware_SDK' build argument 'cmake_force_configure' from command line to 'False'
[0.402s] Level 5:colcon.colcon_core.verb:set package 'my_fake_hardware_SDK' build argument 'ament_cmake_args' from command line to 'None'
[0.402s] Level 5:colcon.colcon_core.verb:set package 'my_fake_hardware_SDK' build argument 'catkin_cmake_args' from command line to 'None'
[0.402s] Level 5:colcon.colcon_core.verb:set package 'my_fake_hardware_SDK' build argument 'catkin_skip_building_tests' from command line to 'False'
[0.402s] DEBUG:colcon.colcon_core.verb:Building package 'my_fake_hardware_SDK' with the following arguments: {'ament_cmake_args': None, 'build_base': '/home/user/ros2_control_example/build/my_fake_hardware_SDK', 'catkin_cmake_args': None, 'catkin_skip_building_tests': False, 'cmake_args': None, 'cmake_clean_cache': False, 'cmake_clean_first': False, 'cmake_force_configure': False, 'cmake_target': None, 'cmake_target_skip_unavailable': False, 'install_base': '/home/user/ros2_control_example/install/my_fake_hardware_SDK', 'merge_install': False, 'path': '/home/user/ros2_control_example/src/my_fake_hardware_SDK', 'symlink_install': False, 'test_result_base': None}
[0.403s] Level 5:colcon.colcon_core.verb:set package 'robot_model' build argument 'cmake_args' from command line to 'None'
[0.403s] Level 5:colcon.colcon_core.verb:set package 'robot_model' build argument 'cmake_target' from command line to 'None'
[0.403s] Level 5:colcon.colcon_core.verb:set package 'robot_model' build argument 'cmake_target_skip_unavailable' from command line to 'False'
[0.403s] Level 5:colcon.colcon_core.verb:set package 'robot_model' build argument 'cmake_clean_cache' from command line to 'False'
[0.403s] Level 5:colcon.colcon_core.verb:set package 'robot_model' build argument 'cmake_clean_first' from command line to 'False'
[0.403s] Level 5:colcon.colcon_core.verb:set package 'robot_model' build argument 'cmake_force_configure' from command line to 'False'
[0.403s] Level 5:colcon.colcon_core.verb:set package 'robot_model' build argument 'ament_cmake_args' from command line to 'None'
[0.403s] Level 5:colcon.colcon_core.verb:set package 'robot_model' build argument 'catkin_cmake_args' from command line to 'None'
[0.403s] Level 5:colcon.colcon_core.verb:set package 'robot_model' build argument 'catkin_skip_building_tests' from command line to 'False'
[0.403s] DEBUG:colcon.colcon_core.verb:Building package 'robot_model' with the following arguments: {'ament_cmake_args': None, 'build_base': '/home/user/ros2_control_example/build/robot_model', 'catkin_cmake_args': None, 'catkin_skip_building_tests': False, 'cmake_args': None, 'cmake_clean_cache': False, 'cmake_clean_first': False, 'cmake_force_configure': False, 'cmake_target': None, 'cmake_target_skip_unavailable': False, 'install_base': '/home/user/ros2_control_example/install/robot_model', 'merge_install': False, 'path': '/home/user/ros2_control_example/src/robot_model', 'symlink_install': False, 'test_result_base': None}
[0.404s] Level 5:colcon.colcon_core.verb:set package 'multi_link_controller' build argument 'cmake_args' from command line to 'None'
[0.404s] Level 5:colcon.colcon_core.verb:set package 'multi_link_controller' build argument 'cmake_target' from command line to 'None'
[0.404s] Level 5:colcon.colcon_core.verb:set package 'multi_link_controller' build argument 'cmake_target_skip_unavailable' from command line to 'False'
[0.404s] Level 5:colcon.colcon_core.verb:set package 'multi_link_controller' build argument 'cmake_clean_cache' from command line to 'False'
[0.404s] Level 5:colcon.colcon_core.verb:set package 'multi_link_controller' build argument 'cmake_clean_first' from command line to 'False'
[0.404s] Level 5:colcon.colcon_core.verb:set package 'multi_link_controller' build argument 'cmake_force_configure' from command line to 'False'
[0.404s] Level 5:colcon.colcon_core.verb:set package 'multi_link_controller' build argument 'ament_cmake_args' from command line to 'None'
[0.404s] Level 5:colcon.colcon_core.verb:set package 'multi_link_controller' build argument 'catkin_cmake_args' from command line to 'None'
[0.404s] Level 5:colcon.colcon_core.verb:set package 'multi_link_controller' build argument 'catkin_skip_building_tests' from command line to 'False'
[0.404s] DEBUG:colcon.colcon_core.verb:Building package 'multi_link_controller' with the following arguments: {'ament_cmake_args': None, 'build_base': '/home/user/ros2_control_example/build/multi_link_controller', 'catkin_cmake_args': None, 'catkin_skip_building_tests': False, 'cmake_args': None, 'cmake_clean_cache': False, 'cmake_clean_first': False, 'cmake_force_configure': False, 'cmake_target': None, 'cmake_target_skip_unavailable': False, 'install_base': '/home/user/ros2_control_example/install/multi_link_controller', 'merge_install': False, 'path': '/home/user/ros2_control_example/src/multi_link_controller', 'symlink_install': False, 'test_result_base': None}
[0.405s] Level 5:colcon.colcon_core.verb:set package 'my_controller2' build argument 'cmake_args' from command line to 'None'
[0.405s] Level 5:colcon.colcon_core.verb:set package 'my_controller2' build argument 'cmake_target' from command line to 'None'
[0.405s] Level 5:colcon.colcon_core.verb:set package 'my_controller2' build argument 'cmake_target_skip_unavailable' from command line to 'False'
[0.405s] Level 5:colcon.colcon_core.verb:set package 'my_controller2' build argument 'cmake_clean_cache' from command line to 'False'
[0.405s] Level 5:colcon.colcon_core.verb:set package 'my_controller2' build argument 'cmake_clean_first' from command line to 'False'
[0.405s] Level 5:colcon.colcon_core.verb:set package 'my_controller2' build argument 'cmake_force_configure' from command line to 'False'
[0.405s] Level 5:colcon.colcon_core.verb:set package 'my_controller2' build argument 'ament_cmake_args' from command line to 'None'
[0.405s] Level 5:colcon.colcon_core.verb:set package 'my_controller2' build argument 'catkin_cmake_args' from command line to 'None'
[0.405s] Level 5:colcon.colcon_core.verb:set package 'my_controller2' build argument 'catkin_skip_building_tests' from command line to 'False'
[0.405s] DEBUG:colcon.colcon_core.verb:Building package 'my_controller2' with the following arguments: {'ament_cmake_args': None, 'build_base': '/home/user/ros2_control_example/build/my_controller2', 'catkin_cmake_args': None, 'catkin_skip_building_tests': False, 'cmake_args': None, 'cmake_clean_cache': False, 'cmake_clean_first': False, 'cmake_force_configure': False, 'cmake_target': None, 'cmake_target_skip_unavailable': False, 'install_base': '/home/user/ros2_control_example/install/my_controller2', 'merge_install': False, 'path': '/home/user/ros2_control_example/src/my_controller2', 'symlink_install': False, 'test_result_base': None}
[0.406s] Level 5:colcon.colcon_core.verb:set package 'my_hardware_interface' build argument 'cmake_args' from command line to 'None'
[0.406s] Level 5:colcon.colcon_core.verb:set package 'my_hardware_interface' build argument 'cmake_target' from command line to 'None'
[0.406s] Level 5:colcon.colcon_core.verb:set package 'my_hardware_interface' build argument 'cmake_target_skip_unavailable' from command line to 'False'
[0.406s] Level 5:colcon.colcon_core.verb:set package 'my_hardware_interface' build argument 'cmake_clean_cache' from command line to 'False'
[0.406s] Level 5:colcon.colcon_core.verb:set package 'my_hardware_interface' build argument 'cmake_clean_first' from command line to 'False'
[0.406s] Level 5:colcon.colcon_core.verb:set package 'my_hardware_interface' build argument 'cmake_force_configure' from command line to 'False'
[0.406s] Level 5:colcon.colcon_core.verb:set package 'my_hardware_interface' build argument 'ament_cmake_args' from command line to 'None'
[0.406s] Level 5:colcon.colcon_core.verb:set package 'my_hardware_interface' build argument 'catkin_cmake_args' from command line to 'None'
[0.406s] Level 5:colcon.colcon_core.verb:set package 'my_hardware_interface' build argument 'catkin_skip_building_tests' from command line to 'False'
[0.406s] DEBUG:colcon.colcon_core.verb:Building package 'my_hardware_interface' with the following arguments: {'ament_cmake_args': None, 'build_base': '/home/user/ros2_control_example/build/my_hardware_interface', 'catkin_cmake_args': None, 'catkin_skip_building_tests': False, 'cmake_args': None, 'cmake_clean_cache': False, 'cmake_clean_first': False, 'cmake_force_configure': False, 'cmake_target': None, 'cmake_target_skip_unavailable': False, 'install_base': '/home/user/ros2_control_example/install/my_hardware_interface', 'merge_install': False, 'path': '/home/user/ros2_control_example/src/my_hardware_interface', 'symlink_install': False, 'test_result_base': None}
[0.406s] INFO:colcon.colcon_core.executor:Executing jobs using 'parallel' executor
[0.409s] DEBUG:colcon.colcon_parallel_executor.executor.parallel:run_until_complete
[0.409s] INFO:colcon.colcon_ros.task.ament_cmake.build:Building ROS package in '/home/user/ros2_control_example/src/custom_interfaces' with build type 'ament_cmake'
[0.409s] INFO:colcon.colcon_cmake.task.cmake.build:Building CMake package in '/home/user/ros2_control_example/src/custom_interfaces'
[0.412s] INFO:colcon.colcon_core.plugin_system:Skipping extension 'colcon_core.shell.bat': Not used on non-Windows systems
[0.412s] INFO:colcon.colcon_core.shell:Skip shell extension 'powershell' for command environment: Not usable outside of PowerShell
[0.412s] DEBUG:colcon.colcon_core.shell:Skip shell extension 'dsv' for command environment
[0.415s] INFO:colcon.colcon_ros.task.ament_cmake.build:Building ROS package in '/home/user/ros2_control_example/src/my_fake_hardware_SDK' with build type 'ament_cmake'
[0.415s] INFO:colcon.colcon_cmake.task.cmake.build:Building CMake package in '/home/user/ros2_control_example/src/my_fake_hardware_SDK'
[0.416s] INFO:colcon.colcon_core.shell:Skip shell extension 'powershell' for command environment: Not usable outside of PowerShell
[0.416s] DEBUG:colcon.colcon_core.shell:Skip shell extension 'dsv' for command environment
[0.418s] INFO:colcon.colcon_ros.task.ament_cmake.build:Building ROS package in '/home/user/ros2_control_example/src/my_controller' with build type 'ament_cmake'
[0.418s] INFO:colcon.colcon_cmake.task.cmake.build:Building CMake package in '/home/user/ros2_control_example/src/my_controller'
[0.419s] INFO:colcon.colcon_core.shell:Skip shell extension 'powershell' for command environment: Not usable outside of PowerShell
[0.419s] DEBUG:colcon.colcon_core.shell:Skip shell extension 'dsv' for command environment
[0.423s] INFO:colcon.colcon_ros.task.ament_cmake.build:Building ROS package in '/home/user/ros2_control_example/src/robot_model' with build type 'ament_cmake'
[0.423s] INFO:colcon.colcon_cmake.task.cmake.build:Building CMake package in '/home/user/ros2_control_example/src/robot_model'
[0.424s] INFO:colcon.colcon_core.shell:Skip shell extension 'powershell' for command environment: Not usable outside of PowerShell
[0.424s] DEBUG:colcon.colcon_core.shell:Skip shell extension 'dsv' for command environment
[0.430s] DEBUG:colcon.colcon_core.event_handler.log_command:Invoking command in '/home/user/ros2_control_example/build/custom_interfaces': CMAKE_PREFIX_PATH=/opt/ros/humble /usr/bin/cmake --build /home/user/ros2_control_example/build/custom_interfaces -- -j8 -l8
[0.432s] DEBUG:colcon.colcon_core.event_handler.log_command:Invoking command in '/home/user/ros2_control_example/build/my_fake_hardware_SDK': CMAKE_PREFIX_PATH=/opt/ros/humble /usr/bin/cmake --build /home/user/ros2_control_example/build/my_fake_hardware_SDK -- -j8 -l8
[0.434s] DEBUG:colcon.colcon_core.event_handler.log_command:Invoking command in '/home/user/ros2_control_example/build/my_controller': CMAKE_PREFIX_PATH=/opt/ros/humble /usr/bin/cmake --build /home/user/ros2_control_example/build/my_controller -- -j8 -l8
[0.437s] DEBUG:colcon.colcon_core.event_handler.log_command:Invoking command in '/home/user/ros2_control_example/build/robot_model': CMAKE_PREFIX_PATH=/opt/ros/humble /usr/bin/cmake --build /home/user/ros2_control_example/build/robot_model -- -j8 -l8
[0.468s] DEBUG:colcon.colcon_core.event_handler.log_command:Invoked command in '/home/user/ros2_control_example/build/robot_model' returned '0': CMAKE_PREFIX_PATH=/opt/ros/humble /usr/bin/cmake --build /home/user/ros2_control_example/build/robot_model -- -j8 -l8
[0.483s] DEBUG:colcon.colcon_core.event_handler.log_command:Invoked command in '/home/user/ros2_control_example/build/my_fake_hardware_SDK' returned '0': CMAKE_PREFIX_PATH=/opt/ros/humble /usr/bin/cmake --build /home/user/ros2_control_example/build/my_fake_hardware_SDK -- -j8 -l8
[0.498s] DEBUG:colcon.colcon_core.event_handler.log_command:Invoking command in '/home/user/ros2_control_example/build/robot_model': CMAKE_PREFIX_PATH=/opt/ros/humble /usr/bin/cmake --install /home/user/ros2_control_example/build/robot_model
[0.501s] DEBUG:colcon.colcon_core.event_handler.log_command:Invoked command in '/home/user/ros2_control_example/build/my_controller' returned '0': CMAKE_PREFIX_PATH=/opt/ros/humble /usr/bin/cmake --build /home/user/ros2_control_example/build/my_controller -- -j8 -l8
[0.507s] DEBUG:colcon.colcon_core.event_handler.log_command:Invoking command in '/home/user/ros2_control_example/build/my_fake_hardware_SDK': CMAKE_PREFIX_PATH=/opt/ros/humble /usr/bin/cmake --install /home/user/ros2_control_example/build/my_fake_hardware_SDK
[0.509s] Level 1:colcon.colcon_core.environment:create_environment_scripts_only(robot_model)
[0.511s] DEBUG:colcon.colcon_core.event_handler.log_command:Invoked command in '/home/user/ros2_control_example/build/robot_model' returned '0': CMAKE_PREFIX_PATH=/opt/ros/humble /usr/bin/cmake --install /home/user/ros2_control_example/build/robot_model
[0.517s] Level 1:colcon.colcon_core.environment:checking '/home/user/ros2_control_example/install/robot_model' for CMake module files
[0.517s] Level 1:colcon.colcon_core.environment:checking '/home/user/ros2_control_example/install/robot_model' for CMake config files
[0.518s] Level 1:colcon.colcon_core.shell:create_environment_hook('robot_model', 'cmake_prefix_path')
[0.519s] INFO:colcon.colcon_core.shell:Creating environment hook '/home/user/ros2_control_example/install/robot_model/share/robot_model/hook/cmake_prefix_path.ps1'
[0.519s] INFO:colcon.colcon_core.shell:Creating environment descriptor '/home/user/ros2_control_example/install/robot_model/share/robot_model/hook/cmake_prefix_path.dsv'
[0.519s] INFO:colcon.colcon_core.shell:Creating environment hook '/home/user/ros2_control_example/install/robot_model/share/robot_model/hook/cmake_prefix_path.sh'
[0.520s] Level 1:colcon.colcon_core.environment:checking '/home/user/ros2_control_example/install/robot_model/bin'
[0.520s] Level 1:colcon.colcon_core.environment:checking '/home/user/ros2_control_example/install/robot_model/lib/pkgconfig/robot_model.pc'
[0.520s] Level 1:colcon.colcon_core.environment:checking '/home/user/ros2_control_example/install/robot_model/lib/python3.10/site-packages'
[0.520s] Level 1:colcon.colcon_core.environment:checking '/home/user/ros2_control_example/install/robot_model/bin'
[0.522s] INFO:colcon.colcon_core.shell:Creating package script '/home/user/ros2_control_example/install/robot_model/share/robot_model/package.ps1'
[0.522s] INFO:colcon.colcon_core.shell:Creating package descriptor '/home/user/ros2_control_example/install/robot_model/share/robot_model/package.dsv'
[0.523s] INFO:colcon.colcon_core.shell:Creating package script '/home/user/ros2_control_example/install/robot_model/share/robot_model/package.sh'
[0.524s] INFO:colcon.colcon_core.shell:Creating package script '/home/user/ros2_control_example/install/robot_model/share/robot_model/package.bash'
[0.524s] INFO:colcon.colcon_core.shell:Creating package script '/home/user/ros2_control_example/install/robot_model/share/robot_model/package.zsh'
[0.525s] Level 1:colcon.colcon_core.environment:create_file_with_runtime_dependencies(/home/user/ros2_control_example/install/robot_model/share/colcon-core/packages/robot_model)
[0.527s] DEBUG:colcon.colcon_core.event_handler.log_command:Invoking command in '/home/user/ros2_control_example/build/my_controller': CMAKE_PREFIX_PATH=/opt/ros/humble /usr/bin/cmake --install /home/user/ros2_control_example/build/my_controller
[0.528s] Level 1:colcon.colcon_core.environment:create_environment_scripts_only(my_fake_hardware_SDK)
[0.531s] Level 1:colcon.colcon_core.environment:checking '/home/user/ros2_control_example/install/my_fake_hardware_SDK' for CMake module files
[0.532s] DEBUG:colcon.colcon_core.event_handler.log_command:Invoked command in '/home/user/ros2_control_example/build/my_fake_hardware_SDK' returned '0': CMAKE_PREFIX_PATH=/opt/ros/humble /usr/bin/cmake --install /home/user/ros2_control_example/build/my_fake_hardware_SDK
[0.532s] Level 1:colcon.colcon_core.environment:checking '/home/user/ros2_control_example/install/my_fake_hardware_SDK' for CMake config files
[0.532s] Level 1:colcon.colcon_core.shell:create_environment_hook('my_fake_hardware_SDK', 'cmake_prefix_path')
[0.534s] INFO:colcon.colcon_core.shell:Creating environment hook '/home/user/ros2_control_example/install/my_fake_hardware_SDK/share/my_fake_hardware_SDK/hook/cmake_prefix_path.ps1'
[0.536s] INFO:colcon.colcon_core.shell:Creating environment descriptor '/home/user/ros2_control_example/install/my_fake_hardware_SDK/share/my_fake_hardware_SDK/hook/cmake_prefix_path.dsv'
[0.537s] INFO:colcon.colcon_core.shell:Creating environment hook '/home/user/ros2_control_example/install/my_fake_hardware_SDK/share/my_fake_hardware_SDK/hook/cmake_prefix_path.sh'
[0.538s] Level 1:colcon.colcon_core.environment:checking '/home/user/ros2_control_example/install/my_fake_hardware_SDK/lib'
[0.538s] Level 1:colcon.colcon_core.environment:checking '/home/user/ros2_control_example/install/my_fake_hardware_SDK/bin'
[0.538s] Level 1:colcon.colcon_core.environment:checking '/home/user/ros2_control_example/install/my_fake_hardware_SDK/lib/pkgconfig/my_fake_hardware_SDK.pc'
[0.538s] Level 1:colcon.colcon_core.environment:checking '/home/user/ros2_control_example/install/my_fake_hardware_SDK/lib/python3.10/site-packages'
[0.539s] Level 1:colcon.colcon_core.environment:checking '/home/user/ros2_control_example/install/my_fake_hardware_SDK/bin'
[0.541s] INFO:colcon.colcon_core.shell:Creating package script '/home/user/ros2_control_example/install/my_fake_hardware_SDK/share/my_fake_hardware_SDK/package.ps1'
[0.542s] INFO:colcon.colcon_core.shell:Creating package descriptor '/home/user/ros2_control_example/install/my_fake_hardware_SDK/share/my_fake_hardware_SDK/package.dsv'
[0.542s] INFO:colcon.colcon_core.shell:Creating package script '/home/user/ros2_control_example/install/my_fake_hardware_SDK/share/my_fake_hardware_SDK/package.sh'
[0.542s] INFO:colcon.colcon_core.shell:Creating package script '/home/user/ros2_control_example/install/my_fake_hardware_SDK/share/my_fake_hardware_SDK/package.bash'
[0.543s] INFO:colcon.colcon_core.shell:Creating package script '/home/user/ros2_control_example/install/my_fake_hardware_SDK/share/my_fake_hardware_SDK/package.zsh'
[0.543s] Level 1:colcon.colcon_core.environment:create_file_with_runtime_dependencies(/home/user/ros2_control_example/install/my_fake_hardware_SDK/share/colcon-core/packages/my_fake_hardware_SDK)
[0.547s] Level 1:colcon.colcon_core.environment:create_environment_scripts_only(robot_model)
[0.549s] Level 1:colcon.colcon_core.environment:checking '/home/user/ros2_control_example/install/robot_model' for CMake module files
[0.550s] Level 1:colcon.colcon_core.environment:checking '/home/user/ros2_control_example/install/robot_model' for CMake config files
[0.551s] Level 1:colcon.colcon_core.shell:create_environment_hook('robot_model', 'cmake_prefix_path')
[0.553s] INFO:colcon.colcon_core.shell:Creating environment hook '/home/user/ros2_control_example/install/robot_model/share/robot_model/hook/cmake_prefix_path.ps1'
[0.553s] INFO:colcon.colcon_core.shell:Creating environment descriptor '/home/user/ros2_control_example/install/robot_model/share/robot_model/hook/cmake_prefix_path.dsv'
[0.554s] INFO:colcon.colcon_core.shell:Creating environment hook '/home/user/ros2_control_example/install/robot_model/share/robot_model/hook/cmake_prefix_path.sh'
[0.554s] Level 1:colcon.colcon_core.environment:checking '/home/user/ros2_control_example/install/robot_model/bin'
[0.554s] Level 1:colcon.colcon_core.environment:checking '/home/user/ros2_control_example/install/robot_model/lib/pkgconfig/robot_model.pc'
[0.555s] Level 1:colcon.colcon_core.environment:checking '/home/user/ros2_control_example/install/robot_model/lib/python3.10/site-packages'
[0.555s] Level 1:colcon.colcon_core.environment:checking '/home/user/ros2_control_example/install/robot_model/bin'
[0.557s] INFO:colcon.colcon_core.shell:Creating package script '/home/user/ros2_control_example/install/robot_model/share/robot_model/package.ps1'
[0.558s] INFO:colcon.colcon_core.shell:Creating package descriptor '/home/user/ros2_control_example/install/robot_model/share/robot_model/package.dsv'
[0.559s] INFO:colcon.colcon_core.shell:Creating package script '/home/user/ros2_control_example/install/robot_model/share/robot_model/package.sh'
[0.559s] INFO:colcon.colcon_core.shell:Creating package script '/home/user/ros2_control_example/install/robot_model/share/robot_model/package.bash'
[0.559s] INFO:colcon.colcon_core.shell:Creating package script '/home/user/ros2_control_example/install/robot_model/share/robot_model/package.zsh'
[0.560s] Level 1:colcon.colcon_core.environment:create_file_with_runtime_dependencies(/home/user/ros2_control_example/install/robot_model/share/colcon-core/packages/robot_model)
[0.561s] Level 1:colcon.colcon_core.environment:create_environment_scripts_only(my_controller)
[0.564s] Level 1:colcon.colcon_core.environment:checking '/home/user/ros2_control_example/install/my_controller' for CMake module files
[0.564s] DEBUG:colcon.colcon_core.event_handler.log_command:Invoked command in '/home/user/ros2_control_example/build/my_controller' returned '0': CMAKE_PREFIX_PATH=/opt/ros/humble /usr/bin/cmake --install /home/user/ros2_control_example/build/my_controller
[0.565s] Level 1:colcon.colcon_core.environment:checking '/home/user/ros2_control_example/install/my_controller' for CMake config files
[0.565s] Level 1:colcon.colcon_core.shell:create_environment_hook('my_controller', 'cmake_prefix_path')
[0.567s] INFO:colcon.colcon_core.shell:Creating environment hook '/home/user/ros2_control_example/install/my_controller/share/my_controller/hook/cmake_prefix_path.ps1'
[0.567s] INFO:colcon.colcon_core.shell:Creating environment descriptor '/home/user/ros2_control_example/install/my_controller/share/my_controller/hook/cmake_prefix_path.dsv'
[0.567s] INFO:colcon.colcon_core.shell:Creating environment hook '/home/user/ros2_control_example/install/my_controller/share/my_controller/hook/cmake_prefix_path.sh'
[0.568s] Level 1:colcon.colcon_core.environment:checking '/home/user/ros2_control_example/install/my_controller/lib'
[0.568s] Level 1:colcon.colcon_core.shell:create_environment_hook('my_controller', 'ld_library_path_lib')
[0.570s] INFO:colcon.colcon_core.shell:Creating environment hook '/home/user/ros2_control_example/install/my_controller/share/my_controller/hook/ld_library_path_lib.ps1'
[0.570s] INFO:colcon.colcon_core.shell:Creating environment descriptor '/home/user/ros2_control_example/install/my_controller/share/my_controller/hook/ld_library_path_lib.dsv'
[0.571s] INFO:colcon.colcon_core.shell:Creating environment hook '/home/user/ros2_control_example/install/my_controller/share/my_controller/hook/ld_library_path_lib.sh'
[0.571s] Level 1:colcon.colcon_core.environment:checking '/home/user/ros2_control_example/install/my_controller/bin'
[0.571s] Level 1:colcon.colcon_core.environment:checking '/home/user/ros2_control_example/install/my_controller/lib/pkgconfig/my_controller.pc'
[0.571s] Level 1:colcon.colcon_core.environment:checking '/home/user/ros2_control_example/install/my_controller/lib/python3.10/site-packages'
[0.572s] Level 1:colcon.colcon_core.environment:checking '/home/user/ros2_control_example/install/my_controller/bin'
[0.574s] INFO:colcon.colcon_core.shell:Creating package script '/home/user/ros2_control_example/install/my_controller/share/my_controller/package.ps1'
[0.574s] INFO:colcon.colcon_core.shell:Creating package descriptor '/home/user/ros2_control_example/install/my_controller/share/my_controller/package.dsv'
[0.575s] INFO:colcon.colcon_core.shell:Creating package script '/home/user/ros2_control_example/install/my_controller/share/my_controller/package.sh'
[0.575s] INFO:colcon.colcon_core.shell:Creating package script '/home/user/ros2_control_example/install/my_controller/share/my_controller/package.bash'
[0.575s] INFO:colcon.colcon_core.shell:Creating package script '/home/user/ros2_control_example/install/my_controller/share/my_controller/package.zsh'
[0.576s] Level 1:colcon.colcon_core.environment:create_file_with_runtime_dependencies(/home/user/ros2_control_example/install/my_controller/share/colcon-core/packages/my_controller)
[0.579s] Level 1:colcon.colcon_core.environment:create_environment_scripts_only(my_fake_hardware_SDK)
[0.581s] Level 1:colcon.colcon_core.environment:checking '/home/user/ros2_control_example/install/my_fake_hardware_SDK' for CMake module files
[0.582s] Level 1:colcon.colcon_core.environment:checking '/home/user/ros2_control_example/install/my_fake_hardware_SDK' for CMake config files
[0.582s] Level 1:colcon.colcon_core.shell:create_environment_hook('my_fake_hardware_SDK', 'cmake_prefix_path')
[0.584s] INFO:colcon.colcon_core.shell:Creating environment hook '/home/user/ros2_control_example/install/my_fake_hardware_SDK/share/my_fake_hardware_SDK/hook/cmake_prefix_path.ps1'
[0.585s] INFO:colcon.colcon_core.shell:Creating environment descriptor '/home/user/ros2_control_example/install/my_fake_hardware_SDK/share/my_fake_hardware_SDK/hook/cmake_prefix_path.dsv'
[0.585s] INFO:colcon.colcon_core.shell:Creating environment hook '/home/user/ros2_control_example/install/my_fake_hardware_SDK/share/my_fake_hardware_SDK/hook/cmake_prefix_path.sh'
[0.586s] Level 1:colcon.colcon_core.environment:checking '/home/user/ros2_control_example/install/my_fake_hardware_SDK/lib'
[0.586s] Level 1:colcon.colcon_core.environment:checking '/home/user/ros2_control_example/install/my_fake_hardware_SDK/bin'
[0.586s] Level 1:colcon.colcon_core.environment:checking '/home/user/ros2_control_example/install/my_fake_hardware_SDK/lib/pkgconfig/my_fake_hardware_SDK.pc'
[0.586s] Level 1:colcon.colcon_core.environment:checking '/home/user/ros2_control_example/install/my_fake_hardware_SDK/lib/python3.10/site-packages'
[0.586s] Level 1:colcon.colcon_core.environment:checking '/home/user/ros2_control_example/install/my_fake_hardware_SDK/bin'
[0.589s] INFO:colcon.colcon_core.shell:Creating package script '/home/user/ros2_control_example/install/my_fake_hardware_SDK/share/my_fake_hardware_SDK/package.ps1'
[0.589s] INFO:colcon.colcon_core.shell:Creating package descriptor '/home/user/ros2_control_example/install/my_fake_hardware_SDK/share/my_fake_hardware_SDK/package.dsv'
[0.590s] INFO:colcon.colcon_core.shell:Creating package script '/home/user/ros2_control_example/install/my_fake_hardware_SDK/share/my_fake_hardware_SDK/package.sh'
[0.590s] INFO:colcon.colcon_core.shell:Creating package script '/home/user/ros2_control_example/install/my_fake_hardware_SDK/share/my_fake_hardware_SDK/package.bash'
[0.591s] INFO:colcon.colcon_core.shell:Creating package script '/home/user/ros2_control_example/install/my_fake_hardware_SDK/share/my_fake_hardware_SDK/package.zsh'
[0.591s] Level 1:colcon.colcon_core.environment:create_file_with_runtime_dependencies(/home/user/ros2_control_example/install/my_fake_hardware_SDK/share/colcon-core/packages/my_fake_hardware_SDK)
[0.592s] INFO:colcon.colcon_ros.task.ament_cmake.build:Building ROS package in '/home/user/ros2_control_example/src/my_hardware_interface' with build type 'ament_cmake'
[0.592s] INFO:colcon.colcon_cmake.task.cmake.build:Building CMake package in '/home/user/ros2_control_example/src/my_hardware_interface'
[0.594s] INFO:colcon.colcon_core.shell:Skip shell extension 'powershell' for command environment: Not usable outside of PowerShell
[0.594s] DEBUG:colcon.colcon_core.shell:Skip shell extension 'dsv' for command environment
[0.599s] Level 1:colcon.colcon_core.environment:create_environment_scripts_only(my_controller)
[0.600s] Level 1:colcon.colcon_core.environment:checking '/home/user/ros2_control_example/install/my_controller' for CMake module files
[0.601s] Level 1:colcon.colcon_core.environment:checking '/home/user/ros2_control_example/install/my_controller' for CMake config files
[0.601s] Level 1:colcon.colcon_core.shell:create_environment_hook('my_controller', 'cmake_prefix_path')
[0.602s] INFO:colcon.colcon_core.shell:Creating environment hook '/home/user/ros2_control_example/install/my_controller/share/my_controller/hook/cmake_prefix_path.ps1'
[0.602s] INFO:colcon.colcon_core.shell:Creating environment descriptor '/home/user/ros2_control_example/install/my_controller/share/my_controller/hook/cmake_prefix_path.dsv'
[0.602s] INFO:colcon.colcon_core.shell:Creating environment hook '/home/user/ros2_control_example/install/my_controller/share/my_controller/hook/cmake_prefix_path.sh'
[0.603s] Level 1:colcon.colcon_core.environment:checking '/home/user/ros2_control_example/install/my_controller/lib'
[0.603s] Level 1:colcon.colcon_core.shell:create_environment_hook('my_controller', 'ld_library_path_lib')
[0.604s] INFO:colcon.colcon_core.shell:Creating environment hook '/home/user/ros2_control_example/install/my_controller/share/my_controller/hook/ld_library_path_lib.ps1'
[0.604s] INFO:colcon.colcon_core.shell:Creating environment descriptor '/home/user/ros2_control_example/install/my_controller/share/my_controller/hook/ld_library_path_lib.dsv'
[0.604s] INFO:colcon.colcon_core.shell:Creating environment hook '/home/user/ros2_control_example/install/my_controller/share/my_controller/hook/ld_library_path_lib.sh'
[0.605s] Level 1:colcon.colcon_core.environment:checking '/home/user/ros2_control_example/install/my_controller/bin'
[0.605s] Level 1:colcon.colcon_core.environment:checking '/home/user/ros2_control_example/install/my_controller/lib/pkgconfig/my_controller.pc'
[0.605s] Level 1:colcon.colcon_core.environment:checking '/home/user/ros2_control_example/install/my_controller/lib/python3.10/site-packages'
[0.605s] Level 1:colcon.colcon_core.environment:checking '/home/user/ros2_control_example/install/my_controller/bin'
[0.607s] INFO:colcon.colcon_core.shell:Creating package script '/home/user/ros2_control_example/install/my_controller/share/my_controller/package.ps1'
[0.607s] INFO:colcon.colcon_core.shell:Creating package descriptor '/home/user/ros2_control_example/install/my_controller/share/my_controller/package.dsv'
[0.607s] INFO:colcon.colcon_core.shell:Creating package script '/home/user/ros2_control_example/install/my_controller/share/my_controller/package.sh'
[0.608s] INFO:colcon.colcon_core.shell:Creating package script '/home/user/ros2_control_example/install/my_controller/share/my_controller/package.bash'
[0.608s] INFO:colcon.colcon_core.shell:Creating package script '/home/user/ros2_control_example/install/my_controller/share/my_controller/package.zsh'
[0.608s] Level 1:colcon.colcon_core.environment:create_file_with_runtime_dependencies(/home/user/ros2_control_example/install/my_controller/share/colcon-core/packages/my_controller)
[0.611s] DEBUG:colcon.colcon_core.event_handler.log_command:Invoking command in '/home/user/ros2_control_example/build/my_hardware_interface': AMENT_PREFIX_PATH=/home/user/ros2_control_example/install/my_fake_hardware_SDK:${AMENT_PREFIX_PATH} CMAKE_PREFIX_PATH=/home/user/ros2_control_example/install/my_fake_hardware_SDK:/opt/ros/humble LD_LIBRARY_PATH=/home/user/ros2_control_example/install/my_fake_hardware_SDK/lib:${LD_LIBRARY_PATH} /usr/bin/cmake --build /home/user/ros2_control_example/build/my_hardware_interface -- -j8 -l8
[0.759s] DEBUG:colcon.colcon_core.event_handler.log_command:Invoked command in '/home/user/ros2_control_example/build/custom_interfaces' returned '0': CMAKE_PREFIX_PATH=/opt/ros/humble /usr/bin/cmake --build /home/user/ros2_control_example/build/custom_interfaces -- -j8 -l8
[0.796s] DEBUG:colcon.colcon_core.event_handler.log_command:Invoking command in '/home/user/ros2_control_example/build/custom_interfaces': CMAKE_PREFIX_PATH=/opt/ros/humble /usr/bin/cmake --install /home/user/ros2_control_example/build/custom_interfaces
[0.832s] Level 1:colcon.colcon_core.environment:create_environment_scripts_only(custom_interfaces)
[0.832s] DEBUG:colcon.colcon_core.event_handler.log_command:Invoked command in '/home/user/ros2_control_example/build/custom_interfaces' returned '0': CMAKE_PREFIX_PATH=/opt/ros/humble /usr/bin/cmake --install /home/user/ros2_control_example/build/custom_interfaces
[0.835s] Level 1:colcon.colcon_core.environment:checking '/home/user/ros2_control_example/install/custom_interfaces' for CMake module files
[0.835s] Level 1:colcon.colcon_core.environment:checking '/home/user/ros2_control_example/install/custom_interfaces' for CMake config files
[0.835s] Level 1:colcon.colcon_core.shell:create_environment_hook('custom_interfaces', 'cmake_prefix_path')
[0.837s] INFO:colcon.colcon_core.shell:Creating environment hook '/home/user/ros2_control_example/install/custom_interfaces/share/custom_interfaces/hook/cmake_prefix_path.ps1'
[0.837s] INFO:colcon.colcon_core.shell:Creating environment descriptor '/home/user/ros2_control_example/install/custom_interfaces/share/custom_interfaces/hook/cmake_prefix_path.dsv'
[0.837s] INFO:colcon.colcon_core.shell:Creating environment hook '/home/user/ros2_control_example/install/custom_interfaces/share/custom_interfaces/hook/cmake_prefix_path.sh'
[0.838s] Level 1:colcon.colcon_core.environment:checking '/home/user/ros2_control_example/install/custom_interfaces/lib'
[0.838s] Level 1:colcon.colcon_core.shell:create_environment_hook('custom_interfaces', 'ld_library_path_lib')
[0.839s] INFO:colcon.colcon_core.shell:Creating environment hook '/home/user/ros2_control_example/install/custom_interfaces/share/custom_interfaces/hook/ld_library_path_lib.ps1'
[0.839s] INFO:colcon.colcon_core.shell:Creating environment descriptor '/home/user/ros2_control_example/install/custom_interfaces/share/custom_interfaces/hook/ld_library_path_lib.dsv'
[0.840s] INFO:colcon.colcon_core.shell:Creating environment hook '/home/user/ros2_control_example/install/custom_interfaces/share/custom_interfaces/hook/ld_library_path_lib.sh'
[0.840s] Level 1:colcon.colcon_core.environment:checking '/home/user/ros2_control_example/install/custom_interfaces/bin'
[0.840s] Level 1:colcon.colcon_core.environment:checking '/home/user/ros2_control_example/install/custom_interfaces/lib/pkgconfig/custom_interfaces.pc'
[0.840s] Level 1:colcon.colcon_core.environment:checking '/home/user/ros2_control_example/install/custom_interfaces/lib/python3.10/site-packages'
[0.841s] Level 1:colcon.colcon_core.environment:checking '/home/user/ros2_control_example/install/custom_interfaces/bin'
[0.842s] INFO:colcon.colcon_core.shell:Creating package script '/home/user/ros2_control_example/install/custom_interfaces/share/custom_interfaces/package.ps1'
[0.843s] INFO:colcon.colcon_core.shell:Creating package descriptor '/home/user/ros2_control_example/install/custom_interfaces/share/custom_interfaces/package.dsv'
[0.843s] INFO:colcon.colcon_core.shell:Creating package script '/home/user/ros2_control_example/install/custom_interfaces/share/custom_interfaces/package.sh'
[0.843s] INFO:colcon.colcon_core.shell:Creating package script '/home/user/ros2_control_example/install/custom_interfaces/share/custom_interfaces/package.bash'
[0.844s] INFO:colcon.colcon_core.shell:Creating package script '/home/user/ros2_control_example/install/custom_interfaces/share/custom_interfaces/package.zsh'
[0.844s] Level 1:colcon.colcon_core.environment:create_file_with_runtime_dependencies(/home/user/ros2_control_example/install/custom_interfaces/share/colcon-core/packages/custom_interfaces)
[0.883s] Level 1:colcon.colcon_core.environment:create_environment_scripts_only(custom_interfaces)
[0.884s] Level 1:colcon.colcon_core.environment:checking '/home/user/ros2_control_example/install/custom_interfaces' for CMake module files
[0.885s] Level 1:colcon.colcon_core.environment:checking '/home/user/ros2_control_example/install/custom_interfaces' for CMake config files
[0.885s] Level 1:colcon.colcon_core.shell:create_environment_hook('custom_interfaces', 'cmake_prefix_path')
[0.886s] INFO:colcon.colcon_core.shell:Creating environment hook '/home/user/ros2_control_example/install/custom_interfaces/share/custom_interfaces/hook/cmake_prefix_path.ps1'
[0.886s] INFO:colcon.colcon_core.shell:Creating environment descriptor '/home/user/ros2_control_example/install/custom_interfaces/share/custom_interfaces/hook/cmake_prefix_path.dsv'
[0.886s] INFO:colcon.colcon_core.shell:Creating environment hook '/home/user/ros2_control_example/install/custom_interfaces/share/custom_interfaces/hook/cmake_prefix_path.sh'
[0.887s] Level 1:colcon.colcon_core.environment:checking '/home/user/ros2_control_example/install/custom_interfaces/lib'
[0.887s] Level 1:colcon.colcon_core.shell:create_environment_hook('custom_interfaces', 'ld_library_path_lib')
[0.887s] INFO:colcon.colcon_core.shell:Creating environment hook '/home/user/ros2_control_example/install/custom_interfaces/share/custom_interfaces/hook/ld_library_path_lib.ps1'
[0.888s] INFO:colcon.colcon_core.shell:Creating environment descriptor '/home/user/ros2_control_example/install/custom_interfaces/share/custom_interfaces/hook/ld_library_path_lib.dsv'
[0.888s] INFO:colcon.colcon_core.shell:Creating environment hook '/home/user/ros2_control_example/install/custom_interfaces/share/custom_interfaces/hook/ld_library_path_lib.sh'
[0.888s] Level 1:colcon.colcon_core.environment:checking '/home/user/ros2_control_example/install/custom_interfaces/bin'
[0.888s] Level 1:colcon.colcon_core.environment:checking '/home/user/ros2_control_example/install/custom_interfaces/lib/pkgconfig/custom_interfaces.pc'
[0.888s] Level 1:colcon.colcon_core.environment:checking '/home/user/ros2_control_example/install/custom_interfaces/lib/python3.10/site-packages'
[0.889s] Level 1:colcon.colcon_core.environment:checking '/home/user/ros2_control_example/install/custom_interfaces/bin'
[0.890s] INFO:colcon.colcon_core.shell:Creating package script '/home/user/ros2_control_example/install/custom_interfaces/share/custom_interfaces/package.ps1'
[0.890s] INFO:colcon.colcon_core.shell:Creating package descriptor '/home/user/ros2_control_example/install/custom_interfaces/share/custom_interfaces/package.dsv'
[0.891s] INFO:colcon.colcon_core.shell:Creating package script '/home/user/ros2_control_example/install/custom_interfaces/share/custom_interfaces/package.sh'
[0.891s] INFO:colcon.colcon_core.shell:Creating package script '/home/user/ros2_control_example/install/custom_interfaces/share/custom_interfaces/package.bash'
[0.891s] INFO:colcon.colcon_core.shell:Creating package script '/home/user/ros2_control_example/install/custom_interfaces/share/custom_interfaces/package.zsh'
[0.892s] Level 1:colcon.colcon_core.environment:create_file_with_runtime_dependencies(/home/user/ros2_control_example/install/custom_interfaces/share/colcon-core/packages/custom_interfaces)
[0.892s] INFO:colcon.colcon_ros.task.ament_cmake.build:Building ROS package in '/home/user/ros2_control_example/src/multi_link_controller' with build type 'ament_cmake'
[0.892s] INFO:colcon.colcon_cmake.task.cmake.build:Building CMake package in '/home/user/ros2_control_example/src/multi_link_controller'
[0.893s] INFO:colcon.colcon_core.shell:Skip shell extension 'powershell' for command environment: Not usable outside of PowerShell
[0.893s] DEBUG:colcon.colcon_core.shell:Skip shell extension 'dsv' for command environment
[0.895s] INFO:colcon.colcon_ros.task.ament_cmake.build:Building ROS package in '/home/user/ros2_control_example/src/my_controller2' with build type 'ament_cmake'
[0.896s] INFO:colcon.colcon_cmake.task.cmake.build:Building CMake package in '/home/user/ros2_control_example/src/my_controller2'
[0.897s] INFO:colcon.colcon_core.shell:Skip shell extension 'powershell' for command environment: Not usable outside of PowerShell
[0.897s] DEBUG:colcon.colcon_core.shell:Skip shell extension 'dsv' for command environment
[0.903s] DEBUG:colcon.colcon_core.event_handler.log_command:Invoking command in '/home/user/ros2_control_example/build/multi_link_controller': AMENT_PREFIX_PATH=/home/user/ros2_control_example/install/custom_interfaces:${AMENT_PREFIX_PATH} CMAKE_PREFIX_PATH=/home/user/ros2_control_example/install/custom_interfaces:/opt/ros/humble LD_LIBRARY_PATH=/home/user/ros2_control_example/install/custom_interfaces/lib:${LD_LIBRARY_PATH} PYTHONPATH=/home/user/ros2_control_example/install/custom_interfaces/local/lib/python3.10/dist-packages:${PYTHONPATH} /usr/bin/cmake --build /home/user/ros2_control_example/build/multi_link_controller -- -j8 -l8
[0.905s] DEBUG:colcon.colcon_core.event_handler.log_command:Invoking command in '/home/user/ros2_control_example/build/my_controller2': AMENT_PREFIX_PATH=/home/user/ros2_control_example/install/custom_interfaces:${AMENT_PREFIX_PATH} CMAKE_PREFIX_PATH=/home/user/ros2_control_example/install/custom_interfaces:/opt/ros/humble LD_LIBRARY_PATH=/home/user/ros2_control_example/install/custom_interfaces/lib:${LD_LIBRARY_PATH} PYTHONPATH=/home/user/ros2_control_example/install/custom_interfaces/local/lib/python3.10/dist-packages:${PYTHONPATH} /usr/bin/cmake --build /home/user/ros2_control_example/build/my_controller2 -- -j8 -l8
[0.948s] DEBUG:colcon.colcon_core.event_handler.log_command:Invoked command in '/home/user/ros2_control_example/build/my_controller2' returned '0': AMENT_PREFIX_PATH=/home/user/ros2_control_example/install/custom_interfaces:${AMENT_PREFIX_PATH} CMAKE_PREFIX_PATH=/home/user/ros2_control_example/install/custom_interfaces:/opt/ros/humble LD_LIBRARY_PATH=/home/user/ros2_control_example/install/custom_interfaces/lib:${LD_LIBRARY_PATH} PYTHONPATH=/home/user/ros2_control_example/install/custom_interfaces/local/lib/python3.10/dist-packages:${PYTHONPATH} /usr/bin/cmake --build /home/user/ros2_control_example/build/my_controller2 -- -j8 -l8
[0.949s] DEBUG:colcon.colcon_core.event_handler.log_command:Invoked command in '/home/user/ros2_control_example/build/multi_link_controller' returned '0': AMENT_PREFIX_PATH=/home/user/ros2_control_example/install/custom_interfaces:${AMENT_PREFIX_PATH} CMAKE_PREFIX_PATH=/home/user/ros2_control_example/install/custom_interfaces:/opt/ros/humble LD_LIBRARY_PATH=/home/user/ros2_control_example/install/custom_interfaces/lib:${LD_LIBRARY_PATH} PYTHONPATH=/home/user/ros2_control_example/install/custom_interfaces/local/lib/python3.10/dist-packages:${PYTHONPATH} /usr/bin/cmake --build /home/user/ros2_control_example/build/multi_link_controller -- -j8 -l8
[0.963s] DEBUG:colcon.colcon_core.event_handler.log_command:Invoking command in '/home/user/ros2_control_example/build/multi_link_controller': AMENT_PREFIX_PATH=/home/user/ros2_control_example/install/custom_interfaces:${AMENT_PREFIX_PATH} CMAKE_PREFIX_PATH=/home/user/ros2_control_example/install/custom_interfaces:/opt/ros/humble LD_LIBRARY_PATH=/home/user/ros2_control_example/install/custom_interfaces/lib:${LD_LIBRARY_PATH} PYTHONPATH=/home/user/ros2_control_example/install/custom_interfaces/local/lib/python3.10/dist-packages:${PYTHONPATH} /usr/bin/cmake --install /home/user/ros2_control_example/build/multi_link_controller
[0.964s] DEBUG:colcon.colcon_core.event_handler.log_command:Invoking command in '/home/user/ros2_control_example/build/my_controller2': AMENT_PREFIX_PATH=/home/user/ros2_control_example/install/custom_interfaces:${AMENT_PREFIX_PATH} CMAKE_PREFIX_PATH=/home/user/ros2_control_example/install/custom_interfaces:/opt/ros/humble LD_LIBRARY_PATH=/home/user/ros2_control_example/install/custom_interfaces/lib:${LD_LIBRARY_PATH} PYTHONPATH=/home/user/ros2_control_example/install/custom_interfaces/local/lib/python3.10/dist-packages:${PYTHONPATH} /usr/bin/cmake --install /home/user/ros2_control_example/build/my_controller2
[0.969s] Level 1:colcon.colcon_core.environment:create_environment_scripts_only(multi_link_controller)
[0.971s] Level 1:colcon.colcon_core.environment:checking '/home/user/ros2_control_example/install/multi_link_controller' for CMake module files
[0.972s] Level 1:colcon.colcon_core.environment:checking '/home/user/ros2_control_example/install/multi_link_controller' for CMake config files
[0.973s] Level 1:colcon.colcon_core.shell:create_environment_hook('multi_link_controller', 'cmake_prefix_path')
[0.974s] INFO:colcon.colcon_core.shell:Creating environment hook '/home/user/ros2_control_example/install/multi_link_controller/share/multi_link_controller/hook/cmake_prefix_path.ps1'
[0.974s] INFO:colcon.colcon_core.shell:Creating environment descriptor '/home/user/ros2_control_example/install/multi_link_controller/share/multi_link_controller/hook/cmake_prefix_path.dsv'
[0.975s] INFO:colcon.colcon_core.shell:Creating environment hook '/home/user/ros2_control_example/install/multi_link_controller/share/multi_link_controller/hook/cmake_prefix_path.sh'
[0.975s] Level 1:colcon.colcon_core.environment:checking '/home/user/ros2_control_example/install/multi_link_controller/lib'
[0.976s] Level 1:colcon.colcon_core.shell:create_environment_hook('multi_link_controller', 'ld_library_path_lib')
[0.977s] INFO:colcon.colcon_core.shell:Creating environment hook '/home/user/ros2_control_example/install/multi_link_controller/share/multi_link_controller/hook/ld_library_path_lib.ps1'
[0.977s] INFO:colcon.colcon_core.shell:Creating environment descriptor '/home/user/ros2_control_example/install/multi_link_controller/share/multi_link_controller/hook/ld_library_path_lib.dsv'
[0.978s] INFO:colcon.colcon_core.shell:Creating environment hook '/home/user/ros2_control_example/install/multi_link_controller/share/multi_link_controller/hook/ld_library_path_lib.sh'
[0.978s] Level 1:colcon.colcon_core.environment:checking '/home/user/ros2_control_example/install/multi_link_controller/bin'
[0.978s] Level 1:colcon.colcon_core.environment:checking '/home/user/ros2_control_example/install/multi_link_controller/lib/pkgconfig/multi_link_controller.pc'
[0.978s] Level 1:colcon.colcon_core.environment:checking '/home/user/ros2_control_example/install/multi_link_controller/lib/python3.10/site-packages'
[0.978s] Level 1:colcon.colcon_core.environment:checking '/home/user/ros2_control_example/install/multi_link_controller/bin'
[0.980s] INFO:colcon.colcon_core.shell:Creating package script '/home/user/ros2_control_example/install/multi_link_controller/share/multi_link_controller/package.ps1'
[0.980s] INFO:colcon.colcon_core.shell:Creating package descriptor '/home/user/ros2_control_example/install/multi_link_controller/share/multi_link_controller/package.dsv'
[0.981s] INFO:colcon.colcon_core.shell:Creating package script '/home/user/ros2_control_example/install/multi_link_controller/share/multi_link_controller/package.sh'
[0.981s] INFO:colcon.colcon_core.shell:Creating package script '/home/user/ros2_control_example/install/multi_link_controller/share/multi_link_controller/package.bash'
[0.982s] INFO:colcon.colcon_core.shell:Creating package script '/home/user/ros2_control_example/install/multi_link_controller/share/multi_link_controller/package.zsh'
[0.982s] Level 1:colcon.colcon_core.environment:create_file_with_runtime_dependencies(/home/user/ros2_control_example/install/multi_link_controller/share/colcon-core/packages/multi_link_controller)
[0.984s] Level 1:colcon.colcon_core.environment:create_environment_scripts_only(my_controller2)
[0.985s] Level 1:colcon.colcon_core.environment:checking '/home/user/ros2_control_example/install/my_controller2' for CMake module files
[0.986s] Level 1:colcon.colcon_core.environment:checking '/home/user/ros2_control_example/install/my_controller2' for CMake config files
[0.987s] DEBUG:colcon.colcon_core.event_handler.log_command:Invoked command in '/home/user/ros2_control_example/build/multi_link_controller' returned '0': AMENT_PREFIX_PATH=/home/user/ros2_control_example/install/custom_interfaces:${AMENT_PREFIX_PATH} CMAKE_PREFIX_PATH=/home/user/ros2_control_example/install/custom_interfaces:/opt/ros/humble LD_LIBRARY_PATH=/home/user/ros2_control_example/install/custom_interfaces/lib:${LD_LIBRARY_PATH} PYTHONPATH=/home/user/ros2_control_example/install/custom_interfaces/local/lib/python3.10/dist-packages:${PYTHONPATH} /usr/bin/cmake --install /home/user/ros2_control_example/build/multi_link_controller
[0.987s] DEBUG:colcon.colcon_core.event_handler.log_command:Invoked command in '/home/user/ros2_control_example/build/my_controller2' returned '0': AMENT_PREFIX_PATH=/home/user/ros2_control_example/install/custom_interfaces:${AMENT_PREFIX_PATH} CMAKE_PREFIX_PATH=/home/user/ros2_control_example/install/custom_interfaces:/opt/ros/humble LD_LIBRARY_PATH=/home/user/ros2_control_example/install/custom_interfaces/lib:${LD_LIBRARY_PATH} PYTHONPATH=/home/user/ros2_control_example/install/custom_interfaces/local/lib/python3.10/dist-packages:${PYTHONPATH} /usr/bin/cmake --install /home/user/ros2_control_example/build/my_controller2
[0.987s] Level 1:colcon.colcon_core.shell:create_environment_hook('my_controller2', 'cmake_prefix_path')
[0.989s] INFO:colcon.colcon_core.shell:Creating environment hook '/home/user/ros2_control_example/install/my_controller2/share/my_controller2/hook/cmake_prefix_path.ps1'
[0.989s] INFO:colcon.colcon_core.shell:Creating environment descriptor '/home/user/ros2_control_example/install/my_controller2/share/my_controller2/hook/cmake_prefix_path.dsv'
[0.990s] INFO:colcon.colcon_core.shell:Creating environment hook '/home/user/ros2_control_example/install/my_controller2/share/my_controller2/hook/cmake_prefix_path.sh'
[0.990s] Level 1:colcon.colcon_core.environment:checking '/home/user/ros2_control_example/install/my_controller2/lib'
[0.990s] Level 1:colcon.colcon_core.shell:create_environment_hook('my_controller2', 'ld_library_path_lib')
[0.991s] INFO:colcon.colcon_core.shell:Creating environment hook '/home/user/ros2_control_example/install/my_controller2/share/my_controller2/hook/ld_library_path_lib.ps1'
[0.991s] INFO:colcon.colcon_core.shell:Creating environment descriptor '/home/user/ros2_control_example/install/my_controller2/share/my_controller2/hook/ld_library_path_lib.dsv'
[0.992s] INFO:colcon.colcon_core.shell:Creating environment hook '/home/user/ros2_control_example/install/my_controller2/share/my_controller2/hook/ld_library_path_lib.sh'
[0.992s] Level 1:colcon.colcon_core.environment:checking '/home/user/ros2_control_example/install/my_controller2/bin'
[0.992s] Level 1:colcon.colcon_core.environment:checking '/home/user/ros2_control_example/install/my_controller2/lib/pkgconfig/my_controller2.pc'
[0.992s] Level 1:colcon.colcon_core.environment:checking '/home/user/ros2_control_example/install/my_controller2/lib/python3.10/site-packages'
[0.992s] Level 1:colcon.colcon_core.environment:checking '/home/user/ros2_control_example/install/my_controller2/bin'
[0.993s] INFO:colcon.colcon_core.shell:Creating package script '/home/user/ros2_control_example/install/my_controller2/share/my_controller2/package.ps1'
[0.994s] INFO:colcon.colcon_core.shell:Creating package descriptor '/home/user/ros2_control_example/install/my_controller2/share/my_controller2/package.dsv'
[0.994s] INFO:colcon.colcon_core.shell:Creating package script '/home/user/ros2_control_example/install/my_controller2/share/my_controller2/package.sh'
[0.994s] INFO:colcon.colcon_core.shell:Creating package script '/home/user/ros2_control_example/install/my_controller2/share/my_controller2/package.bash'
[0.994s] INFO:colcon.colcon_core.shell:Creating package script '/home/user/ros2_control_example/install/my_controller2/share/my_controller2/package.zsh'
[0.995s] Level 1:colcon.colcon_core.environment:create_file_with_runtime_dependencies(/home/user/ros2_control_example/install/my_controller2/share/colcon-core/packages/my_controller2)
[0.997s] Level 1:colcon.colcon_core.environment:create_environment_scripts_only(multi_link_controller)
[0.999s] Level 1:colcon.colcon_core.environment:checking '/home/user/ros2_control_example/install/multi_link_controller' for CMake module files
[0.999s] Level 1:colcon.colcon_core.environment:checking '/home/user/ros2_control_example/install/multi_link_controller' for CMake config files
[0.999s] Level 1:colcon.colcon_core.shell:create_environment_hook('multi_link_controller', 'cmake_prefix_path')
[1.000s] INFO:colcon.colcon_core.shell:Creating environment hook '/home/user/ros2_control_example/install/multi_link_controller/share/multi_link_controller/hook/cmake_prefix_path.ps1'
[1.000s] INFO:colcon.colcon_core.shell:Creating environment descriptor '/home/user/ros2_control_example/install/multi_link_controller/share/multi_link_controller/hook/cmake_prefix_path.dsv'
[1.001s] INFO:colcon.colcon_core.shell:Creating environment hook '/home/user/ros2_control_example/install/multi_link_controller/share/multi_link_controller/hook/cmake_prefix_path.sh'
[1.001s] Level 1:colcon.colcon_core.environment:checking '/home/user/ros2_control_example/install/multi_link_controller/lib'
[1.001s] Level 1:colcon.colcon_core.shell:create_environment_hook('multi_link_controller', 'ld_library_path_lib')
[1.003s] INFO:colcon.colcon_core.shell:Creating environment hook '/home/user/ros2_control_example/install/multi_link_controller/share/multi_link_controller/hook/ld_library_path_lib.ps1'
[1.003s] INFO:colcon.colcon_core.shell:Creating environment descriptor '/home/user/ros2_control_example/install/multi_link_controller/share/multi_link_controller/hook/ld_library_path_lib.dsv'
[1.003s] INFO:colcon.colcon_core.shell:Creating environment hook '/home/user/ros2_control_example/install/multi_link_controller/share/multi_link_controller/hook/ld_library_path_lib.sh'
[1.003s] Level 1:colcon.colcon_core.environment:checking '/home/user/ros2_control_example/install/multi_link_controller/bin'
[1.003s] Level 1:colcon.colcon_core.environment:checking '/home/user/ros2_control_example/install/multi_link_controller/lib/pkgconfig/multi_link_controller.pc'
[1.004s] Level 1:colcon.colcon_core.environment:checking '/home/user/ros2_control_example/install/multi_link_controller/lib/python3.10/site-packages'
[1.004s] Level 1:colcon.colcon_core.environment:checking '/home/user/ros2_control_example/install/multi_link_controller/bin'
[1.005s] INFO:colcon.colcon_core.shell:Creating package script '/home/user/ros2_control_example/install/multi_link_controller/share/multi_link_controller/package.ps1'
[1.006s] INFO:colcon.colcon_core.shell:Creating package descriptor '/home/user/ros2_control_example/install/multi_link_controller/share/multi_link_controller/package.dsv'
[1.006s] INFO:colcon.colcon_core.shell:Creating package script '/home/user/ros2_control_example/install/multi_link_controller/share/multi_link_controller/package.sh'
[1.006s] INFO:colcon.colcon_core.shell:Creating package script '/home/user/ros2_control_example/install/multi_link_controller/share/multi_link_controller/package.bash'
[1.007s] INFO:colcon.colcon_core.shell:Creating package script '/home/user/ros2_control_example/install/multi_link_controller/share/multi_link_controller/package.zsh'
[1.007s] Level 1:colcon.colcon_core.environment:create_file_with_runtime_dependencies(/home/user/ros2_control_example/install/multi_link_controller/share/colcon-core/packages/multi_link_controller)
[1.010s] Level 1:colcon.colcon_core.environment:create_environment_scripts_only(my_controller2)
[1.011s] Level 1:colcon.colcon_core.environment:checking '/home/user/ros2_control_example/install/my_controller2' for CMake module files
[1.012s] Level 1:colcon.colcon_core.environment:checking '/home/user/ros2_control_example/install/my_controller2' for CMake config files
[1.012s] Level 1:colcon.colcon_core.shell:create_environment_hook('my_controller2', 'cmake_prefix_path')
[1.013s] INFO:colcon.colcon_core.shell:Creating environment hook '/home/user/ros2_control_example/install/my_controller2/share/my_controller2/hook/cmake_prefix_path.ps1'
[1.013s] INFO:colcon.colcon_core.shell:Creating environment descriptor '/home/user/ros2_control_example/install/my_controller2/share/my_controller2/hook/cmake_prefix_path.dsv'
[1.013s] INFO:colcon.colcon_core.shell:Creating environment hook '/home/user/ros2_control_example/install/my_controller2/share/my_controller2/hook/cmake_prefix_path.sh'
[1.014s] Level 1:colcon.colcon_core.environment:checking '/home/user/ros2_control_example/install/my_controller2/lib'
[1.014s] Level 1:colcon.colcon_core.shell:create_environment_hook('my_controller2', 'ld_library_path_lib')
[1.015s] INFO:colcon.colcon_core.shell:Creating environment hook '/home/user/ros2_control_example/install/my_controller2/share/my_controller2/hook/ld_library_path_lib.ps1'
[1.015s] INFO:colcon.colcon_core.shell:Creating environment descriptor '/home/user/ros2_control_example/install/my_controller2/share/my_controller2/hook/ld_library_path_lib.dsv'
[1.015s] INFO:colcon.colcon_core.shell:Creating environment hook '/home/user/ros2_control_example/install/my_controller2/share/my_controller2/hook/ld_library_path_lib.sh'
[1.015s] Level 1:colcon.colcon_core.environment:checking '/home/user/ros2_control_example/install/my_controller2/bin'
[1.015s] Level 1:colcon.colcon_core.environment:checking '/home/user/ros2_control_example/install/my_controller2/lib/pkgconfig/my_controller2.pc'
[1.016s] Level 1:colcon.colcon_core.environment:checking '/home/user/ros2_control_example/install/my_controller2/lib/python3.10/site-packages'
[1.016s] Level 1:colcon.colcon_core.environment:checking '/home/user/ros2_control_example/install/my_controller2/bin'
[1.017s] INFO:colcon.colcon_core.shell:Creating package script '/home/user/ros2_control_example/install/my_controller2/share/my_controller2/package.ps1'
[1.017s] INFO:colcon.colcon_core.shell:Creating package descriptor '/home/user/ros2_control_example/install/my_controller2/share/my_controller2/package.dsv'
[1.018s] INFO:colcon.colcon_core.shell:Creating package script '/home/user/ros2_control_example/install/my_controller2/share/my_controller2/package.sh'
[1.018s] INFO:colcon.colcon_core.shell:Creating package script '/home/user/ros2_control_example/install/my_controller2/share/my_controller2/package.bash'
[1.018s] INFO:colcon.colcon_core.shell:Creating package script '/home/user/ros2_control_example/install/my_controller2/share/my_controller2/package.zsh'
[1.019s] Level 1:colcon.colcon_core.environment:create_file_with_runtime_dependencies(/home/user/ros2_control_example/install/my_controller2/share/colcon-core/packages/my_controller2)
[3.584s] DEBUG:colcon.colcon_core.event_handler.log_command:Invoked command in '/home/user/ros2_control_example/build/my_hardware_interface' returned '0': AMENT_PREFIX_PATH=/home/user/ros2_control_example/install/my_fake_hardware_SDK:${AMENT_PREFIX_PATH} CMAKE_PREFIX_PATH=/home/user/ros2_control_example/install/my_fake_hardware_SDK:/opt/ros/humble LD_LIBRARY_PATH=/home/user/ros2_control_example/install/my_fake_hardware_SDK/lib:${LD_LIBRARY_PATH} /usr/bin/cmake --build /home/user/ros2_control_example/build/my_hardware_interface -- -j8 -l8
[3.598s] DEBUG:colcon.colcon_core.event_handler.log_command:Invoking command in '/home/user/ros2_control_example/build/my_hardware_interface': AMENT_PREFIX_PATH=/home/user/ros2_control_example/install/my_fake_hardware_SDK:${AMENT_PREFIX_PATH} CMAKE_PREFIX_PATH=/home/user/ros2_control_example/install/my_fake_hardware_SDK:/opt/ros/humble LD_LIBRARY_PATH=/home/user/ros2_control_example/install/my_fake_hardware_SDK/lib:${LD_LIBRARY_PATH} /usr/bin/cmake --install /home/user/ros2_control_example/build/my_hardware_interface
[3.605s] Level 1:colcon.colcon_core.environment:create_environment_scripts_only(my_hardware_interface)
[3.607s] Level 1:colcon.colcon_core.environment:checking '/home/user/ros2_control_example/install/my_hardware_interface' for CMake module files
[3.607s] DEBUG:colcon.colcon_core.event_handler.log_command:Invoked command in '/home/user/ros2_control_example/build/my_hardware_interface' returned '0': AMENT_PREFIX_PATH=/home/user/ros2_control_example/install/my_fake_hardware_SDK:${AMENT_PREFIX_PATH} CMAKE_PREFIX_PATH=/home/user/ros2_control_example/install/my_fake_hardware_SDK:/opt/ros/humble LD_LIBRARY_PATH=/home/user/ros2_control_example/install/my_fake_hardware_SDK/lib:${LD_LIBRARY_PATH} /usr/bin/cmake --install /home/user/ros2_control_example/build/my_hardware_interface
[3.607s] Level 1:colcon.colcon_core.environment:checking '/home/user/ros2_control_example/install/my_hardware_interface' for CMake config files
[3.608s] Level 1:colcon.colcon_core.shell:create_environment_hook('my_hardware_interface', 'cmake_prefix_path')
[3.609s] INFO:colcon.colcon_core.shell:Creating environment hook '/home/user/ros2_control_example/install/my_hardware_interface/share/my_hardware_interface/hook/cmake_prefix_path.ps1'
[3.609s] INFO:colcon.colcon_core.shell:Creating environment descriptor '/home/user/ros2_control_example/install/my_hardware_interface/share/my_hardware_interface/hook/cmake_prefix_path.dsv'
[3.609s] INFO:colcon.colcon_core.shell:Creating environment hook '/home/user/ros2_control_example/install/my_hardware_interface/share/my_hardware_interface/hook/cmake_prefix_path.sh'
[3.610s] Level 1:colcon.colcon_core.environment:checking '/home/user/ros2_control_example/install/my_hardware_interface/lib'
[3.610s] Level 1:colcon.colcon_core.shell:create_environment_hook('my_hardware_interface', 'ld_library_path_lib')
[3.611s] INFO:colcon.colcon_core.shell:Creating environment hook '/home/user/ros2_control_example/install/my_hardware_interface/share/my_hardware_interface/hook/ld_library_path_lib.ps1'
[3.611s] INFO:colcon.colcon_core.shell:Creating environment descriptor '/home/user/ros2_control_example/install/my_hardware_interface/share/my_hardware_interface/hook/ld_library_path_lib.dsv'
[3.611s] INFO:colcon.colcon_core.shell:Creating environment hook '/home/user/ros2_control_example/install/my_hardware_interface/share/my_hardware_interface/hook/ld_library_path_lib.sh'
[3.611s] Level 1:colcon.colcon_core.environment:checking '/home/user/ros2_control_example/install/my_hardware_interface/bin'
[3.611s] Level 1:colcon.colcon_core.environment:checking '/home/user/ros2_control_example/install/my_hardware_interface/lib/pkgconfig/my_hardware_interface.pc'
[3.612s] Level 1:colcon.colcon_core.environment:checking '/home/user/ros2_control_example/install/my_hardware_interface/lib/python3.10/site-packages'
[3.612s] Level 1:colcon.colcon_core.environment:checking '/home/user/ros2_control_example/install/my_hardware_interface/bin'
[3.613s] INFO:colcon.colcon_core.shell:Creating package script '/home/user/ros2_control_example/install/my_hardware_interface/share/my_hardware_interface/package.ps1'
[3.613s] INFO:colcon.colcon_core.shell:Creating package descriptor '/home/user/ros2_control_example/install/my_hardware_interface/share/my_hardware_interface/package.dsv'
[3.613s] INFO:colcon.colcon_core.shell:Creating package script '/home/user/ros2_control_example/install/my_hardware_interface/share/my_hardware_interface/package.sh'
[3.614s] INFO:colcon.colcon_core.shell:Creating package script '/home/user/ros2_control_example/install/my_hardware_interface/share/my_hardware_interface/package.bash'
[3.614s] INFO:colcon.colcon_core.shell:Creating package script '/home/user/ros2_control_example/install/my_hardware_interface/share/my_hardware_interface/package.zsh'
[3.614s] Level 1:colcon.colcon_core.environment:create_file_with_runtime_dependencies(/home/user/ros2_control_example/install/my_hardware_interface/share/colcon-core/packages/my_hardware_interface)
[3.628s] Level 1:colcon.colcon_core.environment:create_environment_scripts_only(my_hardware_interface)
[3.630s] Level 1:colcon.colcon_core.environment:checking '/home/user/ros2_control_example/install/my_hardware_interface' for CMake module files
[3.630s] Level 1:colcon.colcon_core.environment:checking '/home/user/ros2_control_example/install/my_hardware_interface' for CMake config files
[3.630s] Level 1:colcon.colcon_core.shell:create_environment_hook('my_hardware_interface', 'cmake_prefix_path')
[3.631s] INFO:colcon.colcon_core.shell:Creating environment hook '/home/user/ros2_control_example/install/my_hardware_interface/share/my_hardware_interface/hook/cmake_prefix_path.ps1'
[3.632s] INFO:colcon.colcon_core.shell:Creating environment descriptor '/home/user/ros2_control_example/install/my_hardware_interface/share/my_hardware_interface/hook/cmake_prefix_path.dsv'
[3.632s] INFO:colcon.colcon_core.shell:Creating environment hook '/home/user/ros2_control_example/install/my_hardware_interface/share/my_hardware_interface/hook/cmake_prefix_path.sh'
[3.632s] Level 1:colcon.colcon_core.environment:checking '/home/user/ros2_control_example/install/my_hardware_interface/lib'
[3.632s] Level 1:colcon.colcon_core.shell:create_environment_hook('my_hardware_interface', 'ld_library_path_lib')
[3.633s] INFO:colcon.colcon_core.shell:Creating environment hook '/home/user/ros2_control_example/install/my_hardware_interface/share/my_hardware_interface/hook/ld_library_path_lib.ps1'
[3.633s] INFO:colcon.colcon_core.shell:Creating environment descriptor '/home/user/ros2_control_example/install/my_hardware_interface/share/my_hardware_interface/hook/ld_library_path_lib.dsv'
[3.634s] INFO:colcon.colcon_core.shell:Creating environment hook '/home/user/ros2_control_example/install/my_hardware_interface/share/my_hardware_interface/hook/ld_library_path_lib.sh'
[3.634s] Level 1:colcon.colcon_core.environment:checking '/home/user/ros2_control_example/install/my_hardware_interface/bin'
[3.634s] Level 1:colcon.colcon_core.environment:checking '/home/user/ros2_control_example/install/my_hardware_interface/lib/pkgconfig/my_hardware_interface.pc'
[3.634s] Level 1:colcon.colcon_core.environment:checking '/home/user/ros2_control_example/install/my_hardware_interface/lib/python3.10/site-packages'
[3.634s] Level 1:colcon.colcon_core.environment:checking '/home/user/ros2_control_example/install/my_hardware_interface/bin'
[3.635s] INFO:colcon.colcon_core.shell:Creating package script '/home/user/ros2_control_example/install/my_hardware_interface/share/my_hardware_interface/package.ps1'
[3.636s] INFO:colcon.colcon_core.shell:Creating package descriptor '/home/user/ros2_control_example/install/my_hardware_interface/share/my_hardware_interface/package.dsv'
[3.636s] INFO:colcon.colcon_core.shell:Creating package script '/home/user/ros2_control_example/install/my_hardware_interface/share/my_hardware_interface/package.sh'
[3.636s] INFO:colcon.colcon_core.shell:Creating package script '/home/user/ros2_control_example/install/my_hardware_interface/share/my_hardware_interface/package.bash'
[3.636s] INFO:colcon.colcon_core.shell:Creating package script '/home/user/ros2_control_example/install/my_hardware_interface/share/my_hardware_interface/package.zsh'
[3.637s] Level 1:colcon.colcon_core.environment:create_file_with_runtime_dependencies(/home/user/ros2_control_example/install/my_hardware_interface/share/colcon-core/packages/my_hardware_interface)
[3.637s] DEBUG:colcon.colcon_parallel_executor.executor.parallel:closing loop
[3.637s] DEBUG:colcon.colcon_parallel_executor.executor.parallel:loop closed
[3.637s] DEBUG:colcon.colcon_parallel_executor.executor.parallel:run_until_complete finished with '0'
[3.637s] DEBUG:colcon.colcon_core.event_reactor:joining thread
[3.642s] INFO:colcon.colcon_core.plugin_system:Skipping extension 'colcon_notification.desktop_notification.terminal_notifier': Not used on non-Darwin systems
[3.642s] INFO:colcon.colcon_core.plugin_system:Skipping extension 'colcon_notification.desktop_notification.win32': Not used on non-Windows systems
[3.642s] INFO:colcon.colcon_notification.desktop_notification:Sending desktop notification using 'notify2'
[3.650s] DEBUG:colcon.colcon_core.event_reactor:joined thread
[3.651s] INFO:colcon.colcon_core.shell:Creating prefix script '/home/user/ros2_control_example/install/local_setup.ps1'
[3.652s] INFO:colcon.colcon_core.shell:Creating prefix util module '/home/user/ros2_control_example/install/_local_setup_util_ps1.py'
[3.653s] INFO:colcon.colcon_core.shell:Creating prefix chain script '/home/user/ros2_control_example/install/setup.ps1'
[3.654s] INFO:colcon.colcon_core.shell:Creating prefix script '/home/user/ros2_control_example/install/local_setup.sh'
[3.654s] INFO:colcon.colcon_core.shell:Creating prefix util module '/home/user/ros2_control_example/install/_local_setup_util_sh.py'
[3.655s] INFO:colcon.colcon_core.shell:Creating prefix chain script '/home/user/ros2_control_example/install/setup.sh'
[3.655s] INFO:colcon.colcon_core.shell:Creating prefix script '/home/user/ros2_control_example/install/local_setup.bash'
[3.656s] INFO:colcon.colcon_core.shell:Creating prefix chain script '/home/user/ros2_control_example/install/setup.bash'
[3.657s] INFO:colcon.colcon_core.shell:Creating prefix script '/home/user/ros2_control_example/install/local_setup.zsh'
[3.657s] INFO:colcon.colcon_core.shell:Creating prefix chain script '/home/user/ros2_control_example/install/setup.zsh'
