[0.016s] Invoking command in '/home/user/ros2_control_example/build/custom_interfaces': CMAKE_PREFIX_PATH=/opt/ros/humble /usr/bin/cmake --build /home/user/ros2_control_example/build/custom_interfaces -- -j8 -l8
[0.054s] [  9%] Built target custom_interfaces__rosidl_generator_c
[0.054s] [ 12%] Built target custom_interfaces__cpp
[0.062s] [ 12%] Built target ament_cmake_python_copy_custom_interfaces
[0.074s] [ 22%] Built target custom_interfaces__rosidl_typesupport_introspection_c
[0.078s] [ 41%] Built target custom_interfaces__rosidl_typesupport_c
[0.078s] [ 41%] Built target custom_interfaces__rosidl_typesupport_fastrtps_c
[0.079s] [ 51%] Built target custom_interfaces__rosidl_typesupport_introspection_cpp
[0.084s] [ 61%] Built target custom_interfaces__rosidl_typesupport_cpp
[0.084s] [ 70%] Built target custom_interfaces__rosidl_typesupport_fastrtps_cpp
[0.096s] [ 70%] Built target custom_interfaces
[0.110s] [ 74%] Built target custom_interfaces__py
[0.125s] [ 80%] Built target custom_interfaces__rosidl_generator_py
[0.147s] [ 93%] Built target custom_interfaces__rosidl_typesupport_fastrtps_c__pyext
[0.147s] [ 93%] Built target custom_interfaces__rosidl_typesupport_c__pyext
[0.147s] [100%] Built target custom_interfaces__rosidl_typesupport_introspection_c__pyext
[0.290s] running egg_info
[0.291s] writing custom_interfaces.egg-info/PKG-INFO
[0.291s] writing dependency_links to custom_interfaces.egg-info/dependency_links.txt
[0.291s] writing top-level names to custom_interfaces.egg-info/top_level.txt
[0.293s] reading manifest file 'custom_interfaces.egg-info/SOURCES.txt'
[0.294s] writing manifest file 'custom_interfaces.egg-info/SOURCES.txt'
[0.310s] [100%] Built target ament_cmake_python_build_custom_interfaces_egg
[0.317s] Invoked command in '/home/user/ros2_control_example/build/custom_interfaces' returned '0': CMAKE_PREFIX_PATH=/opt/ros/humble /usr/bin/cmake --build /home/user/ros2_control_example/build/custom_interfaces -- -j8 -l8
[0.345s] Invoking command in '/home/user/ros2_control_example/build/custom_interfaces': CMAKE_PREFIX_PATH=/opt/ros/humble /usr/bin/cmake --install /home/user/ros2_control_example/build/custom_interfaces
[0.350s] -- Install configuration: ""
[0.350s] -- Up-to-date: /home/user/ros2_control_example/install/custom_interfaces/share/ament_index/resource_index/rosidl_interfaces/custom_interfaces
[0.350s] -- Up-to-date: /home/user/ros2_control_example/install/custom_interfaces/include/custom_interfaces/custom_interfaces
[0.351s] -- Up-to-date: /home/user/ros2_control_example/install/custom_interfaces/include/custom_interfaces/custom_interfaces/msg
[0.351s] -- Up-to-date: /home/user/ros2_control_example/install/custom_interfaces/include/custom_interfaces/custom_interfaces/msg/detail
[0.351s] -- Up-to-date: /home/user/ros2_control_example/install/custom_interfaces/include/custom_interfaces/custom_interfaces/msg/detail/controlnote__struct.h
[0.351s] -- Up-to-date: /home/user/ros2_control_example/install/custom_interfaces/include/custom_interfaces/custom_interfaces/msg/detail/controlnote__functions.h
[0.351s] -- Up-to-date: /home/user/ros2_control_example/install/custom_interfaces/include/custom_interfaces/custom_interfaces/msg/detail/controlnote__functions.c
[0.351s] -- Up-to-date: /home/user/ros2_control_example/install/custom_interfaces/include/custom_interfaces/custom_interfaces/msg/detail/controlnote__type_support.h
[0.351s] -- Up-to-date: /home/user/ros2_control_example/install/custom_interfaces/include/custom_interfaces/custom_interfaces/msg/controlnote.h
[0.351s] -- Up-to-date: /home/user/ros2_control_example/install/custom_interfaces/include/custom_interfaces/custom_interfaces/msg/rosidl_generator_c__visibility_control.h
[0.351s] -- Up-to-date: /home/user/ros2_control_example/install/custom_interfaces/share/custom_interfaces/environment/library_path.sh
[0.351s] -- Up-to-date: /home/user/ros2_control_example/install/custom_interfaces/share/custom_interfaces/environment/library_path.dsv
[0.351s] -- Up-to-date: /home/user/ros2_control_example/install/custom_interfaces/lib/libcustom_interfaces__rosidl_generator_c.so
[0.351s] -- Up-to-date: /home/user/ros2_control_example/install/custom_interfaces/include/custom_interfaces/custom_interfaces
[0.351s] -- Up-to-date: /home/user/ros2_control_example/install/custom_interfaces/include/custom_interfaces/custom_interfaces/msg
[0.351s] -- Up-to-date: /home/user/ros2_control_example/install/custom_interfaces/include/custom_interfaces/custom_interfaces/msg/detail
[0.352s] -- Up-to-date: /home/user/ros2_control_example/install/custom_interfaces/include/custom_interfaces/custom_interfaces/msg/detail/controlnote__rosidl_typesupport_fastrtps_c.h
[0.352s] -- Up-to-date: /home/user/ros2_control_example/install/custom_interfaces/include/custom_interfaces/custom_interfaces/msg/rosidl_typesupport_fastrtps_c__visibility_control.h
[0.352s] -- Up-to-date: /home/user/ros2_control_example/install/custom_interfaces/lib/libcustom_interfaces__rosidl_typesupport_fastrtps_c.so
[0.352s] -- Up-to-date: /home/user/ros2_control_example/install/custom_interfaces/include/custom_interfaces/custom_interfaces
[0.352s] -- Up-to-date: /home/user/ros2_control_example/install/custom_interfaces/include/custom_interfaces/custom_interfaces/msg
[0.352s] -- Up-to-date: /home/user/ros2_control_example/install/custom_interfaces/include/custom_interfaces/custom_interfaces/msg/detail
[0.352s] -- Up-to-date: /home/user/ros2_control_example/install/custom_interfaces/include/custom_interfaces/custom_interfaces/msg/detail/controlnote__struct.hpp
[0.352s] -- Up-to-date: /home/user/ros2_control_example/install/custom_interfaces/include/custom_interfaces/custom_interfaces/msg/detail/controlnote__builder.hpp
[0.352s] -- Up-to-date: /home/user/ros2_control_example/install/custom_interfaces/include/custom_interfaces/custom_interfaces/msg/detail/controlnote__traits.hpp
[0.352s] -- Up-to-date: /home/user/ros2_control_example/install/custom_interfaces/include/custom_interfaces/custom_interfaces/msg/controlnote.hpp
[0.352s] -- Up-to-date: /home/user/ros2_control_example/install/custom_interfaces/include/custom_interfaces/custom_interfaces
[0.352s] -- Up-to-date: /home/user/ros2_control_example/install/custom_interfaces/include/custom_interfaces/custom_interfaces/msg
[0.352s] -- Up-to-date: /home/user/ros2_control_example/install/custom_interfaces/include/custom_interfaces/custom_interfaces/msg/detail
[0.352s] -- Up-to-date: /home/user/ros2_control_example/install/custom_interfaces/include/custom_interfaces/custom_interfaces/msg/detail/controlnote__rosidl_typesupport_fastrtps_cpp.hpp
[0.352s] -- Up-to-date: /home/user/ros2_control_example/install/custom_interfaces/include/custom_interfaces/custom_interfaces/msg/detail/dds_fastrtps
[0.352s] -- Up-to-date: /home/user/ros2_control_example/install/custom_interfaces/include/custom_interfaces/custom_interfaces/msg/rosidl_typesupport_fastrtps_cpp__visibility_control.h
[0.352s] -- Up-to-date: /home/user/ros2_control_example/install/custom_interfaces/lib/libcustom_interfaces__rosidl_typesupport_fastrtps_cpp.so
[0.353s] -- Up-to-date: /home/user/ros2_control_example/install/custom_interfaces/include/custom_interfaces/custom_interfaces
[0.353s] -- Up-to-date: /home/user/ros2_control_example/install/custom_interfaces/include/custom_interfaces/custom_interfaces/msg
[0.353s] -- Up-to-date: /home/user/ros2_control_example/install/custom_interfaces/include/custom_interfaces/custom_interfaces/msg/detail
[0.353s] -- Up-to-date: /home/user/ros2_control_example/install/custom_interfaces/include/custom_interfaces/custom_interfaces/msg/detail/controlnote__rosidl_typesupport_introspection_c.h
[0.353s] -- Up-to-date: /home/user/ros2_control_example/install/custom_interfaces/include/custom_interfaces/custom_interfaces/msg/detail/controlnote__type_support.c
[0.353s] -- Up-to-date: /home/user/ros2_control_example/install/custom_interfaces/include/custom_interfaces/custom_interfaces/msg/rosidl_typesupport_introspection_c__visibility_control.h
[0.353s] -- Up-to-date: /home/user/ros2_control_example/install/custom_interfaces/lib/libcustom_interfaces__rosidl_typesupport_introspection_c.so
[0.353s] -- Up-to-date: /home/user/ros2_control_example/install/custom_interfaces/lib/libcustom_interfaces__rosidl_typesupport_c.so
[0.353s] -- Up-to-date: /home/user/ros2_control_example/install/custom_interfaces/include/custom_interfaces/custom_interfaces
[0.353s] -- Up-to-date: /home/user/ros2_control_example/install/custom_interfaces/include/custom_interfaces/custom_interfaces/msg
[0.353s] -- Up-to-date: /home/user/ros2_control_example/install/custom_interfaces/include/custom_interfaces/custom_interfaces/msg/detail
[0.353s] -- Up-to-date: /home/user/ros2_control_example/install/custom_interfaces/include/custom_interfaces/custom_interfaces/msg/detail/controlnote__type_support.cpp
[0.353s] -- Up-to-date: /home/user/ros2_control_example/install/custom_interfaces/include/custom_interfaces/custom_interfaces/msg/detail/controlnote__rosidl_typesupport_introspection_cpp.hpp
[0.353s] -- Up-to-date: /home/user/ros2_control_example/install/custom_interfaces/lib/libcustom_interfaces__rosidl_typesupport_introspection_cpp.so
[0.353s] -- Up-to-date: /home/user/ros2_control_example/install/custom_interfaces/lib/libcustom_interfaces__rosidl_typesupport_cpp.so
[0.353s] -- Up-to-date: /home/user/ros2_control_example/install/custom_interfaces/share/custom_interfaces/environment/pythonpath.sh
[0.353s] -- Up-to-date: /home/user/ros2_control_example/install/custom_interfaces/share/custom_interfaces/environment/pythonpath.dsv
[0.353s] -- Up-to-date: /home/user/ros2_control_example/install/custom_interfaces/local/lib/python3.10/dist-packages/custom_interfaces-0.0.0-py3.10.egg-info
[0.354s] -- Installing: /home/user/ros2_control_example/install/custom_interfaces/local/lib/python3.10/dist-packages/custom_interfaces-0.0.0-py3.10.egg-info/SOURCES.txt
[0.354s] -- Installing: /home/user/ros2_control_example/install/custom_interfaces/local/lib/python3.10/dist-packages/custom_interfaces-0.0.0-py3.10.egg-info/dependency_links.txt
[0.354s] -- Installing: /home/user/ros2_control_example/install/custom_interfaces/local/lib/python3.10/dist-packages/custom_interfaces-0.0.0-py3.10.egg-info/PKG-INFO
[0.354s] -- Installing: /home/user/ros2_control_example/install/custom_interfaces/local/lib/python3.10/dist-packages/custom_interfaces-0.0.0-py3.10.egg-info/top_level.txt
[0.354s] -- Up-to-date: /home/user/ros2_control_example/install/custom_interfaces/local/lib/python3.10/dist-packages/custom_interfaces
[0.354s] -- Up-to-date: /home/user/ros2_control_example/install/custom_interfaces/local/lib/python3.10/dist-packages/custom_interfaces/custom_interfaces_s__rosidl_typesupport_fastrtps_c.cpython-310-x86_64-linux-gnu.so
[0.354s] -- Up-to-date: /home/user/ros2_control_example/install/custom_interfaces/local/lib/python3.10/dist-packages/custom_interfaces/__init__.py
[0.354s] -- Up-to-date: /home/user/ros2_control_example/install/custom_interfaces/local/lib/python3.10/dist-packages/custom_interfaces/custom_interfaces_s__rosidl_typesupport_c.cpython-310-x86_64-linux-gnu.so
[0.354s] -- Up-to-date: /home/user/ros2_control_example/install/custom_interfaces/local/lib/python3.10/dist-packages/custom_interfaces/msg
[0.354s] -- Up-to-date: /home/user/ros2_control_example/install/custom_interfaces/local/lib/python3.10/dist-packages/custom_interfaces/msg/_controlnote.py
[0.354s] -- Up-to-date: /home/user/ros2_control_example/install/custom_interfaces/local/lib/python3.10/dist-packages/custom_interfaces/msg/__init__.py
[0.354s] -- Up-to-date: /home/user/ros2_control_example/install/custom_interfaces/local/lib/python3.10/dist-packages/custom_interfaces/msg/_controlnote_s.c
[0.354s] -- Up-to-date: /home/user/ros2_control_example/install/custom_interfaces/local/lib/python3.10/dist-packages/custom_interfaces/libcustom_interfaces__rosidl_generator_py.so
[0.354s] -- Up-to-date: /home/user/ros2_control_example/install/custom_interfaces/local/lib/python3.10/dist-packages/custom_interfaces/_custom_interfaces_s.ep.rosidl_typesupport_introspection_c.c
[0.354s] -- Up-to-date: /home/user/ros2_control_example/install/custom_interfaces/local/lib/python3.10/dist-packages/custom_interfaces/custom_interfaces_s__rosidl_typesupport_introspection_c.cpython-310-x86_64-linux-gnu.so
[0.354s] -- Up-to-date: /home/user/ros2_control_example/install/custom_interfaces/local/lib/python3.10/dist-packages/custom_interfaces/_custom_interfaces_s.ep.rosidl_typesupport_c.c
[0.355s] -- Up-to-date: /home/user/ros2_control_example/install/custom_interfaces/local/lib/python3.10/dist-packages/custom_interfaces/_custom_interfaces_s.ep.rosidl_typesupport_fastrtps_c.c
[0.374s] Listing '/home/user/ros2_control_example/install/custom_interfaces/local/lib/python3.10/dist-packages/custom_interfaces'...
[0.374s] Listing '/home/user/ros2_control_example/install/custom_interfaces/local/lib/python3.10/dist-packages/custom_interfaces/msg'...
[0.377s] -- Up-to-date: /home/user/ros2_control_example/install/custom_interfaces/local/lib/python3.10/dist-packages/custom_interfaces/custom_interfaces_s__rosidl_typesupport_fastrtps_c.cpython-310-x86_64-linux-gnu.so
[0.377s] -- Up-to-date: /home/user/ros2_control_example/install/custom_interfaces/local/lib/python3.10/dist-packages/custom_interfaces/custom_interfaces_s__rosidl_typesupport_introspection_c.cpython-310-x86_64-linux-gnu.so
[0.377s] -- Up-to-date: /home/user/ros2_control_example/install/custom_interfaces/local/lib/python3.10/dist-packages/custom_interfaces/custom_interfaces_s__rosidl_typesupport_c.cpython-310-x86_64-linux-gnu.so
[0.377s] -- Up-to-date: /home/user/ros2_control_example/install/custom_interfaces/lib/libcustom_interfaces__rosidl_generator_py.so
[0.378s] -- Up-to-date: /home/user/ros2_control_example/install/custom_interfaces/share/custom_interfaces/msg/Controlnote.idl
[0.378s] -- Up-to-date: /home/user/ros2_control_example/install/custom_interfaces/share/custom_interfaces/msg/Controlnote.msg
[0.378s] -- Up-to-date: /home/user/ros2_control_example/install/custom_interfaces/share/ament_index/resource_index/package_run_dependencies/custom_interfaces
[0.378s] -- Up-to-date: /home/user/ros2_control_example/install/custom_interfaces/share/ament_index/resource_index/parent_prefix_path/custom_interfaces
[0.378s] -- Up-to-date: /home/user/ros2_control_example/install/custom_interfaces/share/custom_interfaces/environment/ament_prefix_path.sh
[0.378s] -- Up-to-date: /home/user/ros2_control_example/install/custom_interfaces/share/custom_interfaces/environment/ament_prefix_path.dsv
[0.378s] -- Up-to-date: /home/user/ros2_control_example/install/custom_interfaces/share/custom_interfaces/environment/path.sh
[0.378s] -- Up-to-date: /home/user/ros2_control_example/install/custom_interfaces/share/custom_interfaces/environment/path.dsv
[0.378s] -- Up-to-date: /home/user/ros2_control_example/install/custom_interfaces/share/custom_interfaces/local_setup.bash
[0.378s] -- Up-to-date: /home/user/ros2_control_example/install/custom_interfaces/share/custom_interfaces/local_setup.sh
[0.378s] -- Up-to-date: /home/user/ros2_control_example/install/custom_interfaces/share/custom_interfaces/local_setup.zsh
[0.378s] -- Up-to-date: /home/user/ros2_control_example/install/custom_interfaces/share/custom_interfaces/local_setup.dsv
[0.378s] -- Installing: /home/user/ros2_control_example/install/custom_interfaces/share/custom_interfaces/package.dsv
[0.378s] -- Up-to-date: /home/user/ros2_control_example/install/custom_interfaces/share/ament_index/resource_index/packages/custom_interfaces
[0.379s] -- Up-to-date: /home/user/ros2_control_example/install/custom_interfaces/share/custom_interfaces/cmake/export_custom_interfaces__rosidl_generator_cExport.cmake
[0.379s] -- Up-to-date: /home/user/ros2_control_example/install/custom_interfaces/share/custom_interfaces/cmake/export_custom_interfaces__rosidl_generator_cExport-noconfig.cmake
[0.379s] -- Up-to-date: /home/user/ros2_control_example/install/custom_interfaces/share/custom_interfaces/cmake/export_custom_interfaces__rosidl_typesupport_fastrtps_cExport.cmake
[0.379s] -- Up-to-date: /home/user/ros2_control_example/install/custom_interfaces/share/custom_interfaces/cmake/export_custom_interfaces__rosidl_typesupport_fastrtps_cExport-noconfig.cmake
[0.379s] -- Up-to-date: /home/user/ros2_control_example/install/custom_interfaces/share/custom_interfaces/cmake/export_custom_interfaces__rosidl_generator_cppExport.cmake
[0.379s] -- Up-to-date: /home/user/ros2_control_example/install/custom_interfaces/share/custom_interfaces/cmake/export_custom_interfaces__rosidl_typesupport_fastrtps_cppExport.cmake
[0.379s] -- Up-to-date: /home/user/ros2_control_example/install/custom_interfaces/share/custom_interfaces/cmake/export_custom_interfaces__rosidl_typesupport_fastrtps_cppExport-noconfig.cmake
[0.379s] -- Up-to-date: /home/user/ros2_control_example/install/custom_interfaces/share/custom_interfaces/cmake/custom_interfaces__rosidl_typesupport_introspection_cExport.cmake
[0.379s] -- Up-to-date: /home/user/ros2_control_example/install/custom_interfaces/share/custom_interfaces/cmake/custom_interfaces__rosidl_typesupport_introspection_cExport-noconfig.cmake
[0.379s] -- Up-to-date: /home/user/ros2_control_example/install/custom_interfaces/share/custom_interfaces/cmake/custom_interfaces__rosidl_typesupport_cExport.cmake
[0.379s] -- Up-to-date: /home/user/ros2_control_example/install/custom_interfaces/share/custom_interfaces/cmake/custom_interfaces__rosidl_typesupport_cExport-noconfig.cmake
[0.379s] -- Up-to-date: /home/user/ros2_control_example/install/custom_interfaces/share/custom_interfaces/cmake/custom_interfaces__rosidl_typesupport_introspection_cppExport.cmake
[0.379s] -- Up-to-date: /home/user/ros2_control_example/install/custom_interfaces/share/custom_interfaces/cmake/custom_interfaces__rosidl_typesupport_introspection_cppExport-noconfig.cmake
[0.379s] -- Up-to-date: /home/user/ros2_control_example/install/custom_interfaces/share/custom_interfaces/cmake/custom_interfaces__rosidl_typesupport_cppExport.cmake
[0.379s] -- Up-to-date: /home/user/ros2_control_example/install/custom_interfaces/share/custom_interfaces/cmake/custom_interfaces__rosidl_typesupport_cppExport-noconfig.cmake
[0.380s] -- Up-to-date: /home/user/ros2_control_example/install/custom_interfaces/share/custom_interfaces/cmake/export_custom_interfaces__rosidl_generator_pyExport.cmake
[0.380s] -- Up-to-date: /home/user/ros2_control_example/install/custom_interfaces/share/custom_interfaces/cmake/export_custom_interfaces__rosidl_generator_pyExport-noconfig.cmake
[0.380s] -- Up-to-date: /home/user/ros2_control_example/install/custom_interfaces/share/custom_interfaces/cmake/rosidl_cmake-extras.cmake
[0.380s] -- Up-to-date: /home/user/ros2_control_example/install/custom_interfaces/share/custom_interfaces/cmake/ament_cmake_export_dependencies-extras.cmake
[0.380s] -- Up-to-date: /home/user/ros2_control_example/install/custom_interfaces/share/custom_interfaces/cmake/ament_cmake_export_include_directories-extras.cmake
[0.380s] -- Up-to-date: /home/user/ros2_control_example/install/custom_interfaces/share/custom_interfaces/cmake/ament_cmake_export_libraries-extras.cmake
[0.380s] -- Up-to-date: /home/user/ros2_control_example/install/custom_interfaces/share/custom_interfaces/cmake/ament_cmake_export_targets-extras.cmake
[0.380s] -- Up-to-date: /home/user/ros2_control_example/install/custom_interfaces/share/custom_interfaces/cmake/rosidl_cmake_export_typesupport_targets-extras.cmake
[0.380s] -- Up-to-date: /home/user/ros2_control_example/install/custom_interfaces/share/custom_interfaces/cmake/rosidl_cmake_export_typesupport_libraries-extras.cmake
[0.380s] -- Up-to-date: /home/user/ros2_control_example/install/custom_interfaces/share/custom_interfaces/cmake/custom_interfacesConfig.cmake
[0.380s] -- Up-to-date: /home/user/ros2_control_example/install/custom_interfaces/share/custom_interfaces/cmake/custom_interfacesConfig-version.cmake
[0.380s] -- Up-to-date: /home/user/ros2_control_example/install/custom_interfaces/share/custom_interfaces/package.xml
[0.383s] Invoked command in '/home/user/ros2_control_example/build/custom_interfaces' returned '0': CMAKE_PREFIX_PATH=/opt/ros/humble /usr/bin/cmake --install /home/user/ros2_control_example/build/custom_interfaces
