[0.011s] Invoking command in '/home/user/ros2_control_example/build/multi_link_controller': CMAKE_PREFIX_PATH=/home/user/ros2_control_example/install/custom_interfaces:/home/user/ros2_control_example/install/robot_model:/home/user/ros2_control_example/install/my_controller2:/home/user/ros2_control_example/install/my_controller:/home/user/ros2_control_example/install/multi_link_controller:/opt/ros/humble LD_LIBRARY_PATH=/home/user/ros2_control_example/install/custom_interfaces/lib:/home/user/ros2_control_example/install/my_controller2/lib:/home/user/ros2_control_example/install/my_controller/lib:/home/user/ros2_control_example/install/multi_link_controller/lib:/usr/lib/x86_64-linux-gnu/gazebo-11/plugins:/opt/ros/humble/opt/rviz_ogre_vendor/lib:/opt/ros/humble/lib/x86_64-linux-gnu:/opt/ros/humble/lib /usr/bin/cmake --build /home/user/ros2_control_example/build/multi_link_controller -- -j8 -l8
[0.037s] [35m[1mConsolidate compiler generated dependencies of target multi_link_controller[0m
[0.049s] [100%] Built target multi_link_controller
[0.056s] Invoked command in '/home/user/ros2_control_example/build/multi_link_controller' returned '0': CMAKE_PREFIX_PATH=/home/user/ros2_control_example/install/custom_interfaces:/home/user/ros2_control_example/install/robot_model:/home/user/ros2_control_example/install/my_controller2:/home/user/ros2_control_example/install/my_controller:/home/user/ros2_control_example/install/multi_link_controller:/opt/ros/humble LD_LIBRARY_PATH=/home/user/ros2_control_example/install/custom_interfaces/lib:/home/user/ros2_control_example/install/my_controller2/lib:/home/user/ros2_control_example/install/my_controller/lib:/home/user/ros2_control_example/install/multi_link_controller/lib:/usr/lib/x86_64-linux-gnu/gazebo-11/plugins:/opt/ros/humble/opt/rviz_ogre_vendor/lib:/opt/ros/humble/lib/x86_64-linux-gnu:/opt/ros/humble/lib /usr/bin/cmake --build /home/user/ros2_control_example/build/multi_link_controller -- -j8 -l8
[0.071s] Invoking command in '/home/user/ros2_control_example/build/multi_link_controller': CMAKE_PREFIX_PATH=/home/user/ros2_control_example/install/custom_interfaces:/home/user/ros2_control_example/install/robot_model:/home/user/ros2_control_example/install/my_controller2:/home/user/ros2_control_example/install/my_controller:/home/user/ros2_control_example/install/multi_link_controller:/opt/ros/humble LD_LIBRARY_PATH=/home/user/ros2_control_example/install/custom_interfaces/lib:/home/user/ros2_control_example/install/my_controller2/lib:/home/user/ros2_control_example/install/my_controller/lib:/home/user/ros2_control_example/install/multi_link_controller/lib:/usr/lib/x86_64-linux-gnu/gazebo-11/plugins:/opt/ros/humble/opt/rviz_ogre_vendor/lib:/opt/ros/humble/lib/x86_64-linux-gnu:/opt/ros/humble/lib /usr/bin/cmake --install /home/user/ros2_control_example/build/multi_link_controller
[0.079s] -- Install configuration: ""
[0.079s] -- Up-to-date: /home/user/ros2_control_example/install/multi_link_controller/share/multi_link_controller/multi_link_controller.xml
[0.080s] -- Up-to-date: /home/user/ros2_control_example/install/multi_link_controller/lib/libmulti_link_controller.so
[0.080s] -- Up-to-date: /home/user/ros2_control_example/install/multi_link_controller/include
[0.080s] -- Up-to-date: /home/user/ros2_control_example/install/multi_link_controller/include/multi_link_controller
[0.080s] -- Up-to-date: /home/user/ros2_control_example/install/multi_link_controller/include/multi_link_controller/multi_link_controller.hpp
[0.080s] -- Up-to-date: /home/user/ros2_control_example/install/multi_link_controller/share/multi_link_controller//config
[0.080s] -- Up-to-date: /home/user/ros2_control_example/install/multi_link_controller/share/multi_link_controller//config/multi_link_controller_custom.yaml
[0.080s] -- Up-to-date: /home/user/ros2_control_example/install/multi_link_controller/share/multi_link_controller/environment/library_path.sh
[0.080s] -- Up-to-date: /home/user/ros2_control_example/install/multi_link_controller/share/multi_link_controller/environment/library_path.dsv
[0.080s] -- Up-to-date: /home/user/ros2_control_example/install/multi_link_controller/share/ament_index/resource_index/package_run_dependencies/multi_link_controller
[0.080s] -- Up-to-date: /home/user/ros2_control_example/install/multi_link_controller/share/ament_index/resource_index/parent_prefix_path/multi_link_controller
[0.081s] -- Up-to-date: /home/user/ros2_control_example/install/multi_link_controller/share/multi_link_controller/environment/ament_prefix_path.sh
[0.081s] -- Up-to-date: /home/user/ros2_control_example/install/multi_link_controller/share/multi_link_controller/environment/ament_prefix_path.dsv
[0.081s] -- Up-to-date: /home/user/ros2_control_example/install/multi_link_controller/share/multi_link_controller/environment/path.sh
[0.081s] -- Up-to-date: /home/user/ros2_control_example/install/multi_link_controller/share/multi_link_controller/environment/path.dsv
[0.081s] -- Up-to-date: /home/user/ros2_control_example/install/multi_link_controller/share/multi_link_controller/local_setup.bash
[0.081s] -- Up-to-date: /home/user/ros2_control_example/install/multi_link_controller/share/multi_link_controller/local_setup.sh
[0.082s] -- Up-to-date: /home/user/ros2_control_example/install/multi_link_controller/share/multi_link_controller/local_setup.zsh
[0.082s] -- Up-to-date: /home/user/ros2_control_example/install/multi_link_controller/share/multi_link_controller/local_setup.dsv
[0.082s] -- Installing: /home/user/ros2_control_example/install/multi_link_controller/share/multi_link_controller/package.dsv
[0.082s] -- Up-to-date: /home/user/ros2_control_example/install/multi_link_controller/share/ament_index/resource_index/packages/multi_link_controller
[0.083s] -- Up-to-date: /home/user/ros2_control_example/install/multi_link_controller/share/ament_index/resource_index/controller_interface__pluginlib__plugin/multi_link_controller
[0.083s] -- Up-to-date: /home/user/ros2_control_example/install/multi_link_controller/share/multi_link_controller/cmake/ament_cmake_export_include_directories-extras.cmake
[0.083s] -- Up-to-date: /home/user/ros2_control_example/install/multi_link_controller/share/multi_link_controller/cmake/ament_cmake_export_libraries-extras.cmake
[0.083s] -- Up-to-date: /home/user/ros2_control_example/install/multi_link_controller/share/multi_link_controller/cmake/ament_cmake_export_dependencies-extras.cmake
[0.083s] -- Up-to-date: /home/user/ros2_control_example/install/multi_link_controller/share/multi_link_controller/cmake/multi_link_controllerConfig.cmake
[0.083s] -- Up-to-date: /home/user/ros2_control_example/install/multi_link_controller/share/multi_link_controller/cmake/multi_link_controllerConfig-version.cmake
[0.083s] -- Up-to-date: /home/user/ros2_control_example/install/multi_link_controller/share/multi_link_controller/package.xml
[0.089s] Invoked command in '/home/user/ros2_control_example/build/multi_link_controller' returned '0': CMAKE_PREFIX_PATH=/home/user/ros2_control_example/install/custom_interfaces:/home/user/ros2_control_example/install/robot_model:/home/user/ros2_control_example/install/my_controller2:/home/user/ros2_control_example/install/my_controller:/home/user/ros2_control_example/install/multi_link_controller:/opt/ros/humble LD_LIBRARY_PATH=/home/user/ros2_control_example/install/custom_interfaces/lib:/home/user/ros2_control_example/install/my_controller2/lib:/home/user/ros2_control_example/install/my_controller/lib:/home/user/ros2_control_example/install/multi_link_controller/lib:/usr/lib/x86_64-linux-gnu/gazebo-11/plugins:/opt/ros/humble/opt/rviz_ogre_vendor/lib:/opt/ros/humble/lib/x86_64-linux-gnu:/opt/ros/humble/lib /usr/bin/cmake --install /home/user/ros2_control_example/build/multi_link_controller
