[0.010s] Invoking command in '/home/user/ros2_control_example/build/multi_link_controller': CMAKE_PREFIX_PATH=/home/user/ros2_control_example/install/custom_interfaces:/home/user/ros2_control_example/install/robot_model:/home/user/ros2_control_example/install/my_controller2:/home/user/ros2_control_example/install/my_controller:/home/user/ros2_control_example/install/multi_link_controller:/opt/ros/humble LD_LIBRARY_PATH=/home/user/ros2_control_example/install/custom_interfaces/lib:/home/user/ros2_control_example/install/my_controller2/lib:/home/user/ros2_control_example/install/my_controller/lib:/home/user/ros2_control_example/install/multi_link_controller/lib:/usr/lib/x86_64-linux-gnu/gazebo-11/plugins:/opt/ros/humble/opt/rviz_ogre_vendor/lib:/opt/ros/humble/lib/x86_64-linux-gnu:/opt/ros/humble/lib /usr/bin/cmake --build /home/user/ros2_control_example/build/multi_link_controller -- -j8 -l8
[0.045s] [ 50%] [32mBuilding CXX object CMakeFiles/multi_link_controller.dir/src/multi_link_controller.cpp.o[0m
[1.769s] In file included from [01m[K/home/user/ros2_control_example/src/multi_link_controller/src/multi_link_controller.cpp:15[m[K:
[1.769s] [01m[K/home/user/ros2_control_example/src/multi_link_controller/include/multi_link_controller/multi_link_controller.hpp:83:32:[m[K [01;31m[Kerror: [m[Kexpected ‘[01m[K}[m[K’ before numeric constant
[1.769s]    83 |   std::vector<float> P_ = {1.6 [01;31m[K0.16[m[K};
[1.770s]       |                                [01;31m[K^~~~[m[K
[1.770s] [01m[K/home/user/ros2_control_example/src/multi_link_controller/include/multi_link_controller/multi_link_controller.hpp:83:27:[m[K [01;36m[Knote: [m[Kto match this ‘[01m[K{[m[K’
[1.770s]    83 |   std::vector<float> P_ = [01;36m[K{[m[K1.6 0.16};
[1.770s]       |                           [01;36m[K^[m[K
[1.770s] [01m[K/home/user/ros2_control_example/src/multi_link_controller/include/multi_link_controller/multi_link_controller.hpp:83:32:[m[K [01;31m[Kerror: [m[Kexpected ‘[01m[K;[m[K’ before numeric constant
[1.770s]    83 |   std::vector<float> P_ = {1.6 [01;31m[K0.16[m[K};
[1.770s]       |                                [01;31m[K^~~~[m[K
[1.770s] [01m[K/home/user/ros2_control_example/src/multi_link_controller/include/multi_link_controller/multi_link_controller.hpp:84:33:[m[K [01;31m[Kerror: [m[Kexpected ‘[01m[K}[m[K’ before numeric constant
[1.770s]    84 |   std::vector<float> I_ = {0.06 [01;31m[K0.006[m[K};
[1.770s]       |                                 [01;31m[K^~~~~[m[K
[1.770s] [01m[K/home/user/ros2_control_example/src/multi_link_controller/include/multi_link_controller/multi_link_controller.hpp:84:27:[m[K [01;36m[Knote: [m[Kto match this ‘[01m[K{[m[K’
[1.770s]    84 |   std::vector<float> I_ = [01;36m[K{[m[K0.06 0.006};
[1.770s]       |                           [01;36m[K^[m[K
[1.770s] [01m[K/home/user/ros2_control_example/src/multi_link_controller/include/multi_link_controller/multi_link_controller.hpp:84:33:[m[K [01;31m[Kerror: [m[Kexpected ‘[01m[K;[m[K’ before numeric constant
[1.770s]    84 |   std::vector<float> I_ = {0.06 [01;31m[K0.006[m[K};
[1.770s]       |                                 [01;31m[K^~~~~[m[K
[1.770s] [01m[K/home/user/ros2_control_example/src/multi_link_controller/include/multi_link_controller/multi_link_controller.hpp:85:32:[m[K [01;31m[Kerror: [m[Kexpected ‘[01m[K}[m[K’ before numeric constant
[1.771s]    85 |   std::vector<float> D_ = {0.7 [01;31m[K0.07[m[K};
[1.771s]       |                                [01;31m[K^~~~[m[K
[1.771s] [01m[K/home/user/ros2_control_example/src/multi_link_controller/include/multi_link_controller/multi_link_controller.hpp:85:27:[m[K [01;36m[Knote: [m[Kto match this ‘[01m[K{[m[K’
[1.771s]    85 |   std::vector<float> D_ = [01;36m[K{[m[K0.7 0.07};
[1.771s]       |                           [01;36m[K^[m[K
[1.771s] [01m[K/home/user/ros2_control_example/src/multi_link_controller/include/multi_link_controller/multi_link_controller.hpp:85:32:[m[K [01;31m[Kerror: [m[Kexpected ‘[01m[K;[m[K’ before numeric constant
[1.771s]    85 |   std::vector<float> D_ = {0.7 [01;31m[K0.07[m[K};
[1.771s]       |                                [01;31m[K^~~~[m[K
[1.783s] [01m[K/home/user/ros2_control_example/src/multi_link_controller/src/multi_link_controller.cpp:[m[K In member function ‘[01m[Kvirtual controller_interface::return_type multi_link_controller::MultiLinkController::update(const rclcpp::Time&, const rclcpp::Duration&)[m[K’:
[1.783s] [01m[K/home/user/ros2_control_example/src/multi_link_controller/src/multi_link_controller.cpp:240:53:[m[K [01;35m[Kwarning: [m[Kunused parameter ‘[01m[Ktime[m[K’ [[01;35m[K]8;;https://gcc.gnu.org/onlinedocs/gcc/Warning-Options.html#index-Wunused-parameter-Wunused-parameter]8;;[m[K]
[1.783s]   240 |     MultiLinkController::update([01;35m[Kconst rclcpp::Time &time[m[K,
[1.783s]       |                                 [01;35m[K~~~~~~~~~~~~~~~~~~~~^~~~[m[K
[3.738s] gmake[2]: *** [CMakeFiles/multi_link_controller.dir/build.make:76: CMakeFiles/multi_link_controller.dir/src/multi_link_controller.cpp.o] Error 1
[3.738s] gmake[1]: *** [CMakeFiles/Makefile2:137: CMakeFiles/multi_link_controller.dir/all] Error 2
[3.738s] gmake: *** [Makefile:146: all] Error 2
[3.740s] Invoked command in '/home/user/ros2_control_example/build/multi_link_controller' returned '2': CMAKE_PREFIX_PATH=/home/user/ros2_control_example/install/custom_interfaces:/home/user/ros2_control_example/install/robot_model:/home/user/ros2_control_example/install/my_controller2:/home/user/ros2_control_example/install/my_controller:/home/user/ros2_control_example/install/multi_link_controller:/opt/ros/humble LD_LIBRARY_PATH=/home/user/ros2_control_example/install/custom_interfaces/lib:/home/user/ros2_control_example/install/my_controller2/lib:/home/user/ros2_control_example/install/my_controller/lib:/home/user/ros2_control_example/install/multi_link_controller/lib:/usr/lib/x86_64-linux-gnu/gazebo-11/plugins:/opt/ros/humble/opt/rviz_ogre_vendor/lib:/opt/ros/humble/lib/x86_64-linux-gnu:/opt/ros/humble/lib /usr/bin/cmake --build /home/user/ros2_control_example/build/multi_link_controller -- -j8 -l8
