[0.035s] Invoking command in '/home/user/ros2_control_example/build/my_controller2': CMAKE_PREFIX_PATH=/opt/ros/humble /usr/bin/cmake /home/user/ros2_control_example/src/my_controller2 -DCMAKE_INSTALL_PREFIX=/home/user/ros2_control_example/install/my_controller2
[0.150s] -- The C compiler identification is GNU 11.3.0
[0.297s] -- The CXX compiler identification is GNU 11.3.0
[0.313s] -- Detecting C compiler ABI info
[0.360s] -- Detecting C compiler ABI info - done
[0.366s] -- Check for working C compiler: /usr/bin/cc - skipped
[0.367s] -- Detecting C compile features
[0.367s] -- Detecting C compile features - done
[0.371s] -- Detecting CXX compiler ABI info
[0.427s] -- Detecting CXX compiler ABI info - done
[0.433s] -- Check for working CXX compiler: /usr/bin/c++ - skipped
[0.433s] -- Detecting CXX compile features
[0.434s] -- Detecting CXX compile features - done
[0.436s] -- Found ament_cmake: 1.3.3 (/opt/ros/humble/share/ament_cmake/cmake)
[0.576s] -- Found Python3: /usr/bin/python3.10 (found version "3.10.6") found components: Interpreter 
[0.673s] -- Found control_msgs: 4.1.0 (/opt/ros/humble/share/control_msgs/cmake)
[0.724s] -- Found rosidl_generator_c: 3.1.4 (/opt/ros/humble/share/rosidl_generator_c/cmake)
[0.730s] -- Found rosidl_adapter: 3.1.4 (/opt/ros/humble/share/rosidl_adapter/cmake)
[0.742s] -- Found rosidl_generator_cpp: 3.1.4 (/opt/ros/humble/share/rosidl_generator_cpp/cmake)
[0.760s] -- Using all available rosidl_typesupport_c: rosidl_typesupport_fastrtps_c;rosidl_typesupport_introspection_c
[0.782s] -- Using all available rosidl_typesupport_cpp: rosidl_typesupport_fastrtps_cpp;rosidl_typesupport_introspection_cpp
[1.307s] -- Found controller_interface: 2.18.0 (/opt/ros/humble/share/controller_interface/cmake)
[1.444s] -- Found rmw_implementation_cmake: 6.1.1 (/opt/ros/humble/share/rmw_implementation_cmake/cmake)
[1.448s] -- Found rmw_fastrtps_cpp: 6.2.2 (/opt/ros/humble/share/rmw_fastrtps_cpp/cmake)
[1.536s] -- Found OpenSSL: /usr/lib/x86_64-linux-gnu/libcrypto.so (found version "3.0.2")  
[1.557s] -- Found FastRTPS: /opt/ros/humble/include  
[1.592s] -- Using RMW implementation 'rmw_fastrtps_cpp' as default
[1.605s] -- Looking for pthread.h
[1.650s] -- Looking for pthread.h - found
[1.650s] -- Performing Test CMAKE_HAVE_LIBC_PTHREAD
[1.694s] -- Performing Test CMAKE_HAVE_LIBC_PTHREAD - Success
[1.696s] -- Found Threads: TRUE  
[1.928s] -- Found realtime_tools: 2.4.0 (/opt/ros/humble/share/realtime_tools/cmake)
[1.965s] -- Found example_interfaces: 0.9.3 (/opt/ros/humble/share/example_interfaces/cmake)
[2.021s] -- Found ament_lint_auto: 0.12.4 (/opt/ros/humble/share/ament_lint_auto/cmake)
[2.090s] -- Added test 'cppcheck' to perform static code analysis on C / C++ code
[2.090s] -- Configured cppcheck include dirs: 
[2.090s] -- Configured cppcheck exclude dirs and/or files: 
[2.091s] -- Added test 'lint_cmake' to check CMake code style
[2.093s] -- Added test 'uncrustify' to check C / C++ code style
[2.093s] -- Configured uncrustify additional arguments: 
[2.093s] -- Added test 'xmllint' to check XML markup files
[2.095s] -- Configuring done
[2.101s] -- Generating done
[2.102s] -- Build files have been written to: /home/user/ros2_control_example/build/my_controller2
[2.113s] Invoked command in '/home/user/ros2_control_example/build/my_controller2' returned '0': CMAKE_PREFIX_PATH=/opt/ros/humble /usr/bin/cmake /home/user/ros2_control_example/src/my_controller2 -DCMAKE_INSTALL_PREFIX=/home/user/ros2_control_example/install/my_controller2
[2.114s] Invoking command in '/home/user/ros2_control_example/build/my_controller2': CMAKE_PREFIX_PATH=/opt/ros/humble /usr/bin/cmake --build /home/user/ros2_control_example/build/my_controller2 -- -j8 -l8
[2.139s] Invoked command in '/home/user/ros2_control_example/build/my_controller2' returned '0': CMAKE_PREFIX_PATH=/opt/ros/humble /usr/bin/cmake --build /home/user/ros2_control_example/build/my_controller2 -- -j8 -l8
[2.152s] Invoking command in '/home/user/ros2_control_example/build/my_controller2': CMAKE_PREFIX_PATH=/opt/ros/humble /usr/bin/cmake --install /home/user/ros2_control_example/build/my_controller2
[2.156s] -- Install configuration: ""
[2.156s] -- Installing: /home/user/ros2_control_example/install/my_controller2/share/ament_index/resource_index/package_run_dependencies/my_controller2
[2.157s] -- Installing: /home/user/ros2_control_example/install/my_controller2/share/ament_index/resource_index/parent_prefix_path/my_controller2
[2.157s] -- Installing: /home/user/ros2_control_example/install/my_controller2/share/my_controller2/environment/ament_prefix_path.sh
[2.157s] -- Installing: /home/user/ros2_control_example/install/my_controller2/share/my_controller2/environment/ament_prefix_path.dsv
[2.157s] -- Installing: /home/user/ros2_control_example/install/my_controller2/share/my_controller2/environment/path.sh
[2.157s] -- Installing: /home/user/ros2_control_example/install/my_controller2/share/my_controller2/environment/path.dsv
[2.157s] -- Installing: /home/user/ros2_control_example/install/my_controller2/share/my_controller2/local_setup.bash
[2.157s] -- Installing: /home/user/ros2_control_example/install/my_controller2/share/my_controller2/local_setup.sh
[2.157s] -- Installing: /home/user/ros2_control_example/install/my_controller2/share/my_controller2/local_setup.zsh
[2.157s] -- Installing: /home/user/ros2_control_example/install/my_controller2/share/my_controller2/local_setup.dsv
[2.158s] -- Installing: /home/user/ros2_control_example/install/my_controller2/share/my_controller2/package.dsv
[2.158s] -- Installing: /home/user/ros2_control_example/install/my_controller2/share/ament_index/resource_index/packages/my_controller2
[2.158s] -- Installing: /home/user/ros2_control_example/install/my_controller2/share/my_controller2/cmake/my_controller2Config.cmake
[2.158s] -- Installing: /home/user/ros2_control_example/install/my_controller2/share/my_controller2/cmake/my_controller2Config-version.cmake
[2.158s] -- Installing: /home/user/ros2_control_example/install/my_controller2/share/my_controller2/package.xml
[2.161s] Invoked command in '/home/user/ros2_control_example/build/my_controller2' returned '0': CMAKE_PREFIX_PATH=/opt/ros/humble /usr/bin/cmake --install /home/user/ros2_control_example/build/my_controller2
