[35m[1mConsolidate compiler generated dependencies of target my_hardware_interface[0m
[ 50%] [32mBuilding CXX object CMakeFiles/my_hardware_interface.dir/src/my_hardware_interface.cpp.o[0m
In file included from [01m[K/home/user/ros2_control_example/src/my_hardware_interface/src/my_hardware_interface.cpp:7[m[K:
[01m[K/home/user/ros2_control_example/src/my_hardware_interface/include/my_hardware_interface/my_hardware_interface.hpp:64:15:[m[K [01;31m[Kerror: [m[K‘[01m[Khardware_interface::return_type my_hardwares::MyHardware::read()[m[K’ marked ‘[01m[Koverride[m[K’, but does not override
   64 |   return_type [01;31m[Kread[m[K() override;
      |               [01;31m[K^~~~[m[K
[01m[K/home/user/ros2_control_example/src/my_hardware_interface/include/my_hardware_interface/my_hardware_interface.hpp:66:15:[m[K [01;31m[Kerror: [m[K‘[01m[Khardware_interface::return_type my_hardwares::MyHardware::write()[m[K’ marked ‘[01m[Koverride[m[K’, but does not override
   66 |   return_type [01;31m[Kwrite[m[K() override;
      |               [01;31m[K^~~~~[m[K
[01m[K/home/user/ros2_control_example/src/my_hardware_interface/src/my_hardware_interface.cpp:22:1:[m[K [01;31m[Kerror: [m[K‘[01m[KCallbackReturn[m[K’ does not name a type
   22 | [01;31m[KCallbackReturn[m[K MyHardware::on_init(const hardware_interface::HardwareInfo & info) // info has all information passed in from .yaml
      | [01;31m[K^~~~~~~~~~~~~~[m[K
[01m[K/home/user/ros2_control_example/src/my_hardware_interface/src/my_hardware_interface.cpp:124:1:[m[K [01;31m[Kerror: [m[K‘[01m[KCallbackReturn[m[K’ does not name a type
  124 | [01;31m[KCallbackReturn[m[K MyHardware::on_activate(const rclcpp_lifecycle::State & previous_state)
      | [01;31m[K^~~~~~~~~~~~~~[m[K
[01m[K/home/user/ros2_control_example/src/my_hardware_interface/src/my_hardware_interface.cpp:147:1:[m[K [01;31m[Kerror: [m[K‘[01m[KCallbackReturn[m[K’ does not name a type
  147 | [01;31m[KCallbackReturn[m[K MyHardware::on_deactivate(const rclcpp_lifecycle::State & previous_state)
      | [01;31m[K^~~~~~~~~~~~~~[m[K
In file included from [01m[K/opt/ros/humble/include/class_loader/class_loader/class_loader_core.hpp:57[m[K,
                 from [01m[K/opt/ros/humble/include/class_loader/class_loader/class_loader.hpp:55[m[K,
                 from [01m[K/opt/ros/humble/include/pluginlib/pluginlib/class_list_macros.hpp:40[m[K,
                 from [01m[K/home/user/ros2_control_example/src/my_hardware_interface/src/my_hardware_interface.cpp:224[m[K:
/opt/ros/humble/include/class_loader/class_loader/meta_object.hpp: In instantiation of ‘[01m[KB* class_loader::impl::MetaObject<C, B>::create() const [with C = my_hardwares::MyHardware; B = hardware_interface::SystemInterface][m[K’:
[01m[K/opt/ros/humble/include/class_loader/class_loader/meta_object.hpp:216:7:[m[K   required from here
[01m[K/opt/ros/humble/include/class_loader/class_loader/meta_object.hpp:218:12:[m[K [01;31m[Kerror: [m[Kinvalid new-expression of abstract class type ‘[01m[Kmy_hardwares::MyHardware[m[K’
  218 |     return [01;31m[Knew C[m[K;
      |            [01;31m[K^~~~~[m[K
In file included from [01m[K/home/user/ros2_control_example/src/my_hardware_interface/src/my_hardware_interface.cpp:7[m[K:
[01m[K/home/user/ros2_control_example/src/my_hardware_interface/include/my_hardware_interface/my_hardware_interface.hpp:48:7:[m[K [01;36m[Knote: [m[K  because the following virtual functions are pure within ‘[01m[Kmy_hardwares::MyHardware[m[K’:
   48 | class [01;36m[KMyHardware[m[K
      |       [01;36m[K^~~~~~~~~~[m[K
In file included from [01m[K/home/user/ros2_control_example/src/my_hardware_interface/include/my_hardware_interface/my_hardware_interface.hpp:9[m[K,
                 from [01m[K/home/user/ros2_control_example/src/my_hardware_interface/src/my_hardware_interface.cpp:7[m[K:
[01m[K/opt/ros/humble/include/hardware_interface/system_interface.hpp:173:23:[m[K [01;36m[Knote: [m[K    ‘[01m[Kvirtual hardware_interface::return_type hardware_interface::SystemInterface::read(const rclcpp::Time&, const rclcpp::Duration&)[m[K’
  173 |   virtual return_type [01;36m[Kread[m[K(const rclcpp::Time & time, const rclcpp::Duration & period) = 0;
      |                       [01;36m[K^~~~[m[K
[01m[K/opt/ros/humble/include/hardware_interface/system_interface.hpp:184:23:[m[K [01;36m[Knote: [m[K    ‘[01m[Kvirtual hardware_interface::return_type hardware_interface::SystemInterface::write(const rclcpp::Time&, const rclcpp::Duration&)[m[K’
  184 |   virtual return_type [01;36m[Kwrite[m[K(const rclcpp::Time & time, const rclcpp::Duration & period) = 0;
      |                       [01;36m[K^~~~~[m[K
gmake[2]: *** [CMakeFiles/my_hardware_interface.dir/build.make:76: CMakeFiles/my_hardware_interface.dir/src/my_hardware_interface.cpp.o] Error 1
gmake[1]: *** [CMakeFiles/Makefile2:137: CMakeFiles/my_hardware_interface.dir/all] Error 2
gmake: *** [Makefile:146: all] Error 2
