-- Found ament_cmake: 1.3.3 (/opt/ros/humble/share/ament_cmake/cmake)
-- Found controller_interface: 2.24.1 (/opt/ros/humble/share/controller_interface/cmake)
-- Found rosidl_generator_c: 3.1.4 (/opt/ros/humble/share/rosidl_generator_c/cmake)
-- Found rosidl_adapter: 3.1.4 (/opt/ros/humble/share/rosidl_adapter/cmake)
-- Found rosidl_generator_cpp: 3.1.4 (/opt/ros/humble/share/rosidl_generator_cpp/cmake)
-- Using all available rosidl_typesupport_c: rosidl_typesupport_fastrtps_c;rosidl_typesupport_introspection_c
-- Using all available rosidl_typesupport_cpp: rosidl_typesupport_fastrtps_cpp;rosidl_typesupport_introspection_cpp
-- Found rmw_implementation_cmake: 6.1.1 (/opt/ros/humble/share/rmw_implementation_cmake/cmake)
-- Found rmw_fastrtps_cpp: 6.2.2 (/opt/ros/humble/share/rmw_fastrtps_cpp/cmake)
-- Using RMW implementation 'rmw_fastrtps_cpp' as default
-- Found realtime_tools: 2.5.0 (/opt/ros/humble/share/realtime_tools/cmake)
-- Found example_interfaces: 0.9.3 (/opt/ros/humble/share/example_interfaces/cmake)
-- Found custom_interfaces: 0.0.0 (/home/user/ros2_control_example/install/custom_interfaces/share/custom_interfaces/cmake)
-- Found ament_lint_auto: 0.12.5 (/opt/ros/humble/share/ament_lint_auto/cmake)
-- Added test 'cppcheck' to perform static code analysis on C / C++ code
-- Configured cppcheck include dirs: $<BUILD_INTERFACE:/home/user/ros2_control_example/src/my_controller2/include>
-- Configured cppcheck exclude dirs and/or files: 
-- Added test 'lint_cmake' to check CMake code style
-- Added test 'uncrustify' to check C / C++ code style
-- Configured uncrustify additional arguments: 
-- Added test 'xmllint' to check XML markup files
-- Configuring done
-- Generating done
-- Build files have been written to: /home/user/ros2_control_example/build/my_controller2
[35m[1mConsolidate compiler generated dependencies of target my_controller2[0m
[ 50%] [32mBuilding CXX object CMakeFiles/my_controller2.dir/src/my_controller2.cpp.o[0m
[100%] [32m[1mLinking CXX shared library libmy_controller2.so[0m
[100%] Built target my_controller2
-- Install configuration: ""
-- Up-to-date: /home/user/ros2_control_example/install/my_controller2/share/my_controller2/my_controller2.xml
-- Installing: /home/user/ros2_control_example/install/my_controller2/lib/libmy_controller2.so
-- Set runtime path of "/home/user/ros2_control_example/install/my_controller2/lib/libmy_controller2.so" to ""
-- Up-to-date: /home/user/ros2_control_example/install/my_controller2/include
-- Up-to-date: /home/user/ros2_control_example/install/my_controller2/include/my_controller2
-- Up-to-date: /home/user/ros2_control_example/install/my_controller2/include/my_controller2/my_controller2.hpp
-- Up-to-date: /home/user/ros2_control_example/install/my_controller2/share/my_controller2//config
-- Up-to-date: /home/user/ros2_control_example/install/my_controller2/share/my_controller2//config/my_controller2_custom.yaml
-- Up-to-date: /home/user/ros2_control_example/install/my_controller2/share/my_controller2/environment/library_path.sh
-- Installing: /home/user/ros2_control_example/install/my_controller2/share/my_controller2/environment/library_path.dsv
-- Up-to-date: /home/user/ros2_control_example/install/my_controller2/share/ament_index/resource_index/package_run_dependencies/my_controller2
-- Up-to-date: /home/user/ros2_control_example/install/my_controller2/share/ament_index/resource_index/parent_prefix_path/my_controller2
-- Up-to-date: /home/user/ros2_control_example/install/my_controller2/share/my_controller2/environment/ament_prefix_path.sh
-- Installing: /home/user/ros2_control_example/install/my_controller2/share/my_controller2/environment/ament_prefix_path.dsv
-- Up-to-date: /home/user/ros2_control_example/install/my_controller2/share/my_controller2/environment/path.sh
-- Installing: /home/user/ros2_control_example/install/my_controller2/share/my_controller2/environment/path.dsv
-- Up-to-date: /home/user/ros2_control_example/install/my_controller2/share/my_controller2/local_setup.bash
-- Up-to-date: /home/user/ros2_control_example/install/my_controller2/share/my_controller2/local_setup.sh
-- Up-to-date: /home/user/ros2_control_example/install/my_controller2/share/my_controller2/local_setup.zsh
-- Installing: /home/user/ros2_control_example/install/my_controller2/share/my_controller2/local_setup.dsv
-- Installing: /home/user/ros2_control_example/install/my_controller2/share/my_controller2/package.dsv
-- Up-to-date: /home/user/ros2_control_example/install/my_controller2/share/ament_index/resource_index/packages/my_controller2
-- Up-to-date: /home/user/ros2_control_example/install/my_controller2/share/ament_index/resource_index/controller_interface__pluginlib__plugin/my_controller2
-- Up-to-date: /home/user/ros2_control_example/install/my_controller2/share/my_controller2/cmake/ament_cmake_export_include_directories-extras.cmake
-- Up-to-date: /home/user/ros2_control_example/install/my_controller2/share/my_controller2/cmake/ament_cmake_export_libraries-extras.cmake
-- Up-to-date: /home/user/ros2_control_example/install/my_controller2/share/my_controller2/cmake/ament_cmake_export_dependencies-extras.cmake
-- Up-to-date: /home/user/ros2_control_example/install/my_controller2/share/my_controller2/cmake/my_controller2Config.cmake
-- Up-to-date: /home/user/ros2_control_example/install/my_controller2/share/my_controller2/cmake/my_controller2Config-version.cmake
-- Up-to-date: /home/user/ros2_control_example/install/my_controller2/share/my_controller2/package.xml
