[0.010s] Invoking command in '/home/user/ros2_control_example/build/my_controller2': AMENT_PREFIX_PATH=/home/user/ros2_control_example/install/custom_interfaces:${AMENT_PREFIX_PATH} CMAKE_PREFIX_PATH=/home/user/ros2_control_example/install/custom_interfaces:/opt/ros/humble LD_LIBRARY_PATH=/home/user/ros2_control_example/install/custom_interfaces/lib:${LD_LIBRARY_PATH} PYTHONPATH=/home/user/ros2_control_example/install/custom_interfaces/local/lib/python3.10/dist-packages:${PYTHONPATH} /usr/bin/cmake --build /home/user/ros2_control_example/build/my_controller2 -- -j8 -l8
[0.029s] -- Found ament_cmake: 1.3.3 (/opt/ros/humble/share/ament_cmake/cmake)
[0.140s] -- Found controller_interface: 2.24.1 (/opt/ros/humble/share/controller_interface/cmake)
[0.163s] -- Found rosidl_generator_c: 3.1.4 (/opt/ros/humble/share/rosidl_generator_c/cmake)
[0.165s] -- Found rosidl_adapter: 3.1.4 (/opt/ros/humble/share/rosidl_adapter/cmake)
[0.169s] -- Found rosidl_generator_cpp: 3.1.4 (/opt/ros/humble/share/rosidl_generator_cpp/cmake)
[0.178s] -- Using all available rosidl_typesupport_c: rosidl_typesupport_fastrtps_c;rosidl_typesupport_introspection_c
[0.190s] -- Using all available rosidl_typesupport_cpp: rosidl_typesupport_fastrtps_cpp;rosidl_typesupport_introspection_cpp
[0.732s] -- Found rmw_implementation_cmake: 6.1.1 (/opt/ros/humble/share/rmw_implementation_cmake/cmake)
[0.733s] -- Found rmw_fastrtps_cpp: 6.2.2 (/opt/ros/humble/share/rmw_fastrtps_cpp/cmake)
[0.823s] -- Using RMW implementation 'rmw_fastrtps_cpp' as default
[1.052s] -- Found realtime_tools: 2.5.0 (/opt/ros/humble/share/realtime_tools/cmake)
[1.083s] -- Found example_interfaces: 0.9.3 (/opt/ros/humble/share/example_interfaces/cmake)
[1.130s] -- Found custom_interfaces: 0.0.0 (/home/user/ros2_control_example/install/custom_interfaces/share/custom_interfaces/cmake)
[1.384s] -- Found ament_lint_auto: 0.12.5 (/opt/ros/humble/share/ament_lint_auto/cmake)
[1.754s] -- Added test 'cppcheck' to perform static code analysis on C / C++ code
[1.754s] -- Configured cppcheck include dirs: $<BUILD_INTERFACE:/home/user/ros2_control_example/src/my_controller2/include>
[1.754s] -- Configured cppcheck exclude dirs and/or files: 
[1.754s] -- Added test 'lint_cmake' to check CMake code style
[1.755s] -- Added test 'uncrustify' to check C / C++ code style
[1.755s] -- Configured uncrustify additional arguments: 
[1.755s] -- Added test 'xmllint' to check XML markup files
[1.758s] -- Configuring done
[1.781s] -- Generating done
[1.783s] -- Build files have been written to: /home/user/ros2_control_example/build/my_controller2
[1.804s] [35m[1mConsolidate compiler generated dependencies of target my_controller2[0m
[1.816s] [ 50%] [32mBuilding CXX object CMakeFiles/my_controller2.dir/src/my_controller2.cpp.o[0m
[3.780s] [01m[K/home/user/ros2_control_example/src/my_controller2/src/my_controller2.cpp:[m[K In member function ‘[01m[Kvirtual controller_interface::return_type my_controller2::MyController2::update(const rclcpp::Time&, const rclcpp::Duration&)[m[K’:
[3.780s] [01m[K/home/user/ros2_control_example/src/my_controller2/src/my_controller2.cpp:223:47:[m[K [01;35m[Kwarning: [m[Kunused parameter ‘[01m[Ktime[m[K’ [[01;35m[K]8;;https://gcc.gnu.org/onlinedocs/gcc/Warning-Options.html#index-Wunused-parameter-Wunused-parameter]8;;[m[K]
[3.780s]   223 |     MyController2::update([01;35m[Kconst rclcpp::Time &time[m[K,
[3.780s]       |                           [01;35m[K~~~~~~~~~~~~~~~~~~~~^~~~[m[K
[3.780s] [01m[K/home/user/ros2_control_example/src/my_controller2/src/my_controller2.cpp:224:53:[m[K [01;35m[Kwarning: [m[Kunused parameter ‘[01m[Kduration[m[K’ [[01;35m[K]8;;https://gcc.gnu.org/onlinedocs/gcc/Warning-Options.html#index-Wunused-parameter-Wunused-parameter]8;;[m[K]
[3.780s]   224 |                             [01;35m[Kconst rclcpp::Duration &duration[m[K /*period*/) {
[3.780s]       |                             [01;35m[K~~~~~~~~~~~~~~~~~~~~~~~~^~~~~~~~[m[K
[9.403s] [100%] [32m[1mLinking CXX shared library libmy_controller2.so[0m
[10.003s] [100%] Built target my_controller2
[10.011s] Invoked command in '/home/user/ros2_control_example/build/my_controller2' returned '0': AMENT_PREFIX_PATH=/home/user/ros2_control_example/install/custom_interfaces:${AMENT_PREFIX_PATH} CMAKE_PREFIX_PATH=/home/user/ros2_control_example/install/custom_interfaces:/opt/ros/humble LD_LIBRARY_PATH=/home/user/ros2_control_example/install/custom_interfaces/lib:${LD_LIBRARY_PATH} PYTHONPATH=/home/user/ros2_control_example/install/custom_interfaces/local/lib/python3.10/dist-packages:${PYTHONPATH} /usr/bin/cmake --build /home/user/ros2_control_example/build/my_controller2 -- -j8 -l8
[10.028s] Invoking command in '/home/user/ros2_control_example/build/my_controller2': AMENT_PREFIX_PATH=/home/user/ros2_control_example/install/custom_interfaces:${AMENT_PREFIX_PATH} CMAKE_PREFIX_PATH=/home/user/ros2_control_example/install/custom_interfaces:/opt/ros/humble LD_LIBRARY_PATH=/home/user/ros2_control_example/install/custom_interfaces/lib:${LD_LIBRARY_PATH} PYTHONPATH=/home/user/ros2_control_example/install/custom_interfaces/local/lib/python3.10/dist-packages:${PYTHONPATH} /usr/bin/cmake --install /home/user/ros2_control_example/build/my_controller2
[10.033s] -- Install configuration: ""
[10.033s] -- Up-to-date: /home/user/ros2_control_example/install/my_controller2/share/my_controller2/my_controller2.xml
[10.035s] -- Installing: /home/user/ros2_control_example/install/my_controller2/lib/libmy_controller2.so
[10.040s] -- Set runtime path of "/home/user/ros2_control_example/install/my_controller2/lib/libmy_controller2.so" to ""
[10.040s] -- Up-to-date: /home/user/ros2_control_example/install/my_controller2/include
[10.040s] -- Up-to-date: /home/user/ros2_control_example/install/my_controller2/include/my_controller2
[10.040s] -- Up-to-date: /home/user/ros2_control_example/install/my_controller2/include/my_controller2/my_controller2.hpp
[10.040s] -- Up-to-date: /home/user/ros2_control_example/install/my_controller2/share/my_controller2//config
[10.041s] -- Up-to-date: /home/user/ros2_control_example/install/my_controller2/share/my_controller2//config/my_controller2_custom.yaml
[10.041s] -- Up-to-date: /home/user/ros2_control_example/install/my_controller2/share/my_controller2/environment/library_path.sh
[10.041s] -- Installing: /home/user/ros2_control_example/install/my_controller2/share/my_controller2/environment/library_path.dsv
[10.041s] -- Up-to-date: /home/user/ros2_control_example/install/my_controller2/share/ament_index/resource_index/package_run_dependencies/my_controller2
[10.041s] -- Up-to-date: /home/user/ros2_control_example/install/my_controller2/share/ament_index/resource_index/parent_prefix_path/my_controller2
[10.041s] -- Up-to-date: /home/user/ros2_control_example/install/my_controller2/share/my_controller2/environment/ament_prefix_path.sh
[10.041s] -- Installing: /home/user/ros2_control_example/install/my_controller2/share/my_controller2/environment/ament_prefix_path.dsv
[10.041s] -- Up-to-date: /home/user/ros2_control_example/install/my_controller2/share/my_controller2/environment/path.sh
[10.041s] -- Installing: /home/user/ros2_control_example/install/my_controller2/share/my_controller2/environment/path.dsv
[10.042s] -- Up-to-date: /home/user/ros2_control_example/install/my_controller2/share/my_controller2/local_setup.bash
[10.042s] -- Up-to-date: /home/user/ros2_control_example/install/my_controller2/share/my_controller2/local_setup.sh
[10.042s] -- Up-to-date: /home/user/ros2_control_example/install/my_controller2/share/my_controller2/local_setup.zsh
[10.042s] -- Installing: /home/user/ros2_control_example/install/my_controller2/share/my_controller2/local_setup.dsv
[10.042s] -- Installing: /home/user/ros2_control_example/install/my_controller2/share/my_controller2/package.dsv
[10.043s] -- Up-to-date: /home/user/ros2_control_example/install/my_controller2/share/ament_index/resource_index/packages/my_controller2
[10.043s] -- Up-to-date: /home/user/ros2_control_example/install/my_controller2/share/ament_index/resource_index/controller_interface__pluginlib__plugin/my_controller2
[10.043s] -- Up-to-date: /home/user/ros2_control_example/install/my_controller2/share/my_controller2/cmake/ament_cmake_export_include_directories-extras.cmake
[10.043s] -- Up-to-date: /home/user/ros2_control_example/install/my_controller2/share/my_controller2/cmake/ament_cmake_export_libraries-extras.cmake
[10.043s] -- Up-to-date: /home/user/ros2_control_example/install/my_controller2/share/my_controller2/cmake/ament_cmake_export_dependencies-extras.cmake
[10.043s] -- Up-to-date: /home/user/ros2_control_example/install/my_controller2/share/my_controller2/cmake/my_controller2Config.cmake
[10.043s] -- Up-to-date: /home/user/ros2_control_example/install/my_controller2/share/my_controller2/cmake/my_controller2Config-version.cmake
[10.043s] -- Up-to-date: /home/user/ros2_control_example/install/my_controller2/share/my_controller2/package.xml
[10.046s] Invoked command in '/home/user/ros2_control_example/build/my_controller2' returned '0': AMENT_PREFIX_PATH=/home/user/ros2_control_example/install/custom_interfaces:${AMENT_PREFIX_PATH} CMAKE_PREFIX_PATH=/home/user/ros2_control_example/install/custom_interfaces:/opt/ros/humble LD_LIBRARY_PATH=/home/user/ros2_control_example/install/custom_interfaces/lib:${LD_LIBRARY_PATH} PYTHONPATH=/home/user/ros2_control_example/install/custom_interfaces/local/lib/python3.10/dist-packages:${PYTHONPATH} /usr/bin/cmake --install /home/user/ros2_control_example/build/my_controller2
