[0.008s] Invoking command in '/home/user/ros2_control_example/build/multi_link_controller': AMENT_PREFIX_PATH=/home/user/ros2_control_example/install/custom_interfaces:${AMENT_PREFIX_PATH} CMAKE_PREFIX_PATH=/home/user/ros2_control_example/install/custom_interfaces:/opt/ros/humble LD_LIBRARY_PATH=/home/user/ros2_control_example/install/custom_interfaces/lib:${LD_LIBRARY_PATH} PYTHONPATH=/home/user/ros2_control_example/install/custom_interfaces/local/lib/python3.10/dist-packages:${PYTHONPATH} /usr/bin/cmake --build /home/user/ros2_control_example/build/multi_link_controller -- -j8 -l8
[0.037s] [35m[1mConsolidate compiler generated dependencies of target multi_link_controller[0m
[0.050s] [ 50%] [32mBuilding CXX object CMakeFiles/multi_link_controller.dir/src/multi_link_controller.cpp.o[0m
[1.871s] [01m[K/home/user/ros2_control_example/src/multi_link_controller/src/multi_link_controller.cpp:[m[K In lambda function:
[1.871s] [01m[K/home/user/ros2_control_example/src/multi_link_controller/src/multi_link_controller.cpp:103:87:[m[K [01;31m[Kerror: [m[Kno match for ‘[01m[Koperator=[m[K’ (operand types are ‘[01m[Kstd::vector<float>[m[K’ and ‘[01m[Kconst std::vector<double, std::allocator<double> >[m[K’)
[1.871s]   103 |                 parameter = get_node()->get_parameter(parameter_name).as_double_array([01;31m[K)[m[K;
[1.871s]       |                                                                                       [01;31m[K^[m[K
[1.871s] In file included from [01m[K/usr/include/c++/11/vector:72[m[K,
[1.871s]                  from [01m[K/home/user/ros2_control_example/src/multi_link_controller/include/multi_link_controller/multi_link_controller.hpp:20[m[K,
[1.871s]                  from [01m[K/home/user/ros2_control_example/src/multi_link_controller/src/multi_link_controller.cpp:15[m[K:
[1.871s] [01m[K/usr/include/c++/11/bits/vector.tcc:198:5:[m[K [01;36m[Knote: [m[Kcandidate: ‘[01m[Kstd::vector<_Tp, _Alloc>& std::vector<_Tp, _Alloc>::operator=(const std::vector<_Tp, _Alloc>&) [with _Tp = float; _Alloc = std::allocator<float>][m[K’
[1.871s]   198 |     [01;36m[Kvector<_Tp, _Alloc>[m[K::
[1.872s]       |     [01;36m[K^~~~~~~~~~~~~~~~~~~[m[K
[1.872s] [01m[K/usr/include/c++/11/bits/vector.tcc:199:42:[m[K [01;36m[Knote: [m[K  no known conversion for argument 1 from ‘[01m[Kconst std::vector<double, std::allocator<double> >[m[K’ to ‘[01m[Kconst std::vector<float>&[m[K’
[1.872s]   199 |     operator=([01;36m[Kconst vector<_Tp, _Alloc>& __x[m[K)
[1.872s]       |               [01;36m[K~~~~~~~~~~~~~~~~~~~~~~~~~~~^~~[m[K
[1.872s] In file included from [01m[K/usr/include/c++/11/vector:67[m[K,
[1.872s]                  from [01m[K/home/user/ros2_control_example/src/multi_link_controller/include/multi_link_controller/multi_link_controller.hpp:20[m[K,
[1.872s]                  from [01m[K/home/user/ros2_control_example/src/multi_link_controller/src/multi_link_controller.cpp:15[m[K:
[1.872s] [01m[K/usr/include/c++/11/bits/stl_vector.h:709:7:[m[K [01;36m[Knote: [m[Kcandidate: ‘[01m[Kstd::vector<_Tp, _Alloc>& std::vector<_Tp, _Alloc>::operator=(std::vector<_Tp, _Alloc>&&) [with _Tp = float; _Alloc = std::allocator<float>][m[K’
[1.872s]   709 |       [01;36m[Koperator[m[K=(vector&& __x) noexcept(_Alloc_traits::_S_nothrow_move())
[1.872s]       |       [01;36m[K^~~~~~~~[m[K
[1.872s] [01m[K/usr/include/c++/11/bits/stl_vector.h:709:26:[m[K [01;36m[Knote: [m[K  no known conversion for argument 1 from ‘[01m[Kconst std::vector<double, std::allocator<double> >[m[K’ to ‘[01m[Kstd::vector<float>&&[m[K’
[1.872s]   709 |       operator=([01;36m[Kvector&& __x[m[K) noexcept(_Alloc_traits::_S_nothrow_move())
[1.872s]       |                 [01;36m[K~~~~~~~~~^~~[m[K
[1.872s] [01m[K/usr/include/c++/11/bits/stl_vector.h:730:7:[m[K [01;36m[Knote: [m[Kcandidate: ‘[01m[Kstd::vector<_Tp, _Alloc>& std::vector<_Tp, _Alloc>::operator=(std::initializer_list<_Tp>) [with _Tp = float; _Alloc = std::allocator<float>][m[K’
[1.873s]   730 |       [01;36m[Koperator[m[K=(initializer_list<value_type> __l)
[1.873s]       |       [01;36m[K^~~~~~~~[m[K
[1.873s] [01m[K/usr/include/c++/11/bits/stl_vector.h:730:46:[m[K [01;36m[Knote: [m[K  no known conversion for argument 1 from ‘[01m[Kconst std::vector<double, std::allocator<double> >[m[K’ to ‘[01m[Kstd::initializer_list<float>[m[K’
[1.873s]   730 |       operator=([01;36m[Kinitializer_list<value_type> __l[m[K)
[1.873s]       |                 [01;36m[K~~~~~~~~~~~~~~~~~~~~~~~~~~~~~^~~[m[K
[1.880s] [01m[K/home/user/ros2_control_example/src/multi_link_controller/src/multi_link_controller.cpp:[m[K In member function ‘[01m[Kvirtual controller_interface::return_type multi_link_controller::MultiLinkController::update(const rclcpp::Time&, const rclcpp::Duration&)[m[K’:
[1.880s] [01m[K/home/user/ros2_control_example/src/multi_link_controller/src/multi_link_controller.cpp:258:53:[m[K [01;35m[Kwarning: [m[Kunused parameter ‘[01m[Ktime[m[K’ [[01;35m[K]8;;https://gcc.gnu.org/onlinedocs/gcc/Warning-Options.html#index-Wunused-parameter-Wunused-parameter]8;;[m[K]
[1.880s]   258 |     MultiLinkController::update([01;35m[Kconst rclcpp::Time &time[m[K,
[1.880s]       |                                 [01;35m[K~~~~~~~~~~~~~~~~~~~~^~~~[m[K
[3.936s] gmake[2]: *** [CMakeFiles/multi_link_controller.dir/build.make:76: CMakeFiles/multi_link_controller.dir/src/multi_link_controller.cpp.o] Error 1
[3.936s] gmake[1]: *** [CMakeFiles/Makefile2:137: CMakeFiles/multi_link_controller.dir/all] Error 2
[3.936s] gmake: *** [Makefile:146: all] Error 2
[3.938s] Invoked command in '/home/user/ros2_control_example/build/multi_link_controller' returned '2': AMENT_PREFIX_PATH=/home/user/ros2_control_example/install/custom_interfaces:${AMENT_PREFIX_PATH} CMAKE_PREFIX_PATH=/home/user/ros2_control_example/install/custom_interfaces:/opt/ros/humble LD_LIBRARY_PATH=/home/user/ros2_control_example/install/custom_interfaces/lib:${LD_LIBRARY_PATH} PYTHONPATH=/home/user/ros2_control_example/install/custom_interfaces/local/lib/python3.10/dist-packages:${PYTHONPATH} /usr/bin/cmake --build /home/user/ros2_control_example/build/multi_link_controller -- -j8 -l8
