[35m[1mConsolidate compiler generated dependencies of target my_fake_hardware_SDK[0m
[ 50%] [32mBuilding CXX object CMakeFiles/my_fake_hardware_SDK.dir/src/my_fake_hardware_SDK.cpp.o[0m
[100%] [32m[1mLinking CXX static library libmy_fake_hardware_SDK.a[0m
[100%] Built target my_fake_hardware_SDK
-- Install configuration: ""
-- Installing: /home/user/ros2_control_example/install/my_fake_hardware_SDK/lib/libmy_fake_hardware_SDK.a
-- Up-to-date: /home/user/ros2_control_example/install/my_fake_hardware_SDK/include
-- Up-to-date: /home/user/ros2_control_example/install/my_fake_hardware_SDK/include/my_fake_hardware_SDK
-- Installing: /home/user/ros2_control_example/install/my_fake_hardware_SDK/include/my_fake_hardware_SDK/my_fake_hardware_SDK.hpp
-- Up-to-date: /home/user/ros2_control_example/install/my_fake_hardware_SDK/share/my_fake_hardware_SDK/environment/library_path.sh
-- Up-to-date: /home/user/ros2_control_example/install/my_fake_hardware_SDK/share/my_fake_hardware_SDK/environment/library_path.dsv
-- Up-to-date: /home/user/ros2_control_example/install/my_fake_hardware_SDK/share/ament_index/resource_index/package_run_dependencies/my_fake_hardware_SDK
-- Up-to-date: /home/user/ros2_control_example/install/my_fake_hardware_SDK/share/ament_index/resource_index/parent_prefix_path/my_fake_hardware_SDK
-- Up-to-date: /home/user/ros2_control_example/install/my_fake_hardware_SDK/share/my_fake_hardware_SDK/environment/ament_prefix_path.sh
-- Up-to-date: /home/user/ros2_control_example/install/my_fake_hardware_SDK/share/my_fake_hardware_SDK/environment/ament_prefix_path.dsv
-- Up-to-date: /home/user/ros2_control_example/install/my_fake_hardware_SDK/share/my_fake_hardware_SDK/environment/path.sh
-- Up-to-date: /home/user/ros2_control_example/install/my_fake_hardware_SDK/share/my_fake_hardware_SDK/environment/path.dsv
-- Up-to-date: /home/user/ros2_control_example/install/my_fake_hardware_SDK/share/my_fake_hardware_SDK/local_setup.bash
-- Up-to-date: /home/user/ros2_control_example/install/my_fake_hardware_SDK/share/my_fake_hardware_SDK/local_setup.sh
-- Up-to-date: /home/user/ros2_control_example/install/my_fake_hardware_SDK/share/my_fake_hardware_SDK/local_setup.zsh
-- Up-to-date: /home/user/ros2_control_example/install/my_fake_hardware_SDK/share/my_fake_hardware_SDK/local_setup.dsv
-- Up-to-date: /home/user/ros2_control_example/install/my_fake_hardware_SDK/share/my_fake_hardware_SDK/package.dsv
-- Up-to-date: /home/user/ros2_control_example/install/my_fake_hardware_SDK/share/ament_index/resource_index/packages/my_fake_hardware_SDK
-- Up-to-date: /home/user/ros2_control_example/install/my_fake_hardware_SDK/share/my_fake_hardware_SDK/cmake/ament_cmake_export_include_directories-extras.cmake
-- Up-to-date: /home/user/ros2_control_example/install/my_fake_hardware_SDK/share/my_fake_hardware_SDK/cmake/ament_cmake_export_libraries-extras.cmake
-- Up-to-date: /home/user/ros2_control_example/install/my_fake_hardware_SDK/share/my_fake_hardware_SDK/cmake/my_fake_hardware_SDKConfig.cmake
-- Up-to-date: /home/user/ros2_control_example/install/my_fake_hardware_SDK/share/my_fake_hardware_SDK/cmake/my_fake_hardware_SDKConfig-version.cmake
-- Up-to-date: /home/user/ros2_control_example/install/my_fake_hardware_SDK/share/my_fake_hardware_SDK/package.xml
