In file included from [01m[K/opt/ros/humble/include/rclcpp/rclcpp/logging.hpp:24[m[K,
                 from [01m[K/opt/ros/humble/include/rclcpp/rclcpp/client.hpp:40[m[K,
                 from [01m[K/opt/ros/humble/include/rclcpp/rclcpp/callback_group.hpp:23[m[K,
                 from [01m[K/opt/ros/humble/include/rclcpp/rclcpp/any_executable.hpp:20[m[K,
                 from [01m[K/opt/ros/humble/include/rclcpp/rclcpp/memory_strategy.hpp:25[m[K,
                 from [01m[K/opt/ros/humble/include/rclcpp/rclcpp/memory_strategies.hpp:18[m[K,
                 from [01m[K/opt/ros/humble/include/rclcpp/rclcpp/executor_options.hpp:20[m[K,
                 from [01m[K/opt/ros/humble/include/rclcpp/rclcpp/executor.hpp:37[m[K,
                 from [01m[K/opt/ros/humble/include/rclcpp/rclcpp/executors/multi_threaded_executor.hpp:25[m[K,
                 from [01m[K/opt/ros/humble/include/rclcpp/rclcpp/executors.hpp:21[m[K,
                 from [01m[K/opt/ros/humble/include/rclcpp/rclcpp/rclcpp.hpp:155[m[K,
                 from [01m[K/opt/ros/humble/include/controller_interface/controller_interface_base.hpp:28[m[K,
                 from [01m[K/opt/ros/humble/include/controller_interface/controller_interface.hpp:22[m[K,
                 from [01m[K/home/user/ros2_control_example/src/multi_link_controller/include/multi_link_controller/multi_link_controller.hpp:22[m[K,
                 from [01m[K/home/user/ros2_control_example/src/multi_link_controller/src/multi_link_controller.cpp:15[m[K:
[01m[K/home/user/ros2_control_example/src/multi_link_controller/src/multi_link_controller.cpp:[m[K In lambda function:
[01m[K/home/user/ros2_control_example/src/multi_link_controller/src/multi_link_controller.cpp:98:30:[m[K [01;31m[Kerror: [m[K‘[01m[Kusing element_type = struct custom_interfaces::msg::MultiLinkPos_<std::allocator<void> >[m[K’ {aka ‘[01m[Kstruct custom_interfaces::msg::MultiLinkPos_<std::allocator<void> >[m[K’} has no member named ‘[01m[Kthe_joint_names[m[K’; did you mean ‘[01m[Kjoint_names[m[K’?
   98 |                         msg->[01;31m[Kthe_joint_names[m[K.size(), joint_names_.size());
      |                              [01;31m[K^~~~~~~~~~~~~~~[m[K
[01m[K/home/user/ros2_control_example/src/multi_link_controller/src/multi_link_controller.cpp:[m[K In member function ‘[01m[Kvirtual controller_interface::InterfaceConfiguration multi_link_controller::MultiLinkController::command_interface_configuration() const[m[K’:
[01m[K/home/user/ros2_control_example/src/multi_link_controller/src/multi_link_controller.cpp:138:69:[m[K [01;31m[Kerror: [m[K‘[01m[Kinterface_name_[m[K’ was not declared in this scope; did you mean ‘[01m[Kcommand_interface_name_[m[K’?
  138 |     command_interfaces_config.names.push_back(joint + "/" + [01;31m[Kinterface_name_[m[K); // command_interfaces_[i] order is determined by this line. (command_interfaces_[0] access interface with name = command_interfaces_config.names[0])
      |                                                             [01;31m[K^~~~~~~~~~~~~~~[m[K
      |                                                             [32m[Kcommand_interface_name_[m[K
[01m[K/home/user/ros2_control_example/src/multi_link_controller/src/multi_link_controller.cpp:[m[K In member function ‘[01m[Kvirtual multi_link_controller::CallbackReturn multi_link_controller::MultiLinkController::on_activate(const rclcpp_lifecycle::State&)[m[K’:
[01m[K/home/user/ros2_control_example/src/multi_link_controller/src/multi_link_controller.cpp:199:10:[m[K [01;31m[Kerror: [m[K‘[01m[Kusing element_type = struct custom_interfaces::msg::MultiLinkPos_<std::allocator<void> >[m[K’ {aka ‘[01m[Kstruct custom_interfaces::msg::MultiLinkPos_<std::allocator<void> >[m[K’} has no member named ‘[01m[Kthe_joint_names[m[K’; did you mean ‘[01m[Kjoint_names[m[K’?
  199 |     msg->[01;31m[Kthe_joint_names[m[K = joint_names_;
      |          [01;31m[K^~~~~~~~~~~~~~~[m[K
      |          [32m[Kjoint_names[m[K
[01m[K/home/user/ros2_control_example/src/multi_link_controller/src/multi_link_controller.cpp:[m[K In member function ‘[01m[Kvirtual controller_interface::return_type multi_link_controller::MultiLinkController::update(const rclcpp::Time&, const rclcpp::Duration&)[m[K’:
[01m[K/home/user/ros2_control_example/src/multi_link_controller/src/multi_link_controller.cpp:226:53:[m[K [01;35m[Kwarning: [m[Kunused parameter ‘[01m[Ktime[m[K’ [[01;35m[K]8;;https://gcc.gnu.org/onlinedocs/gcc/Warning-Options.html#index-Wunused-parameter-Wunused-parameter]8;;[m[K]
  226 |     MultiLinkController::update([01;35m[Kconst rclcpp::Time &time[m[K,
      |                                 [01;35m[K~~~~~~~~~~~~~~~~~~~~^~~~[m[K
[01m[K/home/user/ros2_control_example/src/multi_link_controller/src/multi_link_controller.cpp:227:53:[m[K [01;35m[Kwarning: [m[Kunused parameter ‘[01m[Kduration[m[K’ [[01;35m[K]8;;https://gcc.gnu.org/onlinedocs/gcc/Warning-Options.html#index-Wunused-parameter-Wunused-parameter]8;;[m[K]
  227 |                             [01;35m[Kconst rclcpp::Duration &duration[m[K /*period*/) {
      |                             [01;35m[K~~~~~~~~~~~~~~~~~~~~~~~~^~~~~~~~[m[K
gmake[2]: *** [CMakeFiles/multi_link_controller.dir/build.make:76: CMakeFiles/multi_link_controller.dir/src/multi_link_controller.cpp.o] Error 1
gmake[1]: *** [CMakeFiles/Makefile2:137: CMakeFiles/multi_link_controller.dir/all] Error 2
gmake: *** [Makefile:146: all] Error 2
