[0.125s] DEBUG:colcon:Command line arguments: ['/usr/bin/colcon', 'build']
[0.126s] DEBUG:colcon:Parsed command line arguments: Namespace(log_base=None, log_level=None, verb_name='build', build_base='build', install_base='install', merge_install=False, symlink_install=False, test_result_base=None, continue_on_error=False, executor='parallel', parallel_workers=8, event_handlers=None, ignore_user_meta=False, metas=['./colcon.meta'], base_paths=['.'], packages_ignore=None, packages_ignore_regex=None, paths=None, packages_up_to=None, packages_up_to_regex=None, packages_above=None, packages_above_and_dependencies=None, packages_above_depth=None, packages_select_by_dep=None, packages_skip_by_dep=None, packages_skip_up_to=None, packages_select_build_failed=False, packages_skip_build_finished=False, packages_select_test_failures=False, packages_skip_test_passed=False, packages_select=None, packages_skip=None, packages_select_regex=None, packages_skip_regex=None, packages_start=None, packages_end=None, allow_overriding=[], cmake_args=None, cmake_target=None, cmake_target_skip_unavailable=False, cmake_clean_cache=False, cmake_clean_first=False, cmake_force_configure=False, ament_cmake_args=None, catkin_cmake_args=None, catkin_skip_building_tests=False, verb_parser=<colcon_defaults.argument_parser.defaults.DefaultArgumentsDecorator object at 0x7facc7eecd30>, verb_extension=<colcon_core.verb.build.BuildVerb object at 0x7facc7eec7c0>, main=<bound method BuildVerb.main of <colcon_core.verb.build.BuildVerb object at 0x7facc7eec7c0>>)
[0.147s] Level 1:colcon.colcon_core.package_discovery:discover_packages(colcon_meta) check parameters
[0.147s] Level 1:colcon.colcon_core.package_discovery:discover_packages(recursive) check parameters
[0.148s] Level 1:colcon.colcon_core.package_discovery:discover_packages(ignore) check parameters
[0.148s] Level 1:colcon.colcon_core.package_discovery:discover_packages(path) check parameters
[0.148s] Level 1:colcon.colcon_core.package_discovery:discover_packages(colcon_meta) discover
[0.148s] Level 1:colcon.colcon_core.package_discovery:discover_packages(recursive) discover
[0.148s] INFO:colcon.colcon_core.package_discovery:Crawling recursively for packages in '/home/user/ros2_control_example'
[0.148s] Level 1:colcon.colcon_core.package_identification:_identify(.) by extensions ['ignore', 'ignore_ament_install']
[0.148s] Level 1:colcon.colcon_core.package_identification:_identify(.) by extension 'ignore'
[0.148s] Level 1:colcon.colcon_core.package_identification:_identify(.) by extension 'ignore_ament_install'
[0.148s] Level 1:colcon.colcon_core.package_identification:_identify(.) by extensions ['colcon_pkg']
[0.148s] Level 1:colcon.colcon_core.package_identification:_identify(.) by extension 'colcon_pkg'
[0.148s] Level 1:colcon.colcon_core.package_identification:_identify(.) by extensions ['colcon_meta']
[0.148s] Level 1:colcon.colcon_core.package_identification:_identify(.) by extension 'colcon_meta'
[0.148s] Level 1:colcon.colcon_core.package_identification:_identify(.) by extensions ['ros']
[0.148s] Level 1:colcon.colcon_core.package_identification:_identify(.) by extension 'ros'
[0.156s] Level 1:colcon.colcon_core.package_identification:_identify(.) by extensions ['cmake', 'python']
[0.156s] Level 1:colcon.colcon_core.package_identification:_identify(.) by extension 'cmake'
[0.156s] Level 1:colcon.colcon_core.package_identification:_identify(.) by extension 'python'
[0.156s] Level 1:colcon.colcon_core.package_identification:_identify(.) by extensions ['python_setup_py']
[0.157s] Level 1:colcon.colcon_core.package_identification:_identify(.) by extension 'python_setup_py'
[0.157s] Level 1:colcon.colcon_core.package_identification:_identify(build) by extensions ['ignore', 'ignore_ament_install']
[0.157s] Level 1:colcon.colcon_core.package_identification:_identify(build) by extension 'ignore'
[0.157s] Level 1:colcon.colcon_core.package_identification:_identify(build) ignored
[0.157s] Level 1:colcon.colcon_core.package_identification:_identify(install) by extensions ['ignore', 'ignore_ament_install']
[0.157s] Level 1:colcon.colcon_core.package_identification:_identify(install) by extension 'ignore'
[0.157s] Level 1:colcon.colcon_core.package_identification:_identify(install) ignored
[0.157s] Level 1:colcon.colcon_core.package_identification:_identify(log) by extensions ['ignore', 'ignore_ament_install']
[0.157s] Level 1:colcon.colcon_core.package_identification:_identify(log) by extension 'ignore'
[0.157s] Level 1:colcon.colcon_core.package_identification:_identify(log) ignored
[0.157s] Level 1:colcon.colcon_core.package_identification:_identify(picture) by extensions ['ignore', 'ignore_ament_install']
[0.157s] Level 1:colcon.colcon_core.package_identification:_identify(picture) by extension 'ignore'
[0.157s] Level 1:colcon.colcon_core.package_identification:_identify(picture) by extension 'ignore_ament_install'
[0.157s] Level 1:colcon.colcon_core.package_identification:_identify(picture) by extensions ['colcon_pkg']
[0.157s] Level 1:colcon.colcon_core.package_identification:_identify(picture) by extension 'colcon_pkg'
[0.157s] Level 1:colcon.colcon_core.package_identification:_identify(picture) by extensions ['colcon_meta']
[0.157s] Level 1:colcon.colcon_core.package_identification:_identify(picture) by extension 'colcon_meta'
[0.157s] Level 1:colcon.colcon_core.package_identification:_identify(picture) by extensions ['ros']
[0.157s] Level 1:colcon.colcon_core.package_identification:_identify(picture) by extension 'ros'
[0.158s] Level 1:colcon.colcon_core.package_identification:_identify(picture) by extensions ['cmake', 'python']
[0.158s] Level 1:colcon.colcon_core.package_identification:_identify(picture) by extension 'cmake'
[0.158s] Level 1:colcon.colcon_core.package_identification:_identify(picture) by extension 'python'
[0.158s] Level 1:colcon.colcon_core.package_identification:_identify(picture) by extensions ['python_setup_py']
[0.158s] Level 1:colcon.colcon_core.package_identification:_identify(picture) by extension 'python_setup_py'
[0.158s] Level 1:colcon.colcon_core.package_identification:_identify(src) by extensions ['ignore', 'ignore_ament_install']
[0.158s] Level 1:colcon.colcon_core.package_identification:_identify(src) by extension 'ignore'
[0.158s] Level 1:colcon.colcon_core.package_identification:_identify(src) by extension 'ignore_ament_install'
[0.158s] Level 1:colcon.colcon_core.package_identification:_identify(src) by extensions ['colcon_pkg']
[0.158s] Level 1:colcon.colcon_core.package_identification:_identify(src) by extension 'colcon_pkg'
[0.158s] Level 1:colcon.colcon_core.package_identification:_identify(src) by extensions ['colcon_meta']
[0.158s] Level 1:colcon.colcon_core.package_identification:_identify(src) by extension 'colcon_meta'
[0.158s] Level 1:colcon.colcon_core.package_identification:_identify(src) by extensions ['ros']
[0.158s] Level 1:colcon.colcon_core.package_identification:_identify(src) by extension 'ros'
[0.158s] Level 1:colcon.colcon_core.package_identification:_identify(src) by extensions ['cmake', 'python']
[0.158s] Level 1:colcon.colcon_core.package_identification:_identify(src) by extension 'cmake'
[0.158s] Level 1:colcon.colcon_core.package_identification:_identify(src) by extension 'python'
[0.158s] Level 1:colcon.colcon_core.package_identification:_identify(src) by extensions ['python_setup_py']
[0.158s] Level 1:colcon.colcon_core.package_identification:_identify(src) by extension 'python_setup_py'
[0.158s] Level 1:colcon.colcon_core.package_identification:_identify(src/custom_interfaces) by extensions ['ignore', 'ignore_ament_install']
[0.158s] Level 1:colcon.colcon_core.package_identification:_identify(src/custom_interfaces) by extension 'ignore'
[0.158s] Level 1:colcon.colcon_core.package_identification:_identify(src/custom_interfaces) by extension 'ignore_ament_install'
[0.158s] Level 1:colcon.colcon_core.package_identification:_identify(src/custom_interfaces) by extensions ['colcon_pkg']
[0.158s] Level 1:colcon.colcon_core.package_identification:_identify(src/custom_interfaces) by extension 'colcon_pkg'
[0.158s] Level 1:colcon.colcon_core.package_identification:_identify(src/custom_interfaces) by extensions ['colcon_meta']
[0.158s] Level 1:colcon.colcon_core.package_identification:_identify(src/custom_interfaces) by extension 'colcon_meta'
[0.159s] Level 1:colcon.colcon_core.package_identification:_identify(src/custom_interfaces) by extensions ['ros']
[0.159s] Level 1:colcon.colcon_core.package_identification:_identify(src/custom_interfaces) by extension 'ros'
[0.160s] DEBUG:colcon.colcon_core.package_identification:Package 'src/custom_interfaces' with type 'ros.ament_cmake' and name 'custom_interfaces'
[0.160s] Level 1:colcon.colcon_core.package_identification:_identify(src/multi_link_controller) by extensions ['ignore', 'ignore_ament_install']
[0.160s] Level 1:colcon.colcon_core.package_identification:_identify(src/multi_link_controller) by extension 'ignore'
[0.161s] Level 1:colcon.colcon_core.package_identification:_identify(src/multi_link_controller) by extension 'ignore_ament_install'
[0.161s] Level 1:colcon.colcon_core.package_identification:_identify(src/multi_link_controller) by extensions ['colcon_pkg']
[0.161s] Level 1:colcon.colcon_core.package_identification:_identify(src/multi_link_controller) by extension 'colcon_pkg'
[0.161s] Level 1:colcon.colcon_core.package_identification:_identify(src/multi_link_controller) by extensions ['colcon_meta']
[0.161s] Level 1:colcon.colcon_core.package_identification:_identify(src/multi_link_controller) by extension 'colcon_meta'
[0.161s] Level 1:colcon.colcon_core.package_identification:_identify(src/multi_link_controller) by extensions ['ros']
[0.161s] Level 1:colcon.colcon_core.package_identification:_identify(src/multi_link_controller) by extension 'ros'
[0.162s] DEBUG:colcon.colcon_core.package_identification:Package 'src/multi_link_controller' with type 'ros.ament_cmake' and name 'multi_link_controller'
[0.162s] Level 1:colcon.colcon_core.package_identification:_identify(src/my_controller) by extensions ['ignore', 'ignore_ament_install']
[0.162s] Level 1:colcon.colcon_core.package_identification:_identify(src/my_controller) by extension 'ignore'
[0.162s] Level 1:colcon.colcon_core.package_identification:_identify(src/my_controller) by extension 'ignore_ament_install'
[0.162s] Level 1:colcon.colcon_core.package_identification:_identify(src/my_controller) by extensions ['colcon_pkg']
[0.162s] Level 1:colcon.colcon_core.package_identification:_identify(src/my_controller) by extension 'colcon_pkg'
[0.162s] Level 1:colcon.colcon_core.package_identification:_identify(src/my_controller) by extensions ['colcon_meta']
[0.162s] Level 1:colcon.colcon_core.package_identification:_identify(src/my_controller) by extension 'colcon_meta'
[0.162s] Level 1:colcon.colcon_core.package_identification:_identify(src/my_controller) by extensions ['ros']
[0.162s] Level 1:colcon.colcon_core.package_identification:_identify(src/my_controller) by extension 'ros'
[0.163s] DEBUG:colcon.colcon_core.package_identification:Package 'src/my_controller' with type 'ros.ament_cmake' and name 'my_controller'
[0.163s] Level 1:colcon.colcon_core.package_identification:_identify(src/my_controller2) by extensions ['ignore', 'ignore_ament_install']
[0.163s] Level 1:colcon.colcon_core.package_identification:_identify(src/my_controller2) by extension 'ignore'
[0.163s] Level 1:colcon.colcon_core.package_identification:_identify(src/my_controller2) by extension 'ignore_ament_install'
[0.163s] Level 1:colcon.colcon_core.package_identification:_identify(src/my_controller2) by extensions ['colcon_pkg']
[0.163s] Level 1:colcon.colcon_core.package_identification:_identify(src/my_controller2) by extension 'colcon_pkg'
[0.163s] Level 1:colcon.colcon_core.package_identification:_identify(src/my_controller2) by extensions ['colcon_meta']
[0.163s] Level 1:colcon.colcon_core.package_identification:_identify(src/my_controller2) by extension 'colcon_meta'
[0.163s] Level 1:colcon.colcon_core.package_identification:_identify(src/my_controller2) by extensions ['ros']
[0.163s] Level 1:colcon.colcon_core.package_identification:_identify(src/my_controller2) by extension 'ros'
[0.164s] DEBUG:colcon.colcon_core.package_identification:Package 'src/my_controller2' with type 'ros.ament_cmake' and name 'my_controller2'
[0.164s] Level 1:colcon.colcon_core.package_identification:_identify(src/robot_model) by extensions ['ignore', 'ignore_ament_install']
[0.164s] Level 1:colcon.colcon_core.package_identification:_identify(src/robot_model) by extension 'ignore'
[0.164s] Level 1:colcon.colcon_core.package_identification:_identify(src/robot_model) by extension 'ignore_ament_install'
[0.164s] Level 1:colcon.colcon_core.package_identification:_identify(src/robot_model) by extensions ['colcon_pkg']
[0.164s] Level 1:colcon.colcon_core.package_identification:_identify(src/robot_model) by extension 'colcon_pkg'
[0.164s] Level 1:colcon.colcon_core.package_identification:_identify(src/robot_model) by extensions ['colcon_meta']
[0.164s] Level 1:colcon.colcon_core.package_identification:_identify(src/robot_model) by extension 'colcon_meta'
[0.164s] Level 1:colcon.colcon_core.package_identification:_identify(src/robot_model) by extensions ['ros']
[0.164s] Level 1:colcon.colcon_core.package_identification:_identify(src/robot_model) by extension 'ros'
[0.165s] DEBUG:colcon.colcon_core.package_identification:Package 'src/robot_model' with type 'ros.ament_cmake' and name 'robot_model'
[0.165s] Level 1:colcon.colcon_core.package_discovery:discover_packages(recursive) using defaults
[0.165s] Level 1:colcon.colcon_core.package_discovery:discover_packages(ignore) discover
[0.165s] Level 1:colcon.colcon_core.package_discovery:discover_packages(ignore) using defaults
[0.165s] Level 1:colcon.colcon_core.package_discovery:discover_packages(path) discover
[0.165s] Level 1:colcon.colcon_core.package_discovery:discover_packages(path) using defaults
[0.184s] Level 1:colcon.colcon_core.package_discovery:discover_packages(prefix_path) check parameters
[0.184s] Level 1:colcon.colcon_core.package_discovery:discover_packages(prefix_path) discover
[0.186s] DEBUG:colcon.colcon_installed_package_information.package_discovery:Found 328 installed packages in /opt/ros/humble
[0.188s] Level 1:colcon.colcon_core.package_discovery:discover_packages(prefix_path) using defaults
[0.239s] Level 5:colcon.colcon_core.verb:set package 'custom_interfaces' build argument 'cmake_args' from command line to 'None'
[0.239s] Level 5:colcon.colcon_core.verb:set package 'custom_interfaces' build argument 'cmake_target' from command line to 'None'
[0.239s] Level 5:colcon.colcon_core.verb:set package 'custom_interfaces' build argument 'cmake_target_skip_unavailable' from command line to 'False'
[0.239s] Level 5:colcon.colcon_core.verb:set package 'custom_interfaces' build argument 'cmake_clean_cache' from command line to 'False'
[0.239s] Level 5:colcon.colcon_core.verb:set package 'custom_interfaces' build argument 'cmake_clean_first' from command line to 'False'
[0.239s] Level 5:colcon.colcon_core.verb:set package 'custom_interfaces' build argument 'cmake_force_configure' from command line to 'False'
[0.240s] Level 5:colcon.colcon_core.verb:set package 'custom_interfaces' build argument 'ament_cmake_args' from command line to 'None'
[0.240s] Level 5:colcon.colcon_core.verb:set package 'custom_interfaces' build argument 'catkin_cmake_args' from command line to 'None'
[0.240s] Level 5:colcon.colcon_core.verb:set package 'custom_interfaces' build argument 'catkin_skip_building_tests' from command line to 'False'
[0.240s] DEBUG:colcon.colcon_core.verb:Building package 'custom_interfaces' with the following arguments: {'ament_cmake_args': None, 'build_base': '/home/user/ros2_control_example/build/custom_interfaces', 'catkin_cmake_args': None, 'catkin_skip_building_tests': False, 'cmake_args': None, 'cmake_clean_cache': False, 'cmake_clean_first': False, 'cmake_force_configure': False, 'cmake_target': None, 'cmake_target_skip_unavailable': False, 'install_base': '/home/user/ros2_control_example/install/custom_interfaces', 'merge_install': False, 'path': '/home/user/ros2_control_example/src/custom_interfaces', 'symlink_install': False, 'test_result_base': None}
[0.240s] Level 5:colcon.colcon_core.verb:set package 'my_controller' build argument 'cmake_args' from command line to 'None'
[0.240s] Level 5:colcon.colcon_core.verb:set package 'my_controller' build argument 'cmake_target' from command line to 'None'
[0.241s] Level 5:colcon.colcon_core.verb:set package 'my_controller' build argument 'cmake_target_skip_unavailable' from command line to 'False'
[0.241s] Level 5:colcon.colcon_core.verb:set package 'my_controller' build argument 'cmake_clean_cache' from command line to 'False'
[0.241s] Level 5:colcon.colcon_core.verb:set package 'my_controller' build argument 'cmake_clean_first' from command line to 'False'
[0.241s] Level 5:colcon.colcon_core.verb:set package 'my_controller' build argument 'cmake_force_configure' from command line to 'False'
[0.241s] Level 5:colcon.colcon_core.verb:set package 'my_controller' build argument 'ament_cmake_args' from command line to 'None'
[0.241s] Level 5:colcon.colcon_core.verb:set package 'my_controller' build argument 'catkin_cmake_args' from command line to 'None'
[0.241s] Level 5:colcon.colcon_core.verb:set package 'my_controller' build argument 'catkin_skip_building_tests' from command line to 'False'
[0.241s] DEBUG:colcon.colcon_core.verb:Building package 'my_controller' with the following arguments: {'ament_cmake_args': None, 'build_base': '/home/user/ros2_control_example/build/my_controller', 'catkin_cmake_args': None, 'catkin_skip_building_tests': False, 'cmake_args': None, 'cmake_clean_cache': False, 'cmake_clean_first': False, 'cmake_force_configure': False, 'cmake_target': None, 'cmake_target_skip_unavailable': False, 'install_base': '/home/user/ros2_control_example/install/my_controller', 'merge_install': False, 'path': '/home/user/ros2_control_example/src/my_controller', 'symlink_install': False, 'test_result_base': None}
[0.242s] Level 5:colcon.colcon_core.verb:set package 'robot_model' build argument 'cmake_args' from command line to 'None'
[0.242s] Level 5:colcon.colcon_core.verb:set package 'robot_model' build argument 'cmake_target' from command line to 'None'
[0.242s] Level 5:colcon.colcon_core.verb:set package 'robot_model' build argument 'cmake_target_skip_unavailable' from command line to 'False'
[0.242s] Level 5:colcon.colcon_core.verb:set package 'robot_model' build argument 'cmake_clean_cache' from command line to 'False'
[0.242s] Level 5:colcon.colcon_core.verb:set package 'robot_model' build argument 'cmake_clean_first' from command line to 'False'
[0.242s] Level 5:colcon.colcon_core.verb:set package 'robot_model' build argument 'cmake_force_configure' from command line to 'False'
[0.242s] Level 5:colcon.colcon_core.verb:set package 'robot_model' build argument 'ament_cmake_args' from command line to 'None'
[0.242s] Level 5:colcon.colcon_core.verb:set package 'robot_model' build argument 'catkin_cmake_args' from command line to 'None'
[0.242s] Level 5:colcon.colcon_core.verb:set package 'robot_model' build argument 'catkin_skip_building_tests' from command line to 'False'
[0.242s] DEBUG:colcon.colcon_core.verb:Building package 'robot_model' with the following arguments: {'ament_cmake_args': None, 'build_base': '/home/user/ros2_control_example/build/robot_model', 'catkin_cmake_args': None, 'catkin_skip_building_tests': False, 'cmake_args': None, 'cmake_clean_cache': False, 'cmake_clean_first': False, 'cmake_force_configure': False, 'cmake_target': None, 'cmake_target_skip_unavailable': False, 'install_base': '/home/user/ros2_control_example/install/robot_model', 'merge_install': False, 'path': '/home/user/ros2_control_example/src/robot_model', 'symlink_install': False, 'test_result_base': None}
[0.243s] Level 5:colcon.colcon_core.verb:set package 'multi_link_controller' build argument 'cmake_args' from command line to 'None'
[0.243s] Level 5:colcon.colcon_core.verb:set package 'multi_link_controller' build argument 'cmake_target' from command line to 'None'
[0.243s] Level 5:colcon.colcon_core.verb:set package 'multi_link_controller' build argument 'cmake_target_skip_unavailable' from command line to 'False'
[0.243s] Level 5:colcon.colcon_core.verb:set package 'multi_link_controller' build argument 'cmake_clean_cache' from command line to 'False'
[0.243s] Level 5:colcon.colcon_core.verb:set package 'multi_link_controller' build argument 'cmake_clean_first' from command line to 'False'
[0.243s] Level 5:colcon.colcon_core.verb:set package 'multi_link_controller' build argument 'cmake_force_configure' from command line to 'False'
[0.243s] Level 5:colcon.colcon_core.verb:set package 'multi_link_controller' build argument 'ament_cmake_args' from command line to 'None'
[0.243s] Level 5:colcon.colcon_core.verb:set package 'multi_link_controller' build argument 'catkin_cmake_args' from command line to 'None'
[0.243s] Level 5:colcon.colcon_core.verb:set package 'multi_link_controller' build argument 'catkin_skip_building_tests' from command line to 'False'
[0.243s] DEBUG:colcon.colcon_core.verb:Building package 'multi_link_controller' with the following arguments: {'ament_cmake_args': None, 'build_base': '/home/user/ros2_control_example/build/multi_link_controller', 'catkin_cmake_args': None, 'catkin_skip_building_tests': False, 'cmake_args': None, 'cmake_clean_cache': False, 'cmake_clean_first': False, 'cmake_force_configure': False, 'cmake_target': None, 'cmake_target_skip_unavailable': False, 'install_base': '/home/user/ros2_control_example/install/multi_link_controller', 'merge_install': False, 'path': '/home/user/ros2_control_example/src/multi_link_controller', 'symlink_install': False, 'test_result_base': None}
[0.244s] Level 5:colcon.colcon_core.verb:set package 'my_controller2' build argument 'cmake_args' from command line to 'None'
[0.244s] Level 5:colcon.colcon_core.verb:set package 'my_controller2' build argument 'cmake_target' from command line to 'None'
[0.244s] Level 5:colcon.colcon_core.verb:set package 'my_controller2' build argument 'cmake_target_skip_unavailable' from command line to 'False'
[0.244s] Level 5:colcon.colcon_core.verb:set package 'my_controller2' build argument 'cmake_clean_cache' from command line to 'False'
[0.244s] Level 5:colcon.colcon_core.verb:set package 'my_controller2' build argument 'cmake_clean_first' from command line to 'False'
[0.244s] Level 5:colcon.colcon_core.verb:set package 'my_controller2' build argument 'cmake_force_configure' from command line to 'False'
[0.244s] Level 5:colcon.colcon_core.verb:set package 'my_controller2' build argument 'ament_cmake_args' from command line to 'None'
[0.244s] Level 5:colcon.colcon_core.verb:set package 'my_controller2' build argument 'catkin_cmake_args' from command line to 'None'
[0.244s] Level 5:colcon.colcon_core.verb:set package 'my_controller2' build argument 'catkin_skip_building_tests' from command line to 'False'
[0.244s] DEBUG:colcon.colcon_core.verb:Building package 'my_controller2' with the following arguments: {'ament_cmake_args': None, 'build_base': '/home/user/ros2_control_example/build/my_controller2', 'catkin_cmake_args': None, 'catkin_skip_building_tests': False, 'cmake_args': None, 'cmake_clean_cache': False, 'cmake_clean_first': False, 'cmake_force_configure': False, 'cmake_target': None, 'cmake_target_skip_unavailable': False, 'install_base': '/home/user/ros2_control_example/install/my_controller2', 'merge_install': False, 'path': '/home/user/ros2_control_example/src/my_controller2', 'symlink_install': False, 'test_result_base': None}
[0.244s] INFO:colcon.colcon_core.executor:Executing jobs using 'parallel' executor
[0.248s] DEBUG:colcon.colcon_parallel_executor.executor.parallel:run_until_complete
[0.248s] INFO:colcon.colcon_ros.task.ament_cmake.build:Building ROS package in '/home/user/ros2_control_example/src/custom_interfaces' with build type 'ament_cmake'
[0.248s] INFO:colcon.colcon_cmake.task.cmake.build:Building CMake package in '/home/user/ros2_control_example/src/custom_interfaces'
[0.251s] INFO:colcon.colcon_core.plugin_system:Skipping extension 'colcon_core.shell.bat': Not used on non-Windows systems
[0.252s] INFO:colcon.colcon_core.shell:Skip shell extension 'powershell' for command environment: Not usable outside of PowerShell
[0.252s] DEBUG:colcon.colcon_core.shell:Skip shell extension 'dsv' for command environment
[0.254s] INFO:colcon.colcon_ros.task.ament_cmake.build:Building ROS package in '/home/user/ros2_control_example/src/my_controller' with build type 'ament_cmake'
[0.255s] INFO:colcon.colcon_cmake.task.cmake.build:Building CMake package in '/home/user/ros2_control_example/src/my_controller'
[0.256s] INFO:colcon.colcon_core.shell:Skip shell extension 'powershell' for command environment: Not usable outside of PowerShell
[0.256s] DEBUG:colcon.colcon_core.shell:Skip shell extension 'dsv' for command environment
[0.258s] INFO:colcon.colcon_ros.task.ament_cmake.build:Building ROS package in '/home/user/ros2_control_example/src/robot_model' with build type 'ament_cmake'
[0.258s] INFO:colcon.colcon_cmake.task.cmake.build:Building CMake package in '/home/user/ros2_control_example/src/robot_model'
[0.259s] INFO:colcon.colcon_core.shell:Skip shell extension 'powershell' for command environment: Not usable outside of PowerShell
[0.259s] DEBUG:colcon.colcon_core.shell:Skip shell extension 'dsv' for command environment
[0.265s] DEBUG:colcon.colcon_core.event_handler.log_command:Invoking command in '/home/user/ros2_control_example/build/custom_interfaces': CMAKE_PREFIX_PATH=/opt/ros/humble /usr/bin/cmake --build /home/user/ros2_control_example/build/custom_interfaces -- -j8 -l8
[0.267s] DEBUG:colcon.colcon_core.event_handler.log_command:Invoking command in '/home/user/ros2_control_example/build/my_controller': CMAKE_PREFIX_PATH=/opt/ros/humble /usr/bin/cmake --build /home/user/ros2_control_example/build/my_controller -- -j8 -l8
[0.269s] DEBUG:colcon.colcon_core.event_handler.log_command:Invoking command in '/home/user/ros2_control_example/build/robot_model': CMAKE_PREFIX_PATH=/opt/ros/humble /usr/bin/cmake --build /home/user/ros2_control_example/build/robot_model -- -j8 -l8
[0.307s] DEBUG:colcon.colcon_core.event_handler.log_command:Invoked command in '/home/user/ros2_control_example/build/robot_model' returned '0': CMAKE_PREFIX_PATH=/opt/ros/humble /usr/bin/cmake --build /home/user/ros2_control_example/build/robot_model -- -j8 -l8
[0.339s] DEBUG:colcon.colcon_core.event_handler.log_command:Invoking command in '/home/user/ros2_control_example/build/robot_model': CMAKE_PREFIX_PATH=/opt/ros/humble /usr/bin/cmake --install /home/user/ros2_control_example/build/robot_model
[0.340s] DEBUG:colcon.colcon_core.event_handler.log_command:Invoked command in '/home/user/ros2_control_example/build/my_controller' returned '0': CMAKE_PREFIX_PATH=/opt/ros/humble /usr/bin/cmake --build /home/user/ros2_control_example/build/my_controller -- -j8 -l8
[0.346s] Level 1:colcon.colcon_core.environment:create_environment_scripts_only(robot_model)
[0.351s] DEBUG:colcon.colcon_core.event_handler.log_command:Invoked command in '/home/user/ros2_control_example/build/robot_model' returned '0': CMAKE_PREFIX_PATH=/opt/ros/humble /usr/bin/cmake --install /home/user/ros2_control_example/build/robot_model
[0.352s] Level 1:colcon.colcon_core.environment:checking '/home/user/ros2_control_example/install/robot_model' for CMake module files
[0.353s] Level 1:colcon.colcon_core.environment:checking '/home/user/ros2_control_example/install/robot_model' for CMake config files
[0.353s] Level 1:colcon.colcon_core.shell:create_environment_hook('robot_model', 'cmake_prefix_path')
[0.355s] INFO:colcon.colcon_core.shell:Creating environment hook '/home/user/ros2_control_example/install/robot_model/share/robot_model/hook/cmake_prefix_path.ps1'
[0.356s] INFO:colcon.colcon_core.shell:Creating environment descriptor '/home/user/ros2_control_example/install/robot_model/share/robot_model/hook/cmake_prefix_path.dsv'
[0.356s] INFO:colcon.colcon_core.shell:Creating environment hook '/home/user/ros2_control_example/install/robot_model/share/robot_model/hook/cmake_prefix_path.sh'
[0.358s] Level 1:colcon.colcon_core.environment:checking '/home/user/ros2_control_example/install/robot_model/bin'
[0.358s] Level 1:colcon.colcon_core.environment:checking '/home/user/ros2_control_example/install/robot_model/lib/pkgconfig/robot_model.pc'
[0.358s] Level 1:colcon.colcon_core.environment:checking '/home/user/ros2_control_example/install/robot_model/lib/python3.10/site-packages'
[0.359s] Level 1:colcon.colcon_core.environment:checking '/home/user/ros2_control_example/install/robot_model/bin'
[0.361s] INFO:colcon.colcon_core.shell:Creating package script '/home/user/ros2_control_example/install/robot_model/share/robot_model/package.ps1'
[0.362s] INFO:colcon.colcon_core.shell:Creating package descriptor '/home/user/ros2_control_example/install/robot_model/share/robot_model/package.dsv'
[0.363s] INFO:colcon.colcon_core.shell:Creating package script '/home/user/ros2_control_example/install/robot_model/share/robot_model/package.sh'
[0.364s] INFO:colcon.colcon_core.shell:Creating package script '/home/user/ros2_control_example/install/robot_model/share/robot_model/package.bash'
[0.365s] INFO:colcon.colcon_core.shell:Creating package script '/home/user/ros2_control_example/install/robot_model/share/robot_model/package.zsh'
[0.366s] Level 1:colcon.colcon_core.environment:create_file_with_runtime_dependencies(/home/user/ros2_control_example/install/robot_model/share/colcon-core/packages/robot_model)
[0.368s] DEBUG:colcon.colcon_core.event_handler.log_command:Invoking command in '/home/user/ros2_control_example/build/my_controller': CMAKE_PREFIX_PATH=/opt/ros/humble /usr/bin/cmake --install /home/user/ros2_control_example/build/my_controller
[0.376s] Level 1:colcon.colcon_core.environment:create_environment_scripts_only(my_controller)
[0.379s] Level 1:colcon.colcon_core.environment:checking '/home/user/ros2_control_example/install/my_controller' for CMake module files
[0.380s] Level 1:colcon.colcon_core.environment:checking '/home/user/ros2_control_example/install/my_controller' for CMake config files
[0.381s] Level 1:colcon.colcon_core.shell:create_environment_hook('my_controller', 'cmake_prefix_path')
[0.382s] DEBUG:colcon.colcon_core.event_handler.log_command:Invoked command in '/home/user/ros2_control_example/build/my_controller' returned '0': CMAKE_PREFIX_PATH=/opt/ros/humble /usr/bin/cmake --install /home/user/ros2_control_example/build/my_controller
[0.384s] INFO:colcon.colcon_core.shell:Creating environment hook '/home/user/ros2_control_example/install/my_controller/share/my_controller/hook/cmake_prefix_path.ps1'
[0.385s] INFO:colcon.colcon_core.shell:Creating environment descriptor '/home/user/ros2_control_example/install/my_controller/share/my_controller/hook/cmake_prefix_path.dsv'
[0.385s] INFO:colcon.colcon_core.shell:Creating environment hook '/home/user/ros2_control_example/install/my_controller/share/my_controller/hook/cmake_prefix_path.sh'
[0.386s] Level 1:colcon.colcon_core.environment:checking '/home/user/ros2_control_example/install/my_controller/lib'
[0.386s] Level 1:colcon.colcon_core.shell:create_environment_hook('my_controller', 'ld_library_path_lib')
[0.388s] INFO:colcon.colcon_core.shell:Creating environment hook '/home/user/ros2_control_example/install/my_controller/share/my_controller/hook/ld_library_path_lib.ps1'
[0.389s] INFO:colcon.colcon_core.shell:Creating environment descriptor '/home/user/ros2_control_example/install/my_controller/share/my_controller/hook/ld_library_path_lib.dsv'
[0.389s] INFO:colcon.colcon_core.shell:Creating environment hook '/home/user/ros2_control_example/install/my_controller/share/my_controller/hook/ld_library_path_lib.sh'
[0.389s] Level 1:colcon.colcon_core.environment:checking '/home/user/ros2_control_example/install/my_controller/bin'
[0.390s] Level 1:colcon.colcon_core.environment:checking '/home/user/ros2_control_example/install/my_controller/lib/pkgconfig/my_controller.pc'
[0.390s] Level 1:colcon.colcon_core.environment:checking '/home/user/ros2_control_example/install/my_controller/lib/python3.10/site-packages'
[0.390s] Level 1:colcon.colcon_core.environment:checking '/home/user/ros2_control_example/install/my_controller/bin'
[0.392s] INFO:colcon.colcon_core.shell:Creating package script '/home/user/ros2_control_example/install/my_controller/share/my_controller/package.ps1'
[0.394s] INFO:colcon.colcon_core.shell:Creating package descriptor '/home/user/ros2_control_example/install/my_controller/share/my_controller/package.dsv'
[0.394s] INFO:colcon.colcon_core.shell:Creating package script '/home/user/ros2_control_example/install/my_controller/share/my_controller/package.sh'
[0.394s] INFO:colcon.colcon_core.shell:Creating package script '/home/user/ros2_control_example/install/my_controller/share/my_controller/package.bash'
[0.395s] INFO:colcon.colcon_core.shell:Creating package script '/home/user/ros2_control_example/install/my_controller/share/my_controller/package.zsh'
[0.395s] Level 1:colcon.colcon_core.environment:create_file_with_runtime_dependencies(/home/user/ros2_control_example/install/my_controller/share/colcon-core/packages/my_controller)
[0.398s] Level 1:colcon.colcon_core.environment:create_environment_scripts_only(robot_model)
[0.401s] Level 1:colcon.colcon_core.environment:checking '/home/user/ros2_control_example/install/robot_model' for CMake module files
[0.402s] Level 1:colcon.colcon_core.environment:checking '/home/user/ros2_control_example/install/robot_model' for CMake config files
[0.402s] Level 1:colcon.colcon_core.shell:create_environment_hook('robot_model', 'cmake_prefix_path')
[0.404s] INFO:colcon.colcon_core.shell:Creating environment hook '/home/user/ros2_control_example/install/robot_model/share/robot_model/hook/cmake_prefix_path.ps1'
[0.405s] INFO:colcon.colcon_core.shell:Creating environment descriptor '/home/user/ros2_control_example/install/robot_model/share/robot_model/hook/cmake_prefix_path.dsv'
[0.405s] INFO:colcon.colcon_core.shell:Creating environment hook '/home/user/ros2_control_example/install/robot_model/share/robot_model/hook/cmake_prefix_path.sh'
[0.406s] Level 1:colcon.colcon_core.environment:checking '/home/user/ros2_control_example/install/robot_model/bin'
[0.406s] Level 1:colcon.colcon_core.environment:checking '/home/user/ros2_control_example/install/robot_model/lib/pkgconfig/robot_model.pc'
[0.406s] Level 1:colcon.colcon_core.environment:checking '/home/user/ros2_control_example/install/robot_model/lib/python3.10/site-packages'
[0.406s] Level 1:colcon.colcon_core.environment:checking '/home/user/ros2_control_example/install/robot_model/bin'
[0.408s] INFO:colcon.colcon_core.shell:Creating package script '/home/user/ros2_control_example/install/robot_model/share/robot_model/package.ps1'
[0.409s] INFO:colcon.colcon_core.shell:Creating package descriptor '/home/user/ros2_control_example/install/robot_model/share/robot_model/package.dsv'
[0.409s] INFO:colcon.colcon_core.shell:Creating package script '/home/user/ros2_control_example/install/robot_model/share/robot_model/package.sh'
[0.410s] INFO:colcon.colcon_core.shell:Creating package script '/home/user/ros2_control_example/install/robot_model/share/robot_model/package.bash'
[0.410s] INFO:colcon.colcon_core.shell:Creating package script '/home/user/ros2_control_example/install/robot_model/share/robot_model/package.zsh'
[0.411s] Level 1:colcon.colcon_core.environment:create_file_with_runtime_dependencies(/home/user/ros2_control_example/install/robot_model/share/colcon-core/packages/robot_model)
[0.413s] Level 1:colcon.colcon_core.environment:create_environment_scripts_only(my_controller)
[0.416s] Level 1:colcon.colcon_core.environment:checking '/home/user/ros2_control_example/install/my_controller' for CMake module files
[0.416s] Level 1:colcon.colcon_core.environment:checking '/home/user/ros2_control_example/install/my_controller' for CMake config files
[0.417s] Level 1:colcon.colcon_core.shell:create_environment_hook('my_controller', 'cmake_prefix_path')
[0.418s] INFO:colcon.colcon_core.shell:Creating environment hook '/home/user/ros2_control_example/install/my_controller/share/my_controller/hook/cmake_prefix_path.ps1'
[0.419s] INFO:colcon.colcon_core.shell:Creating environment descriptor '/home/user/ros2_control_example/install/my_controller/share/my_controller/hook/cmake_prefix_path.dsv'
[0.419s] INFO:colcon.colcon_core.shell:Creating environment hook '/home/user/ros2_control_example/install/my_controller/share/my_controller/hook/cmake_prefix_path.sh'
[0.420s] Level 1:colcon.colcon_core.environment:checking '/home/user/ros2_control_example/install/my_controller/lib'
[0.420s] Level 1:colcon.colcon_core.shell:create_environment_hook('my_controller', 'ld_library_path_lib')
[0.421s] INFO:colcon.colcon_core.shell:Creating environment hook '/home/user/ros2_control_example/install/my_controller/share/my_controller/hook/ld_library_path_lib.ps1'
[0.422s] INFO:colcon.colcon_core.shell:Creating environment descriptor '/home/user/ros2_control_example/install/my_controller/share/my_controller/hook/ld_library_path_lib.dsv'
[0.422s] INFO:colcon.colcon_core.shell:Creating environment hook '/home/user/ros2_control_example/install/my_controller/share/my_controller/hook/ld_library_path_lib.sh'
[0.422s] Level 1:colcon.colcon_core.environment:checking '/home/user/ros2_control_example/install/my_controller/bin'
[0.423s] Level 1:colcon.colcon_core.environment:checking '/home/user/ros2_control_example/install/my_controller/lib/pkgconfig/my_controller.pc'
[0.423s] Level 1:colcon.colcon_core.environment:checking '/home/user/ros2_control_example/install/my_controller/lib/python3.10/site-packages'
[0.423s] Level 1:colcon.colcon_core.environment:checking '/home/user/ros2_control_example/install/my_controller/bin'
[0.425s] INFO:colcon.colcon_core.shell:Creating package script '/home/user/ros2_control_example/install/my_controller/share/my_controller/package.ps1'
[0.425s] INFO:colcon.colcon_core.shell:Creating package descriptor '/home/user/ros2_control_example/install/my_controller/share/my_controller/package.dsv'
[0.425s] INFO:colcon.colcon_core.shell:Creating package script '/home/user/ros2_control_example/install/my_controller/share/my_controller/package.sh'
[0.426s] INFO:colcon.colcon_core.shell:Creating package script '/home/user/ros2_control_example/install/my_controller/share/my_controller/package.bash'
[0.426s] INFO:colcon.colcon_core.shell:Creating package script '/home/user/ros2_control_example/install/my_controller/share/my_controller/package.zsh'
[0.426s] Level 1:colcon.colcon_core.environment:create_file_with_runtime_dependencies(/home/user/ros2_control_example/install/my_controller/share/colcon-core/packages/my_controller)
[0.586s] DEBUG:colcon.colcon_core.event_handler.log_command:Invoked command in '/home/user/ros2_control_example/build/custom_interfaces' returned '0': CMAKE_PREFIX_PATH=/opt/ros/humble /usr/bin/cmake --build /home/user/ros2_control_example/build/custom_interfaces -- -j8 -l8
[0.620s] DEBUG:colcon.colcon_core.event_handler.log_command:Invoking command in '/home/user/ros2_control_example/build/custom_interfaces': CMAKE_PREFIX_PATH=/opt/ros/humble /usr/bin/cmake --install /home/user/ros2_control_example/build/custom_interfaces
[0.658s] Level 1:colcon.colcon_core.environment:create_environment_scripts_only(custom_interfaces)
[0.659s] Level 1:colcon.colcon_core.environment:checking '/home/user/ros2_control_example/install/custom_interfaces' for CMake module files
[0.660s] DEBUG:colcon.colcon_core.event_handler.log_command:Invoked command in '/home/user/ros2_control_example/build/custom_interfaces' returned '0': CMAKE_PREFIX_PATH=/opt/ros/humble /usr/bin/cmake --install /home/user/ros2_control_example/build/custom_interfaces
[0.660s] Level 1:colcon.colcon_core.environment:checking '/home/user/ros2_control_example/install/custom_interfaces' for CMake config files
[0.660s] Level 1:colcon.colcon_core.shell:create_environment_hook('custom_interfaces', 'cmake_prefix_path')
[0.661s] INFO:colcon.colcon_core.shell:Creating environment hook '/home/user/ros2_control_example/install/custom_interfaces/share/custom_interfaces/hook/cmake_prefix_path.ps1'
[0.662s] INFO:colcon.colcon_core.shell:Creating environment descriptor '/home/user/ros2_control_example/install/custom_interfaces/share/custom_interfaces/hook/cmake_prefix_path.dsv'
[0.662s] INFO:colcon.colcon_core.shell:Creating environment hook '/home/user/ros2_control_example/install/custom_interfaces/share/custom_interfaces/hook/cmake_prefix_path.sh'
[0.662s] Level 1:colcon.colcon_core.environment:checking '/home/user/ros2_control_example/install/custom_interfaces/lib'
[0.662s] Level 1:colcon.colcon_core.shell:create_environment_hook('custom_interfaces', 'ld_library_path_lib')
[0.663s] INFO:colcon.colcon_core.shell:Creating environment hook '/home/user/ros2_control_example/install/custom_interfaces/share/custom_interfaces/hook/ld_library_path_lib.ps1'
[0.663s] INFO:colcon.colcon_core.shell:Creating environment descriptor '/home/user/ros2_control_example/install/custom_interfaces/share/custom_interfaces/hook/ld_library_path_lib.dsv'
[0.664s] INFO:colcon.colcon_core.shell:Creating environment hook '/home/user/ros2_control_example/install/custom_interfaces/share/custom_interfaces/hook/ld_library_path_lib.sh'
[0.664s] Level 1:colcon.colcon_core.environment:checking '/home/user/ros2_control_example/install/custom_interfaces/bin'
[0.664s] Level 1:colcon.colcon_core.environment:checking '/home/user/ros2_control_example/install/custom_interfaces/lib/pkgconfig/custom_interfaces.pc'
[0.664s] Level 1:colcon.colcon_core.environment:checking '/home/user/ros2_control_example/install/custom_interfaces/lib/python3.10/site-packages'
[0.664s] Level 1:colcon.colcon_core.environment:checking '/home/user/ros2_control_example/install/custom_interfaces/bin'
[0.665s] INFO:colcon.colcon_core.shell:Creating package script '/home/user/ros2_control_example/install/custom_interfaces/share/custom_interfaces/package.ps1'
[0.666s] INFO:colcon.colcon_core.shell:Creating package descriptor '/home/user/ros2_control_example/install/custom_interfaces/share/custom_interfaces/package.dsv'
[0.666s] INFO:colcon.colcon_core.shell:Creating package script '/home/user/ros2_control_example/install/custom_interfaces/share/custom_interfaces/package.sh'
[0.666s] INFO:colcon.colcon_core.shell:Creating package script '/home/user/ros2_control_example/install/custom_interfaces/share/custom_interfaces/package.bash'
[0.666s] INFO:colcon.colcon_core.shell:Creating package script '/home/user/ros2_control_example/install/custom_interfaces/share/custom_interfaces/package.zsh'
[0.667s] Level 1:colcon.colcon_core.environment:create_file_with_runtime_dependencies(/home/user/ros2_control_example/install/custom_interfaces/share/colcon-core/packages/custom_interfaces)
[0.701s] Level 1:colcon.colcon_core.environment:create_environment_scripts_only(custom_interfaces)
[0.703s] Level 1:colcon.colcon_core.environment:checking '/home/user/ros2_control_example/install/custom_interfaces' for CMake module files
[0.703s] Level 1:colcon.colcon_core.environment:checking '/home/user/ros2_control_example/install/custom_interfaces' for CMake config files
[0.704s] Level 1:colcon.colcon_core.shell:create_environment_hook('custom_interfaces', 'cmake_prefix_path')
[0.705s] INFO:colcon.colcon_core.shell:Creating environment hook '/home/user/ros2_control_example/install/custom_interfaces/share/custom_interfaces/hook/cmake_prefix_path.ps1'
[0.705s] INFO:colcon.colcon_core.shell:Creating environment descriptor '/home/user/ros2_control_example/install/custom_interfaces/share/custom_interfaces/hook/cmake_prefix_path.dsv'
[0.705s] INFO:colcon.colcon_core.shell:Creating environment hook '/home/user/ros2_control_example/install/custom_interfaces/share/custom_interfaces/hook/cmake_prefix_path.sh'
[0.705s] Level 1:colcon.colcon_core.environment:checking '/home/user/ros2_control_example/install/custom_interfaces/lib'
[0.706s] Level 1:colcon.colcon_core.shell:create_environment_hook('custom_interfaces', 'ld_library_path_lib')
[0.706s] INFO:colcon.colcon_core.shell:Creating environment hook '/home/user/ros2_control_example/install/custom_interfaces/share/custom_interfaces/hook/ld_library_path_lib.ps1'
[0.707s] INFO:colcon.colcon_core.shell:Creating environment descriptor '/home/user/ros2_control_example/install/custom_interfaces/share/custom_interfaces/hook/ld_library_path_lib.dsv'
[0.707s] INFO:colcon.colcon_core.shell:Creating environment hook '/home/user/ros2_control_example/install/custom_interfaces/share/custom_interfaces/hook/ld_library_path_lib.sh'
[0.707s] Level 1:colcon.colcon_core.environment:checking '/home/user/ros2_control_example/install/custom_interfaces/bin'
[0.707s] Level 1:colcon.colcon_core.environment:checking '/home/user/ros2_control_example/install/custom_interfaces/lib/pkgconfig/custom_interfaces.pc'
[0.707s] Level 1:colcon.colcon_core.environment:checking '/home/user/ros2_control_example/install/custom_interfaces/lib/python3.10/site-packages'
[0.708s] Level 1:colcon.colcon_core.environment:checking '/home/user/ros2_control_example/install/custom_interfaces/bin'
[0.709s] INFO:colcon.colcon_core.shell:Creating package script '/home/user/ros2_control_example/install/custom_interfaces/share/custom_interfaces/package.ps1'
[0.709s] INFO:colcon.colcon_core.shell:Creating package descriptor '/home/user/ros2_control_example/install/custom_interfaces/share/custom_interfaces/package.dsv'
[0.709s] INFO:colcon.colcon_core.shell:Creating package script '/home/user/ros2_control_example/install/custom_interfaces/share/custom_interfaces/package.sh'
[0.710s] INFO:colcon.colcon_core.shell:Creating package script '/home/user/ros2_control_example/install/custom_interfaces/share/custom_interfaces/package.bash'
[0.710s] INFO:colcon.colcon_core.shell:Creating package script '/home/user/ros2_control_example/install/custom_interfaces/share/custom_interfaces/package.zsh'
[0.710s] Level 1:colcon.colcon_core.environment:create_file_with_runtime_dependencies(/home/user/ros2_control_example/install/custom_interfaces/share/colcon-core/packages/custom_interfaces)
[0.711s] INFO:colcon.colcon_ros.task.ament_cmake.build:Building ROS package in '/home/user/ros2_control_example/src/multi_link_controller' with build type 'ament_cmake'
[0.711s] INFO:colcon.colcon_cmake.task.cmake.build:Building CMake package in '/home/user/ros2_control_example/src/multi_link_controller'
[0.712s] INFO:colcon.colcon_core.shell:Skip shell extension 'powershell' for command environment: Not usable outside of PowerShell
[0.712s] DEBUG:colcon.colcon_core.shell:Skip shell extension 'dsv' for command environment
[0.714s] INFO:colcon.colcon_ros.task.ament_cmake.build:Building ROS package in '/home/user/ros2_control_example/src/my_controller2' with build type 'ament_cmake'
[0.714s] INFO:colcon.colcon_cmake.task.cmake.build:Building CMake package in '/home/user/ros2_control_example/src/my_controller2'
[0.715s] INFO:colcon.colcon_core.shell:Skip shell extension 'powershell' for command environment: Not usable outside of PowerShell
[0.715s] DEBUG:colcon.colcon_core.shell:Skip shell extension 'dsv' for command environment
[0.721s] DEBUG:colcon.colcon_core.event_handler.log_command:Invoking command in '/home/user/ros2_control_example/build/multi_link_controller': AMENT_PREFIX_PATH=/home/user/ros2_control_example/install/custom_interfaces:${AMENT_PREFIX_PATH} CMAKE_PREFIX_PATH=/home/user/ros2_control_example/install/custom_interfaces:/opt/ros/humble LD_LIBRARY_PATH=/home/user/ros2_control_example/install/custom_interfaces/lib:${LD_LIBRARY_PATH} PYTHONPATH=/home/user/ros2_control_example/install/custom_interfaces/local/lib/python3.10/dist-packages:${PYTHONPATH} /usr/bin/cmake --build /home/user/ros2_control_example/build/multi_link_controller -- -j8 -l8
[0.723s] DEBUG:colcon.colcon_core.event_handler.log_command:Invoking command in '/home/user/ros2_control_example/build/my_controller2': AMENT_PREFIX_PATH=/home/user/ros2_control_example/install/custom_interfaces:${AMENT_PREFIX_PATH} CMAKE_PREFIX_PATH=/home/user/ros2_control_example/install/custom_interfaces:/opt/ros/humble LD_LIBRARY_PATH=/home/user/ros2_control_example/install/custom_interfaces/lib:${LD_LIBRARY_PATH} PYTHONPATH=/home/user/ros2_control_example/install/custom_interfaces/local/lib/python3.10/dist-packages:${PYTHONPATH} /usr/bin/cmake --build /home/user/ros2_control_example/build/my_controller2 -- -j8 -l8
[0.769s] DEBUG:colcon.colcon_core.event_handler.log_command:Invoked command in '/home/user/ros2_control_example/build/my_controller2' returned '0': AMENT_PREFIX_PATH=/home/user/ros2_control_example/install/custom_interfaces:${AMENT_PREFIX_PATH} CMAKE_PREFIX_PATH=/home/user/ros2_control_example/install/custom_interfaces:/opt/ros/humble LD_LIBRARY_PATH=/home/user/ros2_control_example/install/custom_interfaces/lib:${LD_LIBRARY_PATH} PYTHONPATH=/home/user/ros2_control_example/install/custom_interfaces/local/lib/python3.10/dist-packages:${PYTHONPATH} /usr/bin/cmake --build /home/user/ros2_control_example/build/my_controller2 -- -j8 -l8
[0.785s] DEBUG:colcon.colcon_core.event_handler.log_command:Invoking command in '/home/user/ros2_control_example/build/my_controller2': AMENT_PREFIX_PATH=/home/user/ros2_control_example/install/custom_interfaces:${AMENT_PREFIX_PATH} CMAKE_PREFIX_PATH=/home/user/ros2_control_example/install/custom_interfaces:/opt/ros/humble LD_LIBRARY_PATH=/home/user/ros2_control_example/install/custom_interfaces/lib:${LD_LIBRARY_PATH} PYTHONPATH=/home/user/ros2_control_example/install/custom_interfaces/local/lib/python3.10/dist-packages:${PYTHONPATH} /usr/bin/cmake --install /home/user/ros2_control_example/build/my_controller2
[0.792s] Level 1:colcon.colcon_core.environment:create_environment_scripts_only(my_controller2)
[0.793s] Level 1:colcon.colcon_core.environment:checking '/home/user/ros2_control_example/install/my_controller2' for CMake module files
[0.794s] DEBUG:colcon.colcon_core.event_handler.log_command:Invoked command in '/home/user/ros2_control_example/build/my_controller2' returned '0': AMENT_PREFIX_PATH=/home/user/ros2_control_example/install/custom_interfaces:${AMENT_PREFIX_PATH} CMAKE_PREFIX_PATH=/home/user/ros2_control_example/install/custom_interfaces:/opt/ros/humble LD_LIBRARY_PATH=/home/user/ros2_control_example/install/custom_interfaces/lib:${LD_LIBRARY_PATH} PYTHONPATH=/home/user/ros2_control_example/install/custom_interfaces/local/lib/python3.10/dist-packages:${PYTHONPATH} /usr/bin/cmake --install /home/user/ros2_control_example/build/my_controller2
[0.794s] Level 1:colcon.colcon_core.environment:checking '/home/user/ros2_control_example/install/my_controller2' for CMake config files
[0.794s] Level 1:colcon.colcon_core.shell:create_environment_hook('my_controller2', 'cmake_prefix_path')
[0.795s] INFO:colcon.colcon_core.shell:Creating environment hook '/home/user/ros2_control_example/install/my_controller2/share/my_controller2/hook/cmake_prefix_path.ps1'
[0.795s] INFO:colcon.colcon_core.shell:Creating environment descriptor '/home/user/ros2_control_example/install/my_controller2/share/my_controller2/hook/cmake_prefix_path.dsv'
[0.796s] INFO:colcon.colcon_core.shell:Creating environment hook '/home/user/ros2_control_example/install/my_controller2/share/my_controller2/hook/cmake_prefix_path.sh'
[0.796s] Level 1:colcon.colcon_core.environment:checking '/home/user/ros2_control_example/install/my_controller2/lib'
[0.796s] Level 1:colcon.colcon_core.shell:create_environment_hook('my_controller2', 'ld_library_path_lib')
[0.797s] INFO:colcon.colcon_core.shell:Creating environment hook '/home/user/ros2_control_example/install/my_controller2/share/my_controller2/hook/ld_library_path_lib.ps1'
[0.797s] INFO:colcon.colcon_core.shell:Creating environment descriptor '/home/user/ros2_control_example/install/my_controller2/share/my_controller2/hook/ld_library_path_lib.dsv'
[0.798s] INFO:colcon.colcon_core.shell:Creating environment hook '/home/user/ros2_control_example/install/my_controller2/share/my_controller2/hook/ld_library_path_lib.sh'
[0.798s] Level 1:colcon.colcon_core.environment:checking '/home/user/ros2_control_example/install/my_controller2/bin'
[0.798s] Level 1:colcon.colcon_core.environment:checking '/home/user/ros2_control_example/install/my_controller2/lib/pkgconfig/my_controller2.pc'
[0.798s] Level 1:colcon.colcon_core.environment:checking '/home/user/ros2_control_example/install/my_controller2/lib/python3.10/site-packages'
[0.798s] Level 1:colcon.colcon_core.environment:checking '/home/user/ros2_control_example/install/my_controller2/bin'
[0.799s] INFO:colcon.colcon_core.shell:Creating package script '/home/user/ros2_control_example/install/my_controller2/share/my_controller2/package.ps1'
[0.800s] INFO:colcon.colcon_core.shell:Creating package descriptor '/home/user/ros2_control_example/install/my_controller2/share/my_controller2/package.dsv'
[0.800s] INFO:colcon.colcon_core.shell:Creating package script '/home/user/ros2_control_example/install/my_controller2/share/my_controller2/package.sh'
[0.800s] INFO:colcon.colcon_core.shell:Creating package script '/home/user/ros2_control_example/install/my_controller2/share/my_controller2/package.bash'
[0.801s] INFO:colcon.colcon_core.shell:Creating package script '/home/user/ros2_control_example/install/my_controller2/share/my_controller2/package.zsh'
[0.801s] Level 1:colcon.colcon_core.environment:create_file_with_runtime_dependencies(/home/user/ros2_control_example/install/my_controller2/share/colcon-core/packages/my_controller2)
[0.815s] Level 1:colcon.colcon_core.environment:create_environment_scripts_only(my_controller2)
[0.818s] Level 1:colcon.colcon_core.environment:checking '/home/user/ros2_control_example/install/my_controller2' for CMake module files
[0.819s] Level 1:colcon.colcon_core.environment:checking '/home/user/ros2_control_example/install/my_controller2' for CMake config files
[0.819s] Level 1:colcon.colcon_core.shell:create_environment_hook('my_controller2', 'cmake_prefix_path')
[0.821s] INFO:colcon.colcon_core.shell:Creating environment hook '/home/user/ros2_control_example/install/my_controller2/share/my_controller2/hook/cmake_prefix_path.ps1'
[0.821s] INFO:colcon.colcon_core.shell:Creating environment descriptor '/home/user/ros2_control_example/install/my_controller2/share/my_controller2/hook/cmake_prefix_path.dsv'
[0.822s] INFO:colcon.colcon_core.shell:Creating environment hook '/home/user/ros2_control_example/install/my_controller2/share/my_controller2/hook/cmake_prefix_path.sh'
[0.822s] Level 1:colcon.colcon_core.environment:checking '/home/user/ros2_control_example/install/my_controller2/lib'
[0.822s] Level 1:colcon.colcon_core.shell:create_environment_hook('my_controller2', 'ld_library_path_lib')
[0.824s] INFO:colcon.colcon_core.shell:Creating environment hook '/home/user/ros2_control_example/install/my_controller2/share/my_controller2/hook/ld_library_path_lib.ps1'
[0.825s] INFO:colcon.colcon_core.shell:Creating environment descriptor '/home/user/ros2_control_example/install/my_controller2/share/my_controller2/hook/ld_library_path_lib.dsv'
[0.825s] INFO:colcon.colcon_core.shell:Creating environment hook '/home/user/ros2_control_example/install/my_controller2/share/my_controller2/hook/ld_library_path_lib.sh'
[0.825s] Level 1:colcon.colcon_core.environment:checking '/home/user/ros2_control_example/install/my_controller2/bin'
[0.825s] Level 1:colcon.colcon_core.environment:checking '/home/user/ros2_control_example/install/my_controller2/lib/pkgconfig/my_controller2.pc'
[0.825s] Level 1:colcon.colcon_core.environment:checking '/home/user/ros2_control_example/install/my_controller2/lib/python3.10/site-packages'
[0.826s] Level 1:colcon.colcon_core.environment:checking '/home/user/ros2_control_example/install/my_controller2/bin'
[0.827s] INFO:colcon.colcon_core.shell:Creating package script '/home/user/ros2_control_example/install/my_controller2/share/my_controller2/package.ps1'
[0.827s] INFO:colcon.colcon_core.shell:Creating package descriptor '/home/user/ros2_control_example/install/my_controller2/share/my_controller2/package.dsv'
[0.827s] INFO:colcon.colcon_core.shell:Creating package script '/home/user/ros2_control_example/install/my_controller2/share/my_controller2/package.sh'
[0.828s] INFO:colcon.colcon_core.shell:Creating package script '/home/user/ros2_control_example/install/my_controller2/share/my_controller2/package.bash'
[0.828s] INFO:colcon.colcon_core.shell:Creating package script '/home/user/ros2_control_example/install/my_controller2/share/my_controller2/package.zsh'
[0.828s] Level 1:colcon.colcon_core.environment:create_file_with_runtime_dependencies(/home/user/ros2_control_example/install/my_controller2/share/colcon-core/packages/my_controller2)
[8.151s] DEBUG:colcon.colcon_core.event_handler.log_command:Invoked command in '/home/user/ros2_control_example/build/multi_link_controller' returned '0': AMENT_PREFIX_PATH=/home/user/ros2_control_example/install/custom_interfaces:${AMENT_PREFIX_PATH} CMAKE_PREFIX_PATH=/home/user/ros2_control_example/install/custom_interfaces:/opt/ros/humble LD_LIBRARY_PATH=/home/user/ros2_control_example/install/custom_interfaces/lib:${LD_LIBRARY_PATH} PYTHONPATH=/home/user/ros2_control_example/install/custom_interfaces/local/lib/python3.10/dist-packages:${PYTHONPATH} /usr/bin/cmake --build /home/user/ros2_control_example/build/multi_link_controller -- -j8 -l8
[8.164s] DEBUG:colcon.colcon_core.event_handler.log_command:Invoking command in '/home/user/ros2_control_example/build/multi_link_controller': AMENT_PREFIX_PATH=/home/user/ros2_control_example/install/custom_interfaces:${AMENT_PREFIX_PATH} CMAKE_PREFIX_PATH=/home/user/ros2_control_example/install/custom_interfaces:/opt/ros/humble LD_LIBRARY_PATH=/home/user/ros2_control_example/install/custom_interfaces/lib:${LD_LIBRARY_PATH} PYTHONPATH=/home/user/ros2_control_example/install/custom_interfaces/local/lib/python3.10/dist-packages:${PYTHONPATH} /usr/bin/cmake --install /home/user/ros2_control_example/build/multi_link_controller
[8.177s] Level 1:colcon.colcon_core.environment:create_environment_scripts_only(multi_link_controller)
[8.178s] Level 1:colcon.colcon_core.environment:checking '/home/user/ros2_control_example/install/multi_link_controller' for CMake module files
[8.179s] Level 1:colcon.colcon_core.environment:checking '/home/user/ros2_control_example/install/multi_link_controller' for CMake config files
[8.180s] DEBUG:colcon.colcon_core.event_handler.log_command:Invoked command in '/home/user/ros2_control_example/build/multi_link_controller' returned '0': AMENT_PREFIX_PATH=/home/user/ros2_control_example/install/custom_interfaces:${AMENT_PREFIX_PATH} CMAKE_PREFIX_PATH=/home/user/ros2_control_example/install/custom_interfaces:/opt/ros/humble LD_LIBRARY_PATH=/home/user/ros2_control_example/install/custom_interfaces/lib:${LD_LIBRARY_PATH} PYTHONPATH=/home/user/ros2_control_example/install/custom_interfaces/local/lib/python3.10/dist-packages:${PYTHONPATH} /usr/bin/cmake --install /home/user/ros2_control_example/build/multi_link_controller
[8.180s] Level 1:colcon.colcon_core.shell:create_environment_hook('multi_link_controller', 'cmake_prefix_path')
[8.181s] INFO:colcon.colcon_core.shell:Creating environment hook '/home/user/ros2_control_example/install/multi_link_controller/share/multi_link_controller/hook/cmake_prefix_path.ps1'
[8.181s] INFO:colcon.colcon_core.shell:Creating environment descriptor '/home/user/ros2_control_example/install/multi_link_controller/share/multi_link_controller/hook/cmake_prefix_path.dsv'
[8.181s] INFO:colcon.colcon_core.shell:Creating environment hook '/home/user/ros2_control_example/install/multi_link_controller/share/multi_link_controller/hook/cmake_prefix_path.sh'
[8.182s] Level 1:colcon.colcon_core.environment:checking '/home/user/ros2_control_example/install/multi_link_controller/lib'
[8.182s] Level 1:colcon.colcon_core.shell:create_environment_hook('multi_link_controller', 'ld_library_path_lib')
[8.183s] INFO:colcon.colcon_core.shell:Creating environment hook '/home/user/ros2_control_example/install/multi_link_controller/share/multi_link_controller/hook/ld_library_path_lib.ps1'
[8.183s] INFO:colcon.colcon_core.shell:Creating environment descriptor '/home/user/ros2_control_example/install/multi_link_controller/share/multi_link_controller/hook/ld_library_path_lib.dsv'
[8.183s] INFO:colcon.colcon_core.shell:Creating environment hook '/home/user/ros2_control_example/install/multi_link_controller/share/multi_link_controller/hook/ld_library_path_lib.sh'
[8.183s] Level 1:colcon.colcon_core.environment:checking '/home/user/ros2_control_example/install/multi_link_controller/bin'
[8.183s] Level 1:colcon.colcon_core.environment:checking '/home/user/ros2_control_example/install/multi_link_controller/lib/pkgconfig/multi_link_controller.pc'
[8.184s] Level 1:colcon.colcon_core.environment:checking '/home/user/ros2_control_example/install/multi_link_controller/lib/python3.10/site-packages'
[8.184s] Level 1:colcon.colcon_core.environment:checking '/home/user/ros2_control_example/install/multi_link_controller/bin'
[8.185s] INFO:colcon.colcon_core.shell:Creating package script '/home/user/ros2_control_example/install/multi_link_controller/share/multi_link_controller/package.ps1'
[8.185s] INFO:colcon.colcon_core.shell:Creating package descriptor '/home/user/ros2_control_example/install/multi_link_controller/share/multi_link_controller/package.dsv'
[8.185s] INFO:colcon.colcon_core.shell:Creating package script '/home/user/ros2_control_example/install/multi_link_controller/share/multi_link_controller/package.sh'
[8.186s] INFO:colcon.colcon_core.shell:Creating package script '/home/user/ros2_control_example/install/multi_link_controller/share/multi_link_controller/package.bash'
[8.186s] INFO:colcon.colcon_core.shell:Creating package script '/home/user/ros2_control_example/install/multi_link_controller/share/multi_link_controller/package.zsh'
[8.186s] Level 1:colcon.colcon_core.environment:create_file_with_runtime_dependencies(/home/user/ros2_control_example/install/multi_link_controller/share/colcon-core/packages/multi_link_controller)
[8.199s] Level 1:colcon.colcon_core.environment:create_environment_scripts_only(multi_link_controller)
[8.201s] Level 1:colcon.colcon_core.environment:checking '/home/user/ros2_control_example/install/multi_link_controller' for CMake module files
[8.201s] Level 1:colcon.colcon_core.environment:checking '/home/user/ros2_control_example/install/multi_link_controller' for CMake config files
[8.201s] Level 1:colcon.colcon_core.shell:create_environment_hook('multi_link_controller', 'cmake_prefix_path')
[8.202s] INFO:colcon.colcon_core.shell:Creating environment hook '/home/user/ros2_control_example/install/multi_link_controller/share/multi_link_controller/hook/cmake_prefix_path.ps1'
[8.203s] INFO:colcon.colcon_core.shell:Creating environment descriptor '/home/user/ros2_control_example/install/multi_link_controller/share/multi_link_controller/hook/cmake_prefix_path.dsv'
[8.203s] INFO:colcon.colcon_core.shell:Creating environment hook '/home/user/ros2_control_example/install/multi_link_controller/share/multi_link_controller/hook/cmake_prefix_path.sh'
[8.203s] Level 1:colcon.colcon_core.environment:checking '/home/user/ros2_control_example/install/multi_link_controller/lib'
[8.203s] Level 1:colcon.colcon_core.shell:create_environment_hook('multi_link_controller', 'ld_library_path_lib')
[8.204s] INFO:colcon.colcon_core.shell:Creating environment hook '/home/user/ros2_control_example/install/multi_link_controller/share/multi_link_controller/hook/ld_library_path_lib.ps1'
[8.204s] INFO:colcon.colcon_core.shell:Creating environment descriptor '/home/user/ros2_control_example/install/multi_link_controller/share/multi_link_controller/hook/ld_library_path_lib.dsv'
[8.205s] INFO:colcon.colcon_core.shell:Creating environment hook '/home/user/ros2_control_example/install/multi_link_controller/share/multi_link_controller/hook/ld_library_path_lib.sh'
[8.205s] Level 1:colcon.colcon_core.environment:checking '/home/user/ros2_control_example/install/multi_link_controller/bin'
[8.205s] Level 1:colcon.colcon_core.environment:checking '/home/user/ros2_control_example/install/multi_link_controller/lib/pkgconfig/multi_link_controller.pc'
[8.205s] Level 1:colcon.colcon_core.environment:checking '/home/user/ros2_control_example/install/multi_link_controller/lib/python3.10/site-packages'
[8.205s] Level 1:colcon.colcon_core.environment:checking '/home/user/ros2_control_example/install/multi_link_controller/bin'
[8.206s] INFO:colcon.colcon_core.shell:Creating package script '/home/user/ros2_control_example/install/multi_link_controller/share/multi_link_controller/package.ps1'
[8.207s] INFO:colcon.colcon_core.shell:Creating package descriptor '/home/user/ros2_control_example/install/multi_link_controller/share/multi_link_controller/package.dsv'
[8.207s] INFO:colcon.colcon_core.shell:Creating package script '/home/user/ros2_control_example/install/multi_link_controller/share/multi_link_controller/package.sh'
[8.207s] INFO:colcon.colcon_core.shell:Creating package script '/home/user/ros2_control_example/install/multi_link_controller/share/multi_link_controller/package.bash'
[8.208s] INFO:colcon.colcon_core.shell:Creating package script '/home/user/ros2_control_example/install/multi_link_controller/share/multi_link_controller/package.zsh'
[8.208s] Level 1:colcon.colcon_core.environment:create_file_with_runtime_dependencies(/home/user/ros2_control_example/install/multi_link_controller/share/colcon-core/packages/multi_link_controller)
[8.208s] DEBUG:colcon.colcon_parallel_executor.executor.parallel:closing loop
[8.208s] DEBUG:colcon.colcon_parallel_executor.executor.parallel:loop closed
[8.208s] DEBUG:colcon.colcon_parallel_executor.executor.parallel:run_until_complete finished with '0'
[8.209s] DEBUG:colcon.colcon_core.event_reactor:joining thread
[8.217s] INFO:colcon.colcon_core.plugin_system:Skipping extension 'colcon_notification.desktop_notification.terminal_notifier': Not used on non-Darwin systems
[8.217s] INFO:colcon.colcon_core.plugin_system:Skipping extension 'colcon_notification.desktop_notification.win32': Not used on non-Windows systems
[8.217s] INFO:colcon.colcon_notification.desktop_notification:Sending desktop notification using 'notify2'
[8.225s] DEBUG:colcon.colcon_core.event_reactor:joined thread
[8.227s] INFO:colcon.colcon_core.shell:Creating prefix script '/home/user/ros2_control_example/install/local_setup.ps1'
[8.227s] INFO:colcon.colcon_core.shell:Creating prefix util module '/home/user/ros2_control_example/install/_local_setup_util_ps1.py'
[8.228s] INFO:colcon.colcon_core.shell:Creating prefix chain script '/home/user/ros2_control_example/install/setup.ps1'
[8.229s] INFO:colcon.colcon_core.shell:Creating prefix script '/home/user/ros2_control_example/install/local_setup.sh'
[8.230s] INFO:colcon.colcon_core.shell:Creating prefix util module '/home/user/ros2_control_example/install/_local_setup_util_sh.py'
[8.230s] INFO:colcon.colcon_core.shell:Creating prefix chain script '/home/user/ros2_control_example/install/setup.sh'
[8.231s] INFO:colcon.colcon_core.shell:Creating prefix script '/home/user/ros2_control_example/install/local_setup.bash'
[8.231s] INFO:colcon.colcon_core.shell:Creating prefix chain script '/home/user/ros2_control_example/install/setup.bash'
[8.232s] INFO:colcon.colcon_core.shell:Creating prefix script '/home/user/ros2_control_example/install/local_setup.zsh'
[8.233s] INFO:colcon.colcon_core.shell:Creating prefix chain script '/home/user/ros2_control_example/install/setup.zsh'
