[35m[1mConsolidate compiler generated dependencies of target multi_interface_forward_controller[0m
[ 50%] [32mBuilding CXX object CMakeFiles/multi_interface_forward_controller.dir/src/multi_interface_forward_controller.cpp.o[0m
[100%] [32m[1mLinking CXX shared library libmulti_interface_forward_controller.so[0m
[100%] Built target multi_interface_forward_controller
-- Install configuration: ""
-- Installing: /home/user/ros2_control_example/install/multi_interface_forward_controller/share/multi_interface_forward_controller/multi_interface_forward_controller.xml
-- Installing: /home/user/ros2_control_example/install/multi_interface_forward_controller/lib/libmulti_interface_forward_controller.so
-- Set runtime path of "/home/user/ros2_control_example/install/multi_interface_forward_controller/lib/libmulti_interface_forward_controller.so" to ""
-- Installing: /home/user/ros2_control_example/install/multi_interface_forward_controller/include
-- Installing: /home/user/ros2_control_example/install/multi_interface_forward_controller/include/multi_interface_forward_controller
-- Installing: /home/user/ros2_control_example/install/multi_interface_forward_controller/include/multi_interface_forward_controller/multi_interface_forward_controller.hpp
-- Installing: /home/user/ros2_control_example/install/multi_interface_forward_controller/share/multi_interface_forward_controller//config
-- Installing: /home/user/ros2_control_example/install/multi_interface_forward_controller/share/multi_interface_forward_controller//config/multi_interface_controllers_custom.yaml
-- Installing: /home/user/ros2_control_example/install/multi_interface_forward_controller/share/multi_interface_forward_controller/environment/library_path.sh
-- Installing: /home/user/ros2_control_example/install/multi_interface_forward_controller/share/multi_interface_forward_controller/environment/library_path.dsv
-- Installing: /home/user/ros2_control_example/install/multi_interface_forward_controller/share/ament_index/resource_index/package_run_dependencies/multi_interface_forward_controller
-- Installing: /home/user/ros2_control_example/install/multi_interface_forward_controller/share/ament_index/resource_index/parent_prefix_path/multi_interface_forward_controller
-- Installing: /home/user/ros2_control_example/install/multi_interface_forward_controller/share/multi_interface_forward_controller/environment/ament_prefix_path.sh
-- Installing: /home/user/ros2_control_example/install/multi_interface_forward_controller/share/multi_interface_forward_controller/environment/ament_prefix_path.dsv
-- Installing: /home/user/ros2_control_example/install/multi_interface_forward_controller/share/multi_interface_forward_controller/environment/path.sh
-- Installing: /home/user/ros2_control_example/install/multi_interface_forward_controller/share/multi_interface_forward_controller/environment/path.dsv
-- Installing: /home/user/ros2_control_example/install/multi_interface_forward_controller/share/multi_interface_forward_controller/local_setup.bash
-- Installing: /home/user/ros2_control_example/install/multi_interface_forward_controller/share/multi_interface_forward_controller/local_setup.sh
-- Installing: /home/user/ros2_control_example/install/multi_interface_forward_controller/share/multi_interface_forward_controller/local_setup.zsh
-- Installing: /home/user/ros2_control_example/install/multi_interface_forward_controller/share/multi_interface_forward_controller/local_setup.dsv
-- Installing: /home/user/ros2_control_example/install/multi_interface_forward_controller/share/multi_interface_forward_controller/package.dsv
-- Installing: /home/user/ros2_control_example/install/multi_interface_forward_controller/share/ament_index/resource_index/packages/multi_interface_forward_controller
-- Installing: /home/user/ros2_control_example/install/multi_interface_forward_controller/share/ament_index/resource_index/controller_interface__pluginlib__plugin/multi_interface_forward_controller
-- Installing: /home/user/ros2_control_example/install/multi_interface_forward_controller/share/multi_interface_forward_controller/cmake/ament_cmake_export_include_directories-extras.cmake
-- Installing: /home/user/ros2_control_example/install/multi_interface_forward_controller/share/multi_interface_forward_controller/cmake/ament_cmake_export_libraries-extras.cmake
-- Installing: /home/user/ros2_control_example/install/multi_interface_forward_controller/share/multi_interface_forward_controller/cmake/ament_cmake_export_dependencies-extras.cmake
-- Installing: /home/user/ros2_control_example/install/multi_interface_forward_controller/share/multi_interface_forward_controller/cmake/multi_interface_forward_controllerConfig.cmake
-- Installing: /home/user/ros2_control_example/install/multi_interface_forward_controller/share/multi_interface_forward_controller/cmake/multi_interface_forward_controllerConfig-version.cmake
-- Installing: /home/user/ros2_control_example/install/multi_interface_forward_controller/share/multi_interface_forward_controller/package.xml
