[01m[K/home/user/ros2_control_example/src/multi_link_controller/src/multi_link_controller.cpp:[m[K In lambda function:
[01m[K/home/user/ros2_control_example/src/multi_link_controller/src/multi_link_controller.cpp:103:87:[m[K [01;31m[Kerror: [m[Kno match for ‘[01m[Koperator=[m[K’ (operand types are ‘[01m[Kstd::vector<float>[m[K’ and ‘[01m[Kconst std::vector<double, std::allocator<double> >[m[K’)
  103 |                 parameter = get_node()->get_parameter(parameter_name).as_double_array([01;31m[K)[m[K;
      |                                                                                       [01;31m[K^[m[K
In file included from [01m[K/usr/include/c++/11/vector:72[m[K,
                 from [01m[K/home/user/ros2_control_example/src/multi_link_controller/include/multi_link_controller/multi_link_controller.hpp:20[m[K,
                 from [01m[K/home/user/ros2_control_example/src/multi_link_controller/src/multi_link_controller.cpp:15[m[K:
[01m[K/usr/include/c++/11/bits/vector.tcc:198:5:[m[K [01;36m[Knote: [m[Kcandidate: ‘[01m[Kstd::vector<_Tp, _Alloc>& std::vector<_Tp, _Alloc>::operator=(const std::vector<_Tp, _Alloc>&) [with _Tp = float; _Alloc = std::allocator<float>][m[K’
  198 |     [01;36m[Kvector<_Tp, _Alloc>[m[K::
      |     [01;36m[K^~~~~~~~~~~~~~~~~~~[m[K
[01m[K/usr/include/c++/11/bits/vector.tcc:199:42:[m[K [01;36m[Knote: [m[K  no known conversion for argument 1 from ‘[01m[Kconst std::vector<double, std::allocator<double> >[m[K’ to ‘[01m[Kconst std::vector<float>&[m[K’
  199 |     operator=([01;36m[Kconst vector<_Tp, _Alloc>& __x[m[K)
      |               [01;36m[K~~~~~~~~~~~~~~~~~~~~~~~~~~~^~~[m[K
In file included from [01m[K/usr/include/c++/11/vector:67[m[K,
                 from [01m[K/home/user/ros2_control_example/src/multi_link_controller/include/multi_link_controller/multi_link_controller.hpp:20[m[K,
                 from [01m[K/home/user/ros2_control_example/src/multi_link_controller/src/multi_link_controller.cpp:15[m[K:
[01m[K/usr/include/c++/11/bits/stl_vector.h:709:7:[m[K [01;36m[Knote: [m[Kcandidate: ‘[01m[Kstd::vector<_Tp, _Alloc>& std::vector<_Tp, _Alloc>::operator=(std::vector<_Tp, _Alloc>&&) [with _Tp = float; _Alloc = std::allocator<float>][m[K’
  709 |       [01;36m[Koperator[m[K=(vector&& __x) noexcept(_Alloc_traits::_S_nothrow_move())
      |       [01;36m[K^~~~~~~~[m[K
[01m[K/usr/include/c++/11/bits/stl_vector.h:709:26:[m[K [01;36m[Knote: [m[K  no known conversion for argument 1 from ‘[01m[Kconst std::vector<double, std::allocator<double> >[m[K’ to ‘[01m[Kstd::vector<float>&&[m[K’
  709 |       operator=([01;36m[Kvector&& __x[m[K) noexcept(_Alloc_traits::_S_nothrow_move())
      |                 [01;36m[K~~~~~~~~~^~~[m[K
[01m[K/usr/include/c++/11/bits/stl_vector.h:730:7:[m[K [01;36m[Knote: [m[Kcandidate: ‘[01m[Kstd::vector<_Tp, _Alloc>& std::vector<_Tp, _Alloc>::operator=(std::initializer_list<_Tp>) [with _Tp = float; _Alloc = std::allocator<float>][m[K’
  730 |       [01;36m[Koperator[m[K=(initializer_list<value_type> __l)
      |       [01;36m[K^~~~~~~~[m[K
[01m[K/usr/include/c++/11/bits/stl_vector.h:730:46:[m[K [01;36m[Knote: [m[K  no known conversion for argument 1 from ‘[01m[Kconst std::vector<double, std::allocator<double> >[m[K’ to ‘[01m[Kstd::initializer_list<float>[m[K’
  730 |       operator=([01;36m[Kinitializer_list<value_type> __l[m[K)
      |                 [01;36m[K~~~~~~~~~~~~~~~~~~~~~~~~~~~~~^~~[m[K
[01m[K/home/user/ros2_control_example/src/multi_link_controller/src/multi_link_controller.cpp:[m[K In member function ‘[01m[Kvirtual multi_link_controller::CallbackReturn multi_link_controller::MultiLinkController::on_configure(const rclcpp_lifecycle::State&)[m[K’:
[01m[K/home/user/ros2_control_example/src/multi_link_controller/src/multi_link_controller.cpp:111:13:[m[K [01;31m[Kerror: [m[K‘[01m[Kget_float_array_param_and_error_if_empty[m[K’ was not declared in this scope; did you mean ‘[01m[Kget_double_array_param_and_error_if_empty[m[K’?
  111 |             [01;31m[Kget_float_array_param_and_error_if_empty[m[K(P_, "P") ||
      |             [01;31m[K^~~~~~~~~~~~~~~~~~~~~~~~~~~~~~~~~~~~~~~~[m[K
      |             [32m[Kget_double_array_param_and_error_if_empty[m[K
[01m[K/home/user/ros2_control_example/src/multi_link_controller/src/multi_link_controller.cpp:[m[K In member function ‘[01m[Kvirtual controller_interface::return_type multi_link_controller::MultiLinkController::update(const rclcpp::Time&, const rclcpp::Duration&)[m[K’:
[01m[K/home/user/ros2_control_example/src/multi_link_controller/src/multi_link_controller.cpp:258:53:[m[K [01;35m[Kwarning: [m[Kunused parameter ‘[01m[Ktime[m[K’ [[01;35m[K]8;;https://gcc.gnu.org/onlinedocs/gcc/Warning-Options.html#index-Wunused-parameter-Wunused-parameter]8;;[m[K]
  258 |     MultiLinkController::update([01;35m[Kconst rclcpp::Time &time[m[K,
      |                                 [01;35m[K~~~~~~~~~~~~~~~~~~~~^~~~[m[K
gmake[2]: *** [CMakeFiles/multi_link_controller.dir/build.make:76: CMakeFiles/multi_link_controller.dir/src/multi_link_controller.cpp.o] Error 1
gmake[1]: *** [CMakeFiles/Makefile2:137: CMakeFiles/multi_link_controller.dir/all] Error 2
gmake: *** [Makefile:146: all] Error 2
