[0.015s] Invoking command in '/home/user/ros2_control_example/build/my_fake_hardware_SDK': CMAKE_PREFIX_PATH=/opt/ros/humble /usr/bin/cmake --build /home/user/ros2_control_example/build/my_fake_hardware_SDK -- -j8 -l8
[0.067s] [35m[1mConsolidate compiler generated dependencies of target my_fake_hardware_SDK[0m
[0.076s] [ 50%] [32mBuilding CXX object CMakeFiles/my_fake_hardware_SDK.dir/src/my_fake_hardware_SDK.cpp.o[0m
[0.299s] [100%] [32m[1mLinking CXX static library libmy_fake_hardware_SDK.a[0m
[0.321s] [100%] Built target my_fake_hardware_SDK
[0.329s] Invoked command in '/home/user/ros2_control_example/build/my_fake_hardware_SDK' returned '0': CMAKE_PREFIX_PATH=/opt/ros/humble /usr/bin/cmake --build /home/user/ros2_control_example/build/my_fake_hardware_SDK -- -j8 -l8
[0.352s] Invoking command in '/home/user/ros2_control_example/build/my_fake_hardware_SDK': CMAKE_PREFIX_PATH=/opt/ros/humble /usr/bin/cmake --install /home/user/ros2_control_example/build/my_fake_hardware_SDK
[0.357s] -- Install configuration: ""
[0.357s] -- Installing: /home/user/ros2_control_example/install/my_fake_hardware_SDK/lib/libmy_fake_hardware_SDK.a
[0.357s] -- Up-to-date: /home/user/ros2_control_example/install/my_fake_hardware_SDK/include
[0.357s] -- Up-to-date: /home/user/ros2_control_example/install/my_fake_hardware_SDK/include/my_fake_hardware_SDK
[0.357s] -- Installing: /home/user/ros2_control_example/install/my_fake_hardware_SDK/include/my_fake_hardware_SDK/my_fake_hardware_SDK.hpp
[0.357s] -- Up-to-date: /home/user/ros2_control_example/install/my_fake_hardware_SDK/share/my_fake_hardware_SDK/environment/library_path.sh
[0.358s] -- Up-to-date: /home/user/ros2_control_example/install/my_fake_hardware_SDK/share/my_fake_hardware_SDK/environment/library_path.dsv
[0.358s] -- Up-to-date: /home/user/ros2_control_example/install/my_fake_hardware_SDK/share/ament_index/resource_index/package_run_dependencies/my_fake_hardware_SDK
[0.358s] -- Up-to-date: /home/user/ros2_control_example/install/my_fake_hardware_SDK/share/ament_index/resource_index/parent_prefix_path/my_fake_hardware_SDK
[0.358s] -- Up-to-date: /home/user/ros2_control_example/install/my_fake_hardware_SDK/share/my_fake_hardware_SDK/environment/ament_prefix_path.sh
[0.358s] -- Up-to-date: /home/user/ros2_control_example/install/my_fake_hardware_SDK/share/my_fake_hardware_SDK/environment/ament_prefix_path.dsv
[0.358s] -- Up-to-date: /home/user/ros2_control_example/install/my_fake_hardware_SDK/share/my_fake_hardware_SDK/environment/path.sh
[0.358s] -- Up-to-date: /home/user/ros2_control_example/install/my_fake_hardware_SDK/share/my_fake_hardware_SDK/environment/path.dsv
[0.358s] -- Up-to-date: /home/user/ros2_control_example/install/my_fake_hardware_SDK/share/my_fake_hardware_SDK/local_setup.bash
[0.358s] -- Up-to-date: /home/user/ros2_control_example/install/my_fake_hardware_SDK/share/my_fake_hardware_SDK/local_setup.sh
[0.358s] -- Up-to-date: /home/user/ros2_control_example/install/my_fake_hardware_SDK/share/my_fake_hardware_SDK/local_setup.zsh
[0.358s] -- Up-to-date: /home/user/ros2_control_example/install/my_fake_hardware_SDK/share/my_fake_hardware_SDK/local_setup.dsv
[0.358s] -- Installing: /home/user/ros2_control_example/install/my_fake_hardware_SDK/share/my_fake_hardware_SDK/package.dsv
[0.358s] -- Up-to-date: /home/user/ros2_control_example/install/my_fake_hardware_SDK/share/ament_index/resource_index/packages/my_fake_hardware_SDK
[0.359s] -- Up-to-date: /home/user/ros2_control_example/install/my_fake_hardware_SDK/share/my_fake_hardware_SDK/cmake/ament_cmake_export_include_directories-extras.cmake
[0.359s] -- Up-to-date: /home/user/ros2_control_example/install/my_fake_hardware_SDK/share/my_fake_hardware_SDK/cmake/ament_cmake_export_libraries-extras.cmake
[0.359s] -- Up-to-date: /home/user/ros2_control_example/install/my_fake_hardware_SDK/share/my_fake_hardware_SDK/cmake/my_fake_hardware_SDKConfig.cmake
[0.359s] -- Up-to-date: /home/user/ros2_control_example/install/my_fake_hardware_SDK/share/my_fake_hardware_SDK/cmake/my_fake_hardware_SDKConfig-version.cmake
[0.360s] -- Up-to-date: /home/user/ros2_control_example/install/my_fake_hardware_SDK/share/my_fake_hardware_SDK/package.xml
[0.360s] Invoked command in '/home/user/ros2_control_example/build/my_fake_hardware_SDK' returned '0': CMAKE_PREFIX_PATH=/opt/ros/humble /usr/bin/cmake --install /home/user/ros2_control_example/build/my_fake_hardware_SDK
