-- Found ament_cmake: 1.3.3 (/opt/ros/humble/share/ament_cmake/cmake)
-- Found control_msgs: 4.1.0 (/opt/ros/humble/share/control_msgs/cmake)
-- Found rosidl_generator_c: 3.1.4 (/opt/ros/humble/share/rosidl_generator_c/cmake)
-- Found rosidl_adapter: 3.1.4 (/opt/ros/humble/share/rosidl_adapter/cmake)
-- Found rosidl_generator_cpp: 3.1.4 (/opt/ros/humble/share/rosidl_generator_cpp/cmake)
-- Using all available rosidl_typesupport_c: rosidl_typesupport_fastrtps_c;rosidl_typesupport_introspection_c
-- Using all available rosidl_typesupport_cpp: rosidl_typesupport_fastrtps_cpp;rosidl_typesupport_introspection_cpp
-- Found controller_interface: 2.18.0 (/opt/ros/humble/share/controller_interface/cmake)
-- Found rmw_implementation_cmake: 6.1.1 (/opt/ros/humble/share/rmw_implementation_cmake/cmake)
-- Found rmw_fastrtps_cpp: 6.2.2 (/opt/ros/humble/share/rmw_fastrtps_cpp/cmake)
-- Using RMW implementation 'rmw_fastrtps_cpp' as default
-- Found realtime_tools: 2.4.0 (/opt/ros/humble/share/realtime_tools/cmake)
-- Found example_interfaces: 0.9.3 (/opt/ros/humble/share/example_interfaces/cmake)
-- Found ament_lint_auto: 0.12.4 (/opt/ros/humble/share/ament_lint_auto/cmake)
-- Added test 'cppcheck' to perform static code analysis on C / C++ code
-- Configured cppcheck include dirs: $<BUILD_INTERFACE:/home/user/ros2_control_example/src/my_controller/include>
-- Configured cppcheck exclude dirs and/or files: 
-- Added test 'lint_cmake' to check CMake code style
-- Added test 'uncrustify' to check C / C++ code style
-- Configured uncrustify additional arguments: 
-- Added test 'xmllint' to check XML markup files
-- Configuring done
-- Generating done
-- Build files have been written to: /home/user/ros2_control_example/build/my_controller
[35m[1mConsolidate compiler generated dependencies of target my_controller[0m
[100%] Built target my_controller
-- Install configuration: ""
-- Up-to-date: /home/user/ros2_control_example/install/my_controller/share/my_controller/my_controller.xml
-- Up-to-date: /home/user/ros2_control_example/install/my_controller/lib/libmy_controller.so
-- Up-to-date: /home/user/ros2_control_example/install/my_controller/include
-- Up-to-date: /home/user/ros2_control_example/install/my_controller/include/my_controller
-- Up-to-date: /home/user/ros2_control_example/install/my_controller/include/my_controller/my_controller.hpp
-- Up-to-date: /home/user/ros2_control_example/install/my_controller/share/my_controller//config
-- Up-to-date: /home/user/ros2_control_example/install/my_controller/share/my_controller//config/my_controllers_custom.yaml
-- Up-to-date: /home/user/ros2_control_example/install/my_controller/share/my_controller/environment/library_path.sh
-- Installing: /home/user/ros2_control_example/install/my_controller/share/my_controller/environment/library_path.dsv
-- Up-to-date: /home/user/ros2_control_example/install/my_controller/share/ament_index/resource_index/package_run_dependencies/my_controller
-- Up-to-date: /home/user/ros2_control_example/install/my_controller/share/ament_index/resource_index/parent_prefix_path/my_controller
-- Up-to-date: /home/user/ros2_control_example/install/my_controller/share/my_controller/environment/ament_prefix_path.sh
-- Installing: /home/user/ros2_control_example/install/my_controller/share/my_controller/environment/ament_prefix_path.dsv
-- Up-to-date: /home/user/ros2_control_example/install/my_controller/share/my_controller/environment/path.sh
-- Installing: /home/user/ros2_control_example/install/my_controller/share/my_controller/environment/path.dsv
-- Up-to-date: /home/user/ros2_control_example/install/my_controller/share/my_controller/local_setup.bash
-- Up-to-date: /home/user/ros2_control_example/install/my_controller/share/my_controller/local_setup.sh
-- Up-to-date: /home/user/ros2_control_example/install/my_controller/share/my_controller/local_setup.zsh
-- Installing: /home/user/ros2_control_example/install/my_controller/share/my_controller/local_setup.dsv
-- Installing: /home/user/ros2_control_example/install/my_controller/share/my_controller/package.dsv
-- Up-to-date: /home/user/ros2_control_example/install/my_controller/share/ament_index/resource_index/packages/my_controller
-- Up-to-date: /home/user/ros2_control_example/install/my_controller/share/ament_index/resource_index/controller_interface__pluginlib__plugin/my_controller
-- Up-to-date: /home/user/ros2_control_example/install/my_controller/share/my_controller/cmake/ament_cmake_export_include_directories-extras.cmake
-- Up-to-date: /home/user/ros2_control_example/install/my_controller/share/my_controller/cmake/ament_cmake_export_libraries-extras.cmake
-- Up-to-date: /home/user/ros2_control_example/install/my_controller/share/my_controller/cmake/ament_cmake_export_dependencies-extras.cmake
-- Up-to-date: /home/user/ros2_control_example/install/my_controller/share/my_controller/cmake/my_controllerConfig.cmake
-- Up-to-date: /home/user/ros2_control_example/install/my_controller/share/my_controller/cmake/my_controllerConfig-version.cmake
-- Up-to-date: /home/user/ros2_control_example/install/my_controller/share/my_controller/package.xml
