[0.036s] Invoking command in '/home/user/ros2_control_example/build/my_controller': CMAKE_PREFIX_PATH=/opt/ros/humble /usr/bin/cmake --build /home/user/ros2_control_example/build/my_controller -- -j8 -l8
[0.075s] -- Found ament_cmake: 1.3.3 (/opt/ros/humble/share/ament_cmake/cmake)
[0.384s] -- Found control_msgs: 4.1.0 (/opt/ros/humble/share/control_msgs/cmake)
[0.432s] -- Found rosidl_generator_c: 3.1.4 (/opt/ros/humble/share/rosidl_generator_c/cmake)
[0.437s] -- Found rosidl_adapter: 3.1.4 (/opt/ros/humble/share/rosidl_adapter/cmake)
[0.450s] -- Found rosidl_generator_cpp: 3.1.4 (/opt/ros/humble/share/rosidl_generator_cpp/cmake)
[0.471s] -- Using all available rosidl_typesupport_c: rosidl_typesupport_fastrtps_c;rosidl_typesupport_introspection_c
[0.495s] -- Using all available rosidl_typesupport_cpp: rosidl_typesupport_fastrtps_cpp;rosidl_typesupport_introspection_cpp
[1.135s] -- Found controller_interface: 2.18.0 (/opt/ros/humble/share/controller_interface/cmake)
[1.277s] -- Found rmw_implementation_cmake: 6.1.1 (/opt/ros/humble/share/rmw_implementation_cmake/cmake)
[1.282s] -- Found rmw_fastrtps_cpp: 6.2.2 (/opt/ros/humble/share/rmw_fastrtps_cpp/cmake)
[1.421s] -- Using RMW implementation 'rmw_fastrtps_cpp' as default
[1.731s] -- Found realtime_tools: 2.4.0 (/opt/ros/humble/share/realtime_tools/cmake)
[1.779s] -- Found example_interfaces: 0.9.3 (/opt/ros/humble/share/example_interfaces/cmake)
[2.080s] -- Found ament_lint_auto: 0.12.4 (/opt/ros/humble/share/ament_lint_auto/cmake)
[2.449s] -- Added test 'cppcheck' to perform static code analysis on C / C++ code
[2.449s] -- Configured cppcheck include dirs: $<BUILD_INTERFACE:/home/user/ros2_control_example/src/my_controller/include>
[2.449s] -- Configured cppcheck exclude dirs and/or files: 
[2.450s] -- Added test 'lint_cmake' to check CMake code style
[2.452s] -- Added test 'uncrustify' to check C / C++ code style
[2.452s] -- Configured uncrustify additional arguments: 
[2.453s] -- Added test 'xmllint' to check XML markup files
[2.456s] -- Configuring done
[2.486s] -- Generating done
[2.487s] -- Build files have been written to: /home/user/ros2_control_example/build/my_controller
[2.519s] [35m[1mConsolidate compiler generated dependencies of target my_controller[0m
[2.541s] [100%] Built target my_controller
[2.553s] Invoked command in '/home/user/ros2_control_example/build/my_controller' returned '0': CMAKE_PREFIX_PATH=/opt/ros/humble /usr/bin/cmake --build /home/user/ros2_control_example/build/my_controller -- -j8 -l8
[2.577s] Invoking command in '/home/user/ros2_control_example/build/my_controller': CMAKE_PREFIX_PATH=/opt/ros/humble /usr/bin/cmake --install /home/user/ros2_control_example/build/my_controller
[2.584s] -- Install configuration: ""
[2.584s] -- Up-to-date: /home/user/ros2_control_example/install/my_controller/share/my_controller/my_controller.xml
[2.584s] -- Up-to-date: /home/user/ros2_control_example/install/my_controller/lib/libmy_controller.so
[2.584s] -- Up-to-date: /home/user/ros2_control_example/install/my_controller/include
[2.584s] -- Up-to-date: /home/user/ros2_control_example/install/my_controller/include/my_controller
[2.584s] -- Up-to-date: /home/user/ros2_control_example/install/my_controller/include/my_controller/my_controller.hpp
[2.584s] -- Up-to-date: /home/user/ros2_control_example/install/my_controller/share/my_controller//config
[2.584s] -- Up-to-date: /home/user/ros2_control_example/install/my_controller/share/my_controller//config/my_controllers_custom.yaml
[2.584s] -- Up-to-date: /home/user/ros2_control_example/install/my_controller/share/my_controller/environment/library_path.sh
[2.584s] -- Installing: /home/user/ros2_control_example/install/my_controller/share/my_controller/environment/library_path.dsv
[2.584s] -- Up-to-date: /home/user/ros2_control_example/install/my_controller/share/ament_index/resource_index/package_run_dependencies/my_controller
[2.585s] -- Up-to-date: /home/user/ros2_control_example/install/my_controller/share/ament_index/resource_index/parent_prefix_path/my_controller
[2.585s] -- Up-to-date: /home/user/ros2_control_example/install/my_controller/share/my_controller/environment/ament_prefix_path.sh
[2.585s] -- Installing: /home/user/ros2_control_example/install/my_controller/share/my_controller/environment/ament_prefix_path.dsv
[2.585s] -- Up-to-date: /home/user/ros2_control_example/install/my_controller/share/my_controller/environment/path.sh
[2.585s] -- Installing: /home/user/ros2_control_example/install/my_controller/share/my_controller/environment/path.dsv
[2.585s] -- Up-to-date: /home/user/ros2_control_example/install/my_controller/share/my_controller/local_setup.bash
[2.585s] -- Up-to-date: /home/user/ros2_control_example/install/my_controller/share/my_controller/local_setup.sh
[2.585s] -- Up-to-date: /home/user/ros2_control_example/install/my_controller/share/my_controller/local_setup.zsh
[2.585s] -- Installing: /home/user/ros2_control_example/install/my_controller/share/my_controller/local_setup.dsv
[2.585s] -- Installing: /home/user/ros2_control_example/install/my_controller/share/my_controller/package.dsv
[2.585s] -- Up-to-date: /home/user/ros2_control_example/install/my_controller/share/ament_index/resource_index/packages/my_controller
[2.585s] -- Up-to-date: /home/user/ros2_control_example/install/my_controller/share/ament_index/resource_index/controller_interface__pluginlib__plugin/my_controller
[2.585s] -- Up-to-date: /home/user/ros2_control_example/install/my_controller/share/my_controller/cmake/ament_cmake_export_include_directories-extras.cmake
[2.585s] -- Up-to-date: /home/user/ros2_control_example/install/my_controller/share/my_controller/cmake/ament_cmake_export_libraries-extras.cmake
[2.586s] -- Up-to-date: /home/user/ros2_control_example/install/my_controller/share/my_controller/cmake/ament_cmake_export_dependencies-extras.cmake
[2.586s] -- Up-to-date: /home/user/ros2_control_example/install/my_controller/share/my_controller/cmake/my_controllerConfig.cmake
[2.586s] -- Up-to-date: /home/user/ros2_control_example/install/my_controller/share/my_controller/cmake/my_controllerConfig-version.cmake
[2.586s] -- Up-to-date: /home/user/ros2_control_example/install/my_controller/share/my_controller/package.xml
[2.590s] Invoked command in '/home/user/ros2_control_example/build/my_controller' returned '0': CMAKE_PREFIX_PATH=/opt/ros/humble /usr/bin/cmake --install /home/user/ros2_control_example/build/my_controller
