[0.006s] Invoking command in '/home/user/ros2_control_example/build/my_controller2': AMENT_PREFIX_PATH=/home/user/ros2_control_example/install/custom_interfaces:${AMENT_PREFIX_PATH} CMAKE_PREFIX_PATH=/home/user/ros2_control_example/install/custom_interfaces:/opt/ros/humble LD_LIBRARY_PATH=/home/user/ros2_control_example/install/custom_interfaces/lib:${LD_LIBRARY_PATH} PYTHONPATH=/home/user/ros2_control_example/install/custom_interfaces/local/lib/python3.10/dist-packages:${PYTHONPATH} /usr/bin/cmake --build /home/user/ros2_control_example/build/my_controller2 -- -j8 -l8
[0.032s] [35m[1mConsolidate compiler generated dependencies of target my_controller2[0m
[0.045s] [ 50%] [32mBuilding CXX object CMakeFiles/my_controller2.dir/src/my_controller2.cpp.o[0m
[1.805s] [01m[K/home/user/ros2_control_example/src/my_controller2/src/my_controller2.cpp:[m[K In member function ‘[01m[Kvirtual controller_interface::return_type my_controller2::MyController2::update(const rclcpp::Time&, const rclcpp::Duration&)[m[K’:
[1.805s] [01m[K/home/user/ros2_control_example/src/my_controller2/src/my_controller2.cpp:221:47:[m[K [01;35m[Kwarning: [m[Kunused parameter ‘[01m[Ktime[m[K’ [[01;35m[K]8;;https://gcc.gnu.org/onlinedocs/gcc/Warning-Options.html#index-Wunused-parameter-Wunused-parameter]8;;[m[K]
[1.805s]   221 |     MyController2::update([01;35m[Kconst rclcpp::Time &time[m[K,
[1.805s]       |                           [01;35m[K~~~~~~~~~~~~~~~~~~~~^~~~[m[K
[1.805s] [01m[K/home/user/ros2_control_example/src/my_controller2/src/my_controller2.cpp:222:53:[m[K [01;35m[Kwarning: [m[Kunused parameter ‘[01m[Kduration[m[K’ [[01;35m[K]8;;https://gcc.gnu.org/onlinedocs/gcc/Warning-Options.html#index-Wunused-parameter-Wunused-parameter]8;;[m[K]
[1.805s]   222 |                             [01;35m[Kconst rclcpp::Duration &duration[m[K /*period*/) {
[1.805s]       |                             [01;35m[K~~~~~~~~~~~~~~~~~~~~~~~~^~~~~~~~[m[K
[6.717s] [100%] [32m[1mLinking CXX shared library libmy_controller2.so[0m
[7.150s] [100%] Built target my_controller2
[7.156s] Invoked command in '/home/user/ros2_control_example/build/my_controller2' returned '0': AMENT_PREFIX_PATH=/home/user/ros2_control_example/install/custom_interfaces:${AMENT_PREFIX_PATH} CMAKE_PREFIX_PATH=/home/user/ros2_control_example/install/custom_interfaces:/opt/ros/humble LD_LIBRARY_PATH=/home/user/ros2_control_example/install/custom_interfaces/lib:${LD_LIBRARY_PATH} PYTHONPATH=/home/user/ros2_control_example/install/custom_interfaces/local/lib/python3.10/dist-packages:${PYTHONPATH} /usr/bin/cmake --build /home/user/ros2_control_example/build/my_controller2 -- -j8 -l8
[7.170s] Invoking command in '/home/user/ros2_control_example/build/my_controller2': AMENT_PREFIX_PATH=/home/user/ros2_control_example/install/custom_interfaces:${AMENT_PREFIX_PATH} CMAKE_PREFIX_PATH=/home/user/ros2_control_example/install/custom_interfaces:/opt/ros/humble LD_LIBRARY_PATH=/home/user/ros2_control_example/install/custom_interfaces/lib:${LD_LIBRARY_PATH} PYTHONPATH=/home/user/ros2_control_example/install/custom_interfaces/local/lib/python3.10/dist-packages:${PYTHONPATH} /usr/bin/cmake --install /home/user/ros2_control_example/build/my_controller2
[7.175s] -- Install configuration: ""
[7.175s] -- Installing: /home/user/ros2_control_example/install/my_controller2/share/my_controller2/my_controller2.xml
[7.175s] -- Installing: /home/user/ros2_control_example/install/my_controller2/lib/libmy_controller2.so
[7.181s] -- Set runtime path of "/home/user/ros2_control_example/install/my_controller2/lib/libmy_controller2.so" to ""
[7.181s] -- Installing: /home/user/ros2_control_example/install/my_controller2/include
[7.181s] -- Installing: /home/user/ros2_control_example/install/my_controller2/include/my_controller2
[7.181s] -- Installing: /home/user/ros2_control_example/install/my_controller2/include/my_controller2/my_controller2.hpp
[7.181s] -- Installing: /home/user/ros2_control_example/install/my_controller2/share/my_controller2//config
[7.181s] -- Installing: /home/user/ros2_control_example/install/my_controller2/share/my_controller2//config/my_controller2_custom.yaml
[7.181s] -- Installing: /home/user/ros2_control_example/install/my_controller2/share/my_controller2/environment/library_path.sh
[7.181s] -- Installing: /home/user/ros2_control_example/install/my_controller2/share/my_controller2/environment/library_path.dsv
[7.181s] -- Installing: /home/user/ros2_control_example/install/my_controller2/share/ament_index/resource_index/package_run_dependencies/my_controller2
[7.182s] -- Installing: /home/user/ros2_control_example/install/my_controller2/share/ament_index/resource_index/parent_prefix_path/my_controller2
[7.182s] -- Up-to-date: /home/user/ros2_control_example/install/my_controller2/share/my_controller2/environment/ament_prefix_path.sh
[7.182s] -- Installing: /home/user/ros2_control_example/install/my_controller2/share/my_controller2/environment/ament_prefix_path.dsv
[7.182s] -- Up-to-date: /home/user/ros2_control_example/install/my_controller2/share/my_controller2/environment/path.sh
[7.182s] -- Installing: /home/user/ros2_control_example/install/my_controller2/share/my_controller2/environment/path.dsv
[7.182s] -- Up-to-date: /home/user/ros2_control_example/install/my_controller2/share/my_controller2/local_setup.bash
[7.182s] -- Installing: /home/user/ros2_control_example/install/my_controller2/share/my_controller2/local_setup.sh
[7.182s] -- Up-to-date: /home/user/ros2_control_example/install/my_controller2/share/my_controller2/local_setup.zsh
[7.183s] -- Installing: /home/user/ros2_control_example/install/my_controller2/share/my_controller2/local_setup.dsv
[7.183s] -- Installing: /home/user/ros2_control_example/install/my_controller2/share/my_controller2/package.dsv
[7.183s] -- Up-to-date: /home/user/ros2_control_example/install/my_controller2/share/ament_index/resource_index/packages/my_controller2
[7.183s] -- Installing: /home/user/ros2_control_example/install/my_controller2/share/ament_index/resource_index/controller_interface__pluginlib__plugin/my_controller2
[7.183s] -- Installing: /home/user/ros2_control_example/install/my_controller2/share/my_controller2/cmake/ament_cmake_export_include_directories-extras.cmake
[7.183s] -- Installing: /home/user/ros2_control_example/install/my_controller2/share/my_controller2/cmake/ament_cmake_export_libraries-extras.cmake
[7.184s] -- Installing: /home/user/ros2_control_example/install/my_controller2/share/my_controller2/cmake/ament_cmake_export_dependencies-extras.cmake
[7.184s] -- Installing: /home/user/ros2_control_example/install/my_controller2/share/my_controller2/cmake/my_controller2Config.cmake
[7.184s] -- Up-to-date: /home/user/ros2_control_example/install/my_controller2/share/my_controller2/cmake/my_controller2Config-version.cmake
[7.184s] -- Installing: /home/user/ros2_control_example/install/my_controller2/share/my_controller2/package.xml
[7.187s] Invoked command in '/home/user/ros2_control_example/build/my_controller2' returned '0': AMENT_PREFIX_PATH=/home/user/ros2_control_example/install/custom_interfaces:${AMENT_PREFIX_PATH} CMAKE_PREFIX_PATH=/home/user/ros2_control_example/install/custom_interfaces:/opt/ros/humble LD_LIBRARY_PATH=/home/user/ros2_control_example/install/custom_interfaces/lib:${LD_LIBRARY_PATH} PYTHONPATH=/home/user/ros2_control_example/install/custom_interfaces/local/lib/python3.10/dist-packages:${PYTHONPATH} /usr/bin/cmake --install /home/user/ros2_control_example/build/my_controller2
