[0.017s] Invoking command in '/home/user/ros2_control_example/build/my_controller': CMAKE_PREFIX_PATH=/opt/ros/humble /usr/bin/cmake /home/user/ros2_control_example/src/my_controller -DCMAKE_INSTALL_PREFIX=/home/user/ros2_control_example/install/my_controller
[0.066s] -- The C compiler identification is GNU 11.3.0
[0.110s] -- The CXX compiler identification is GNU 11.3.0
[0.118s] -- Detecting C compiler ABI info
[0.163s] -- Detecting C compiler ABI info - done
[0.169s] -- Check for working C compiler: /usr/bin/cc - skipped
[0.169s] -- Detecting C compile features
[0.169s] -- Detecting C compile features - done
[0.172s] -- Detecting CXX compiler ABI info
[0.226s] -- Detecting CXX compiler ABI info - done
[0.232s] -- Check for working CXX compiler: /usr/bin/c++ - skipped
[0.232s] -- Detecting CXX compile features
[0.233s] -- Detecting CXX compile features - done
[0.235s] -- Found ament_cmake: 1.3.3 (/opt/ros/humble/share/ament_cmake/cmake)
[0.407s] -- Found Python3: /usr/bin/python3.10 (found version "3.10.6") found components: Interpreter 
[0.488s] -- Found control_msgs: 4.1.0 (/opt/ros/humble/share/control_msgs/cmake)
[0.527s] -- Found rosidl_generator_c: 3.1.4 (/opt/ros/humble/share/rosidl_generator_c/cmake)
[0.530s] -- Found rosidl_adapter: 3.1.4 (/opt/ros/humble/share/rosidl_adapter/cmake)
[0.538s] -- Found rosidl_generator_cpp: 3.1.4 (/opt/ros/humble/share/rosidl_generator_cpp/cmake)
[0.552s] -- Using all available rosidl_typesupport_c: rosidl_typesupport_fastrtps_c;rosidl_typesupport_introspection_c
[0.569s] -- Using all available rosidl_typesupport_cpp: rosidl_typesupport_fastrtps_cpp;rosidl_typesupport_introspection_cpp
[1.037s] -- Found controller_interface: 2.18.0 (/opt/ros/humble/share/controller_interface/cmake)
[1.151s] -- Found rmw_implementation_cmake: 6.1.1 (/opt/ros/humble/share/rmw_implementation_cmake/cmake)
[1.153s] -- Found rmw_fastrtps_cpp: 6.2.2 (/opt/ros/humble/share/rmw_fastrtps_cpp/cmake)
[1.222s] -- Found OpenSSL: /usr/lib/x86_64-linux-gnu/libcrypto.so (found version "3.0.2")  
[1.244s] -- Found FastRTPS: /opt/ros/humble/include  
[1.290s] -- Using RMW implementation 'rmw_fastrtps_cpp' as default
[1.297s] -- Looking for pthread.h
[1.340s] -- Looking for pthread.h - found
[1.340s] -- Performing Test CMAKE_HAVE_LIBC_PTHREAD
[1.385s] -- Performing Test CMAKE_HAVE_LIBC_PTHREAD - Success
[1.385s] -- Found Threads: TRUE  
[1.596s] -- Found realtime_tools: 2.4.0 (/opt/ros/humble/share/realtime_tools/cmake)
[1.628s] -- Found example_interfaces: 0.9.3 (/opt/ros/humble/share/example_interfaces/cmake)
[1.854s] -- Found ament_lint_auto: 0.12.4 (/opt/ros/humble/share/ament_lint_auto/cmake)
[2.114s] -- Added test 'cppcheck' to perform static code analysis on C / C++ code
[2.114s] -- Configured cppcheck include dirs: $<BUILD_INTERFACE:/home/user/ros2_control_example/src/my_controller/include>
[2.115s] -- Configured cppcheck exclude dirs and/or files: 
[2.115s] -- Added test 'lint_cmake' to check CMake code style
[2.116s] -- Added test 'uncrustify' to check C / C++ code style
[2.116s] -- Configured uncrustify additional arguments: 
[2.116s] -- Added test 'xmllint' to check XML markup files
[2.117s] -- Configuring done
[2.131s] -- Generating done
[2.133s] -- Build files have been written to: /home/user/ros2_control_example/build/my_controller
[2.140s] Invoked command in '/home/user/ros2_control_example/build/my_controller' returned '0': CMAKE_PREFIX_PATH=/opt/ros/humble /usr/bin/cmake /home/user/ros2_control_example/src/my_controller -DCMAKE_INSTALL_PREFIX=/home/user/ros2_control_example/install/my_controller
[2.141s] Invoking command in '/home/user/ros2_control_example/build/my_controller': CMAKE_PREFIX_PATH=/opt/ros/humble /usr/bin/cmake --build /home/user/ros2_control_example/build/my_controller -- -j8 -l8
[2.171s] [ 50%] [32mBuilding CXX object CMakeFiles/my_controller.dir/src/my_controller.cpp.o[0m
[8.860s] [100%] [32m[1mLinking CXX shared library libmy_controller.so[0m
[9.253s] [100%] Built target my_controller
[9.261s] Invoked command in '/home/user/ros2_control_example/build/my_controller' returned '0': CMAKE_PREFIX_PATH=/opt/ros/humble /usr/bin/cmake --build /home/user/ros2_control_example/build/my_controller -- -j8 -l8
[9.274s] Invoking command in '/home/user/ros2_control_example/build/my_controller': CMAKE_PREFIX_PATH=/opt/ros/humble /usr/bin/cmake --install /home/user/ros2_control_example/build/my_controller
[9.278s] -- Install configuration: ""
[9.279s] -- Installing: /home/user/ros2_control_example/install/my_controller/share/my_controller/my_controller.xml
[9.279s] -- Installing: /home/user/ros2_control_example/install/my_controller/lib/libmy_controller.so
[9.286s] -- Set runtime path of "/home/user/ros2_control_example/install/my_controller/lib/libmy_controller.so" to ""
[9.286s] -- Installing: /home/user/ros2_control_example/install/my_controller/include
[9.286s] -- Installing: /home/user/ros2_control_example/install/my_controller/include/my_controller
[9.286s] -- Installing: /home/user/ros2_control_example/install/my_controller/include/my_controller/my_controller.hpp
[9.287s] -- Installing: /home/user/ros2_control_example/install/my_controller/share/my_controller//config
[9.287s] -- Installing: /home/user/ros2_control_example/install/my_controller/share/my_controller//config/my_controllers_custom.yaml
[9.287s] -- Installing: /home/user/ros2_control_example/install/my_controller/share/my_controller/environment/library_path.sh
[9.287s] -- Installing: /home/user/ros2_control_example/install/my_controller/share/my_controller/environment/library_path.dsv
[9.287s] -- Installing: /home/user/ros2_control_example/install/my_controller/share/ament_index/resource_index/package_run_dependencies/my_controller
[9.287s] -- Installing: /home/user/ros2_control_example/install/my_controller/share/ament_index/resource_index/parent_prefix_path/my_controller
[9.287s] -- Installing: /home/user/ros2_control_example/install/my_controller/share/my_controller/environment/ament_prefix_path.sh
[9.287s] -- Installing: /home/user/ros2_control_example/install/my_controller/share/my_controller/environment/ament_prefix_path.dsv
[9.288s] -- Installing: /home/user/ros2_control_example/install/my_controller/share/my_controller/environment/path.sh
[9.288s] -- Installing: /home/user/ros2_control_example/install/my_controller/share/my_controller/environment/path.dsv
[9.288s] -- Installing: /home/user/ros2_control_example/install/my_controller/share/my_controller/local_setup.bash
[9.288s] -- Installing: /home/user/ros2_control_example/install/my_controller/share/my_controller/local_setup.sh
[9.288s] -- Installing: /home/user/ros2_control_example/install/my_controller/share/my_controller/local_setup.zsh
[9.288s] -- Installing: /home/user/ros2_control_example/install/my_controller/share/my_controller/local_setup.dsv
[9.288s] -- Installing: /home/user/ros2_control_example/install/my_controller/share/my_controller/package.dsv
[9.288s] -- Installing: /home/user/ros2_control_example/install/my_controller/share/ament_index/resource_index/packages/my_controller
[9.288s] -- Installing: /home/user/ros2_control_example/install/my_controller/share/ament_index/resource_index/controller_interface__pluginlib__plugin/my_controller
[9.288s] -- Installing: /home/user/ros2_control_example/install/my_controller/share/my_controller/cmake/ament_cmake_export_include_directories-extras.cmake
[9.288s] -- Installing: /home/user/ros2_control_example/install/my_controller/share/my_controller/cmake/ament_cmake_export_libraries-extras.cmake
[9.289s] -- Installing: /home/user/ros2_control_example/install/my_controller/share/my_controller/cmake/ament_cmake_export_dependencies-extras.cmake
[9.289s] -- Installing: /home/user/ros2_control_example/install/my_controller/share/my_controller/cmake/my_controllerConfig.cmake
[9.289s] -- Installing: /home/user/ros2_control_example/install/my_controller/share/my_controller/cmake/my_controllerConfig-version.cmake
[9.289s] -- Installing: /home/user/ros2_control_example/install/my_controller/share/my_controller/package.xml
[9.292s] Invoked command in '/home/user/ros2_control_example/build/my_controller' returned '0': CMAKE_PREFIX_PATH=/opt/ros/humble /usr/bin/cmake --install /home/user/ros2_control_example/build/my_controller
