[0.010s] Invoking command in '/home/user/ros2_control_example/build/my_controller': CMAKE_PREFIX_PATH=/opt/ros/humble /usr/bin/cmake --build /home/user/ros2_control_example/build/my_controller -- -j8 -l8
[0.027s] -- Found ament_cmake: 1.3.3 (/opt/ros/humble/share/ament_cmake/cmake)
[0.144s] -- Found control_msgs: 4.1.0 (/opt/ros/humble/share/control_msgs/cmake)
[0.162s] -- Found rosidl_generator_c: 3.1.4 (/opt/ros/humble/share/rosidl_generator_c/cmake)
[0.164s] -- Found rosidl_adapter: 3.1.4 (/opt/ros/humble/share/rosidl_adapter/cmake)
[0.169s] -- Found rosidl_generator_cpp: 3.1.4 (/opt/ros/humble/share/rosidl_generator_cpp/cmake)
[0.178s] -- Using all available rosidl_typesupport_c: rosidl_typesupport_fastrtps_c;rosidl_typesupport_introspection_c
[0.190s] -- Using all available rosidl_typesupport_cpp: rosidl_typesupport_fastrtps_cpp;rosidl_typesupport_introspection_cpp
[0.649s] -- Found controller_interface: 2.18.0 (/opt/ros/humble/share/controller_interface/cmake)
[0.721s] -- Found rmw_implementation_cmake: 6.1.1 (/opt/ros/humble/share/rmw_implementation_cmake/cmake)
[0.722s] -- Found rmw_fastrtps_cpp: 6.2.2 (/opt/ros/humble/share/rmw_fastrtps_cpp/cmake)
[0.812s] -- Using RMW implementation 'rmw_fastrtps_cpp' as default
[1.017s] -- Found realtime_tools: 2.4.0 (/opt/ros/humble/share/realtime_tools/cmake)
[1.049s] -- Found example_interfaces: 0.9.3 (/opt/ros/humble/share/example_interfaces/cmake)
[1.280s] -- Found ament_lint_auto: 0.12.4 (/opt/ros/humble/share/ament_lint_auto/cmake)
[1.526s] -- Added test 'cppcheck' to perform static code analysis on C / C++ code
[1.526s] -- Configured cppcheck include dirs: $<BUILD_INTERFACE:/home/user/ros2_control_example/src/my_controller/include>
[1.526s] -- Configured cppcheck exclude dirs and/or files: 
[1.526s] -- Added test 'lint_cmake' to check CMake code style
[1.527s] -- Added test 'uncrustify' to check C / C++ code style
[1.527s] -- Configured uncrustify additional arguments: 
[1.527s] -- Added test 'xmllint' to check XML markup files
[1.528s] -- Configuring done
[1.543s] -- Generating done
[1.545s] -- Build files have been written to: /home/user/ros2_control_example/build/my_controller
[1.563s] [35m[1mConsolidate compiler generated dependencies of target my_controller[0m
[1.576s] [100%] Built target my_controller
[1.583s] Invoked command in '/home/user/ros2_control_example/build/my_controller' returned '0': CMAKE_PREFIX_PATH=/opt/ros/humble /usr/bin/cmake --build /home/user/ros2_control_example/build/my_controller -- -j8 -l8
[1.600s] Invoking command in '/home/user/ros2_control_example/build/my_controller': CMAKE_PREFIX_PATH=/opt/ros/humble /usr/bin/cmake --install /home/user/ros2_control_example/build/my_controller
[1.604s] -- Install configuration: ""
[1.604s] -- Up-to-date: /home/user/ros2_control_example/install/my_controller/share/my_controller/my_controller.xml
[1.605s] -- Up-to-date: /home/user/ros2_control_example/install/my_controller/lib/libmy_controller.so
[1.605s] -- Up-to-date: /home/user/ros2_control_example/install/my_controller/include
[1.605s] -- Up-to-date: /home/user/ros2_control_example/install/my_controller/include/my_controller
[1.605s] -- Up-to-date: /home/user/ros2_control_example/install/my_controller/include/my_controller/my_controller.hpp
[1.605s] -- Installing: /home/user/ros2_control_example/install/my_controller/share/my_controller//config
[1.605s] -- Installing: /home/user/ros2_control_example/install/my_controller/share/my_controller//config/my_controllers_custom.yaml
[1.605s] -- Up-to-date: /home/user/ros2_control_example/install/my_controller/share/my_controller/environment/library_path.sh
[1.605s] -- Installing: /home/user/ros2_control_example/install/my_controller/share/my_controller/environment/library_path.dsv
[1.605s] -- Up-to-date: /home/user/ros2_control_example/install/my_controller/share/ament_index/resource_index/package_run_dependencies/my_controller
[1.606s] -- Up-to-date: /home/user/ros2_control_example/install/my_controller/share/ament_index/resource_index/parent_prefix_path/my_controller
[1.606s] -- Up-to-date: /home/user/ros2_control_example/install/my_controller/share/my_controller/environment/ament_prefix_path.sh
[1.606s] -- Installing: /home/user/ros2_control_example/install/my_controller/share/my_controller/environment/ament_prefix_path.dsv
[1.606s] -- Up-to-date: /home/user/ros2_control_example/install/my_controller/share/my_controller/environment/path.sh
[1.606s] -- Installing: /home/user/ros2_control_example/install/my_controller/share/my_controller/environment/path.dsv
[1.606s] -- Up-to-date: /home/user/ros2_control_example/install/my_controller/share/my_controller/local_setup.bash
[1.606s] -- Up-to-date: /home/user/ros2_control_example/install/my_controller/share/my_controller/local_setup.sh
[1.606s] -- Up-to-date: /home/user/ros2_control_example/install/my_controller/share/my_controller/local_setup.zsh
[1.606s] -- Installing: /home/user/ros2_control_example/install/my_controller/share/my_controller/local_setup.dsv
[1.607s] -- Installing: /home/user/ros2_control_example/install/my_controller/share/my_controller/package.dsv
[1.607s] -- Up-to-date: /home/user/ros2_control_example/install/my_controller/share/ament_index/resource_index/packages/my_controller
[1.607s] -- Up-to-date: /home/user/ros2_control_example/install/my_controller/share/ament_index/resource_index/controller_interface__pluginlib__plugin/my_controller
[1.607s] -- Up-to-date: /home/user/ros2_control_example/install/my_controller/share/my_controller/cmake/ament_cmake_export_include_directories-extras.cmake
[1.607s] -- Up-to-date: /home/user/ros2_control_example/install/my_controller/share/my_controller/cmake/ament_cmake_export_libraries-extras.cmake
[1.607s] -- Up-to-date: /home/user/ros2_control_example/install/my_controller/share/my_controller/cmake/ament_cmake_export_dependencies-extras.cmake
[1.607s] -- Up-to-date: /home/user/ros2_control_example/install/my_controller/share/my_controller/cmake/my_controllerConfig.cmake
[1.607s] -- Up-to-date: /home/user/ros2_control_example/install/my_controller/share/my_controller/cmake/my_controllerConfig-version.cmake
[1.607s] -- Up-to-date: /home/user/ros2_control_example/install/my_controller/share/my_controller/package.xml
[1.608s] Invoked command in '/home/user/ros2_control_example/build/my_controller' returned '0': CMAKE_PREFIX_PATH=/opt/ros/humble /usr/bin/cmake --install /home/user/ros2_control_example/build/my_controller
