[0.016s] Invoking command in '/home/user/ros2_control_example/build/custom_interfaces': CMAKE_PREFIX_PATH=/opt/ros/humble /usr/bin/cmake --build /home/user/ros2_control_example/build/custom_interfaces -- -j8 -l8
[0.053s] -- Found ament_cmake: 1.3.3 (/opt/ros/humble/share/ament_cmake/cmake)
[0.229s] -- Found std_msgs: 4.2.2 (/opt/ros/humble/share/std_msgs/cmake)
[0.273s] -- Found rosidl_generator_c: 3.1.4 (/opt/ros/humble/share/rosidl_generator_c/cmake)
[0.277s] -- Found rosidl_adapter: 3.1.4 (/opt/ros/humble/share/rosidl_adapter/cmake)
[0.288s] -- Found rosidl_generator_cpp: 3.1.4 (/opt/ros/humble/share/rosidl_generator_cpp/cmake)
[0.306s] -- Using all available rosidl_typesupport_c: rosidl_typesupport_fastrtps_c;rosidl_typesupport_introspection_c
[0.327s] -- Using all available rosidl_typesupport_cpp: rosidl_typesupport_fastrtps_cpp;rosidl_typesupport_introspection_cpp
[0.385s] -- Found rosidl_default_generators: 1.2.0 (/opt/ros/humble/share/rosidl_default_generators/cmake)
[0.616s] -- Found ament_cmake_ros: 0.10.0 (/opt/ros/humble/share/ament_cmake_ros/cmake)
[0.887s] -- Using all available rosidl_typesupport_c: rosidl_typesupport_fastrtps_c;rosidl_typesupport_introspection_c
[0.990s] -- Using all available rosidl_typesupport_cpp: rosidl_typesupport_fastrtps_cpp;rosidl_typesupport_introspection_cpp
[1.008s] -- Found python_cmake_module: 0.10.0 (/opt/ros/humble/share/python_cmake_module/cmake)
[1.027s] -- Using PYTHON_EXECUTABLE: /usr/bin/python3
[1.027s] -- Using PYTHON_INCLUDE_DIRS: /usr/include/python3.10
[1.027s] -- Using PYTHON_LIBRARIES: /usr/lib/x86_64-linux-gnu/libpython3.10.so
[1.051s] -- Found ament_lint_auto: 0.12.4 (/opt/ros/humble/share/ament_lint_auto/cmake)
[1.077s] -- Added test 'lint_cmake' to check CMake code style
[1.079s] -- Added test 'xmllint' to check XML markup files
[1.081s] -- Configuring done
[1.119s] -- Generating done
[1.121s] -- Build files have been written to: /home/user/ros2_control_example/build/custom_interfaces
[1.138s] [35m[1mConsolidate compiler generated dependencies of target custom_interfaces__rosidl_generator_c[0m
[1.144s] [  2%] Built target custom_interfaces__cpp
[1.145s] [ 12%] Built target custom_interfaces__rosidl_generator_c
[1.152s] [ 12%] Built target ament_cmake_python_copy_custom_interfaces
[1.152s] [35m[1mConsolidate compiler generated dependencies of target custom_interfaces__rosidl_typesupport_fastrtps_cpp[0m
[1.152s] [35m[1mConsolidate compiler generated dependencies of target custom_interfaces__rosidl_typesupport_cpp[0m
[1.153s] [35m[1mConsolidate compiler generated dependencies of target custom_interfaces__rosidl_typesupport_introspection_cpp[0m
[1.153s] [35m[1mConsolidate compiler generated dependencies of target custom_interfaces__rosidl_typesupport_introspection_c[0m
[1.155s] [35m[1mConsolidate compiler generated dependencies of target custom_interfaces__rosidl_typesupport_fastrtps_c[0m
[1.158s] [35m[1mConsolidate compiler generated dependencies of target custom_interfaces__rosidl_typesupport_c[0m
[1.165s] [ 23%] Built target custom_interfaces__rosidl_typesupport_fastrtps_cpp
[1.166s] [ 53%] Built target custom_interfaces__rosidl_typesupport_introspection_cpp
[1.166s] [ 53%] Built target custom_interfaces__rosidl_typesupport_cpp
[1.166s] [ 53%] Built target custom_interfaces__rosidl_typesupport_introspection_c
[1.166s] [ 64%] Built target custom_interfaces__rosidl_typesupport_c
[1.167s] [ 74%] Built target custom_interfaces__rosidl_typesupport_fastrtps_c
[1.179s] [ 74%] Built target custom_interfaces
[1.191s] [ 76%] Built target custom_interfaces__py
[1.198s] [35m[1mConsolidate compiler generated dependencies of target custom_interfaces__rosidl_generator_py[0m
[1.207s] [ 84%] Built target custom_interfaces__rosidl_generator_py
[1.214s] [35m[1mConsolidate compiler generated dependencies of target custom_interfaces__rosidl_typesupport_fastrtps_c__pyext[0m
[1.214s] [35m[1mConsolidate compiler generated dependencies of target custom_interfaces__rosidl_typesupport_c__pyext[0m
[1.214s] [35m[1mConsolidate compiler generated dependencies of target custom_interfaces__rosidl_typesupport_introspection_c__pyext[0m
[1.222s] [ 94%] Built target custom_interfaces__rosidl_typesupport_fastrtps_c__pyext
[1.222s] [ 94%] Built target custom_interfaces__rosidl_typesupport_introspection_c__pyext
[1.223s] [100%] Built target custom_interfaces__rosidl_typesupport_c__pyext
[1.364s] running egg_info
[1.364s] writing custom_interfaces.egg-info/PKG-INFO
[1.364s] writing dependency_links to custom_interfaces.egg-info/dependency_links.txt
[1.365s] writing top-level names to custom_interfaces.egg-info/top_level.txt
[1.366s] reading manifest file 'custom_interfaces.egg-info/SOURCES.txt'
[1.367s] writing manifest file 'custom_interfaces.egg-info/SOURCES.txt'
[1.386s] [100%] Built target ament_cmake_python_build_custom_interfaces_egg
[1.392s] Invoked command in '/home/user/ros2_control_example/build/custom_interfaces' returned '0': CMAKE_PREFIX_PATH=/opt/ros/humble /usr/bin/cmake --build /home/user/ros2_control_example/build/custom_interfaces -- -j8 -l8
[1.428s] Invoking command in '/home/user/ros2_control_example/build/custom_interfaces': CMAKE_PREFIX_PATH=/opt/ros/humble /usr/bin/cmake --install /home/user/ros2_control_example/build/custom_interfaces
[1.432s] -- Install configuration: ""
[1.433s] -- Up-to-date: /home/user/ros2_control_example/install/custom_interfaces/share/ament_index/resource_index/rosidl_interfaces/custom_interfaces
[1.433s] -- Up-to-date: /home/user/ros2_control_example/install/custom_interfaces/include/custom_interfaces/custom_interfaces
[1.433s] -- Up-to-date: /home/user/ros2_control_example/install/custom_interfaces/include/custom_interfaces/custom_interfaces/msg
[1.433s] -- Up-to-date: /home/user/ros2_control_example/install/custom_interfaces/include/custom_interfaces/custom_interfaces/msg/detail
[1.433s] -- Up-to-date: /home/user/ros2_control_example/install/custom_interfaces/include/custom_interfaces/custom_interfaces/msg/detail/controlnote__struct.h
[1.433s] -- Up-to-date: /home/user/ros2_control_example/install/custom_interfaces/include/custom_interfaces/custom_interfaces/msg/detail/controlnote__functions.h
[1.433s] -- Up-to-date: /home/user/ros2_control_example/install/custom_interfaces/include/custom_interfaces/custom_interfaces/msg/detail/multi_link_pos__functions.c
[1.433s] -- Up-to-date: /home/user/ros2_control_example/install/custom_interfaces/include/custom_interfaces/custom_interfaces/msg/detail/controlnote__functions.c
[1.433s] -- Up-to-date: /home/user/ros2_control_example/install/custom_interfaces/include/custom_interfaces/custom_interfaces/msg/detail/multi_link_pos__type_support.h
[1.433s] -- Up-to-date: /home/user/ros2_control_example/install/custom_interfaces/include/custom_interfaces/custom_interfaces/msg/detail/multi_link_pos__functions.h
[1.433s] -- Up-to-date: /home/user/ros2_control_example/install/custom_interfaces/include/custom_interfaces/custom_interfaces/msg/detail/multi_link_pos__struct.h
[1.433s] -- Up-to-date: /home/user/ros2_control_example/install/custom_interfaces/include/custom_interfaces/custom_interfaces/msg/detail/controlnote__type_support.h
[1.433s] -- Up-to-date: /home/user/ros2_control_example/install/custom_interfaces/include/custom_interfaces/custom_interfaces/msg/controlnote.h
[1.433s] -- Up-to-date: /home/user/ros2_control_example/install/custom_interfaces/include/custom_interfaces/custom_interfaces/msg/rosidl_generator_c__visibility_control.h
[1.433s] -- Up-to-date: /home/user/ros2_control_example/install/custom_interfaces/include/custom_interfaces/custom_interfaces/msg/multi_link_pos.h
[1.434s] -- Up-to-date: /home/user/ros2_control_example/install/custom_interfaces/share/custom_interfaces/environment/library_path.sh
[1.434s] -- Installing: /home/user/ros2_control_example/install/custom_interfaces/share/custom_interfaces/environment/library_path.dsv
[1.434s] -- Up-to-date: /home/user/ros2_control_example/install/custom_interfaces/lib/libcustom_interfaces__rosidl_generator_c.so
[1.434s] -- Up-to-date: /home/user/ros2_control_example/install/custom_interfaces/include/custom_interfaces/custom_interfaces
[1.434s] -- Up-to-date: /home/user/ros2_control_example/install/custom_interfaces/include/custom_interfaces/custom_interfaces/msg
[1.434s] -- Up-to-date: /home/user/ros2_control_example/install/custom_interfaces/include/custom_interfaces/custom_interfaces/msg/detail
[1.434s] -- Up-to-date: /home/user/ros2_control_example/install/custom_interfaces/include/custom_interfaces/custom_interfaces/msg/detail/multi_link_pos__rosidl_typesupport_fastrtps_c.h
[1.434s] -- Up-to-date: /home/user/ros2_control_example/install/custom_interfaces/include/custom_interfaces/custom_interfaces/msg/detail/controlnote__rosidl_typesupport_fastrtps_c.h
[1.434s] -- Up-to-date: /home/user/ros2_control_example/install/custom_interfaces/include/custom_interfaces/custom_interfaces/msg/rosidl_typesupport_fastrtps_c__visibility_control.h
[1.434s] -- Up-to-date: /home/user/ros2_control_example/install/custom_interfaces/lib/libcustom_interfaces__rosidl_typesupport_fastrtps_c.so
[1.434s] -- Up-to-date: /home/user/ros2_control_example/install/custom_interfaces/include/custom_interfaces/custom_interfaces
[1.434s] -- Up-to-date: /home/user/ros2_control_example/install/custom_interfaces/include/custom_interfaces/custom_interfaces/msg
[1.434s] -- Up-to-date: /home/user/ros2_control_example/install/custom_interfaces/include/custom_interfaces/custom_interfaces/msg/multi_link_pos.hpp
[1.434s] -- Up-to-date: /home/user/ros2_control_example/install/custom_interfaces/include/custom_interfaces/custom_interfaces/msg/detail
[1.434s] -- Up-to-date: /home/user/ros2_control_example/install/custom_interfaces/include/custom_interfaces/custom_interfaces/msg/detail/controlnote__struct.hpp
[1.434s] -- Up-to-date: /home/user/ros2_control_example/install/custom_interfaces/include/custom_interfaces/custom_interfaces/msg/detail/controlnote__builder.hpp
[1.434s] -- Up-to-date: /home/user/ros2_control_example/install/custom_interfaces/include/custom_interfaces/custom_interfaces/msg/detail/controlnote__traits.hpp
[1.434s] -- Up-to-date: /home/user/ros2_control_example/install/custom_interfaces/include/custom_interfaces/custom_interfaces/msg/detail/multi_link_pos__traits.hpp
[1.435s] -- Up-to-date: /home/user/ros2_control_example/install/custom_interfaces/include/custom_interfaces/custom_interfaces/msg/detail/multi_link_pos__builder.hpp
[1.435s] -- Up-to-date: /home/user/ros2_control_example/install/custom_interfaces/include/custom_interfaces/custom_interfaces/msg/detail/multi_link_pos__struct.hpp
[1.435s] -- Up-to-date: /home/user/ros2_control_example/install/custom_interfaces/include/custom_interfaces/custom_interfaces/msg/controlnote.hpp
[1.435s] -- Up-to-date: /home/user/ros2_control_example/install/custom_interfaces/include/custom_interfaces/custom_interfaces
[1.435s] -- Up-to-date: /home/user/ros2_control_example/install/custom_interfaces/include/custom_interfaces/custom_interfaces/msg
[1.435s] -- Up-to-date: /home/user/ros2_control_example/install/custom_interfaces/include/custom_interfaces/custom_interfaces/msg/detail
[1.435s] -- Up-to-date: /home/user/ros2_control_example/install/custom_interfaces/include/custom_interfaces/custom_interfaces/msg/detail/multi_link_pos__rosidl_typesupport_fastrtps_cpp.hpp
[1.435s] -- Up-to-date: /home/user/ros2_control_example/install/custom_interfaces/include/custom_interfaces/custom_interfaces/msg/detail/controlnote__rosidl_typesupport_fastrtps_cpp.hpp
[1.435s] -- Up-to-date: /home/user/ros2_control_example/install/custom_interfaces/include/custom_interfaces/custom_interfaces/msg/detail/dds_fastrtps
[1.435s] -- Up-to-date: /home/user/ros2_control_example/install/custom_interfaces/include/custom_interfaces/custom_interfaces/msg/rosidl_typesupport_fastrtps_cpp__visibility_control.h
[1.435s] -- Up-to-date: /home/user/ros2_control_example/install/custom_interfaces/lib/libcustom_interfaces__rosidl_typesupport_fastrtps_cpp.so
[1.435s] -- Up-to-date: /home/user/ros2_control_example/install/custom_interfaces/include/custom_interfaces/custom_interfaces
[1.435s] -- Up-to-date: /home/user/ros2_control_example/install/custom_interfaces/include/custom_interfaces/custom_interfaces/msg
[1.435s] -- Up-to-date: /home/user/ros2_control_example/install/custom_interfaces/include/custom_interfaces/custom_interfaces/msg/detail
[1.435s] -- Up-to-date: /home/user/ros2_control_example/install/custom_interfaces/include/custom_interfaces/custom_interfaces/msg/detail/multi_link_pos__rosidl_typesupport_introspection_c.h
[1.435s] -- Up-to-date: /home/user/ros2_control_example/install/custom_interfaces/include/custom_interfaces/custom_interfaces/msg/detail/multi_link_pos__type_support.c
[1.435s] -- Up-to-date: /home/user/ros2_control_example/install/custom_interfaces/include/custom_interfaces/custom_interfaces/msg/detail/controlnote__rosidl_typesupport_introspection_c.h
[1.435s] -- Up-to-date: /home/user/ros2_control_example/install/custom_interfaces/include/custom_interfaces/custom_interfaces/msg/detail/controlnote__type_support.c
[1.435s] -- Up-to-date: /home/user/ros2_control_example/install/custom_interfaces/include/custom_interfaces/custom_interfaces/msg/rosidl_typesupport_introspection_c__visibility_control.h
[1.436s] -- Up-to-date: /home/user/ros2_control_example/install/custom_interfaces/lib/libcustom_interfaces__rosidl_typesupport_introspection_c.so
[1.436s] -- Up-to-date: /home/user/ros2_control_example/install/custom_interfaces/lib/libcustom_interfaces__rosidl_typesupport_c.so
[1.436s] -- Up-to-date: /home/user/ros2_control_example/install/custom_interfaces/include/custom_interfaces/custom_interfaces
[1.436s] -- Up-to-date: /home/user/ros2_control_example/install/custom_interfaces/include/custom_interfaces/custom_interfaces/msg
[1.436s] -- Up-to-date: /home/user/ros2_control_example/install/custom_interfaces/include/custom_interfaces/custom_interfaces/msg/detail
[1.436s] -- Up-to-date: /home/user/ros2_control_example/install/custom_interfaces/include/custom_interfaces/custom_interfaces/msg/detail/multi_link_pos__type_support.cpp
[1.436s] -- Up-to-date: /home/user/ros2_control_example/install/custom_interfaces/include/custom_interfaces/custom_interfaces/msg/detail/multi_link_pos__rosidl_typesupport_introspection_cpp.hpp
[1.436s] -- Up-to-date: /home/user/ros2_control_example/install/custom_interfaces/include/custom_interfaces/custom_interfaces/msg/detail/controlnote__type_support.cpp
[1.436s] -- Up-to-date: /home/user/ros2_control_example/install/custom_interfaces/include/custom_interfaces/custom_interfaces/msg/detail/controlnote__rosidl_typesupport_introspection_cpp.hpp
[1.436s] -- Up-to-date: /home/user/ros2_control_example/install/custom_interfaces/lib/libcustom_interfaces__rosidl_typesupport_introspection_cpp.so
[1.436s] -- Up-to-date: /home/user/ros2_control_example/install/custom_interfaces/lib/libcustom_interfaces__rosidl_typesupport_cpp.so
[1.437s] -- Up-to-date: /home/user/ros2_control_example/install/custom_interfaces/share/custom_interfaces/environment/pythonpath.sh
[1.437s] -- Installing: /home/user/ros2_control_example/install/custom_interfaces/share/custom_interfaces/environment/pythonpath.dsv
[1.437s] -- Up-to-date: /home/user/ros2_control_example/install/custom_interfaces/local/lib/python3.10/dist-packages/custom_interfaces-0.0.0-py3.10.egg-info
[1.437s] -- Installing: /home/user/ros2_control_example/install/custom_interfaces/local/lib/python3.10/dist-packages/custom_interfaces-0.0.0-py3.10.egg-info/SOURCES.txt
[1.437s] -- Installing: /home/user/ros2_control_example/install/custom_interfaces/local/lib/python3.10/dist-packages/custom_interfaces-0.0.0-py3.10.egg-info/dependency_links.txt
[1.437s] -- Installing: /home/user/ros2_control_example/install/custom_interfaces/local/lib/python3.10/dist-packages/custom_interfaces-0.0.0-py3.10.egg-info/PKG-INFO
[1.437s] -- Installing: /home/user/ros2_control_example/install/custom_interfaces/local/lib/python3.10/dist-packages/custom_interfaces-0.0.0-py3.10.egg-info/top_level.txt
[1.437s] -- Up-to-date: /home/user/ros2_control_example/install/custom_interfaces/local/lib/python3.10/dist-packages/custom_interfaces
[1.437s] -- Up-to-date: /home/user/ros2_control_example/install/custom_interfaces/local/lib/python3.10/dist-packages/custom_interfaces/custom_interfaces_s__rosidl_typesupport_fastrtps_c.cpython-310-x86_64-linux-gnu.so
[1.437s] -- Installing: /home/user/ros2_control_example/install/custom_interfaces/local/lib/python3.10/dist-packages/custom_interfaces/__init__.py
[1.437s] -- Up-to-date: /home/user/ros2_control_example/install/custom_interfaces/local/lib/python3.10/dist-packages/custom_interfaces/custom_interfaces_s__rosidl_typesupport_c.cpython-310-x86_64-linux-gnu.so
[1.437s] -- Up-to-date: /home/user/ros2_control_example/install/custom_interfaces/local/lib/python3.10/dist-packages/custom_interfaces/msg
[1.437s] -- Up-to-date: /home/user/ros2_control_example/install/custom_interfaces/local/lib/python3.10/dist-packages/custom_interfaces/msg/_controlnote.py
[1.437s] -- Up-to-date: /home/user/ros2_control_example/install/custom_interfaces/local/lib/python3.10/dist-packages/custom_interfaces/msg/__init__.py
[1.438s] -- Up-to-date: /home/user/ros2_control_example/install/custom_interfaces/local/lib/python3.10/dist-packages/custom_interfaces/msg/_controlnote_s.c
[1.438s] -- Up-to-date: /home/user/ros2_control_example/install/custom_interfaces/local/lib/python3.10/dist-packages/custom_interfaces/msg/_multi_link_pos.py
[1.438s] -- Up-to-date: /home/user/ros2_control_example/install/custom_interfaces/local/lib/python3.10/dist-packages/custom_interfaces/msg/_multi_link_pos_s.c
[1.438s] -- Up-to-date: /home/user/ros2_control_example/install/custom_interfaces/local/lib/python3.10/dist-packages/custom_interfaces/libcustom_interfaces__rosidl_generator_py.so
[1.438s] -- Up-to-date: /home/user/ros2_control_example/install/custom_interfaces/local/lib/python3.10/dist-packages/custom_interfaces/_custom_interfaces_s.ep.rosidl_typesupport_introspection_c.c
[1.438s] -- Up-to-date: /home/user/ros2_control_example/install/custom_interfaces/local/lib/python3.10/dist-packages/custom_interfaces/custom_interfaces_s__rosidl_typesupport_introspection_c.cpython-310-x86_64-linux-gnu.so
[1.438s] -- Up-to-date: /home/user/ros2_control_example/install/custom_interfaces/local/lib/python3.10/dist-packages/custom_interfaces/_custom_interfaces_s.ep.rosidl_typesupport_c.c
[1.438s] -- Up-to-date: /home/user/ros2_control_example/install/custom_interfaces/local/lib/python3.10/dist-packages/custom_interfaces/_custom_interfaces_s.ep.rosidl_typesupport_fastrtps_c.c
[1.460s] Listing '/home/user/ros2_control_example/install/custom_interfaces/local/lib/python3.10/dist-packages/custom_interfaces'...
[1.460s] Compiling '/home/user/ros2_control_example/install/custom_interfaces/local/lib/python3.10/dist-packages/custom_interfaces/__init__.py'...
[1.460s] Listing '/home/user/ros2_control_example/install/custom_interfaces/local/lib/python3.10/dist-packages/custom_interfaces/msg'...
[1.463s] -- Up-to-date: /home/user/ros2_control_example/install/custom_interfaces/local/lib/python3.10/dist-packages/custom_interfaces/custom_interfaces_s__rosidl_typesupport_fastrtps_c.cpython-310-x86_64-linux-gnu.so
[1.463s] -- Up-to-date: /home/user/ros2_control_example/install/custom_interfaces/local/lib/python3.10/dist-packages/custom_interfaces/custom_interfaces_s__rosidl_typesupport_introspection_c.cpython-310-x86_64-linux-gnu.so
[1.464s] -- Up-to-date: /home/user/ros2_control_example/install/custom_interfaces/local/lib/python3.10/dist-packages/custom_interfaces/custom_interfaces_s__rosidl_typesupport_c.cpython-310-x86_64-linux-gnu.so
[1.464s] -- Up-to-date: /home/user/ros2_control_example/install/custom_interfaces/lib/libcustom_interfaces__rosidl_generator_py.so
[1.464s] -- Up-to-date: /home/user/ros2_control_example/install/custom_interfaces/share/custom_interfaces/msg/Controlnote.idl
[1.464s] -- Up-to-date: /home/user/ros2_control_example/install/custom_interfaces/share/custom_interfaces/msg/MultiLinkPos.idl
[1.464s] -- Up-to-date: /home/user/ros2_control_example/install/custom_interfaces/share/custom_interfaces/msg/Controlnote.msg
[1.464s] -- Installing: /home/user/ros2_control_example/install/custom_interfaces/share/custom_interfaces/msg/MultiLinkPos.msg
[1.464s] -- Up-to-date: /home/user/ros2_control_example/install/custom_interfaces/share/ament_index/resource_index/package_run_dependencies/custom_interfaces
[1.464s] -- Up-to-date: /home/user/ros2_control_example/install/custom_interfaces/share/ament_index/resource_index/parent_prefix_path/custom_interfaces
[1.464s] -- Up-to-date: /home/user/ros2_control_example/install/custom_interfaces/share/custom_interfaces/environment/ament_prefix_path.sh
[1.464s] -- Installing: /home/user/ros2_control_example/install/custom_interfaces/share/custom_interfaces/environment/ament_prefix_path.dsv
[1.465s] -- Up-to-date: /home/user/ros2_control_example/install/custom_interfaces/share/custom_interfaces/environment/path.sh
[1.465s] -- Installing: /home/user/ros2_control_example/install/custom_interfaces/share/custom_interfaces/environment/path.dsv
[1.465s] -- Up-to-date: /home/user/ros2_control_example/install/custom_interfaces/share/custom_interfaces/local_setup.bash
[1.465s] -- Up-to-date: /home/user/ros2_control_example/install/custom_interfaces/share/custom_interfaces/local_setup.sh
[1.465s] -- Up-to-date: /home/user/ros2_control_example/install/custom_interfaces/share/custom_interfaces/local_setup.zsh
[1.465s] -- Installing: /home/user/ros2_control_example/install/custom_interfaces/share/custom_interfaces/local_setup.dsv
[1.465s] -- Installing: /home/user/ros2_control_example/install/custom_interfaces/share/custom_interfaces/package.dsv
[1.465s] -- Up-to-date: /home/user/ros2_control_example/install/custom_interfaces/share/ament_index/resource_index/packages/custom_interfaces
[1.465s] -- Up-to-date: /home/user/ros2_control_example/install/custom_interfaces/share/custom_interfaces/cmake/export_custom_interfaces__rosidl_generator_cExport.cmake
[1.465s] -- Up-to-date: /home/user/ros2_control_example/install/custom_interfaces/share/custom_interfaces/cmake/export_custom_interfaces__rosidl_generator_cExport-noconfig.cmake
[1.465s] -- Up-to-date: /home/user/ros2_control_example/install/custom_interfaces/share/custom_interfaces/cmake/export_custom_interfaces__rosidl_typesupport_fastrtps_cExport.cmake
[1.466s] -- Up-to-date: /home/user/ros2_control_example/install/custom_interfaces/share/custom_interfaces/cmake/export_custom_interfaces__rosidl_typesupport_fastrtps_cExport-noconfig.cmake
[1.466s] -- Up-to-date: /home/user/ros2_control_example/install/custom_interfaces/share/custom_interfaces/cmake/export_custom_interfaces__rosidl_generator_cppExport.cmake
[1.466s] -- Up-to-date: /home/user/ros2_control_example/install/custom_interfaces/share/custom_interfaces/cmake/export_custom_interfaces__rosidl_typesupport_fastrtps_cppExport.cmake
[1.466s] -- Up-to-date: /home/user/ros2_control_example/install/custom_interfaces/share/custom_interfaces/cmake/export_custom_interfaces__rosidl_typesupport_fastrtps_cppExport-noconfig.cmake
[1.466s] -- Up-to-date: /home/user/ros2_control_example/install/custom_interfaces/share/custom_interfaces/cmake/custom_interfaces__rosidl_typesupport_introspection_cExport.cmake
[1.466s] -- Up-to-date: /home/user/ros2_control_example/install/custom_interfaces/share/custom_interfaces/cmake/custom_interfaces__rosidl_typesupport_introspection_cExport-noconfig.cmake
[1.466s] -- Up-to-date: /home/user/ros2_control_example/install/custom_interfaces/share/custom_interfaces/cmake/custom_interfaces__rosidl_typesupport_cExport.cmake
[1.466s] -- Up-to-date: /home/user/ros2_control_example/install/custom_interfaces/share/custom_interfaces/cmake/custom_interfaces__rosidl_typesupport_cExport-noconfig.cmake
[1.466s] -- Up-to-date: /home/user/ros2_control_example/install/custom_interfaces/share/custom_interfaces/cmake/custom_interfaces__rosidl_typesupport_introspection_cppExport.cmake
[1.466s] -- Up-to-date: /home/user/ros2_control_example/install/custom_interfaces/share/custom_interfaces/cmake/custom_interfaces__rosidl_typesupport_introspection_cppExport-noconfig.cmake
[1.466s] -- Up-to-date: /home/user/ros2_control_example/install/custom_interfaces/share/custom_interfaces/cmake/custom_interfaces__rosidl_typesupport_cppExport.cmake
[1.466s] -- Up-to-date: /home/user/ros2_control_example/install/custom_interfaces/share/custom_interfaces/cmake/custom_interfaces__rosidl_typesupport_cppExport-noconfig.cmake
[1.467s] -- Up-to-date: /home/user/ros2_control_example/install/custom_interfaces/share/custom_interfaces/cmake/export_custom_interfaces__rosidl_generator_pyExport.cmake
[1.467s] -- Up-to-date: /home/user/ros2_control_example/install/custom_interfaces/share/custom_interfaces/cmake/export_custom_interfaces__rosidl_generator_pyExport-noconfig.cmake
[1.467s] -- Up-to-date: /home/user/ros2_control_example/install/custom_interfaces/share/custom_interfaces/cmake/rosidl_cmake-extras.cmake
[1.467s] -- Up-to-date: /home/user/ros2_control_example/install/custom_interfaces/share/custom_interfaces/cmake/ament_cmake_export_dependencies-extras.cmake
[1.467s] -- Up-to-date: /home/user/ros2_control_example/install/custom_interfaces/share/custom_interfaces/cmake/ament_cmake_export_include_directories-extras.cmake
[1.467s] -- Up-to-date: /home/user/ros2_control_example/install/custom_interfaces/share/custom_interfaces/cmake/ament_cmake_export_libraries-extras.cmake
[1.467s] -- Up-to-date: /home/user/ros2_control_example/install/custom_interfaces/share/custom_interfaces/cmake/ament_cmake_export_targets-extras.cmake
[1.467s] -- Up-to-date: /home/user/ros2_control_example/install/custom_interfaces/share/custom_interfaces/cmake/rosidl_cmake_export_typesupport_targets-extras.cmake
[1.467s] -- Up-to-date: /home/user/ros2_control_example/install/custom_interfaces/share/custom_interfaces/cmake/rosidl_cmake_export_typesupport_libraries-extras.cmake
[1.469s] -- Up-to-date: /home/user/ros2_control_example/install/custom_interfaces/share/custom_interfaces/cmake/custom_interfacesConfig.cmake
[1.470s] -- Up-to-date: /home/user/ros2_control_example/install/custom_interfaces/share/custom_interfaces/cmake/custom_interfacesConfig-version.cmake
[1.470s] -- Up-to-date: /home/user/ros2_control_example/install/custom_interfaces/share/custom_interfaces/package.xml
[1.470s] Invoked command in '/home/user/ros2_control_example/build/custom_interfaces' returned '0': CMAKE_PREFIX_PATH=/opt/ros/humble /usr/bin/cmake --install /home/user/ros2_control_example/build/custom_interfaces
