[0.018s] Invoking command in '/home/user/ros2_control_example/build/my_controller': CMAKE_PREFIX_PATH=${CMAKE_PREFIX_PATH}:/opt/ros/humble /usr/bin/cmake --build /home/user/ros2_control_example/build/my_controller -- -j8 -l8
[0.086s] [100%] Built target my_controller
[0.181s] Invoked command in '/home/user/ros2_control_example/build/my_controller' returned '0': CMAKE_PREFIX_PATH=${CMAKE_PREFIX_PATH}:/opt/ros/humble /usr/bin/cmake --build /home/user/ros2_control_example/build/my_controller -- -j8 -l8
[0.206s] Invoking command in '/home/user/ros2_control_example/build/my_controller': CMAKE_PREFIX_PATH=${CMAKE_PREFIX_PATH}:/opt/ros/humble /usr/bin/cmake --install /home/user/ros2_control_example/build/my_controller
[0.214s] -- Install configuration: ""
[0.215s] -- Up-to-date: /home/user/ros2_control_example/install/my_controller/share/my_controller/my_controller.xml
[0.215s] -- Up-to-date: /home/user/ros2_control_example/install/my_controller/lib/libmy_controller.so
[0.215s] -- Up-to-date: /home/user/ros2_control_example/install/my_controller/include
[0.216s] -- Up-to-date: /home/user/ros2_control_example/install/my_controller/include/my_controller
[0.216s] -- Up-to-date: /home/user/ros2_control_example/install/my_controller/include/my_controller/my_controller.hpp
[0.216s] -- Up-to-date: /home/user/ros2_control_example/install/my_controller/share/my_controller//config
[0.217s] -- Up-to-date: /home/user/ros2_control_example/install/my_controller/share/my_controller//config/my_controllers_custom.yaml
[0.217s] -- Up-to-date: /home/user/ros2_control_example/install/my_controller/share/my_controller/environment/library_path.sh
[0.217s] -- Up-to-date: /home/user/ros2_control_example/install/my_controller/share/my_controller/environment/library_path.dsv
[0.217s] -- Up-to-date: /home/user/ros2_control_example/install/my_controller/share/ament_index/resource_index/package_run_dependencies/my_controller
[0.220s] -- Up-to-date: /home/user/ros2_control_example/install/my_controller/share/ament_index/resource_index/parent_prefix_path/my_controller
[0.220s] -- Up-to-date: /home/user/ros2_control_example/install/my_controller/share/my_controller/environment/ament_prefix_path.sh
[0.221s] -- Up-to-date: /home/user/ros2_control_example/install/my_controller/share/my_controller/environment/ament_prefix_path.dsv
[0.221s] -- Up-to-date: /home/user/ros2_control_example/install/my_controller/share/my_controller/environment/path.sh
[0.222s] -- Up-to-date: /home/user/ros2_control_example/install/my_controller/share/my_controller/environment/path.dsv
[0.222s] -- Up-to-date: /home/user/ros2_control_example/install/my_controller/share/my_controller/local_setup.bash
[0.223s] -- Up-to-date: /home/user/ros2_control_example/install/my_controller/share/my_controller/local_setup.sh
[0.223s] -- Up-to-date: /home/user/ros2_control_example/install/my_controller/share/my_controller/local_setup.zsh
[0.223s] -- Up-to-date: /home/user/ros2_control_example/install/my_controller/share/my_controller/local_setup.dsv
[0.223s] -- Installing: /home/user/ros2_control_example/install/my_controller/share/my_controller/package.dsv
[0.223s] -- Up-to-date: /home/user/ros2_control_example/install/my_controller/share/ament_index/resource_index/packages/my_controller
[0.224s] -- Up-to-date: /home/user/ros2_control_example/install/my_controller/share/ament_index/resource_index/controller_interface__pluginlib__plugin/my_controller
[0.224s] -- Up-to-date: /home/user/ros2_control_example/install/my_controller/share/my_controller/cmake/ament_cmake_export_include_directories-extras.cmake
[0.227s] -- Up-to-date: /home/user/ros2_control_example/install/my_controller/share/my_controller/cmake/ament_cmake_export_libraries-extras.cmake
[0.227s] -- Up-to-date: /home/user/ros2_control_example/install/my_controller/share/my_controller/cmake/ament_cmake_export_dependencies-extras.cmake
[0.228s] -- Up-to-date: /home/user/ros2_control_example/install/my_controller/share/my_controller/cmake/my_controllerConfig.cmake
[0.228s] -- Up-to-date: /home/user/ros2_control_example/install/my_controller/share/my_controller/cmake/my_controllerConfig-version.cmake
[0.229s] -- Up-to-date: /home/user/ros2_control_example/install/my_controller/share/my_controller/package.xml
[0.238s] Invoked command in '/home/user/ros2_control_example/build/my_controller' returned '0': CMAKE_PREFIX_PATH=${CMAKE_PREFIX_PATH}:/opt/ros/humble /usr/bin/cmake --install /home/user/ros2_control_example/build/my_controller
