[35m[1mConsolidate compiler generated dependencies of target my_controller2[0m
[100%] Built target my_controller2
-- Install configuration: ""
-- Up-to-date: /home/user/ros2_control_example/install/my_controller2/share/my_controller2/my_controller2.xml
-- Up-to-date: /home/user/ros2_control_example/install/my_controller2/lib/libmy_controller2.so
-- Up-to-date: /home/user/ros2_control_example/install/my_controller2/include
-- Up-to-date: /home/user/ros2_control_example/install/my_controller2/include/my_controller2
-- Up-to-date: /home/user/ros2_control_example/install/my_controller2/include/my_controller2/my_controller2.hpp
-- Up-to-date: /home/user/ros2_control_example/install/my_controller2/share/my_controller2//config
-- Installing: /home/user/ros2_control_example/install/my_controller2/share/my_controller2//config/my_controller2_custom.yaml
-- Up-to-date: /home/user/ros2_control_example/install/my_controller2/share/my_controller2/environment/library_path.sh
-- Up-to-date: /home/user/ros2_control_example/install/my_controller2/share/my_controller2/environment/library_path.dsv
-- Up-to-date: /home/user/ros2_control_example/install/my_controller2/share/ament_index/resource_index/package_run_dependencies/my_controller2
-- Up-to-date: /home/user/ros2_control_example/install/my_controller2/share/ament_index/resource_index/parent_prefix_path/my_controller2
-- Up-to-date: /home/user/ros2_control_example/install/my_controller2/share/my_controller2/environment/ament_prefix_path.sh
-- Up-to-date: /home/user/ros2_control_example/install/my_controller2/share/my_controller2/environment/ament_prefix_path.dsv
-- Up-to-date: /home/user/ros2_control_example/install/my_controller2/share/my_controller2/environment/path.sh
-- Up-to-date: /home/user/ros2_control_example/install/my_controller2/share/my_controller2/environment/path.dsv
-- Up-to-date: /home/user/ros2_control_example/install/my_controller2/share/my_controller2/local_setup.bash
-- Up-to-date: /home/user/ros2_control_example/install/my_controller2/share/my_controller2/local_setup.sh
-- Up-to-date: /home/user/ros2_control_example/install/my_controller2/share/my_controller2/local_setup.zsh
-- Up-to-date: /home/user/ros2_control_example/install/my_controller2/share/my_controller2/local_setup.dsv
-- Installing: /home/user/ros2_control_example/install/my_controller2/share/my_controller2/package.dsv
-- Up-to-date: /home/user/ros2_control_example/install/my_controller2/share/ament_index/resource_index/packages/my_controller2
-- Up-to-date: /home/user/ros2_control_example/install/my_controller2/share/ament_index/resource_index/controller_interface__pluginlib__plugin/my_controller2
-- Up-to-date: /home/user/ros2_control_example/install/my_controller2/share/my_controller2/cmake/ament_cmake_export_include_directories-extras.cmake
-- Up-to-date: /home/user/ros2_control_example/install/my_controller2/share/my_controller2/cmake/ament_cmake_export_libraries-extras.cmake
-- Up-to-date: /home/user/ros2_control_example/install/my_controller2/share/my_controller2/cmake/ament_cmake_export_dependencies-extras.cmake
-- Up-to-date: /home/user/ros2_control_example/install/my_controller2/share/my_controller2/cmake/my_controller2Config.cmake
-- Up-to-date: /home/user/ros2_control_example/install/my_controller2/share/my_controller2/cmake/my_controller2Config-version.cmake
-- Up-to-date: /home/user/ros2_control_example/install/my_controller2/share/my_controller2/package.xml
