[0.024s] Invoking command in '/home/user/ros2_control_example/build/robot_model': CMAKE_PREFIX_PATH=/opt/ros/humble /usr/bin/cmake /home/user/ros2_control_example/src/robot_model -DCMAKE_INSTALL_PREFIX=/home/user/ros2_control_example/install/robot_model
[0.231s] -- The C compiler identification is GNU 11.3.0
[0.404s] -- The CXX compiler identification is GNU 11.3.0
[0.418s] -- Detecting C compiler ABI info
[0.463s] -- Detecting C compiler ABI info - done
[0.469s] -- Check for working C compiler: /usr/bin/cc - skipped
[0.470s] -- Detecting C compile features
[0.471s] -- Detecting C compile features - done
[0.474s] -- Detecting CXX compiler ABI info
[0.524s] -- Detecting CXX compiler ABI info - done
[0.530s] -- Check for working CXX compiler: /usr/bin/c++ - skipped
[0.530s] -- Detecting CXX compile features
[0.531s] -- Detecting CXX compile features - done
[0.545s] -- Found ament_cmake: 1.3.3 (/opt/ros/humble/share/ament_cmake/cmake)
[0.679s] -- Found Python3: /usr/bin/python3.10 (found version "3.10.6") found components: Interpreter 
[0.811s] -- Found ament_lint_auto: 0.12.4 (/opt/ros/humble/share/ament_lint_auto/cmake)
[0.910s] -- Added test 'flake8' to check Python code syntax and style conventions
[0.912s] -- Added test 'lint_cmake' to check CMake code style
[0.914s] -- Added test 'pep257' to check Python code against some of the docstring style conventions in PEP 257
[0.918s] -- Added test 'xmllint' to check XML markup files
[0.923s] -- Configuring done
[0.931s] -- Generating done
[0.932s] -- Build files have been written to: /home/user/ros2_control_example/build/robot_model
[0.935s] Invoked command in '/home/user/ros2_control_example/build/robot_model' returned '0': CMAKE_PREFIX_PATH=/opt/ros/humble /usr/bin/cmake /home/user/ros2_control_example/src/robot_model -DCMAKE_INSTALL_PREFIX=/home/user/ros2_control_example/install/robot_model
[0.936s] Invoking command in '/home/user/ros2_control_example/build/robot_model': CMAKE_PREFIX_PATH=/opt/ros/humble /usr/bin/cmake --build /home/user/ros2_control_example/build/robot_model -- -j8 -l8
[0.958s] Invoked command in '/home/user/ros2_control_example/build/robot_model' returned '0': CMAKE_PREFIX_PATH=/opt/ros/humble /usr/bin/cmake --build /home/user/ros2_control_example/build/robot_model -- -j8 -l8
[0.974s] Invoking command in '/home/user/ros2_control_example/build/robot_model': CMAKE_PREFIX_PATH=/opt/ros/humble /usr/bin/cmake --install /home/user/ros2_control_example/build/robot_model
[0.979s] -- Install configuration: ""
[0.979s] -- Installing: /home/user/ros2_control_example/install/robot_model/share/ament_index/resource_index/package_run_dependencies/robot_model
[0.979s] -- Installing: /home/user/ros2_control_example/install/robot_model/share/ament_index/resource_index/parent_prefix_path/robot_model
[0.979s] -- Installing: /home/user/ros2_control_example/install/robot_model/share/robot_model/environment/ament_prefix_path.sh
[0.979s] -- Installing: /home/user/ros2_control_example/install/robot_model/share/robot_model/environment/ament_prefix_path.dsv
[0.979s] -- Installing: /home/user/ros2_control_example/install/robot_model/share/robot_model/environment/path.sh
[0.979s] -- Installing: /home/user/ros2_control_example/install/robot_model/share/robot_model/environment/path.dsv
[0.979s] -- Installing: /home/user/ros2_control_example/install/robot_model/share/robot_model/local_setup.bash
[0.979s] -- Installing: /home/user/ros2_control_example/install/robot_model/share/robot_model/local_setup.sh
[0.979s] -- Installing: /home/user/ros2_control_example/install/robot_model/share/robot_model/local_setup.zsh
[0.979s] -- Installing: /home/user/ros2_control_example/install/robot_model/share/robot_model/local_setup.dsv
[0.979s] -- Installing: /home/user/ros2_control_example/install/robot_model/share/robot_model/package.dsv
[0.980s] -- Installing: /home/user/ros2_control_example/install/robot_model/share/ament_index/resource_index/packages/robot_model
[0.980s] -- Installing: /home/user/ros2_control_example/install/robot_model/share/robot_model/cmake/robot_modelConfig.cmake
[0.980s] -- Installing: /home/user/ros2_control_example/install/robot_model/share/robot_model/cmake/robot_modelConfig-version.cmake
[0.980s] -- Installing: /home/user/ros2_control_example/install/robot_model/share/robot_model/package.xml
[0.981s] Invoked command in '/home/user/ros2_control_example/build/robot_model' returned '0': CMAKE_PREFIX_PATH=/opt/ros/humble /usr/bin/cmake --install /home/user/ros2_control_example/build/robot_model
