[0.016s] Invoking command in '/home/user/ros2_control_example/build/multi_link_controller': CMAKE_PREFIX_PATH=/home/user/ros2_control_example/install/custom_interfaces:/home/user/ros2_control_example/install/robot_model:/home/user/ros2_control_example/install/my_controller2:/home/user/ros2_control_example/install/my_controller:/home/user/ros2_control_example/install/multi_link_controller:/opt/ros/humble LD_LIBRARY_PATH=/home/user/ros2_control_example/install/custom_interfaces/lib:/home/user/ros2_control_example/install/my_controller2/lib:/home/user/ros2_control_example/install/my_controller/lib:/home/user/ros2_control_example/install/multi_link_controller/lib:/usr/lib/x86_64-linux-gnu/gazebo-11/plugins:/opt/ros/humble/opt/rviz_ogre_vendor/lib:/opt/ros/humble/lib/x86_64-linux-gnu:/opt/ros/humble/lib /usr/bin/cmake --build /home/user/ros2_control_example/build/multi_link_controller -- -j8 -l8
[0.048s] [35m[1mConsolidate compiler generated dependencies of target multi_link_controller[0m
[0.060s] [ 50%] [32mBuilding CXX object CMakeFiles/multi_link_controller.dir/src/multi_link_controller.cpp.o[0m
[2.198s] [01m[K/home/user/ros2_control_example/src/multi_link_controller/src/multi_link_controller.cpp:[m[K In member function ‘[01m[Kvirtual controller_interface::return_type multi_link_controller::MultiLinkController::update(const rclcpp::Time&, const rclcpp::Duration&)[m[K’:
[2.198s] [01m[K/home/user/ros2_control_example/src/multi_link_controller/src/multi_link_controller.cpp:240:53:[m[K [01;35m[Kwarning: [m[Kunused parameter ‘[01m[Ktime[m[K’ [[01;35m[K]8;;https://gcc.gnu.org/onlinedocs/gcc/Warning-Options.html#index-Wunused-parameter-Wunused-parameter]8;;[m[K]
[2.198s]   240 |     MultiLinkController::update([01;35m[Kconst rclcpp::Time &time[m[K,
[2.198s]       |                                 [01;35m[K~~~~~~~~~~~~~~~~~~~~^~~~[m[K
[8.710s] [100%] [32m[1mLinking CXX shared library libmulti_link_controller.so[0m
[9.305s] [100%] Built target multi_link_controller
[9.315s] Invoked command in '/home/user/ros2_control_example/build/multi_link_controller' returned '0': CMAKE_PREFIX_PATH=/home/user/ros2_control_example/install/custom_interfaces:/home/user/ros2_control_example/install/robot_model:/home/user/ros2_control_example/install/my_controller2:/home/user/ros2_control_example/install/my_controller:/home/user/ros2_control_example/install/multi_link_controller:/opt/ros/humble LD_LIBRARY_PATH=/home/user/ros2_control_example/install/custom_interfaces/lib:/home/user/ros2_control_example/install/my_controller2/lib:/home/user/ros2_control_example/install/my_controller/lib:/home/user/ros2_control_example/install/multi_link_controller/lib:/usr/lib/x86_64-linux-gnu/gazebo-11/plugins:/opt/ros/humble/opt/rviz_ogre_vendor/lib:/opt/ros/humble/lib/x86_64-linux-gnu:/opt/ros/humble/lib /usr/bin/cmake --build /home/user/ros2_control_example/build/multi_link_controller -- -j8 -l8
[9.332s] Invoking command in '/home/user/ros2_control_example/build/multi_link_controller': CMAKE_PREFIX_PATH=/home/user/ros2_control_example/install/custom_interfaces:/home/user/ros2_control_example/install/robot_model:/home/user/ros2_control_example/install/my_controller2:/home/user/ros2_control_example/install/my_controller:/home/user/ros2_control_example/install/multi_link_controller:/opt/ros/humble LD_LIBRARY_PATH=/home/user/ros2_control_example/install/custom_interfaces/lib:/home/user/ros2_control_example/install/my_controller2/lib:/home/user/ros2_control_example/install/my_controller/lib:/home/user/ros2_control_example/install/multi_link_controller/lib:/usr/lib/x86_64-linux-gnu/gazebo-11/plugins:/opt/ros/humble/opt/rviz_ogre_vendor/lib:/opt/ros/humble/lib/x86_64-linux-gnu:/opt/ros/humble/lib /usr/bin/cmake --install /home/user/ros2_control_example/build/multi_link_controller
[9.337s] -- Install configuration: ""
[9.337s] -- Up-to-date: /home/user/ros2_control_example/install/multi_link_controller/share/multi_link_controller/multi_link_controller.xml
[9.337s] -- Installing: /home/user/ros2_control_example/install/multi_link_controller/lib/libmulti_link_controller.so
[9.345s] -- Set runtime path of "/home/user/ros2_control_example/install/multi_link_controller/lib/libmulti_link_controller.so" to ""
[9.345s] -- Up-to-date: /home/user/ros2_control_example/install/multi_link_controller/include
[9.346s] -- Up-to-date: /home/user/ros2_control_example/install/multi_link_controller/include/multi_link_controller
[9.346s] -- Installing: /home/user/ros2_control_example/install/multi_link_controller/include/multi_link_controller/multi_link_controller.hpp
[9.346s] -- Up-to-date: /home/user/ros2_control_example/install/multi_link_controller/share/multi_link_controller//config
[9.346s] -- Up-to-date: /home/user/ros2_control_example/install/multi_link_controller/share/multi_link_controller//config/multi_link_controller_custom.yaml
[9.346s] -- Up-to-date: /home/user/ros2_control_example/install/multi_link_controller/share/multi_link_controller/environment/library_path.sh
[9.346s] -- Up-to-date: /home/user/ros2_control_example/install/multi_link_controller/share/multi_link_controller/environment/library_path.dsv
[9.346s] -- Up-to-date: /home/user/ros2_control_example/install/multi_link_controller/share/ament_index/resource_index/package_run_dependencies/multi_link_controller
[9.346s] -- Up-to-date: /home/user/ros2_control_example/install/multi_link_controller/share/ament_index/resource_index/parent_prefix_path/multi_link_controller
[9.346s] -- Up-to-date: /home/user/ros2_control_example/install/multi_link_controller/share/multi_link_controller/environment/ament_prefix_path.sh
[9.346s] -- Up-to-date: /home/user/ros2_control_example/install/multi_link_controller/share/multi_link_controller/environment/ament_prefix_path.dsv
[9.346s] -- Up-to-date: /home/user/ros2_control_example/install/multi_link_controller/share/multi_link_controller/environment/path.sh
[9.346s] -- Up-to-date: /home/user/ros2_control_example/install/multi_link_controller/share/multi_link_controller/environment/path.dsv
[9.346s] -- Up-to-date: /home/user/ros2_control_example/install/multi_link_controller/share/multi_link_controller/local_setup.bash
[9.346s] -- Up-to-date: /home/user/ros2_control_example/install/multi_link_controller/share/multi_link_controller/local_setup.sh
[9.347s] -- Up-to-date: /home/user/ros2_control_example/install/multi_link_controller/share/multi_link_controller/local_setup.zsh
[9.347s] -- Up-to-date: /home/user/ros2_control_example/install/multi_link_controller/share/multi_link_controller/local_setup.dsv
[9.347s] -- Installing: /home/user/ros2_control_example/install/multi_link_controller/share/multi_link_controller/package.dsv
[9.347s] -- Up-to-date: /home/user/ros2_control_example/install/multi_link_controller/share/ament_index/resource_index/packages/multi_link_controller
[9.347s] -- Up-to-date: /home/user/ros2_control_example/install/multi_link_controller/share/ament_index/resource_index/controller_interface__pluginlib__plugin/multi_link_controller
[9.347s] -- Up-to-date: /home/user/ros2_control_example/install/multi_link_controller/share/multi_link_controller/cmake/ament_cmake_export_include_directories-extras.cmake
[9.349s] -- Up-to-date: /home/user/ros2_control_example/install/multi_link_controller/share/multi_link_controller/cmake/ament_cmake_export_libraries-extras.cmake
[9.349s] -- Up-to-date: /home/user/ros2_control_example/install/multi_link_controller/share/multi_link_controller/cmake/ament_cmake_export_dependencies-extras.cmake
[9.349s] -- Up-to-date: /home/user/ros2_control_example/install/multi_link_controller/share/multi_link_controller/cmake/multi_link_controllerConfig.cmake
[9.349s] -- Up-to-date: /home/user/ros2_control_example/install/multi_link_controller/share/multi_link_controller/cmake/multi_link_controllerConfig-version.cmake
[9.350s] -- Up-to-date: /home/user/ros2_control_example/install/multi_link_controller/share/multi_link_controller/package.xml
[9.350s] Invoked command in '/home/user/ros2_control_example/build/multi_link_controller' returned '0': CMAKE_PREFIX_PATH=/home/user/ros2_control_example/install/custom_interfaces:/home/user/ros2_control_example/install/robot_model:/home/user/ros2_control_example/install/my_controller2:/home/user/ros2_control_example/install/my_controller:/home/user/ros2_control_example/install/multi_link_controller:/opt/ros/humble LD_LIBRARY_PATH=/home/user/ros2_control_example/install/custom_interfaces/lib:/home/user/ros2_control_example/install/my_controller2/lib:/home/user/ros2_control_example/install/my_controller/lib:/home/user/ros2_control_example/install/multi_link_controller/lib:/usr/lib/x86_64-linux-gnu/gazebo-11/plugins:/opt/ros/humble/opt/rviz_ogre_vendor/lib:/opt/ros/humble/lib/x86_64-linux-gnu:/opt/ros/humble/lib /usr/bin/cmake --install /home/user/ros2_control_example/build/multi_link_controller
