In file included from [01m[K/opt/ros/humble/include/rclcpp_lifecycle/rclcpp_lifecycle/lifecycle_node.hpp:996[m[K,
                 from [01m[K/opt/ros/humble/include/controller_interface/controller_interface_base.hpp:29[m[K,
                 from [01m[K/opt/ros/humble/include/controller_interface/controller_interface.hpp:22[m[K,
                 from [01m[K/home/user/ros2_control_example/src/multi_interface_forward_controller/include/multi_interface_forward_controller/multi_interface_forward_controller.hpp:22[m[K,
                 from [01m[K/home/user/ros2_control_example/src/multi_interface_forward_controller/src/multi_interface_forward_controller.cpp:15[m[K:
/opt/ros/humble/include/rclcpp_lifecycle/rclcpp_lifecycle/lifecycle_node_impl.hpp: In instantiation of ‘[01m[Kauto rclcpp_lifecycle::LifecycleNode::declare_parameter(const string&, const ParameterT&, const ParameterDescriptor&, bool) [with ParameterT = std::vector<std::vector<std::__cxx11::basic_string<char> > >; std::string = std::__cxx11::basic_string<char>; rcl_interfaces::msg::ParameterDescriptor = rcl_interfaces::msg::ParameterDescriptor_<std::allocator<void> >][m[K’:
[01m[K/opt/ros/humble/include/controller_interface/controller_interface_base.hpp:171:50:[m[K   required from ‘[01m[Kauto controller_interface::ControllerInterfaceBase::auto_declare(const string&, const ParameterT&) [with ParameterT = std::vector<std::vector<std::__cxx11::basic_string<char> > >; std::string = std::__cxx11::basic_string<char>][m[K’
[01m[K/home/user/ros2_control_example/src/multi_interface_forward_controller/src/multi_interface_forward_controller.cpp:36:25:[m[K   required from here
[01m[K/opt/ros/humble/include/rclcpp_lifecycle/rclcpp_lifecycle/lifecycle_node_impl.hpp:186:13:[m[K [01;31m[Kerror: [m[Kno matching function for call to ‘[01m[Krclcpp::ParameterValue::ParameterValue(const std::vector<std::vector<std::__cxx11::basic_string<char> > >&)[m[K’
  186 |     rclcpp::[01;31m[KParameterValue(default_value)[m[K,
      |             [01;31m[K^~~~~~~~~~~~~~~~~~~~~~~~~~~~~[m[K
In file included from [01m[K/opt/ros/humble/include/rclcpp/rclcpp/parameter.hpp:26[m[K,
                 from [01m[K/opt/ros/humble/include/rclcpp/rclcpp/node_interfaces/node_parameters_interface.hpp:28[m[K,
                 from [01m[K/opt/ros/humble/include/rclcpp/rclcpp/node.hpp:54[m[K,
                 from [01m[K/opt/ros/humble/include/rclcpp/rclcpp/executors/single_threaded_executor.hpp:28[m[K,
                 from [01m[K/opt/ros/humble/include/rclcpp/rclcpp/executors.hpp:22[m[K,
                 from [01m[K/opt/ros/humble/include/rclcpp/rclcpp/rclcpp.hpp:155[m[K,
                 from [01m[K/opt/ros/humble/include/controller_interface/controller_interface_base.hpp:28[m[K,
                 from [01m[K/opt/ros/humble/include/controller_interface/controller_interface.hpp:22[m[K,
                 from [01m[K/home/user/ros2_control_example/src/multi_interface_forward_controller/include/multi_interface_forward_controller/multi_interface_forward_controller.hpp:22[m[K,
                 from [01m[K/home/user/ros2_control_example/src/multi_interface_forward_controller/src/multi_interface_forward_controller.cpp:15[m[K:
[01m[K/opt/ros/humble/include/rclcpp/rclcpp/parameter_value.hpp:121:12:[m[K [01;36m[Knote: [m[Kcandidate: ‘[01m[Krclcpp::ParameterValue::ParameterValue(const std::vector<std::__cxx11::basic_string<char> >&)[m[K’
  121 |   explicit [01;36m[KParameterValue[m[K(const std::vector<std::string> & string_array_value);
      |            [01;36m[K^~~~~~~~~~~~~~[m[K
[01m[K/opt/ros/humble/include/rclcpp/rclcpp/parameter_value.hpp:121:60:[m[K [01;36m[Knote: [m[K  no known conversion for argument 1 from ‘[01m[Kconst std::vector<std::vector<std::__cxx11::basic_string<char> > >[m[K’ to ‘[01m[Kconst std::vector<std::__cxx11::basic_string<char> >&[m[K’
  121 |   explicit ParameterValue([01;36m[Kconst std::vector<std::string> & string_array_value[m[K);
      |                           [01;36m[K~~~~~~~~~~~~~~~~~~~~~~~~~~~~~~~~~^~~~~~~~~~~~~~~~~~[m[K
[01m[K/opt/ros/humble/include/rclcpp/rclcpp/parameter_value.hpp:118:12:[m[K [01;36m[Knote: [m[Kcandidate: ‘[01m[Krclcpp::ParameterValue::ParameterValue(const std::vector<double, std::allocator<double> >&)[m[K’
  118 |   explicit [01;36m[KParameterValue[m[K(const std::vector<double> & double_array_value);
      |            [01;36m[K^~~~~~~~~~~~~~[m[K
[01m[K/opt/ros/humble/include/rclcpp/rclcpp/parameter_value.hpp:118:55:[m[K [01;36m[Knote: [m[K  no known conversion for argument 1 from ‘[01m[Kconst std::vector<std::vector<std::__cxx11::basic_string<char> > >[m[K’ to ‘[01m[Kconst std::vector<double, std::allocator<double> >&[m[K’
  118 |   explicit ParameterValue([01;36m[Kconst std::vector<double> & double_array_value[m[K);
      |                           [01;36m[K~~~~~~~~~~~~~~~~~~~~~~~~~~~~^~~~~~~~~~~~~~~~~~[m[K
[01m[K/opt/ros/humble/include/rclcpp/rclcpp/parameter_value.hpp:115:12:[m[K [01;36m[Knote: [m[Kcandidate: ‘[01m[Krclcpp::ParameterValue::ParameterValue(const std::vector<float>&)[m[K’
  115 |   explicit [01;36m[KParameterValue[m[K(const std::vector<float> & double_array_value);
      |            [01;36m[K^~~~~~~~~~~~~~[m[K
[01m[K/opt/ros/humble/include/rclcpp/rclcpp/parameter_value.hpp:115:54:[m[K [01;36m[Knote: [m[K  no known conversion for argument 1 from ‘[01m[Kconst std::vector<std::vector<std::__cxx11::basic_string<char> > >[m[K’ to ‘[01m[Kconst std::vector<float>&[m[K’
  115 |   explicit ParameterValue([01;36m[Kconst std::vector<float> & double_array_value[m[K);
      |                           [01;36m[K~~~~~~~~~~~~~~~~~~~~~~~~~~~^~~~~~~~~~~~~~~~~~[m[K
[01m[K/opt/ros/humble/include/rclcpp/rclcpp/parameter_value.hpp:112:12:[m[K [01;36m[Knote: [m[Kcandidate: ‘[01m[Krclcpp::ParameterValue::ParameterValue(const std::vector<long int, std::allocator<long int> >&)[m[K’
  112 |   explicit [01;36m[KParameterValue[m[K(const std::vector<int64_t> & int_array_value);
      |            [01;36m[K^~~~~~~~~~~~~~[m[K
[01m[K/opt/ros/humble/include/rclcpp/rclcpp/parameter_value.hpp:112:56:[m[K [01;36m[Knote: [m[K  no known conversion for argument 1 from ‘[01m[Kconst std::vector<std::vector<std::__cxx11::basic_string<char> > >[m[K’ to ‘[01m[Kconst std::vector<long int, std::allocator<long int> >&[m[K’
  112 |   explicit ParameterValue([01;36m[Kconst std::vector<int64_t> & int_array_value[m[K);
      |                           [01;36m[K~~~~~~~~~~~~~~~~~~~~~~~~~~~~~^~~~~~~~~~~~~~~[m[K
[01m[K/opt/ros/humble/include/rclcpp/rclcpp/parameter_value.hpp:109:12:[m[K [01;36m[Knote: [m[Kcandidate: ‘[01m[Krclcpp::ParameterValue::ParameterValue(const std::vector<int>&)[m[K’
  109 |   explicit [01;36m[KParameterValue[m[K(const std::vector<int> & int_array_value);
      |            [01;36m[K^~~~~~~~~~~~~~[m[K
[01m[K/opt/ros/humble/include/rclcpp/rclcpp/parameter_value.hpp:109:52:[m[K [01;36m[Knote: [m[K  no known conversion for argument 1 from ‘[01m[Kconst std::vector<std::vector<std::__cxx11::basic_string<char> > >[m[K’ to ‘[01m[Kconst std::vector<int>&[m[K’
  109 |   explicit ParameterValue([01;36m[Kconst std::vector<int> & int_array_value[m[K);
      |                           [01;36m[K~~~~~~~~~~~~~~~~~~~~~~~~~^~~~~~~~~~~~~~~[m[K
[01m[K/opt/ros/humble/include/rclcpp/rclcpp/parameter_value.hpp:106:12:[m[K [01;36m[Knote: [m[Kcandidate: ‘[01m[Krclcpp::ParameterValue::ParameterValue(const std::vector<bool, std::allocator<bool> >&)[m[K’
  106 |   explicit [01;36m[KParameterValue[m[K(const std::vector<bool> & bool_array_value);
      |            [01;36m[K^~~~~~~~~~~~~~[m[K
[01m[K/opt/ros/humble/include/rclcpp/rclcpp/parameter_value.hpp:106:53:[m[K [01;36m[Knote: [m[K  no known conversion for argument 1 from ‘[01m[Kconst std::vector<std::vector<std::__cxx11::basic_string<char> > >[m[K’ to ‘[01m[Kconst std::vector<bool, std::allocator<bool> >&[m[K’
  106 |   explicit ParameterValue([01;36m[Kconst std::vector<bool> & bool_array_value[m[K);
      |                           [01;36m[K~~~~~~~~~~~~~~~~~~~~~~~~~~^~~~~~~~~~~~~~~~[m[K
[01m[K/opt/ros/humble/include/rclcpp/rclcpp/parameter_value.hpp:103:12:[m[K [01;36m[Knote: [m[Kcandidate: ‘[01m[Krclcpp::ParameterValue::ParameterValue(const std::vector<unsigned char, std::allocator<unsigned char> >&)[m[K’
  103 |   explicit [01;36m[KParameterValue[m[K(const std::vector<uint8_t> & byte_array_value);
      |            [01;36m[K^~~~~~~~~~~~~~[m[K
[01m[K/opt/ros/humble/include/rclcpp/rclcpp/parameter_value.hpp:103:56:[m[K [01;36m[Knote: [m[K  no known conversion for argument 1 from ‘[01m[Kconst std::vector<std::vector<std::__cxx11::basic_string<char> > >[m[K’ to ‘[01m[Kconst std::vector<unsigned char, std::allocator<unsigned char> >&[m[K’
  103 |   explicit ParameterValue([01;36m[Kconst std::vector<uint8_t> & byte_array_value[m[K);
      |                           [01;36m[K~~~~~~~~~~~~~~~~~~~~~~~~~~~~~^~~~~~~~~~~~~~~~[m[K
[01m[K/opt/ros/humble/include/rclcpp/rclcpp/parameter_value.hpp:100:12:[m[K [01;36m[Knote: [m[Kcandidate: ‘[01m[Krclcpp::ParameterValue::ParameterValue(const char*)[m[K’
  100 |   explicit [01;36m[KParameterValue[m[K(const char * string_value);
      |            [01;36m[K^~~~~~~~~~~~~~[m[K
[01m[K/opt/ros/humble/include/rclcpp/rclcpp/parameter_value.hpp:100:40:[m[K [01;36m[Knote: [m[K  no known conversion for argument 1 from ‘[01m[Kconst std::vector<std::vector<std::__cxx11::basic_string<char> > >[m[K’ to ‘[01m[Kconst char*[m[K’
  100 |   explicit ParameterValue([01;36m[Kconst char * string_value[m[K);
      |                           [01;36m[K~~~~~~~~~~~~~^~~~~~~~~~~~[m[K
[01m[K/opt/ros/humble/include/rclcpp/rclcpp/parameter_value.hpp:97:12:[m[K [01;36m[Knote: [m[Kcandidate: ‘[01m[Krclcpp::ParameterValue::ParameterValue(const string&)[m[K’
   97 |   explicit [01;36m[KParameterValue[m[K(const std::string & string_value);
      |            [01;36m[K^~~~~~~~~~~~~~[m[K
[01m[K/opt/ros/humble/include/rclcpp/rclcpp/parameter_value.hpp:97:47:[m[K [01;36m[Knote: [m[K  no known conversion for argument 1 from ‘[01m[Kconst std::vector<std::vector<std::__cxx11::basic_string<char> > >[m[K’ to ‘[01m[Kconst string&[m[K’ {aka ‘[01m[Kconst std::__cxx11::basic_string<char>&[m[K’}
   97 |   explicit ParameterValue([01;36m[Kconst std::string & string_value[m[K);
      |                           [01;36m[K~~~~~~~~~~~~~~~~~~~~^~~~~~~~~~~~[m[K
[01m[K/opt/ros/humble/include/rclcpp/rclcpp/parameter_value.hpp:94:12:[m[K [01;36m[Knote: [m[Kcandidate: ‘[01m[Krclcpp::ParameterValue::ParameterValue(double)[m[K’
   94 |   explicit [01;36m[KParameterValue[m[K(const double double_value);
      |            [01;36m[K^~~~~~~~~~~~~~[m[K
[01m[K/opt/ros/humble/include/rclcpp/rclcpp/parameter_value.hpp:94:40:[m[K [01;36m[Knote: [m[K  no known conversion for argument 1 from ‘[01m[Kconst std::vector<std::vector<std::__cxx11::basic_string<char> > >[m[K’ to ‘[01m[Kdouble[m[K’
   94 |   explicit ParameterValue([01;36m[Kconst double double_value[m[K);
      |                           [01;36m[K~~~~~~~~~~~~~^~~~~~~~~~~~[m[K
[01m[K/opt/ros/humble/include/rclcpp/rclcpp/parameter_value.hpp:91:12:[m[K [01;36m[Knote: [m[Kcandidate: ‘[01m[Krclcpp::ParameterValue::ParameterValue(float)[m[K’
   91 |   explicit [01;36m[KParameterValue[m[K(const float double_value);
      |            [01;36m[K^~~~~~~~~~~~~~[m[K
[01m[K/opt/ros/humble/include/rclcpp/rclcpp/parameter_value.hpp:91:39:[m[K [01;36m[Knote: [m[K  no known conversion for argument 1 from ‘[01m[Kconst std::vector<std::vector<std::__cxx11::basic_string<char> > >[m[K’ to ‘[01m[Kfloat[m[K’
   91 |   explicit ParameterValue([01;36m[Kconst float double_value[m[K);
      |                           [01;36m[K~~~~~~~~~~~~^~~~~~~~~~~~[m[K
[01m[K/opt/ros/humble/include/rclcpp/rclcpp/parameter_value.hpp:88:12:[m[K [01;36m[Knote: [m[Kcandidate: ‘[01m[Krclcpp::ParameterValue::ParameterValue(int64_t)[m[K’
   88 |   explicit [01;36m[KParameterValue[m[K(const int64_t int_value);
      |            [01;36m[K^~~~~~~~~~~~~~[m[K
[01m[K/opt/ros/humble/include/rclcpp/rclcpp/parameter_value.hpp:88:41:[m[K [01;36m[Knote: [m[K  no known conversion for argument 1 from ‘[01m[Kconst std::vector<std::vector<std::__cxx11::basic_string<char> > >[m[K’ to ‘[01m[Kint64_t[m[K’ {aka ‘[01m[Klong int[m[K’}
   88 |   explicit ParameterValue([01;36m[Kconst int64_t int_value[m[K);
      |                           [01;36m[K~~~~~~~~~~~~~~^~~~~~~~~[m[K
[01m[K/opt/ros/humble/include/rclcpp/rclcpp/parameter_value.hpp:85:12:[m[K [01;36m[Knote: [m[Kcandidate: ‘[01m[Krclcpp::ParameterValue::ParameterValue(int)[m[K’
   85 |   explicit [01;36m[KParameterValue[m[K(const int int_value);
      |            [01;36m[K^~~~~~~~~~~~~~[m[K
[01m[K/opt/ros/humble/include/rclcpp/rclcpp/parameter_value.hpp:85:37:[m[K [01;36m[Knote: [m[K  no known conversion for argument 1 from ‘[01m[Kconst std::vector<std::vector<std::__cxx11::basic_string<char> > >[m[K’ to ‘[01m[Kint[m[K’
   85 |   explicit ParameterValue([01;36m[Kconst int int_value[m[K);
      |                           [01;36m[K~~~~~~~~~~^~~~~~~~~[m[K
[01m[K/opt/ros/humble/include/rclcpp/rclcpp/parameter_value.hpp:82:12:[m[K [01;36m[Knote: [m[Kcandidate: ‘[01m[Krclcpp::ParameterValue::ParameterValue(bool)[m[K’
   82 |   explicit [01;36m[KParameterValue[m[K(const bool bool_value);
      |            [01;36m[K^~~~~~~~~~~~~~[m[K
[01m[K/opt/ros/humble/include/rclcpp/rclcpp/parameter_value.hpp:82:38:[m[K [01;36m[Knote: [m[K  no known conversion for argument 1 from ‘[01m[Kconst std::vector<std::vector<std::__cxx11::basic_string<char> > >[m[K’ to ‘[01m[Kbool[m[K’
   82 |   explicit ParameterValue([01;36m[Kconst bool bool_value[m[K);
      |                           [01;36m[K~~~~~~~~~~~^~~~~~~~~~[m[K
[01m[K/opt/ros/humble/include/rclcpp/rclcpp/parameter_value.hpp:79:12:[m[K [01;36m[Knote: [m[Kcandidate: ‘[01m[Krclcpp::ParameterValue::ParameterValue(const ParameterValue&)[m[K’
   79 |   explicit [01;36m[KParameterValue[m[K(const rcl_interfaces::msg::ParameterValue & value);
      |            [01;36m[K^~~~~~~~~~~~~~[m[K
[01m[K/opt/ros/humble/include/rclcpp/rclcpp/parameter_value.hpp:79:71:[m[K [01;36m[Knote: [m[K  no known conversion for argument 1 from ‘[01m[Kconst std::vector<std::vector<std::__cxx11::basic_string<char> > >[m[K’ to ‘[01m[Kconst ParameterValue&[m[K’ {aka ‘[01m[Kconst rcl_interfaces::msg::ParameterValue_<std::allocator<void> >&[m[K’}
   79 | icit ParameterValue([01;36m[Kconst rcl_interfaces::msg::ParameterValue & value[m[K);
      |                     [01;36m[K~~~~~~~~~~~~~~~~~~~~~~~~~~~~~~~~~~~~~~~~~~~~^~~~~[m[K

[01m[K/opt/ros/humble/include/rclcpp/rclcpp/parameter_value.hpp:76:3:[m[K [01;36m[Knote: [m[Kcandidate: ‘[01m[Krclcpp::ParameterValue::ParameterValue()[m[K’
   76 |   [01;36m[KParameterValue[m[K();
      |   [01;36m[K^~~~~~~~~~~~~~[m[K
[01m[K/opt/ros/humble/include/rclcpp/rclcpp/parameter_value.hpp:76:3:[m[K [01;36m[Knote: [m[K  candidate expects 0 arguments, 1 provided
[01m[K/opt/ros/humble/include/rclcpp/rclcpp/parameter_value.hpp:71:7:[m[K [01;36m[Knote: [m[Kcandidate: ‘[01m[Krclcpp::ParameterValue::ParameterValue(const rclcpp::ParameterValue&)[m[K’
   71 | class [01;36m[KParameterValue[m[K
      |       [01;36m[K^~~~~~~~~~~~~~[m[K
[01m[K/opt/ros/humble/include/rclcpp/rclcpp/parameter_value.hpp:71:7:[m[K [01;36m[Knote: [m[K  no known conversion for argument 1 from ‘[01m[Kconst std::vector<std::vector<std::__cxx11::basic_string<char> > >[m[K’ to ‘[01m[Kconst rclcpp::ParameterValue&[m[K’
[01m[K/opt/ros/humble/include/rclcpp/rclcpp/parameter_value.hpp:71:7:[m[K [01;36m[Knote: [m[Kcandidate: ‘[01m[Krclcpp::ParameterValue::ParameterValue(rclcpp::ParameterValue&&)[m[K’
[01m[K/opt/ros/humble/include/rclcpp/rclcpp/parameter_value.hpp:71:7:[m[K [01;36m[Knote: [m[K  no known conversion for argument 1 from ‘[01m[Kconst std::vector<std::vector<std::__cxx11::basic_string<char> > >[m[K’ to ‘[01m[Krclcpp::ParameterValue&&[m[K’
In file included from [01m[K/opt/ros/humble/include/rclcpp/rclcpp/node_interfaces/node_parameters_interface.hpp:28[m[K,
                 from [01m[K/opt/ros/humble/include/rclcpp/rclcpp/node.hpp:54[m[K,
                 from [01m[K/opt/ros/humble/include/rclcpp/rclcpp/executors/single_threaded_executor.hpp:28[m[K,
                 from [01m[K/opt/ros/humble/include/rclcpp/rclcpp/executors.hpp:22[m[K,
                 from [01m[K/opt/ros/humble/include/rclcpp/rclcpp/rclcpp.hpp:155[m[K,
                 from [01m[K/opt/ros/humble/include/controller_interface/controller_interface_base.hpp:28[m[K,
                 from [01m[K/opt/ros/humble/include/controller_interface/controller_interface.hpp:22[m[K,
                 from [01m[K/home/user/ros2_control_example/src/multi_interface_forward_controller/include/multi_interface_forward_controller/multi_interface_forward_controller.hpp:22[m[K,
                 from [01m[K/home/user/ros2_control_example/src/multi_interface_forward_controller/src/multi_interface_forward_controller.cpp:15[m[K:
/opt/ros/humble/include/rclcpp/rclcpp/parameter.hpp: In instantiation of ‘[01m[Kauto rclcpp::detail::get_value_helper(const rclcpp::Parameter*) [with T = std::vector<std::vector<std::__cxx11::basic_string<char> > >][m[K’:
[01m[K/opt/ros/humble/include/rclcpp/rclcpp/parameter.hpp:274:39:[m[K   required from ‘[01m[Kdecltype(auto) rclcpp::Parameter::get_value() const [with T = std::vector<std::vector<std::__cxx11::basic_string<char> > >][m[K’
[01m[K/opt/ros/humble/include/controller_interface/controller_interface_base.hpp:175:62:[m[K   required from ‘[01m[Kauto controller_interface::ControllerInterfaceBase::auto_declare(const string&, const ParameterT&) [with ParameterT = std::vector<std::vector<std::__cxx11::basic_string<char> > >; std::string = std::__cxx11::basic_string<char>][m[K’
[01m[K/home/user/ros2_control_example/src/multi_interface_forward_controller/src/multi_interface_forward_controller.cpp:36:25:[m[K   required from here
[01m[K/opt/ros/humble/include/rclcpp/rclcpp/parameter.hpp:239:49:[m[K [01;31m[Kerror: [m[Kno matching function for call to ‘[01m[Krclcpp::ParameterValue::get<std::vector<std::vector<std::__cxx11::basic_string<char, std::char_traits<char>, std::allocator<char> >, std::allocator<std::__cxx11::basic_string<char, std::char_traits<char>, std::allocator<char> > > >, std::allocator<std::vector<std::__cxx11::basic_string<char, std::char_traits<char>, std::allocator<char> >, std::allocator<std::__cxx11::basic_string<char, std::char_traits<char>, std::allocator<char> > > > > > >() const[m[K’
  239 |   return [01;31m[Kparameter->get_parameter_value().get<T>()[m[K;
      |          [01;31m[K~~~~~~~~~~~~~~~~~~~~~~~~~~~~~~~~~~~~~~~^~[m[K
In file included from [01m[K/opt/ros/humble/include/rclcpp/rclcpp/parameter.hpp:26[m[K,
                 from [01m[K/opt/ros/humble/include/rclcpp/rclcpp/node_interfaces/node_parameters_interface.hpp:28[m[K,
                 from [01m[K/opt/ros/humble/include/rclcpp/rclcpp/node.hpp:54[m[K,
                 from [01m[K/opt/ros/humble/include/rclcpp/rclcpp/executors/single_threaded_executor.hpp:28[m[K,
                 from [01m[K/opt/ros/humble/include/rclcpp/rclcpp/executors.hpp:22[m[K,
                 from [01m[K/opt/ros/humble/include/rclcpp/rclcpp/rclcpp.hpp:155[m[K,
                 from [01m[K/opt/ros/humble/include/controller_interface/controller_interface_base.hpp:28[m[K,
                 from [01m[K/opt/ros/humble/include/controller_interface/controller_interface.hpp:22[m[K,
                 from [01m[K/home/user/ros2_control_example/src/multi_interface_forward_controller/include/multi_interface_forward_controller/multi_interface_forward_controller.hpp:22[m[K,
                 from [01m[K/home/user/ros2_control_example/src/multi_interface_forward_controller/src/multi_interface_forward_controller.cpp:15[m[K:
[01m[K/opt/ros/humble/include/rclcpp/rclcpp/parameter_value.hpp:148:3:[m[K [01;36m[Knote: [m[Kcandidate: ‘[01m[Ktemplate<rclcpp::ParameterType type> constexpr typename std::enable_if<(type == rclcpp::PARAMETER_BOOL), const bool&>::type rclcpp::ParameterValue::get() const[m[K’
  148 |   [01;36m[Kget[m[K() const
      |   [01;36m[K^~~[m[K
[01m[K/opt/ros/humble/include/rclcpp/rclcpp/parameter_value.hpp:148:3:[m[K [01;36m[Knote: [m[K  template argument deduction/substitution failed:
In file included from [01m[K/opt/ros/humble/include/rclcpp/rclcpp/node_interfaces/node_parameters_interface.hpp:28[m[K,
                 from [01m[K/opt/ros/humble/include/rclcpp/rclcpp/node.hpp:54[m[K,
                 from [01m[K/opt/ros/humble/include/rclcpp/rclcpp/executors/single_threaded_executor.hpp:28[m[K,
                 from [01m[K/opt/ros/humble/include/rclcpp/rclcpp/executors.hpp:22[m[K,
                 from [01m[K/opt/ros/humble/include/rclcpp/rclcpp/rclcpp.hpp:155[m[K,
                 from [01m[K/opt/ros/humble/include/controller_interface/controller_interface_base.hpp:28[m[K,
                 from [01m[K/opt/ros/humble/include/controller_interface/controller_interface.hpp:22[m[K,
                 from [01m[K/home/user/ros2_control_example/src/multi_interface_forward_controller/include/multi_interface_forward_controller/multi_interface_forward_controller.hpp:22[m[K,
                 from [01m[K/home/user/ros2_control_example/src/multi_interface_forward_controller/src/multi_interface_forward_controller.cpp:15[m[K:
[01m[K/opt/ros/humble/include/rclcpp/rclcpp/parameter.hpp:239:49:[m[K [01;31m[Kerror: [m[Ktype/value mismatch at argument 1 in template parameter list for ‘[01m[Ktemplate<rclcpp::ParameterType type> constexpr typename std::enable_if<(type == rclcpp::PARAMETER_BOOL), const bool&>::type rclcpp::ParameterValue::get() const[m[K’
  239 |   return [01;31m[Kparameter->get_parameter_value().get<T>()[m[K;
      |          [01;31m[K~~~~~~~~~~~~~~~~~~~~~~~~~~~~~~~~~~~~~~~^~[m[K
[01m[K/opt/ros/humble/include/rclcpp/rclcpp/parameter.hpp:239:49:[m[K [01;36m[Knote: [m[K  expected a constant of type ‘[01m[Krclcpp::ParameterType[m[K’, got ‘[01m[Kstd::vector<std::vector<std::__cxx11::basic_string<char> > >[m[K’
In file included from [01m[K/opt/ros/humble/include/rclcpp/rclcpp/parameter.hpp:26[m[K,
                 from [01m[K/opt/ros/humble/include/rclcpp/rclcpp/node_interfaces/node_parameters_interface.hpp:28[m[K,
                 from [01m[K/opt/ros/humble/include/rclcpp/rclcpp/node.hpp:54[m[K,
                 from [01m[K/opt/ros/humble/include/rclcpp/rclcpp/executors/single_threaded_executor.hpp:28[m[K,
                 from [01m[K/opt/ros/humble/include/rclcpp/rclcpp/executors.hpp:22[m[K,
                 from [01m[K/opt/ros/humble/include/rclcpp/rclcpp/rclcpp.hpp:155[m[K,
                 from [01m[K/opt/ros/humble/include/controller_interface/controller_interface_base.hpp:28[m[K,
                 from [01m[K/opt/ros/humble/include/controller_interface/controller_interface.hpp:22[m[K,
                 from [01m[K/home/user/ros2_control_example/src/multi_interface_forward_controller/include/multi_interface_forward_controller/multi_interface_forward_controller.hpp:22[m[K,
                 from [01m[K/home/user/ros2_control_example/src/multi_interface_forward_controller/src/multi_interface_forward_controller.cpp:15[m[K:
[01m[K/opt/ros/humble/include/rclcpp/rclcpp/parameter_value.hpp:159:3:[m[K [01;36m[Knote: [m[Kcandidate: ‘[01m[Ktemplate<rclcpp::ParameterType type> constexpr typename std::enable_if<(type == rclcpp::PARAMETER_INTEGER), const long int&>::type rclcpp::ParameterValue::get() const[m[K’
  159 |   [01;36m[Kget[m[K() const
      |   [01;36m[K^~~[m[K
[01m[K/opt/ros/humble/include/rclcpp/rclcpp/parameter_value.hpp:159:3:[m[K [01;36m[Knote: [m[K  template argument deduction/substitution failed:
In file included from [01m[K/opt/ros/humble/include/rclcpp/rclcpp/node_interfaces/node_parameters_interface.hpp:28[m[K,
                 from [01m[K/opt/ros/humble/include/rclcpp/rclcpp/node.hpp:54[m[K,
                 from [01m[K/opt/ros/humble/include/rclcpp/rclcpp/executors/single_threaded_executor.hpp:28[m[K,
                 from [01m[K/opt/ros/humble/include/rclcpp/rclcpp/executors.hpp:22[m[K,
                 from [01m[K/opt/ros/humble/include/rclcpp/rclcpp/rclcpp.hpp:155[m[K,
                 from [01m[K/opt/ros/humble/include/controller_interface/controller_interface_base.hpp:28[m[K,
                 from [01m[K/opt/ros/humble/include/controller_interface/controller_interface.hpp:22[m[K,
                 from [01m[K/home/user/ros2_control_example/src/multi_interface_forward_controller/include/multi_interface_forward_controller/multi_interface_forward_controller.hpp:22[m[K,
                 from [01m[K/home/user/ros2_control_example/src/multi_interface_forward_controller/src/multi_interface_forward_controller.cpp:15[m[K:
[01m[K/opt/ros/humble/include/rclcpp/rclcpp/parameter.hpp:239:49:[m[K [01;31m[Kerror: [m[Ktype/value mismatch at argument 1 in template parameter list for ‘[01m[Ktemplate<rclcpp::ParameterType type> constexpr typename std::enable_if<(type == rclcpp::PARAMETER_INTEGER), const long int&>::type rclcpp::ParameterValue::get() const[m[K’
  239 |   return [01;31m[Kparameter->get_parameter_value().get<T>()[m[K;
      |          [01;31m[K~~~~~~~~~~~~~~~~~~~~~~~~~~~~~~~~~~~~~~~^~[m[K
[01m[K/opt/ros/humble/include/rclcpp/rclcpp/parameter.hpp:239:49:[m[K [01;36m[Knote: [m[K  expected a constant of type ‘[01m[Krclcpp::ParameterType[m[K’, got ‘[01m[Kstd::vector<std::vector<std::__cxx11::basic_string<char> > >[m[K’
In file included from [01m[K/opt/ros/humble/include/rclcpp/rclcpp/parameter.hpp:26[m[K,
                 from [01m[K/opt/ros/humble/include/rclcpp/rclcpp/node_interfaces/node_parameters_interface.hpp:28[m[K,
                 from [01m[K/opt/ros/humble/include/rclcpp/rclcpp/node.hpp:54[m[K,
                 from [01m[K/opt/ros/humble/include/rclcpp/rclcpp/executors/single_threaded_executor.hpp:28[m[K,
                 from [01m[K/opt/ros/humble/include/rclcpp/rclcpp/executors.hpp:22[m[K,
                 from [01m[K/opt/ros/humble/include/rclcpp/rclcpp/rclcpp.hpp:155[m[K,
                 from [01m[K/opt/ros/humble/include/controller_interface/controller_interface_base.hpp:28[m[K,
                 from [01m[K/opt/ros/humble/include/controller_interface/controller_interface.hpp:22[m[K,
                 from [01m[K/home/user/ros2_control_example/src/multi_interface_forward_controller/include/multi_interface_forward_controller/multi_interface_forward_controller.hpp:22[m[K,
                 from [01m[K/home/user/ros2_control_example/src/multi_interface_forward_controller/src/multi_interface_forward_controller.cpp:15[m[K:
[01m[K/opt/ros/humble/include/rclcpp/rclcpp/parameter_value.hpp:170:3:[m[K [01;36m[Knote: [m[Kcandidate: ‘[01m[Ktemplate<rclcpp::ParameterType type> constexpr typename std::enable_if<(type == rclcpp::PARAMETER_DOUBLE), const double&>::type rclcpp::ParameterValue::get() const[m[K’
  170 |   [01;36m[Kget[m[K() const
      |   [01;36m[K^~~[m[K
[01m[K/opt/ros/humble/include/rclcpp/rclcpp/parameter_value.hpp:170:3:[m[K [01;36m[Knote: [m[K  template argument deduction/substitution failed:
In file included from [01m[K/opt/ros/humble/include/rclcpp/rclcpp/node_interfaces/node_parameters_interface.hpp:28[m[K,
                 from [01m[K/opt/ros/humble/include/rclcpp/rclcpp/node.hpp:54[m[K,
                 from [01m[K/opt/ros/humble/include/rclcpp/rclcpp/executors/single_threaded_executor.hpp:28[m[K,
                 from [01m[K/opt/ros/humble/include/rclcpp/rclcpp/executors.hpp:22[m[K,
                 from [01m[K/opt/ros/humble/include/rclcpp/rclcpp/rclcpp.hpp:155[m[K,
                 from [01m[K/opt/ros/humble/include/controller_interface/controller_interface_base.hpp:28[m[K,
                 from [01m[K/opt/ros/humble/include/controller_interface/controller_interface.hpp:22[m[K,
                 from [01m[K/home/user/ros2_control_example/src/multi_interface_forward_controller/include/multi_interface_forward_controller/multi_interface_forward_controller.hpp:22[m[K,
                 from [01m[K/home/user/ros2_control_example/src/multi_interface_forward_controller/src/multi_interface_forward_controller.cpp:15[m[K:
[01m[K/opt/ros/humble/include/rclcpp/rclcpp/parameter.hpp:239:49:[m[K [01;31m[Kerror: [m[Ktype/value mismatch at argument 1 in template parameter list for ‘[01m[Ktemplate<rclcpp::ParameterType type> constexpr typename std::enable_if<(type == rclcpp::PARAMETER_DOUBLE), const double&>::type rclcpp::ParameterValue::get() const[m[K’
  239 |   return [01;31m[Kparameter->get_parameter_value().get<T>()[m[K;
      |          [01;31m[K~~~~~~~~~~~~~~~~~~~~~~~~~~~~~~~~~~~~~~~^~[m[K
[01m[K/opt/ros/humble/include/rclcpp/rclcpp/parameter.hpp:239:49:[m[K [01;36m[Knote: [m[K  expected a constant of type ‘[01m[Krclcpp::ParameterType[m[K’, got ‘[01m[Kstd::vector<std::vector<std::__cxx11::basic_string<char> > >[m[K’
In file included from [01m[K/opt/ros/humble/include/rclcpp/rclcpp/parameter.hpp:26[m[K,
                 from [01m[K/opt/ros/humble/include/rclcpp/rclcpp/node_interfaces/node_parameters_interface.hpp:28[m[K,
                 from [01m[K/opt/ros/humble/include/rclcpp/rclcpp/node.hpp:54[m[K,
                 from [01m[K/opt/ros/humble/include/rclcpp/rclcpp/executors/single_threaded_executor.hpp:28[m[K,
                 from [01m[K/opt/ros/humble/include/rclcpp/rclcpp/executors.hpp:22[m[K,
                 from [01m[K/opt/ros/humble/include/rclcpp/rclcpp/rclcpp.hpp:155[m[K,
                 from [01m[K/opt/ros/humble/include/controller_interface/controller_interface_base.hpp:28[m[K,
                 from [01m[K/opt/ros/humble/include/controller_interface/controller_interface.hpp:22[m[K,
                 from [01m[K/home/user/ros2_control_example/src/multi_interface_forward_controller/include/multi_interface_forward_controller/multi_interface_forward_controller.hpp:22[m[K,
                 from [01m[K/home/user/ros2_control_example/src/multi_interface_forward_controller/src/multi_interface_forward_controller.cpp:15[m[K:
[01m[K/opt/ros/humble/include/rclcpp/rclcpp/parameter_value.hpp:181:3:[m[K [01;36m[Knote: [m[Kcandidate: ‘[01m[Ktemplate<rclcpp::ParameterType type> constexpr typename std::enable_if<(type == rclcpp::PARAMETER_STRING), const std::__cxx11::basic_string<char>&>::type rclcpp::ParameterValue::get() const[m[K’
  181 |   [01;36m[Kget[m[K() const
      |   [01;36m[K^~~[m[K
[01m[K/opt/ros/humble/include/rclcpp/rclcpp/parameter_value.hpp:181:3:[m[K [01;36m[Knote: [m[K  template argument deduction/substitution failed:
In file included from [01m[K/opt/ros/humble/include/rclcpp/rclcpp/node_interfaces/node_parameters_interface.hpp:28[m[K,
                 from [01m[K/opt/ros/humble/include/rclcpp/rclcpp/node.hpp:54[m[K,
                 from [01m[K/opt/ros/humble/include/rclcpp/rclcpp/executors/single_threaded_executor.hpp:28[m[K,
                 from [01m[K/opt/ros/humble/include/rclcpp/rclcpp/executors.hpp:22[m[K,
                 from [01m[K/opt/ros/humble/include/rclcpp/rclcpp/rclcpp.hpp:155[m[K,
                 from [01m[K/opt/ros/humble/include/controller_interface/controller_interface_base.hpp:28[m[K,
                 from [01m[K/opt/ros/humble/include/controller_interface/controller_interface.hpp:22[m[K,
                 from [01m[K/home/user/ros2_control_example/src/multi_interface_forward_controller/include/multi_interface_forward_controller/multi_interface_forward_controller.hpp:22[m[K,
                 from [01m[K/home/user/ros2_control_example/src/multi_interface_forward_controller/src/multi_interface_forward_controller.cpp:15[m[K:
[01m[K/opt/ros/humble/include/rclcpp/rclcpp/parameter.hpp:239:49:[m[K [01;31m[Kerror: [m[Ktype/value mismatch at argument 1 in template parameter list for ‘[01m[Ktemplate<rclcpp::ParameterType type> constexpr typename std::enable_if<(type == rclcpp::PARAMETER_STRING), const std::__cxx11::basic_string<char>&>::type rclcpp::ParameterValue::get() const[m[K’
  239 |   return [01;31m[Kparameter->get_parameter_value().get<T>()[m[K;
      |          [01;31m[K~~~~~~~~~~~~~~~~~~~~~~~~~~~~~~~~~~~~~~~^~[m[K
[01m[K/opt/ros/humble/include/rclcpp/rclcpp/parameter.hpp:239:49:[m[K [01;36m[Knote: [m[K  expected a constant of type ‘[01m[Krclcpp::ParameterType[m[K’, got ‘[01m[Kstd::vector<std::vector<std::__cxx11::basic_string<char> > >[m[K’
In file included from [01m[K/opt/ros/humble/include/rclcpp/rclcpp/parameter.hpp:26[m[K,
                 from [01m[K/opt/ros/humble/include/rclcpp/rclcpp/node_interfaces/node_parameters_interface.hpp:28[m[K,
                 from [01m[K/opt/ros/humble/include/rclcpp/rclcpp/node.hpp:54[m[K,
                 from [01m[K/opt/ros/humble/include/rclcpp/rclcpp/executors/single_threaded_executor.hpp:28[m[K,
                 from [01m[K/opt/ros/humble/include/rclcpp/rclcpp/executors.hpp:22[m[K,
                 from [01m[K/opt/ros/humble/include/rclcpp/rclcpp/rclcpp.hpp:155[m[K,
                 from [01m[K/opt/ros/humble/include/controller_interface/controller_interface_base.hpp:28[m[K,
                 from [01m[K/opt/ros/humble/include/controller_interface/controller_interface.hpp:22[m[K,
                 from [01m[K/home/user/ros2_control_example/src/multi_interface_forward_controller/include/multi_interface_forward_controller/multi_interface_forward_controller.hpp:22[m[K,
                 from [01m[K/home/user/ros2_control_example/src/multi_interface_forward_controller/src/multi_interface_forward_controller.cpp:15[m[K:
[01m[K/opt/ros/humble/include/rclcpp/rclcpp/parameter_value.hpp:193:3:[m[K [01;36m[Knote: [m[Kcandidate: ‘[01m[Ktemplate<rclcpp::ParameterType type> constexpr typename std::enable_if<(type == rclcpp::PARAMETER_BYTE_ARRAY), const std::vector<unsigned char, std::allocator<unsigned char> >&>::type rclcpp::ParameterValue::get() const[m[K’
  193 |   [01;36m[Kget[m[K() const
      |   [01;36m[K^~~[m[K
[01m[K/opt/ros/humble/include/rclcpp/rclcpp/parameter_value.hpp:193:3:[m[K [01;36m[Knote: [m[K  template argument deduction/substitution failed:
In file included from [01m[K/opt/ros/humble/include/rclcpp/rclcpp/node_interfaces/node_parameters_interface.hpp:28[m[K,
                 from [01m[K/opt/ros/humble/include/rclcpp/rclcpp/node.hpp:54[m[K,
                 from [01m[K/opt/ros/humble/include/rclcpp/rclcpp/executors/single_threaded_executor.hpp:28[m[K,
                 from [01m[K/opt/ros/humble/include/rclcpp/rclcpp/executors.hpp:22[m[K,
                 from [01m[K/opt/ros/humble/include/rclcpp/rclcpp/rclcpp.hpp:155[m[K,
                 from [01m[K/opt/ros/humble/include/controller_interface/controller_interface_base.hpp:28[m[K,
                 from [01m[K/opt/ros/humble/include/controller_interface/controller_interface.hpp:22[m[K,
                 from [01m[K/home/user/ros2_control_example/src/multi_interface_forward_controller/include/multi_interface_forward_controller/multi_interface_forward_controller.hpp:22[m[K,
                 from [01m[K/home/user/ros2_control_example/src/multi_interface_forward_controller/src/multi_interface_forward_controller.cpp:15[m[K:
[01m[K/opt/ros/humble/include/rclcpp/rclcpp/parameter.hpp:239:49:[m[K [01;31m[Kerror: [m[Ktype/value mismatch at argument 1 in template parameter list for ‘[01m[Ktemplate<rclcpp::ParameterType type> constexpr typename std::enable_if<(type == rclcpp::PARAMETER_BYTE_ARRAY), const std::vector<unsigned char, std::allocator<unsigned char> >&>::type rclcpp::ParameterValue::get() const[m[K’
  239 |   return [01;31m[Kparameter->get_parameter_value().get<T>()[m[K;
      |          [01;31m[K~~~~~~~~~~~~~~~~~~~~~~~~~~~~~~~~~~~~~~~^~[m[K
[01m[K/opt/ros/humble/include/rclcpp/rclcpp/parameter.hpp:239:49:[m[K [01;36m[Knote: [m[K  expected a constant of type ‘[01m[Krclcpp::ParameterType[m[K’, got ‘[01m[Kstd::vector<std::vector<std::__cxx11::basic_string<char> > >[m[K’
In file included from [01m[K/opt/ros/humble/include/rclcpp/rclcpp/parameter.hpp:26[m[K,
                 from [01m[K/opt/ros/humble/include/rclcpp/rclcpp/node_interfaces/node_parameters_interface.hpp:28[m[K,
                 from [01m[K/opt/ros/humble/include/rclcpp/rclcpp/node.hpp:54[m[K,
                 from [01m[K/opt/ros/humble/include/rclcpp/rclcpp/executors/single_threaded_executor.hpp:28[m[K,
                 from [01m[K/opt/ros/humble/include/rclcpp/rclcpp/executors.hpp:22[m[K,
                 from [01m[K/opt/ros/humble/include/rclcpp/rclcpp/rclcpp.hpp:155[m[K,
                 from [01m[K/opt/ros/humble/include/controller_interface/controller_interface_base.hpp:28[m[K,
                 from [01m[K/opt/ros/humble/include/controller_interface/controller_interface.hpp:22[m[K,
                 from [01m[K/home/user/ros2_control_example/src/multi_interface_forward_controller/include/multi_interface_forward_controller/multi_interface_forward_controller.hpp:22[m[K,
                 from [01m[K/home/user/ros2_control_example/src/multi_interface_forward_controller/src/multi_interface_forward_controller.cpp:15[m[K:
[01m[K/opt/ros/humble/include/rclcpp/rclcpp/parameter_value.hpp:205:3:[m[K [01;36m[Knote: [m[Kcandidate: ‘[01m[Ktemplate<rclcpp::ParameterType type> constexpr typename std::enable_if<(type == rclcpp::PARAMETER_BOOL_ARRAY), const std::vector<bool, std::allocator<bool> >&>::type rclcpp::ParameterValue::get() const[m[K’
  205 |   [01;36m[Kget[m[K() const
      |   [01;36m[K^~~[m[K
[01m[K/opt/ros/humble/include/rclcpp/rclcpp/parameter_value.hpp:205:3:[m[K [01;36m[Knote: [m[K  template argument deduction/substitution failed:
In file included from [01m[K/opt/ros/humble/include/rclcpp/rclcpp/node_interfaces/node_parameters_interface.hpp:28[m[K,
                 from [01m[K/opt/ros/humble/include/rclcpp/rclcpp/node.hpp:54[m[K,
                 from [01m[K/opt/ros/humble/include/rclcpp/rclcpp/executors/single_threaded_executor.hpp:28[m[K,
                 from [01m[K/opt/ros/humble/include/rclcpp/rclcpp/executors.hpp:22[m[K,
                 from [01m[K/opt/ros/humble/include/rclcpp/rclcpp/rclcpp.hpp:155[m[K,
                 from [01m[K/opt/ros/humble/include/controller_interface/controller_interface_base.hpp:28[m[K,
                 from [01m[K/opt/ros/humble/include/controller_interface/controller_interface.hpp:22[m[K,
                 from [01m[K/home/user/ros2_control_example/src/multi_interface_forward_controller/include/multi_interface_forward_controller/multi_interface_forward_controller.hpp:22[m[K,
                 from [01m[K/home/user/ros2_control_example/src/multi_interface_forward_controller/src/multi_interface_forward_controller.cpp:15[m[K:
[01m[K/opt/ros/humble/include/rclcpp/rclcpp/parameter.hpp:239:49:[m[K [01;31m[Kerror: [m[Ktype/value mismatch at argument 1 in template parameter list for ‘[01m[Ktemplate<rclcpp::ParameterType type> constexpr typename std::enable_if<(type == rclcpp::PARAMETER_BOOL_ARRAY), const std::vector<bool, std::allocator<bool> >&>::type rclcpp::ParameterValue::get() const[m[K’
  239 |   return [01;31m[Kparameter->get_parameter_value().get<T>()[m[K;
      |          [01;31m[K~~~~~~~~~~~~~~~~~~~~~~~~~~~~~~~~~~~~~~~^~[m[K
[01m[K/opt/ros/humble/include/rclcpp/rclcpp/parameter.hpp:239:49:[m[K [01;36m[Knote: [m[K  expected a constant of type ‘[01m[Krclcpp::ParameterType[m[K’, got ‘[01m[Kstd::vector<std::vector<std::__cxx11::basic_string<char> > >[m[K’
In file included from [01m[K/opt/ros/humble/include/rclcpp/rclcpp/parameter.hpp:26[m[K,
                 from [01m[K/opt/ros/humble/include/rclcpp/rclcpp/node_interfaces/node_parameters_interface.hpp:28[m[K,
                 from [01m[K/opt/ros/humble/include/rclcpp/rclcpp/node.hpp:54[m[K,
                 from [01m[K/opt/ros/humble/include/rclcpp/rclcpp/executors/single_threaded_executor.hpp:28[m[K,
                 from [01m[K/opt/ros/humble/include/rclcpp/rclcpp/executors.hpp:22[m[K,
                 from [01m[K/opt/ros/humble/include/rclcpp/rclcpp/rclcpp.hpp:155[m[K,
                 from [01m[K/opt/ros/humble/include/controller_interface/controller_interface_base.hpp:28[m[K,
                 from [01m[K/opt/ros/humble/include/controller_interface/controller_interface.hpp:22[m[K,
                 from [01m[K/home/user/ros2_control_example/src/multi_interface_forward_controller/include/multi_interface_forward_controller/multi_interface_forward_controller.hpp:22[m[K,
                 from [01m[K/home/user/ros2_control_example/src/multi_interface_forward_controller/src/multi_interface_forward_controller.cpp:15[m[K:
[01m[K/opt/ros/humble/include/rclcpp/rclcpp/parameter_value.hpp:217:3:[m[K [01;36m[Knote: [m[Kcandidate: ‘[01m[Ktemplate<rclcpp::ParameterType type> constexpr typename std::enable_if<(type == rclcpp::PARAMETER_INTEGER_ARRAY), const std::vector<long int, std::allocator<long int> >&>::type rclcpp::ParameterValue::get() const[m[K’
  217 |   [01;36m[Kget[m[K() const
      |   [01;36m[K^~~[m[K
[01m[K/opt/ros/humble/include/rclcpp/rclcpp/parameter_value.hpp:217:3:[m[K [01;36m[Knote: [m[K  template argument deduction/substitution failed:
In file included from [01m[K/opt/ros/humble/include/rclcpp/rclcpp/node_interfaces/node_parameters_interface.hpp:28[m[K,
                 from [01m[K/opt/ros/humble/include/rclcpp/rclcpp/node.hpp:54[m[K,
                 from [01m[K/opt/ros/humble/include/rclcpp/rclcpp/executors/single_threaded_executor.hpp:28[m[K,
                 from [01m[K/opt/ros/humble/include/rclcpp/rclcpp/executors.hpp:22[m[K,
                 from [01m[K/opt/ros/humble/include/rclcpp/rclcpp/rclcpp.hpp:155[m[K,
                 from [01m[K/opt/ros/humble/include/controller_interface/controller_interface_base.hpp:28[m[K,
                 from [01m[K/opt/ros/humble/include/controller_interface/controller_interface.hpp:22[m[K,
                 from [01m[K/home/user/ros2_control_example/src/multi_interface_forward_controller/include/multi_interface_forward_controller/multi_interface_forward_controller.hpp:22[m[K,
                 from [01m[K/home/user/ros2_control_example/src/multi_interface_forward_controller/src/multi_interface_forward_controller.cpp:15[m[K:
[01m[K/opt/ros/humble/include/rclcpp/rclcpp/parameter.hpp:239:49:[m[K [01;31m[Kerror: [m[Ktype/value mismatch at argument 1 in template parameter list for ‘[01m[Ktemplate<rclcpp::ParameterType type> constexpr typename std::enable_if<(type == rclcpp::PARAMETER_INTEGER_ARRAY), const std::vector<long int, std::allocator<long int> >&>::type rclcpp::ParameterValue::get() const[m[K’
  239 |   return [01;31m[Kparameter->get_parameter_value().get<T>()[m[K;
      |          [01;31m[K~~~~~~~~~~~~~~~~~~~~~~~~~~~~~~~~~~~~~~~^~[m[K
[01m[K/opt/ros/humble/include/rclcpp/rclcpp/parameter.hpp:239:49:[m[K [01;36m[Knote: [m[K  expected a constant of type ‘[01m[Krclcpp::ParameterType[m[K’, got ‘[01m[Kstd::vector<std::vector<std::__cxx11::basic_string<char> > >[m[K’
In file included from [01m[K/opt/ros/humble/include/rclcpp/rclcpp/parameter.hpp:26[m[K,
                 from [01m[K/opt/ros/humble/include/rclcpp/rclcpp/node_interfaces/node_parameters_interface.hpp:28[m[K,
                 from [01m[K/opt/ros/humble/include/rclcpp/rclcpp/node.hpp:54[m[K,
                 from [01m[K/opt/ros/humble/include/rclcpp/rclcpp/executors/single_threaded_executor.hpp:28[m[K,
                 from [01m[K/opt/ros/humble/include/rclcpp/rclcpp/executors.hpp:22[m[K,
                 from [01m[K/opt/ros/humble/include/rclcpp/rclcpp/rclcpp.hpp:155[m[K,
                 from [01m[K/opt/ros/humble/include/controller_interface/controller_interface_base.hpp:28[m[K,
                 from [01m[K/opt/ros/humble/include/controller_interface/controller_interface.hpp:22[m[K,
                 from [01m[K/home/user/ros2_control_example/src/multi_interface_forward_controller/include/multi_interface_forward_controller/multi_interface_forward_controller.hpp:22[m[K,
                 from [01m[K/home/user/ros2_control_example/src/multi_interface_forward_controller/src/multi_interface_forward_controller.cpp:15[m[K:
[01m[K/opt/ros/humble/include/rclcpp/rclcpp/parameter_value.hpp:229:3:[m[K [01;36m[Knote: [m[Kcandidate: ‘[01m[Ktemplate<rclcpp::ParameterType type> constexpr typename std::enable_if<(type == rclcpp::PARAMETER_DOUBLE_ARRAY), const std::vector<double, std::allocator<double> >&>::type rclcpp::ParameterValue::get() const[m[K’
  229 |   [01;36m[Kget[m[K() const
      |   [01;36m[K^~~[m[K
[01m[K/opt/ros/humble/include/rclcpp/rclcpp/parameter_value.hpp:229:3:[m[K [01;36m[Knote: [m[K  template argument deduction/substitution failed:
In file included from [01m[K/opt/ros/humble/include/rclcpp/rclcpp/node_interfaces/node_parameters_interface.hpp:28[m[K,
                 from [01m[K/opt/ros/humble/include/rclcpp/rclcpp/node.hpp:54[m[K,
                 from [01m[K/opt/ros/humble/include/rclcpp/rclcpp/executors/single_threaded_executor.hpp:28[m[K,
                 from [01m[K/opt/ros/humble/include/rclcpp/rclcpp/executors.hpp:22[m[K,
                 from [01m[K/opt/ros/humble/include/rclcpp/rclcpp/rclcpp.hpp:155[m[K,
                 from [01m[K/opt/ros/humble/include/controller_interface/controller_interface_base.hpp:28[m[K,
                 from [01m[K/opt/ros/humble/include/controller_interface/controller_interface.hpp:22[m[K,
                 from [01m[K/home/user/ros2_control_example/src/multi_interface_forward_controller/include/multi_interface_forward_controller/multi_interface_forward_controller.hpp:22[m[K,
                 from [01m[K/home/user/ros2_control_example/src/multi_interface_forward_controller/src/multi_interface_forward_controller.cpp:15[m[K:
[01m[K/opt/ros/humble/include/rclcpp/rclcpp/parameter.hpp:239:49:[m[K [01;31m[Kerror: [m[Ktype/value mismatch at argument 1 in template parameter list for ‘[01m[Ktemplate<rclcpp::ParameterType type> constexpr typename std::enable_if<(type == rclcpp::PARAMETER_DOUBLE_ARRAY), const std::vector<double, std::allocator<double> >&>::type rclcpp::ParameterValue::get() const[m[K’
  239 |   return [01;31m[Kparameter->get_parameter_value().get<T>()[m[K;
      |          [01;31m[K~~~~~~~~~~~~~~~~~~~~~~~~~~~~~~~~~~~~~~~^~[m[K
[01m[K/opt/ros/humble/include/rclcpp/rclcpp/parameter.hpp:239:49:[m[K [01;36m[Knote: [m[K  expected a constant of type ‘[01m[Krclcpp::ParameterType[m[K’, got ‘[01m[Kstd::vector<std::vector<std::__cxx11::basic_string<char> > >[m[K’
In file included from [01m[K/opt/ros/humble/include/rclcpp/rclcpp/parameter.hpp:26[m[K,
                 from [01m[K/opt/ros/humble/include/rclcpp/rclcpp/node_interfaces/node_parameters_interface.hpp:28[m[K,
                 from [01m[K/opt/ros/humble/include/rclcpp/rclcpp/node.hpp:54[m[K,
                 from [01m[K/opt/ros/humble/include/rclcpp/rclcpp/executors/single_threaded_executor.hpp:28[m[K,
                 from [01m[K/opt/ros/humble/include/rclcpp/rclcpp/executors.hpp:22[m[K,
                 from [01m[K/opt/ros/humble/include/rclcpp/rclcpp/rclcpp.hpp:155[m[K,
                 from [01m[K/opt/ros/humble/include/controller_interface/controller_interface_base.hpp:28[m[K,
                 from [01m[K/opt/ros/humble/include/controller_interface/controller_interface.hpp:22[m[K,
                 from [01m[K/home/user/ros2_control_example/src/multi_interface_forward_controller/include/multi_interface_forward_controller/multi_interface_forward_controller.hpp:22[m[K,
                 from [01m[K/home/user/ros2_control_example/src/multi_interface_forward_controller/src/multi_interface_forward_controller.cpp:15[m[K:
[01m[K/opt/ros/humble/include/rclcpp/rclcpp/parameter_value.hpp:241:3:[m[K [01;36m[Knote: [m[Kcandidate: ‘[01m[Ktemplate<rclcpp::ParameterType type> constexpr typename std::enable_if<(type == rclcpp::PARAMETER_STRING_ARRAY), const std::vector<std::__cxx11::basic_string<char> >&>::type rclcpp::ParameterValue::get() const[m[K’
  241 |   [01;36m[Kget[m[K() const
      |   [01;36m[K^~~[m[K
[01m[K/opt/ros/humble/include/rclcpp/rclcpp/parameter_value.hpp:241:3:[m[K [01;36m[Knote: [m[K  template argument deduction/substitution failed:
In file included from [01m[K/opt/ros/humble/include/rclcpp/rclcpp/node_interfaces/node_parameters_interface.hpp:28[m[K,
                 from [01m[K/opt/ros/humble/include/rclcpp/rclcpp/node.hpp:54[m[K,
                 from [01m[K/opt/ros/humble/include/rclcpp/rclcpp/executors/single_threaded_executor.hpp:28[m[K,
                 from [01m[K/opt/ros/humble/include/rclcpp/rclcpp/executors.hpp:22[m[K,
                 from [01m[K/opt/ros/humble/include/rclcpp/rclcpp/rclcpp.hpp:155[m[K,
                 from [01m[K/opt/ros/humble/include/controller_interface/controller_interface_base.hpp:28[m[K,
                 from [01m[K/opt/ros/humble/include/controller_interface/controller_interface.hpp:22[m[K,
                 from [01m[K/home/user/ros2_control_example/src/multi_interface_forward_controller/include/multi_interface_forward_controller/multi_interface_forward_controller.hpp:22[m[K,
                 from [01m[K/home/user/ros2_control_example/src/multi_interface_forward_controller/src/multi_interface_forward_controller.cpp:15[m[K:
[01m[K/opt/ros/humble/include/rclcpp/rclcpp/parameter.hpp:239:49:[m[K [01;31m[Kerror: [m[Ktype/value mismatch at argument 1 in template parameter list for ‘[01m[Ktemplate<rclcpp::ParameterType type> constexpr typename std::enable_if<(type == rclcpp::PARAMETER_STRING_ARRAY), const std::vector<std::__cxx11::basic_string<char> >&>::type rclcpp::ParameterValue::get() const[m[K’
  239 |   return [01;31m[Kparameter->get_parameter_value().get<T>()[m[K;
      |          [01;31m[K~~~~~~~~~~~~~~~~~~~~~~~~~~~~~~~~~~~~~~~^~[m[K
[01m[K/opt/ros/humble/include/rclcpp/rclcpp/parameter.hpp:239:49:[m[K [01;36m[Knote: [m[K  expected a constant of type ‘[01m[Krclcpp::ParameterType[m[K’, got ‘[01m[Kstd::vector<std::vector<std::__cxx11::basic_string<char> > >[m[K’
In file included from [01m[K/opt/ros/humble/include/rclcpp/rclcpp/parameter.hpp:26[m[K,
                 from [01m[K/opt/ros/humble/include/rclcpp/rclcpp/node_interfaces/node_parameters_interface.hpp:28[m[K,
                 from [01m[K/opt/ros/humble/include/rclcpp/rclcpp/node.hpp:54[m[K,
                 from [01m[K/opt/ros/humble/include/rclcpp/rclcpp/executors/single_threaded_executor.hpp:28[m[K,
                 from [01m[K/opt/ros/humble/include/rclcpp/rclcpp/executors.hpp:22[m[K,
                 from [01m[K/opt/ros/humble/include/rclcpp/rclcpp/rclcpp.hpp:155[m[K,
                 from [01m[K/opt/ros/humble/include/controller_interface/controller_interface_base.hpp:28[m[K,
                 from [01m[K/opt/ros/humble/include/controller_interface/controller_interface.hpp:22[m[K,
                 from [01m[K/home/user/ros2_control_example/src/multi_interface_forward_controller/include/multi_interface_forward_controller/multi_interface_forward_controller.hpp:22[m[K,
                 from [01m[K/home/user/ros2_control_example/src/multi_interface_forward_controller/src/multi_interface_forward_controller.cpp:15[m[K:
[01m[K/opt/ros/humble/include/rclcpp/rclcpp/parameter_value.hpp:254:3:[m[K [01;36m[Knote: [m[Kcandidate: ‘[01m[Ktemplate<class type> constexpr typename std::enable_if<std::is_same<T, bool>::value, const bool&>::type rclcpp::ParameterValue::get() const[m[K’
  254 |   [01;36m[Kget[m[K() const
      |   [01;36m[K^~~[m[K
[01m[K/opt/ros/humble/include/rclcpp/rclcpp/parameter_value.hpp:254:3:[m[K [01;36m[Knote: [m[K  template argument deduction/substitution failed:
/opt/ros/humble/include/rclcpp/rclcpp/parameter_value.hpp: In substitution of ‘[01m[Ktemplate<class type> constexpr typename std::enable_if<std::is_same<T, bool>::value, const bool&>::type rclcpp::ParameterValue::get() const [with type = std::vector<std::vector<std::__cxx11::basic_string<char> > >][m[K’:
[01m[K/opt/ros/humble/include/rclcpp/rclcpp/parameter.hpp:239:49:[m[K   required from ‘[01m[Kauto rclcpp::detail::get_value_helper(const rclcpp::Parameter*) [with T = std::vector<std::vector<std::__cxx11::basic_string<char> > >][m[K’
[01m[K/opt/ros/humble/include/rclcpp/rclcpp/parameter.hpp:274:39:[m[K   required from ‘[01m[Kdecltype(auto) rclcpp::Parameter::get_value() const [with T = std::vector<std::vector<std::__cxx11::basic_string<char> > >][m[K’
[01m[K/opt/ros/humble/include/controller_interface/controller_interface_base.hpp:175:62:[m[K   required from ‘[01m[Kauto controller_interface::ControllerInterfaceBase::auto_declare(const string&, const ParameterT&) [with ParameterT = std::vector<std::vector<std::__cxx11::basic_string<char> > >; std::string = std::__cxx11::basic_string<char>][m[K’
[01m[K/home/user/ros2_control_example/src/multi_interface_forward_controller/src/multi_interface_forward_controller.cpp:36:25:[m[K   required from here
[01m[K/opt/ros/humble/include/rclcpp/rclcpp/parameter_value.hpp:254:3:[m[K [01;31m[Kerror: [m[Kno type named ‘[01m[Ktype[m[K’ in ‘[01m[Kstruct std::enable_if<false, const bool&>[m[K’
/opt/ros/humble/include/rclcpp/rclcpp/parameter.hpp: In instantiation of ‘[01m[Kauto rclcpp::detail::get_value_helper(const rclcpp::Parameter*) [with T = std::vector<std::vector<std::__cxx11::basic_string<char> > >][m[K’:
[01m[K/opt/ros/humble/include/rclcpp/rclcpp/parameter.hpp:274:39:[m[K   required from ‘[01m[Kdecltype(auto) rclcpp::Parameter::get_value() const [with T = std::vector<std::vector<std::__cxx11::basic_string<char> > >][m[K’
[01m[K/opt/ros/humble/include/controller_interface/controller_interface_base.hpp:175:62:[m[K   required from ‘[01m[Kauto controller_interface::ControllerInterfaceBase::auto_declare(const string&, const ParameterT&) [with ParameterT = std::vector<std::vector<std::__cxx11::basic_string<char> > >; std::string = std::__cxx11::basic_string<char>][m[K’
[01m[K/home/user/ros2_control_example/src/multi_interface_forward_controller/src/multi_interface_forward_controller.cpp:36:25:[m[K   required from here
[01m[K/opt/ros/humble/include/rclcpp/rclcpp/parameter_value.hpp:263:3:[m[K [01;36m[Knote: [m[Kcandidate: ‘[01m[Ktemplate<class type> constexpr typename std::enable_if<(std::is_integral<_Tp>::value && (! std::is_same<T, bool>::value)), const long int&>::type rclcpp::ParameterValue::get() const[m[K’
  263 |   [01;36m[Kget[m[K() const
      |   [01;36m[K^~~[m[K
[01m[K/opt/ros/humble/include/rclcpp/rclcpp/parameter_value.hpp:263:3:[m[K [01;36m[Knote: [m[K  template argument deduction/substitution failed:
/opt/ros/humble/include/rclcpp/rclcpp/parameter_value.hpp: In substitution of ‘[01m[Ktemplate<class type> constexpr typename std::enable_if<(std::is_integral<_Tp>::value && (! std::is_same<T, bool>::value)), const long int&>::type rclcpp::ParameterValue::get() const [with type = std::vector<std::vector<std::__cxx11::basic_string<char> > >][m[K’:
[01m[K/opt/ros/humble/include/rclcpp/rclcpp/parameter.hpp:239:49:[m[K   required from ‘[01m[Kauto rclcpp::detail::get_value_helper(const rclcpp::Parameter*) [with T = std::vector<std::vector<std::__cxx11::basic_string<char> > >][m[K’
[01m[K/opt/ros/humble/include/rclcpp/rclcpp/parameter.hpp:274:39:[m[K   required from ‘[01m[Kdecltype(auto) rclcpp::Parameter::get_value() const [with T = std::vector<std::vector<std::__cxx11::basic_string<char> > >][m[K’
[01m[K/opt/ros/humble/include/controller_interface/controller_interface_base.hpp:175:62:[m[K   required from ‘[01m[Kauto controller_interface::ControllerInterfaceBase::auto_declare(const string&, const ParameterT&) [with ParameterT = std::vector<std::vector<std::__cxx11::basic_string<char> > >; std::string = std::__cxx11::basic_string<char>][m[K’
[01m[K/home/user/ros2_control_example/src/multi_interface_forward_controller/src/multi_interface_forward_controller.cpp:36:25:[m[K   required from here
[01m[K/opt/ros/humble/include/rclcpp/rclcpp/parameter_value.hpp:263:3:[m[K [01;31m[Kerror: [m[Kno type named ‘[01m[Ktype[m[K’ in ‘[01m[Kstruct std::enable_if<false, const long int&>[m[K’
/opt/ros/humble/include/rclcpp/rclcpp/parameter.hpp: In instantiation of ‘[01m[Kauto rclcpp::detail::get_value_helper(const rclcpp::Parameter*) [with T = std::vector<std::vector<std::__cxx11::basic_string<char> > >][m[K’:
[01m[K/opt/ros/humble/include/rclcpp/rclcpp/parameter.hpp:274:39:[m[K   required from ‘[01m[Kdecltype(auto) rclcpp::Parameter::get_value() const [with T = std::vector<std::vector<std::__cxx11::basic_string<char> > >][m[K’
[01m[K/opt/ros/humble/include/controller_interface/controller_interface_base.hpp:175:62:[m[K   required from ‘[01m[Kauto controller_interface::ControllerInterfaceBase::auto_declare(const string&, const ParameterT&) [with ParameterT = std::vector<std::vector<std::__cxx11::basic_string<char> > >; std::string = std::__cxx11::basic_string<char>][m[K’
[01m[K/home/user/ros2_control_example/src/multi_interface_forward_controller/src/multi_interface_forward_controller.cpp:36:25:[m[K   required from here
[01m[K/opt/ros/humble/include/rclcpp/rclcpp/parameter_value.hpp:271:3:[m[K [01;36m[Knote: [m[Kcandidate: ‘[01m[Ktemplate<class type> constexpr typename std::enable_if<std::is_floating_point<_Tp>::value, const double&>::type rclcpp::ParameterValue::get() const[m[K’
  271 |   [01;36m[Kget[m[K() const
      |   [01;36m[K^~~[m[K
[01m[K/opt/ros/humble/include/rclcpp/rclcpp/parameter_value.hpp:271:3:[m[K [01;36m[Knote: [m[K  template argument deduction/substitution failed:
/opt/ros/humble/include/rclcpp/rclcpp/parameter_value.hpp: In substitution of ‘[01m[Ktemplate<class type> constexpr typename std::enable_if<std::is_floating_point<_Tp>::value, const double&>::type rclcpp::ParameterValue::get() const [with type = std::vector<std::vector<std::__cxx11::basic_string<char> > >][m[K’:
[01m[K/opt/ros/humble/include/rclcpp/rclcpp/parameter.hpp:239:49:[m[K   required from ‘[01m[Kauto rclcpp::detail::get_value_helper(const rclcpp::Parameter*) [with T = std::vector<std::vector<std::__cxx11::basic_string<char> > >][m[K’
[01m[K/opt/ros/humble/include/rclcpp/rclcpp/parameter.hpp:274:39:[m[K   required from ‘[01m[Kdecltype(auto) rclcpp::Parameter::get_value() const [with T = std::vector<std::vector<std::__cxx11::basic_string<char> > >][m[K’
[01m[K/opt/ros/humble/include/controller_interface/controller_interface_base.hpp:175:62:[m[K   required from ‘[01m[Kauto controller_interface::ControllerInterfaceBase::auto_declare(const string&, const ParameterT&) [with ParameterT = std::vector<std::vector<std::__cxx11::basic_string<char> > >; std::string = std::__cxx11::basic_string<char>][m[K’
[01m[K/home/user/ros2_control_example/src/multi_interface_forward_controller/src/multi_interface_forward_controller.cpp:36:25:[m[K   required from here
[01m[K/opt/ros/humble/include/rclcpp/rclcpp/parameter_value.hpp:271:3:[m[K [01;31m[Kerror: [m[Kno type named ‘[01m[Ktype[m[K’ in ‘[01m[Kstruct std::enable_if<false, const double&>[m[K’
/opt/ros/humble/include/rclcpp/rclcpp/parameter.hpp: In instantiation of ‘[01m[Kauto rclcpp::detail::get_value_helper(const rclcpp::Parameter*) [with T = std::vector<std::vector<std::__cxx11::basic_string<char> > >][m[K’:
[01m[K/opt/ros/humble/include/rclcpp/rclcpp/parameter.hpp:274:39:[m[K   required from ‘[01m[Kdecltype(auto) rclcpp::Parameter::get_value() const [with T = std::vector<std::vector<std::__cxx11::basic_string<char> > >][m[K’
[01m[K/opt/ros/humble/include/controller_interface/controller_interface_base.hpp:175:62:[m[K   required from ‘[01m[Kauto controller_interface::ControllerInterfaceBase::auto_declare(const string&, const ParameterT&) [with ParameterT = std::vector<std::vector<std::__cxx11::basic_string<char> > >; std::string = std::__cxx11::basic_string<char>][m[K’
[01m[K/home/user/ros2_control_example/src/multi_interface_forward_controller/src/multi_interface_forward_controller.cpp:36:25:[m[K   required from here
[01m[K/opt/ros/humble/include/rclcpp/rclcpp/parameter_value.hpp:279:3:[m[K [01;36m[Knote: [m[Kcandidate: ‘[01m[Ktemplate<class type> constexpr typename std::enable_if<std::is_convertible<type, std::__cxx11::basic_string<char> >::value, const std::__cxx11::basic_string<char>&>::type rclcpp::ParameterValue::get() const[m[K’
  279 |   [01;36m[Kget[m[K() const
      |   [01;36m[K^~~[m[K
[01m[K/opt/ros/humble/include/rclcpp/rclcpp/parameter_value.hpp:279:3:[m[K [01;36m[Knote: [m[K  template argument deduction/substitution failed:
/opt/ros/humble/include/rclcpp/rclcpp/parameter_value.hpp: In substitution of ‘[01m[Ktemplate<class type> constexpr typename std::enable_if<std::is_convertible<type, std::__cxx11::basic_string<char> >::value, const std::__cxx11::basic_string<char>&>::type rclcpp::ParameterValue::get() const [with type = std::vector<std::vector<std::__cxx11::basic_string<char> > >][m[K’:
[01m[K/opt/ros/humble/include/rclcpp/rclcpp/parameter.hpp:239:49:[m[K   required from ‘[01m[Kauto rclcpp::detail::get_value_helper(const rclcpp::Parameter*) [with T = std::vector<std::vector<std::__cxx11::basic_string<char> > >][m[K’
[01m[K/opt/ros/humble/include/rclcpp/rclcpp/parameter.hpp:274:39:[m[K   required from ‘[01m[Kdecltype(auto) rclcpp::Parameter::get_value() const [with T = std::vector<std::vector<std::__cxx11::basic_string<char> > >][m[K’
[01m[K/opt/ros/humble/include/controller_interface/controller_interface_base.hpp:175:62:[m[K   required from ‘[01m[Kauto controller_interface::ControllerInterfaceBase::auto_declare(const string&, const ParameterT&) [with ParameterT = std::vector<std::vector<std::__cxx11::basic_string<char> > >; std::string = std::__cxx11::basic_string<char>][m[K’
[01m[K/home/user/ros2_control_example/src/multi_interface_forward_controller/src/multi_interface_forward_controller.cpp:36:25:[m[K   required from here
[01m[K/opt/ros/humble/include/rclcpp/rclcpp/parameter_value.hpp:279:3:[m[K [01;31m[Kerror: [m[Kno type named ‘[01m[Ktype[m[K’ in ‘[01m[Kstruct std::enable_if<false, const std::__cxx11::basic_string<char>&>[m[K’
/opt/ros/humble/include/rclcpp/rclcpp/parameter.hpp: In instantiation of ‘[01m[Kauto rclcpp::detail::get_value_helper(const rclcpp::Parameter*) [with T = std::vector<std::vector<std::__cxx11::basic_string<char> > >][m[K’:
[01m[K/opt/ros/humble/include/rclcpp/rclcpp/parameter.hpp:274:39:[m[K   required from ‘[01m[Kdecltype(auto) rclcpp::Parameter::get_value() const [with T = std::vector<std::vector<std::__cxx11::basic_string<char> > >][m[K’
[01m[K/opt/ros/humble/include/controller_interface/controller_interface_base.hpp:175:62:[m[K   required from ‘[01m[Kauto controller_interface::ControllerInterfaceBase::auto_declare(const string&, const ParameterT&) [with ParameterT = std::vector<std::vector<std::__cxx11::basic_string<char> > >; std::string = std::__cxx11::basic_string<char>][m[K’
[01m[K/home/user/ros2_control_example/src/multi_interface_forward_controller/src/multi_interface_forward_controller.cpp:36:25:[m[K   required from here
[01m[K/opt/ros/humble/include/rclcpp/rclcpp/parameter_value.hpp:289:3:[m[K [01;36m[Knote: [m[Kcandidate: ‘[01m[Ktemplate<class type> constexpr typename std::enable_if<std::is_convertible<type, const std::vector<unsigned char, std::allocator<unsigned char> >&>::value, const std::vector<unsigned char, std::allocator<unsigned char> >&>::type rclcpp::ParameterValue::get() const[m[K’
  289 |   [01;36m[Kget[m[K() const
      |   [01;36m[K^~~[m[K
[01m[K/opt/ros/humble/include/rclcpp/rclcpp/parameter_value.hpp:289:3:[m[K [01;36m[Knote: [m[K  template argument deduction/substitution failed:
/opt/ros/humble/include/rclcpp/rclcpp/parameter_value.hpp: In substitution of ‘[01m[Ktemplate<class type> constexpr typename std::enable_if<std::is_convertible<type, const std::vector<unsigned char, std::allocator<unsigned char> >&>::value, const std::vector<unsigned char, std::allocator<unsigned char> >&>::type rclcpp::ParameterValue::get() const [with type = std::vector<std::vector<std::__cxx11::basic_string<char> > >][m[K’:
[01m[K/opt/ros/humble/include/rclcpp/rclcpp/parameter.hpp:239:49:[m[K   required from ‘[01m[Kauto rclcpp::detail::get_value_helper(const rclcpp::Parameter*) [with T = std::vector<std::vector<std::__cxx11::basic_string<char> > >][m[K’
[01m[K/opt/ros/humble/include/rclcpp/rclcpp/parameter.hpp:274:39:[m[K   required from ‘[01m[Kdecltype(auto) rclcpp::Parameter::get_value() const [with T = std::vector<std::vector<std::__cxx11::basic_string<char> > >][m[K’
[01m[K/opt/ros/humble/include/controller_interface/controller_interface_base.hpp:175:62:[m[K   required from ‘[01m[Kauto controller_interface::ControllerInterfaceBase::auto_declare(const string&, const ParameterT&) [with ParameterT = std::vector<std::vector<std::__cxx11::basic_string<char> > >; std::string = std::__cxx11::basic_string<char>][m[K’
[01m[K/home/user/ros2_control_example/src/multi_interface_forward_controller/src/multi_interface_forward_controller.cpp:36:25:[m[K   required from here
[01m[K/opt/ros/humble/include/rclcpp/rclcpp/parameter_value.hpp:289:3:[m[K [01;31m[Kerror: [m[Kno type named ‘[01m[Ktype[m[K’ in ‘[01m[Kstruct std::enable_if<false, const std::vector<unsigned char, std::allocator<unsigned char> >&>[m[K’
/opt/ros/humble/include/rclcpp/rclcpp/parameter.hpp: In instantiation of ‘[01m[Kauto rclcpp::detail::get_value_helper(const rclcpp::Parameter*) [with T = std::vector<std::vector<std::__cxx11::basic_string<char> > >][m[K’:
[01m[K/opt/ros/humble/include/rclcpp/rclcpp/parameter.hpp:274:39:[m[K   required from ‘[01m[Kdecltype(auto) rclcpp::Parameter::get_value() const [with T = std::vector<std::vector<std::__cxx11::basic_string<char> > >][m[K’
[01m[K/opt/ros/humble/include/controller_interface/controller_interface_base.hpp:175:62:[m[K   required from ‘[01m[Kauto controller_interface::ControllerInterfaceBase::auto_declare(const string&, const ParameterT&) [with ParameterT = std::vector<std::vector<std::__cxx11::basic_string<char> > >; std::string = std::__cxx11::basic_string<char>][m[K’
[01m[K/home/user/ros2_control_example/src/multi_interface_forward_controller/src/multi_interface_forward_controller.cpp:36:25:[m[K   required from here
[01m[K/opt/ros/humble/include/rclcpp/rclcpp/parameter_value.hpp:299:3:[m[K [01;36m[Knote: [m[Kcandidate: ‘[01m[Ktemplate<class type> constexpr typename std::enable_if<std::is_convertible<type, const std::vector<bool, std::allocator<bool> >&>::value, const std::vector<bool, std::allocator<bool> >&>::type rclcpp::ParameterValue::get() const[m[K’
  299 |   [01;36m[Kget[m[K() const
      |   [01;36m[K^~~[m[K
[01m[K/opt/ros/humble/include/rclcpp/rclcpp/parameter_value.hpp:299:3:[m[K [01;36m[Knote: [m[K  template argument deduction/substitution failed:
/opt/ros/humble/include/rclcpp/rclcpp/parameter_value.hpp: In substitution of ‘[01m[Ktemplate<class type> constexpr typename std::enable_if<std::is_convertible<type, const std::vector<bool, std::allocator<bool> >&>::value, const std::vector<bool, std::allocator<bool> >&>::type rclcpp::ParameterValue::get() const [with type = std::vector<std::vector<std::__cxx11::basic_string<char> > >][m[K’:
[01m[K/opt/ros/humble/include/rclcpp/rclcpp/parameter.hpp:239:49:[m[K   required from ‘[01m[Kauto rclcpp::detail::get_value_helper(const rclcpp::Parameter*) [with T = std::vector<std::vector<std::__cxx11::basic_string<char> > >][m[K’
[01m[K/opt/ros/humble/include/rclcpp/rclcpp/parameter.hpp:274:39:[m[K   required from ‘[01m[Kdecltype(auto) rclcpp::Parameter::get_value() const [with T = std::vector<std::vector<std::__cxx11::basic_string<char> > >][m[K’
[01m[K/opt/ros/humble/include/controller_interface/controller_interface_base.hpp:175:62:[m[K   required from ‘[01m[Kauto controller_interface::ControllerInterfaceBase::auto_declare(const string&, const ParameterT&) [with ParameterT = std::vector<std::vector<std::__cxx11::basic_string<char> > >; std::string = std::__cxx11::basic_string<char>][m[K’
[01m[K/home/user/ros2_control_example/src/multi_interface_forward_controller/src/multi_interface_forward_controller.cpp:36:25:[m[K   required from here
[01m[K/opt/ros/humble/include/rclcpp/rclcpp/parameter_value.hpp:299:3:[m[K [01;31m[Kerror: [m[Kno type named ‘[01m[Ktype[m[K’ in ‘[01m[Kstruct std::enable_if<false, const std::vector<bool, std::allocator<bool> >&>[m[K’
/opt/ros/humble/include/rclcpp/rclcpp/parameter.hpp: In instantiation of ‘[01m[Kauto rclcpp::detail::get_value_helper(const rclcpp::Parameter*) [with T = std::vector<std::vector<std::__cxx11::basic_string<char> > >][m[K’:
[01m[K/opt/ros/humble/include/rclcpp/rclcpp/parameter.hpp:274:39:[m[K   required from ‘[01m[Kdecltype(auto) rclcpp::Parameter::get_value() const [with T = std::vector<std::vector<std::__cxx11::basic_string<char> > >][m[K’
[01m[K/opt/ros/humble/include/controller_interface/controller_interface_base.hpp:175:62:[m[K   required from ‘[01m[Kauto controller_interface::ControllerInterfaceBase::auto_declare(const string&, const ParameterT&) [with ParameterT = std::vector<std::vector<std::__cxx11::basic_string<char> > >; std::string = std::__cxx11::basic_string<char>][m[K’
[01m[K/home/user/ros2_control_example/src/multi_interface_forward_controller/src/multi_interface_forward_controller.cpp:36:25:[m[K   required from here
[01m[K/opt/ros/humble/include/rclcpp/rclcpp/parameter_value.hpp:309:3:[m[K [01;36m[Knote: [m[Kcandidate: ‘[01m[Ktemplate<class type> constexpr typename std::enable_if<std::is_convertible<type, const std::vector<int>&>::value, const std::vector<long int, std::allocator<long int> >&>::type rclcpp::ParameterValue::get() const[m[K’
  309 |   [01;36m[Kget[m[K() const
      |   [01;36m[K^~~[m[K
[01m[K/opt/ros/humble/include/rclcpp/rclcpp/parameter_value.hpp:309:3:[m[K [01;36m[Knote: [m[K  template argument deduction/substitution failed:
/opt/ros/humble/include/rclcpp/rclcpp/parameter_value.hpp: In substitution of ‘[01m[Ktemplate<class type> constexpr typename std::enable_if<std::is_convertible<type, const std::vector<int>&>::value, const std::vector<long int, std::allocator<long int> >&>::type rclcpp::ParameterValue::get() const [with type = std::vector<std::vector<std::__cxx11::basic_string<char> > >][m[K’:
[01m[K/opt/ros/humble/include/rclcpp/rclcpp/parameter.hpp:239:49:[m[K   required from ‘[01m[Kauto rclcpp::detail::get_value_helper(const rclcpp::Parameter*) [with T = std::vector<std::vector<std::__cxx11::basic_string<char> > >][m[K’
[01m[K/opt/ros/humble/include/rclcpp/rclcpp/parameter.hpp:274:39:[m[K   required from ‘[01m[Kdecltype(auto) rclcpp::Parameter::get_value() const [with T = std::vector<std::vector<std::__cxx11::basic_string<char> > >][m[K’
[01m[K/opt/ros/humble/include/controller_interface/controller_interface_base.hpp:175:62:[m[K   required from ‘[01m[Kauto controller_interface::ControllerInterfaceBase::auto_declare(const string&, const ParameterT&) [with ParameterT = std::vector<std::vector<std::__cxx11::basic_string<char> > >; std::string = std::__cxx11::basic_string<char>][m[K’
[01m[K/home/user/ros2_control_example/src/multi_interface_forward_controller/src/multi_interface_forward_controller.cpp:36:25:[m[K   required from here
[01m[K/opt/ros/humble/include/rclcpp/rclcpp/parameter_value.hpp:309:3:[m[K [01;31m[Kerror: [m[Kno type named ‘[01m[Ktype[m[K’ in ‘[01m[Kstruct std::enable_if<false, const std::vector<long int, std::allocator<long int> >&>[m[K’
/opt/ros/humble/include/rclcpp/rclcpp/parameter.hpp: In instantiation of ‘[01m[Kauto rclcpp::detail::get_value_helper(const rclcpp::Parameter*) [with T = std::vector<std::vector<std::__cxx11::basic_string<char> > >][m[K’:
[01m[K/opt/ros/humble/include/rclcpp/rclcpp/parameter.hpp:274:39:[m[K   required from ‘[01m[Kdecltype(auto) rclcpp::Parameter::get_value() const [with T = std::vector<std::vector<std::__cxx11::basic_string<char> > >][m[K’
[01m[K/opt/ros/humble/include/controller_interface/controller_interface_base.hpp:175:62:[m[K   required from ‘[01m[Kauto controller_interface::ControllerInterfaceBase::auto_declare(const string&, const ParameterT&) [with ParameterT = std::vector<std::vector<std::__cxx11::basic_string<char> > >; std::string = std::__cxx11::basic_string<char>][m[K’
[01m[K/home/user/ros2_control_example/src/multi_interface_forward_controller/src/multi_interface_forward_controller.cpp:36:25:[m[K   required from here
[01m[K/opt/ros/humble/include/rclcpp/rclcpp/parameter_value.hpp:319:3:[m[K [01;36m[Knote: [m[Kcandidate: ‘[01m[Ktemplate<class type> constexpr typename std::enable_if<std::is_convertible<type, const std::vector<long int, std::allocator<long int> >&>::value, const std::vector<long int, std::allocator<long int> >&>::type rclcpp::ParameterValue::get() const[m[K’
  319 |   [01;36m[Kget[m[K() const
      |   [01;36m[K^~~[m[K
[01m[K/opt/ros/humble/include/rclcpp/rclcpp/parameter_value.hpp:319:3:[m[K [01;36m[Knote: [m[K  template argument deduction/substitution failed:
/opt/ros/humble/include/rclcpp/rclcpp/parameter_value.hpp: In substitution of ‘[01m[Ktemplate<class type> constexpr typename std::enable_if<std::is_convertible<type, const std::vector<long int, std::allocator<long int> >&>::value, const std::vector<long int, std::allocator<long int> >&>::type rclcpp::ParameterValue::get() const [with type = std::vector<std::vector<std::__cxx11::basic_string<char> > >][m[K’:
[01m[K/opt/ros/humble/include/rclcpp/rclcpp/parameter.hpp:239:49:[m[K   required from ‘[01m[Kauto rclcpp::detail::get_value_helper(const rclcpp::Parameter*) [with T = std::vector<std::vector<std::__cxx11::basic_string<char> > >][m[K’
[01m[K/opt/ros/humble/include/rclcpp/rclcpp/parameter.hpp:274:39:[m[K   required from ‘[01m[Kdecltype(auto) rclcpp::Parameter::get_value() const [with T = std::vector<std::vector<std::__cxx11::basic_string<char> > >][m[K’
[01m[K/opt/ros/humble/include/controller_interface/controller_interface_base.hpp:175:62:[m[K   required from ‘[01m[Kauto controller_interface::ControllerInterfaceBase::auto_declare(const string&, const ParameterT&) [with ParameterT = std::vector<std::vector<std::__cxx11::basic_string<char> > >; std::string = std::__cxx11::basic_string<char>][m[K’
[01m[K/home/user/ros2_control_example/src/multi_interface_forward_controller/src/multi_interface_forward_controller.cpp:36:25:[m[K   required from here
[01m[K/opt/ros/humble/include/rclcpp/rclcpp/parameter_value.hpp:319:3:[m[K [01;31m[Kerror: [m[Kno type named ‘[01m[Ktype[m[K’ in ‘[01m[Kstruct std::enable_if<false, const std::vector<long int, std::allocator<long int> >&>[m[K’
/opt/ros/humble/include/rclcpp/rclcpp/parameter.hpp: In instantiation of ‘[01m[Kauto rclcpp::detail::get_value_helper(const rclcpp::Parameter*) [with T = std::vector<std::vector<std::__cxx11::basic_string<char> > >][m[K’:
[01m[K/opt/ros/humble/include/rclcpp/rclcpp/parameter.hpp:274:39:[m[K   required from ‘[01m[Kdecltype(auto) rclcpp::Parameter::get_value() const [with T = std::vector<std::vector<std::__cxx11::basic_string<char> > >][m[K’
[01m[K/opt/ros/humble/include/controller_interface/controller_interface_base.hpp:175:62:[m[K   required from ‘[01m[Kauto controller_interface::ControllerInterfaceBase::auto_declare(const string&, const ParameterT&) [with ParameterT = std::vector<std::vector<std::__cxx11::basic_string<char> > >; std::string = std::__cxx11::basic_string<char>][m[K’
[01m[K/home/user/ros2_control_example/src/multi_interface_forward_controller/src/multi_interface_forward_controller.cpp:36:25:[m[K   required from here
[01m[K/opt/ros/humble/include/rclcpp/rclcpp/parameter_value.hpp:329:3:[m[K [01;36m[Knote: [m[Kcandidate: ‘[01m[Ktemplate<class type> constexpr typename std::enable_if<std::is_convertible<type, const std::vector<float>&>::value, const std::vector<double, std::allocator<double> >&>::type rclcpp::ParameterValue::get() const[m[K’
  329 |   [01;36m[Kget[m[K() const
      |   [01;36m[K^~~[m[K
[01m[K/opt/ros/humble/include/rclcpp/rclcpp/parameter_value.hpp:329:3:[m[K [01;36m[Knote: [m[K  template argument deduction/substitution failed:
/opt/ros/humble/include/rclcpp/rclcpp/parameter_value.hpp: In substitution of ‘[01m[Ktemplate<class type> constexpr typename std::enable_if<std::is_convertible<type, const std::vector<float>&>::value, const std::vector<double, std::allocator<double> >&>::type rclcpp::ParameterValue::get() const [with type = std::vector<std::vector<std::__cxx11::basic_string<char> > >][m[K’:
[01m[K/opt/ros/humble/include/rclcpp/rclcpp/parameter.hpp:239:49:[m[K   required from ‘[01m[Kauto rclcpp::detail::get_value_helper(const rclcpp::Parameter*) [with T = std::vector<std::vector<std::__cxx11::basic_string<char> > >][m[K’
[01m[K/opt/ros/humble/include/rclcpp/rclcpp/parameter.hpp:274:39:[m[K   required from ‘[01m[Kdecltype(auto) rclcpp::Parameter::get_value() const [with T = std::vector<std::vector<std::__cxx11::basic_string<char> > >][m[K’
[01m[K/opt/ros/humble/include/controller_interface/controller_interface_base.hpp:175:62:[m[K   required from ‘[01m[Kauto controller_interface::ControllerInterfaceBase::auto_declare(const string&, const ParameterT&) [with ParameterT = std::vector<std::vector<std::__cxx11::basic_string<char> > >; std::string = std::__cxx11::basic_string<char>][m[K’
[01m[K/home/user/ros2_control_example/src/multi_interface_forward_controller/src/multi_interface_forward_controller.cpp:36:25:[m[K   required from here
[01m[K/opt/ros/humble/include/rclcpp/rclcpp/parameter_value.hpp:329:3:[m[K [01;31m[Kerror: [m[Kno type named ‘[01m[Ktype[m[K’ in ‘[01m[Kstruct std::enable_if<false, const std::vector<double, std::allocator<double> >&>[m[K’
/opt/ros/humble/include/rclcpp/rclcpp/parameter.hpp: In instantiation of ‘[01m[Kauto rclcpp::detail::get_value_helper(const rclcpp::Parameter*) [with T = std::vector<std::vector<std::__cxx11::basic_string<char> > >][m[K’:
[01m[K/opt/ros/humble/include/rclcpp/rclcpp/parameter.hpp:274:39:[m[K   required from ‘[01m[Kdecltype(auto) rclcpp::Parameter::get_value() const [with T = std::vector<std::vector<std::__cxx11::basic_string<char> > >][m[K’
[01m[K/opt/ros/humble/include/controller_interface/controller_interface_base.hpp:175:62:[m[K   required from ‘[01m[Kauto controller_interface::ControllerInterfaceBase::auto_declare(const string&, const ParameterT&) [with ParameterT = std::vector<std::vector<std::__cxx11::basic_string<char> > >; std::string = std::__cxx11::basic_string<char>][m[K’
[01m[K/home/user/ros2_control_example/src/multi_interface_forward_controller/src/multi_interface_forward_controller.cpp:36:25:[m[K   required from here
[01m[K/opt/ros/humble/include/rclcpp/rclcpp/parameter_value.hpp:339:3:[m[K [01;36m[Knote: [m[Kcandidate: ‘[01m[Ktemplate<class type> constexpr typename std::enable_if<std::is_convertible<type, const std::vector<double, std::allocator<double> >&>::value, const std::vector<double, std::allocator<double> >&>::type rclcpp::ParameterValue::get() const[m[K’
  339 |   [01;36m[Kget[m[K() const
      |   [01;36m[K^~~[m[K
[01m[K/opt/ros/humble/include/rclcpp/rclcpp/parameter_value.hpp:339:3:[m[K [01;36m[Knote: [m[K  template argument deduction/substitution failed:
/opt/ros/humble/include/rclcpp/rclcpp/parameter_value.hpp: In substitution of ‘[01m[Ktemplate<class type> constexpr typename std::enable_if<std::is_convertible<type, const std::vector<double, std::allocator<double> >&>::value, const std::vector<double, std::allocator<double> >&>::type rclcpp::ParameterValue::get() const [with type = std::vector<std::vector<std::__cxx11::basic_string<char> > >][m[K’:
[01m[K/opt/ros/humble/include/rclcpp/rclcpp/parameter.hpp:239:49:[m[K   required from ‘[01m[Kauto rclcpp::detail::get_value_helper(const rclcpp::Parameter*) [with T = std::vector<std::vector<std::__cxx11::basic_string<char> > >][m[K’
[01m[K/opt/ros/humble/include/rclcpp/rclcpp/parameter.hpp:274:39:[m[K   required from ‘[01m[Kdecltype(auto) rclcpp::Parameter::get_value() const [with T = std::vector<std::vector<std::__cxx11::basic_string<char> > >][m[K’
[01m[K/opt/ros/humble/include/controller_interface/controller_interface_base.hpp:175:62:[m[K   required from ‘[01m[Kauto controller_interface::ControllerInterfaceBase::auto_declare(const string&, const ParameterT&) [with ParameterT = std::vector<std::vector<std::__cxx11::basic_string<char> > >; std::string = std::__cxx11::basic_string<char>][m[K’
[01m[K/home/user/ros2_control_example/src/multi_interface_forward_controller/src/multi_interface_forward_controller.cpp:36:25:[m[K   required from here
[01m[K/opt/ros/humble/include/rclcpp/rclcpp/parameter_value.hpp:339:3:[m[K [01;31m[Kerror: [m[Kno type named ‘[01m[Ktype[m[K’ in ‘[01m[Kstruct std::enable_if<false, const std::vector<double, std::allocator<double> >&>[m[K’
/opt/ros/humble/include/rclcpp/rclcpp/parameter.hpp: In instantiation of ‘[01m[Kauto rclcpp::detail::get_value_helper(const rclcpp::Parameter*) [with T = std::vector<std::vector<std::__cxx11::basic_string<char> > >][m[K’:
[01m[K/opt/ros/humble/include/rclcpp/rclcpp/parameter.hpp:274:39:[m[K   required from ‘[01m[Kdecltype(auto) rclcpp::Parameter::get_value() const [with T = std::vector<std::vector<std::__cxx11::basic_string<char> > >][m[K’
[01m[K/opt/ros/humble/include/controller_interface/controller_interface_base.hpp:175:62:[m[K   required from ‘[01m[Kauto controller_interface::ControllerInterfaceBase::auto_declare(const string&, const ParameterT&) [with ParameterT = std::vector<std::vector<std::__cxx11::basic_string<char> > >; std::string = std::__cxx11::basic_string<char>][m[K’
[01m[K/home/user/ros2_control_example/src/multi_interface_forward_controller/src/multi_interface_forward_controller.cpp:36:25:[m[K   required from here
[01m[K/opt/ros/humble/include/rclcpp/rclcpp/parameter_value.hpp:349:3:[m[K [01;36m[Knote: [m[Kcandidate: ‘[01m[Ktemplate<class type> constexpr typename std::enable_if<std::is_convertible<type, const std::vector<std::__cxx11::basic_string<char> >&>::value, const std::vector<std::__cxx11::basic_string<char> >&>::type rclcpp::ParameterValue::get() const[m[K’
  349 |   [01;36m[Kget[m[K() const
      |   [01;36m[K^~~[m[K
[01m[K/opt/ros/humble/include/rclcpp/rclcpp/parameter_value.hpp:349:3:[m[K [01;36m[Knote: [m[K  template argument deduction/substitution failed:
/opt/ros/humble/include/rclcpp/rclcpp/parameter_value.hpp: In substitution of ‘[01m[Ktemplate<class type> constexpr typename std::enable_if<std::is_convertible<type, const std::vector<std::__cxx11::basic_string<char> >&>::value, const std::vector<std::__cxx11::basic_string<char> >&>::type rclcpp::ParameterValue::get() const [with type = std::vector<std::vector<std::__cxx11::basic_string<char> > >][m[K’:
[01m[K/opt/ros/humble/include/rclcpp/rclcpp/parameter.hpp:239:49:[m[K   required from ‘[01m[Kauto rclcpp::detail::get_value_helper(const rclcpp::Parameter*) [with T = std::vector<std::vector<std::__cxx11::basic_string<char> > >][m[K’
[01m[K/opt/ros/humble/include/rclcpp/rclcpp/parameter.hpp:274:39:[m[K   required from ‘[01m[Kdecltype(auto) rclcpp::Parameter::get_value() const [with T = std::vector<std::vector<std::__cxx11::basic_string<char> > >][m[K’
[01m[K/opt/ros/humble/include/controller_interface/controller_interface_base.hpp:175:62:[m[K   required from ‘[01m[Kauto controller_interface::ControllerInterfaceBase::auto_declare(const string&, const ParameterT&) [with ParameterT = std::vector<std::vector<std::__cxx11::basic_string<char> > >; std::string = std::__cxx11::basic_string<char>][m[K’
[01m[K/home/user/ros2_control_example/src/multi_interface_forward_controller/src/multi_interface_forward_controller.cpp:36:25:[m[K   required from here
[01m[K/opt/ros/humble/include/rclcpp/rclcpp/parameter_value.hpp:349:3:[m[K [01;31m[Kerror: [m[Kno type named ‘[01m[Ktype[m[K’ in ‘[01m[Kstruct std::enable_if<false, const std::vector<std::__cxx11::basic_string<char> >&>[m[K’
[01m[K/home/user/ros2_control_example/src/multi_interface_forward_controller/src/multi_interface_forward_controller.cpp:[m[K In member function ‘[01m[Kvirtual multi_interface_controller::CallbackReturn multi_interface_controller::MultiController::on_configure(const rclcpp_lifecycle::State&)[m[K’:
[01m[K/home/user/ros2_control_example/src/multi_interface_forward_controller/src/multi_interface_forward_controller.cpp:84:49:[m[K [01;31m[Kerror: [m[K‘[01m[Kinterface_name_[m[K’ was not declared in this scope; did you mean ‘[01m[Kinterface_names_[m[K’?
   84 |             get_string_param_and_error_if_empty([01;31m[Kinterface_name_[m[K, "interface_name")) {
      |                                                 [01;31m[K^~~~~~~~~~~~~~~[m[K
      |                                                 [32m[Kinterface_names_[m[K
[01m[K/home/user/ros2_control_example/src/multi_interface_forward_controller/src/multi_interface_forward_controller.cpp:[m[K In member function ‘[01m[Kvirtual controller_interface::InterfaceConfiguration multi_interface_controller::MultiController::command_interface_configuration() const[m[K’:
[01m[K/home/user/ros2_control_example/src/multi_interface_forward_controller/src/multi_interface_forward_controller.cpp:137:69:[m[K [01;31m[Kerror: [m[K‘[01m[Kinterface_name_[m[K’ was not declared in this scope; did you mean ‘[01m[Kinterface_names_[m[K’?
  137 |     command_interfaces_config.names.push_back(joint + "/" + [01;31m[Kinterface_name_[m[K); // command_interfaces_[i] order is determined by this line. (command_interfaces_[0] access interface with name = command_interfaces_config.names[0])
      |                                                             [01;31m[K^~~~~~~~~~~~~~~[m[K
      |                                                             [32m[Kinterface_names_[m[K
[01m[K/home/user/ros2_control_example/src/multi_interface_forward_controller/src/multi_interface_forward_controller.cpp:[m[K In member function ‘[01m[Kvirtual controller_interface::InterfaceConfiguration multi_interface_controller::MultiController::state_interface_configuration() const[m[K’:
[01m[K/home/user/ros2_control_example/src/multi_interface_forward_controller/src/multi_interface_forward_controller.cpp:159:67:[m[K [01;31m[Kerror: [m[K‘[01m[Kinterface_name_[m[K’ was not declared in this scope; did you mean ‘[01m[Kinterface_names_[m[K’?
  159 |       state_interfaces_config.names.push_back(joint + "/" + [01;31m[Kinterface_name_[m[K); // We save the sensor interface names to the InterfaceConfiguration object created before.
      |                                                             [01;31m[K^~~~~~~~~~~~~~~[m[K
      |                                                             [32m[Kinterface_names_[m[K
gmake[2]: *** [CMakeFiles/multi_interface_forward_controller.dir/build.make:76: CMakeFiles/multi_interface_forward_controller.dir/src/multi_interface_forward_controller.cpp.o] Error 1
gmake[1]: *** [CMakeFiles/Makefile2:137: CMakeFiles/multi_interface_forward_controller.dir/all] Error 2
gmake: *** [Makefile:146: all] Error 2
