[0.022s] Invoking command in '/home/user/ros2_control_example/build/multi_interface_forward_controller': CMAKE_PREFIX_PATH=/opt/ros/humble /usr/bin/cmake /home/user/ros2_control_example/src/multi_interface_forward_controller -DCMAKE_INSTALL_PREFIX=/home/user/ros2_control_example/install/multi_interface_forward_controller
[0.239s] -- The C compiler identification is GNU 11.3.0
[0.410s] -- The CXX compiler identification is GNU 11.3.0
[0.432s] -- Detecting C compiler ABI info
[0.502s] -- Detecting C compiler ABI info - done
[0.510s] -- Check for working C compiler: /usr/bin/cc - skipped
[0.511s] -- Detecting C compile features
[0.512s] -- Detecting C compile features - done
[0.517s] -- Detecting CXX compiler ABI info
[0.598s] -- Detecting CXX compiler ABI info - done
[0.606s] -- Check for working CXX compiler: /usr/bin/c++ - skipped
[0.606s] -- Detecting CXX compile features
[0.607s] -- Detecting CXX compile features - done
[0.625s] -- Found ament_cmake: 1.3.3 (/opt/ros/humble/share/ament_cmake/cmake)
[0.833s] -- Found Python3: /usr/bin/python3.10 (found version "3.10.6") found components: Interpreter 
[0.978s] -- Found control_msgs: 4.1.0 (/opt/ros/humble/share/control_msgs/cmake)
[1.056s] -- Found rosidl_generator_c: 3.1.4 (/opt/ros/humble/share/rosidl_generator_c/cmake)
[1.064s] -- Found rosidl_adapter: 3.1.4 (/opt/ros/humble/share/rosidl_adapter/cmake)
[1.080s] -- Found rosidl_generator_cpp: 3.1.4 (/opt/ros/humble/share/rosidl_generator_cpp/cmake)
[1.114s] -- Using all available rosidl_typesupport_c: rosidl_typesupport_fastrtps_c;rosidl_typesupport_introspection_c
[1.151s] -- Using all available rosidl_typesupport_cpp: rosidl_typesupport_fastrtps_cpp;rosidl_typesupport_introspection_cpp
[1.856s] -- Found controller_interface: 2.18.0 (/opt/ros/humble/share/controller_interface/cmake)
[2.062s] -- Found rmw_implementation_cmake: 6.1.1 (/opt/ros/humble/share/rmw_implementation_cmake/cmake)
[2.068s] -- Found rmw_fastrtps_cpp: 6.2.2 (/opt/ros/humble/share/rmw_fastrtps_cpp/cmake)
[2.197s] -- Found OpenSSL: /usr/lib/x86_64-linux-gnu/libcrypto.so (found version "3.0.2")  
[2.227s] -- Found FastRTPS: /opt/ros/humble/include  
[2.273s] -- Using RMW implementation 'rmw_fastrtps_cpp' as default
[2.292s] -- Looking for pthread.h
[2.376s] -- Looking for pthread.h - found
[2.376s] -- Performing Test CMAKE_HAVE_LIBC_PTHREAD
[2.448s] -- Performing Test CMAKE_HAVE_LIBC_PTHREAD - Success
[2.448s] -- Found Threads: TRUE  
[2.748s] -- Found realtime_tools: 2.4.0 (/opt/ros/humble/share/realtime_tools/cmake)
[2.803s] -- Found example_interfaces: 0.9.3 (/opt/ros/humble/share/example_interfaces/cmake)
[3.108s] -- Found ament_lint_auto: 0.12.4 (/opt/ros/humble/share/ament_lint_auto/cmake)
[3.488s] -- Added test 'cppcheck' to perform static code analysis on C / C++ code
[3.488s] -- Configured cppcheck include dirs: $<BUILD_INTERFACE:/home/user/ros2_control_example/src/multi_interface_forward_controller/include>
[3.488s] -- Configured cppcheck exclude dirs and/or files: 
[3.490s] -- Added test 'lint_cmake' to check CMake code style
[3.492s] -- Added test 'uncrustify' to check C / C++ code style
[3.492s] -- Configured uncrustify additional arguments: 
[3.492s] -- Added test 'xmllint' to check XML markup files
[3.495s] -- Configuring done
[3.567s] -- Generating done
[3.570s] -- Build files have been written to: /home/user/ros2_control_example/build/multi_interface_forward_controller
[3.588s] Invoked command in '/home/user/ros2_control_example/build/multi_interface_forward_controller' returned '0': CMAKE_PREFIX_PATH=/opt/ros/humble /usr/bin/cmake /home/user/ros2_control_example/src/multi_interface_forward_controller -DCMAKE_INSTALL_PREFIX=/home/user/ros2_control_example/install/multi_interface_forward_controller
[3.589s] Invoking command in '/home/user/ros2_control_example/build/multi_interface_forward_controller': CMAKE_PREFIX_PATH=/opt/ros/humble /usr/bin/cmake --build /home/user/ros2_control_example/build/multi_interface_forward_controller -- -j8 -l8
[3.635s] [ 50%] [32mBuilding CXX object CMakeFiles/multi_interface_forward_controller.dir/src/multi_interface_forward_controller.cpp.o[0m
[7.008s] In file included from [01m[K/opt/ros/humble/include/rclcpp_lifecycle/rclcpp_lifecycle/lifecycle_node.hpp:996[m[K,
[7.009s]                  from [01m[K/opt/ros/humble/include/controller_interface/controller_interface_base.hpp:29[m[K,
[7.009s]                  from [01m[K/opt/ros/humble/include/controller_interface/controller_interface.hpp:22[m[K,
[7.009s]                  from [01m[K/home/user/ros2_control_example/src/multi_interface_forward_controller/include/multi_interface_forward_controller/multi_interface_forward_controller.hpp:22[m[K,
[7.009s]                  from [01m[K/home/user/ros2_control_example/src/multi_interface_forward_controller/src/multi_interface_forward_controller.cpp:15[m[K:
[7.009s] /opt/ros/humble/include/rclcpp_lifecycle/rclcpp_lifecycle/lifecycle_node_impl.hpp: In instantiation of ‘[01m[Kauto rclcpp_lifecycle::LifecycleNode::declare_parameter(const string&, const ParameterT&, const ParameterDescriptor&, bool) [with ParameterT = std::vector<std::vector<std::__cxx11::basic_string<char> > >; std::string = std::__cxx11::basic_string<char>; rcl_interfaces::msg::ParameterDescriptor = rcl_interfaces::msg::ParameterDescriptor_<std::allocator<void> >][m[K’:
[7.009s] [01m[K/opt/ros/humble/include/controller_interface/controller_interface_base.hpp:171:50:[m[K   required from ‘[01m[Kauto controller_interface::ControllerInterfaceBase::auto_declare(const string&, const ParameterT&) [with ParameterT = std::vector<std::vector<std::__cxx11::basic_string<char> > >; std::string = std::__cxx11::basic_string<char>][m[K’
[7.009s] [01m[K/home/user/ros2_control_example/src/multi_interface_forward_controller/src/multi_interface_forward_controller.cpp:36:25:[m[K   required from here
[7.009s] [01m[K/opt/ros/humble/include/rclcpp_lifecycle/rclcpp_lifecycle/lifecycle_node_impl.hpp:186:13:[m[K [01;31m[Kerror: [m[Kno matching function for call to ‘[01m[Krclcpp::ParameterValue::ParameterValue(const std::vector<std::vector<std::__cxx11::basic_string<char> > >&)[m[K’
[7.009s]   186 |     rclcpp::[01;31m[KParameterValue(default_value)[m[K,
[7.009s]       |             [01;31m[K^~~~~~~~~~~~~~~~~~~~~~~~~~~~~[m[K
[7.010s] In file included from [01m[K/opt/ros/humble/include/rclcpp/rclcpp/parameter.hpp:26[m[K,
[7.010s]                  from [01m[K/opt/ros/humble/include/rclcpp/rclcpp/node_interfaces/node_parameters_interface.hpp:28[m[K,
[7.010s]                  from [01m[K/opt/ros/humble/include/rclcpp/rclcpp/node.hpp:54[m[K,
[7.010s]                  from [01m[K/opt/ros/humble/include/rclcpp/rclcpp/executors/single_threaded_executor.hpp:28[m[K,
[7.010s]                  from [01m[K/opt/ros/humble/include/rclcpp/rclcpp/executors.hpp:22[m[K,
[7.010s]                  from [01m[K/opt/ros/humble/include/rclcpp/rclcpp/rclcpp.hpp:155[m[K,
[7.010s]                  from [01m[K/opt/ros/humble/include/controller_interface/controller_interface_base.hpp:28[m[K,
[7.010s]                  from [01m[K/opt/ros/humble/include/controller_interface/controller_interface.hpp:22[m[K,
[7.010s]                  from [01m[K/home/user/ros2_control_example/src/multi_interface_forward_controller/include/multi_interface_forward_controller/multi_interface_forward_controller.hpp:22[m[K,
[7.010s]                  from [01m[K/home/user/ros2_control_example/src/multi_interface_forward_controller/src/multi_interface_forward_controller.cpp:15[m[K:
[7.010s] [01m[K/opt/ros/humble/include/rclcpp/rclcpp/parameter_value.hpp:121:12:[m[K [01;36m[Knote: [m[Kcandidate: ‘[01m[Krclcpp::ParameterValue::ParameterValue(const std::vector<std::__cxx11::basic_string<char> >&)[m[K’
[7.011s]   121 |   explicit [01;36m[KParameterValue[m[K(const std::vector<std::string> & string_array_value);
[7.011s]       |            [01;36m[K^~~~~~~~~~~~~~[m[K
[7.012s] [01m[K/opt/ros/humble/include/rclcpp/rclcpp/parameter_value.hpp:121:60:[m[K [01;36m[Knote: [m[K  no known conversion for argument 1 from ‘[01m[Kconst std::vector<std::vector<std::__cxx11::basic_string<char> > >[m[K’ to ‘[01m[Kconst std::vector<std::__cxx11::basic_string<char> >&[m[K’
[7.012s]   121 |   explicit ParameterValue([01;36m[Kconst std::vector<std::string> & string_array_value[m[K);
[7.013s]       |                           [01;36m[K~~~~~~~~~~~~~~~~~~~~~~~~~~~~~~~~~^~~~~~~~~~~~~~~~~~[m[K
[7.013s] [01m[K/opt/ros/humble/include/rclcpp/rclcpp/parameter_value.hpp:118:12:[m[K [01;36m[Knote: [m[Kcandidate: ‘[01m[Krclcpp::ParameterValue::ParameterValue(const std::vector<double, std::allocator<double> >&)[m[K’
[7.013s]   118 |   explicit [01;36m[KParameterValue[m[K(const std::vector<double> & double_array_value);
[7.013s]       |            [01;36m[K^~~~~~~~~~~~~~[m[K
[7.013s] [01m[K/opt/ros/humble/include/rclcpp/rclcpp/parameter_value.hpp:118:55:[m[K [01;36m[Knote: [m[K  no known conversion for argument 1 from ‘[01m[Kconst std::vector<std::vector<std::__cxx11::basic_string<char> > >[m[K’ to ‘[01m[Kconst std::vector<double, std::allocator<double> >&[m[K’
[7.013s]   118 |   explicit ParameterValue([01;36m[Kconst std::vector<double> & double_array_value[m[K);
[7.013s]       |                           [01;36m[K~~~~~~~~~~~~~~~~~~~~~~~~~~~~^~~~~~~~~~~~~~~~~~[m[K
[7.013s] [01m[K/opt/ros/humble/include/rclcpp/rclcpp/parameter_value.hpp:115:12:[m[K [01;36m[Knote: [m[Kcandidate: ‘[01m[Krclcpp::ParameterValue::ParameterValue(const std::vector<float>&)[m[K’
[7.013s]   115 |   explicit [01;36m[KParameterValue[m[K(const std::vector<float> & double_array_value);
[7.014s]       |            [01;36m[K^~~~~~~~~~~~~~[m[K
[7.014s] [01m[K/opt/ros/humble/include/rclcpp/rclcpp/parameter_value.hpp:115:54:[m[K [01;36m[Knote: [m[K  no known conversion for argument 1 from ‘[01m[Kconst std::vector<std::vector<std::__cxx11::basic_string<char> > >[m[K’ to ‘[01m[Kconst std::vector<float>&[m[K’
[7.014s]   115 |   explicit ParameterValue([01;36m[Kconst std::vector<float> & double_array_value[m[K);
[7.014s]       |                           [01;36m[K~~~~~~~~~~~~~~~~~~~~~~~~~~~^~~~~~~~~~~~~~~~~~[m[K
[7.014s] [01m[K/opt/ros/humble/include/rclcpp/rclcpp/parameter_value.hpp:112:12:[m[K [01;36m[Knote: [m[Kcandidate: ‘[01m[Krclcpp::ParameterValue::ParameterValue(const std::vector<long int, std::allocator<long int> >&)[m[K’
[7.014s]   112 |   explicit [01;36m[KParameterValue[m[K(const std::vector<int64_t> & int_array_value);
[7.014s]       |            [01;36m[K^~~~~~~~~~~~~~[m[K
[7.014s] [01m[K/opt/ros/humble/include/rclcpp/rclcpp/parameter_value.hpp:112:56:[m[K [01;36m[Knote: [m[K  no known conversion for argument 1 from ‘[01m[Kconst std::vector<std::vector<std::__cxx11::basic_string<char> > >[m[K’ to ‘[01m[Kconst std::vector<long int, std::allocator<long int> >&[m[K’
[7.014s]   112 |   explicit ParameterValue([01;36m[Kconst std::vector<int64_t> & int_array_value[m[K);
[7.014s]       |                           [01;36m[K~~~~~~~~~~~~~~~~~~~~~~~~~~~~~^~~~~~~~~~~~~~~[m[K
[7.014s] [01m[K/opt/ros/humble/include/rclcpp/rclcpp/parameter_value.hpp:109:12:[m[K [01;36m[Knote: [m[Kcandidate: ‘[01m[Krclcpp::ParameterValue::ParameterValue(const std::vector<int>&)[m[K’
[7.015s]   109 |   explicit [01;36m[KParameterValue[m[K(const std::vector<int> & int_array_value);
[7.015s]       |            [01;36m[K^~~~~~~~~~~~~~[m[K
[7.015s] [01m[K/opt/ros/humble/include/rclcpp/rclcpp/parameter_value.hpp:109:52:[m[K [01;36m[Knote: [m[K  no known conversion for argument 1 from ‘[01m[Kconst std::vector<std::vector<std::__cxx11::basic_string<char> > >[m[K’ to ‘[01m[Kconst std::vector<int>&[m[K’
[7.015s]   109 |   explicit ParameterValue([01;36m[Kconst std::vector<int> & int_array_value[m[K);
[7.015s]       |                           [01;36m[K~~~~~~~~~~~~~~~~~~~~~~~~~^~~~~~~~~~~~~~~[m[K
[7.015s] [01m[K/opt/ros/humble/include/rclcpp/rclcpp/parameter_value.hpp:106:12:[m[K [01;36m[Knote: [m[Kcandidate: ‘[01m[Krclcpp::ParameterValue::ParameterValue(const std::vector<bool, std::allocator<bool> >&)[m[K’
[7.015s]   106 |   explicit [01;36m[KParameterValue[m[K(const std::vector<bool> & bool_array_value);
[7.015s]       |            [01;36m[K^~~~~~~~~~~~~~[m[K
[7.015s] [01m[K/opt/ros/humble/include/rclcpp/rclcpp/parameter_value.hpp:106:53:[m[K [01;36m[Knote: [m[K  no known conversion for argument 1 from ‘[01m[Kconst std::vector<std::vector<std::__cxx11::basic_string<char> > >[m[K’ to ‘[01m[Kconst std::vector<bool, std::allocator<bool> >&[m[K’
[7.015s]   106 |   explicit ParameterValue([01;36m[Kconst std::vector<bool> & bool_array_value[m[K);
[7.015s]       |                           [01;36m[K~~~~~~~~~~~~~~~~~~~~~~~~~~^~~~~~~~~~~~~~~~[m[K
[7.016s] [01m[K/opt/ros/humble/include/rclcpp/rclcpp/parameter_value.hpp:103:12:[m[K [01;36m[Knote: [m[Kcandidate: ‘[01m[Krclcpp::ParameterValue::ParameterValue(const std::vector<unsigned char, std::allocator<unsigned char> >&)[m[K’
[7.016s]   103 |   explicit [01;36m[KParameterValue[m[K(const std::vector<uint8_t> & byte_array_value);
[7.016s]       |            [01;36m[K^~~~~~~~~~~~~~[m[K
[7.016s] [01m[K/opt/ros/humble/include/rclcpp/rclcpp/parameter_value.hpp:103:56:[m[K [01;36m[Knote: [m[K  no known conversion for argument 1 from ‘[01m[Kconst std::vector<std::vector<std::__cxx11::basic_string<char> > >[m[K’ to ‘[01m[Kconst std::vector<unsigned char, std::allocator<unsigned char> >&[m[K’
[7.016s]   103 |   explicit ParameterValue([01;36m[Kconst std::vector<uint8_t> & byte_array_value[m[K);
[7.016s]       |                           [01;36m[K~~~~~~~~~~~~~~~~~~~~~~~~~~~~~^~~~~~~~~~~~~~~~[m[K
[7.016s] [01m[K/opt/ros/humble/include/rclcpp/rclcpp/parameter_value.hpp:100:12:[m[K [01;36m[Knote: [m[Kcandidate: ‘[01m[Krclcpp::ParameterValue::ParameterValue(const char*)[m[K’
[7.016s]   100 |   explicit [01;36m[KParameterValue[m[K(const char * string_value);
[7.016s]       |            [01;36m[K^~~~~~~~~~~~~~[m[K
[7.016s] [01m[K/opt/ros/humble/include/rclcpp/rclcpp/parameter_value.hpp:100:40:[m[K [01;36m[Knote: [m[K  no known conversion for argument 1 from ‘[01m[Kconst std::vector<std::vector<std::__cxx11::basic_string<char> > >[m[K’ to ‘[01m[Kconst char*[m[K’
[7.016s]   100 |   explicit ParameterValue([01;36m[Kconst char * string_value[m[K);
[7.016s]       |                           [01;36m[K~~~~~~~~~~~~~^~~~~~~~~~~~[m[K
[7.017s] [01m[K/opt/ros/humble/include/rclcpp/rclcpp/parameter_value.hpp:97:12:[m[K [01;36m[Knote: [m[Kcandidate: ‘[01m[Krclcpp::ParameterValue::ParameterValue(const string&)[m[K’
[7.017s]    97 |   explicit [01;36m[KParameterValue[m[K(const std::string & string_value);
[7.017s]       |            [01;36m[K^~~~~~~~~~~~~~[m[K
[7.017s] [01m[K/opt/ros/humble/include/rclcpp/rclcpp/parameter_value.hpp:97:47:[m[K [01;36m[Knote: [m[K  no known conversion for argument 1 from ‘[01m[Kconst std::vector<std::vector<std::__cxx11::basic_string<char> > >[m[K’ to ‘[01m[Kconst string&[m[K’ {aka ‘[01m[Kconst std::__cxx11::basic_string<char>&[m[K’}
[7.017s]    97 |   explicit ParameterValue([01;36m[Kconst std::string & string_value[m[K);
[7.017s]       |                           [01;36m[K~~~~~~~~~~~~~~~~~~~~^~~~~~~~~~~~[m[K
[7.017s] [01m[K/opt/ros/humble/include/rclcpp/rclcpp/parameter_value.hpp:94:12:[m[K [01;36m[Knote: [m[Kcandidate: ‘[01m[Krclcpp::ParameterValue::ParameterValue(double)[m[K’
[7.017s]    94 |   explicit [01;36m[KParameterValue[m[K(const double double_value);
[7.017s]       |            [01;36m[K^~~~~~~~~~~~~~[m[K
[7.017s] [01m[K/opt/ros/humble/include/rclcpp/rclcpp/parameter_value.hpp:94:40:[m[K [01;36m[Knote: [m[K  no known conversion for argument 1 from ‘[01m[Kconst std::vector<std::vector<std::__cxx11::basic_string<char> > >[m[K’ to ‘[01m[Kdouble[m[K’
[7.017s]    94 |   explicit ParameterValue([01;36m[Kconst double double_value[m[K);
[7.017s]       |                           [01;36m[K~~~~~~~~~~~~~^~~~~~~~~~~~[m[K
[7.018s] [01m[K/opt/ros/humble/include/rclcpp/rclcpp/parameter_value.hpp:91:12:[m[K [01;36m[Knote: [m[Kcandidate: ‘[01m[Krclcpp::ParameterValue::ParameterValue(float)[m[K’
[7.018s]    91 |   explicit [01;36m[KParameterValue[m[K(const float double_value);
[7.018s]       |            [01;36m[K^~~~~~~~~~~~~~[m[K
[7.018s] [01m[K/opt/ros/humble/include/rclcpp/rclcpp/parameter_value.hpp:91:39:[m[K [01;36m[Knote: [m[K  no known conversion for argument 1 from ‘[01m[Kconst std::vector<std::vector<std::__cxx11::basic_string<char> > >[m[K’ to ‘[01m[Kfloat[m[K’
[7.018s]    91 |   explicit ParameterValue([01;36m[Kconst float double_value[m[K);
[7.018s]       |                           [01;36m[K~~~~~~~~~~~~^~~~~~~~~~~~[m[K
[7.018s] [01m[K/opt/ros/humble/include/rclcpp/rclcpp/parameter_value.hpp:88:12:[m[K [01;36m[Knote: [m[Kcandidate: ‘[01m[Krclcpp::ParameterValue::ParameterValue(int64_t)[m[K’
[7.018s]    88 |   explicit [01;36m[KParameterValue[m[K(const int64_t int_value);
[7.018s]       |            [01;36m[K^~~~~~~~~~~~~~[m[K
[7.018s] [01m[K/opt/ros/humble/include/rclcpp/rclcpp/parameter_value.hpp:88:41:[m[K [01;36m[Knote: [m[K  no known conversion for argument 1 from ‘[01m[Kconst std::vector<std::vector<std::__cxx11::basic_string<char> > >[m[K’ to ‘[01m[Kint64_t[m[K’ {aka ‘[01m[Klong int[m[K’}
[7.018s]    88 |   explicit ParameterValue([01;36m[Kconst int64_t int_value[m[K);
[7.018s]       |                           [01;36m[K~~~~~~~~~~~~~~^~~~~~~~~[m[K
[7.019s] [01m[K/opt/ros/humble/include/rclcpp/rclcpp/parameter_value.hpp:85:12:[m[K [01;36m[Knote: [m[Kcandidate: ‘[01m[Krclcpp::ParameterValue::ParameterValue(int)[m[K’
[7.019s]    85 |   explicit [01;36m[KParameterValue[m[K(const int int_value);
[7.019s]       |            [01;36m[K^~~~~~~~~~~~~~[m[K
[7.019s] [01m[K/opt/ros/humble/include/rclcpp/rclcpp/parameter_value.hpp:85:37:[m[K [01;36m[Knote: [m[K  no known conversion for argument 1 from ‘[01m[Kconst std::vector<std::vector<std::__cxx11::basic_string<char> > >[m[K’ to ‘[01m[Kint[m[K’
[7.019s]    85 |   explicit ParameterValue([01;36m[Kconst int int_value[m[K);
[7.019s]       |                           [01;36m[K~~~~~~~~~~^~~~~~~~~[m[K
[7.019s] [01m[K/opt/ros/humble/include/rclcpp/rclcpp/parameter_value.hpp:82:12:[m[K [01;36m[Knote: [m[Kcandidate: ‘[01m[Krclcpp::ParameterValue::ParameterValue(bool)[m[K’
[7.019s]    82 |   explicit [01;36m[KParameterValue[m[K(const bool bool_value);
[7.019s]       |            [01;36m[K^~~~~~~~~~~~~~[m[K
[7.019s] [01m[K/opt/ros/humble/include/rclcpp/rclcpp/parameter_value.hpp:82:38:[m[K [01;36m[Knote: [m[K  no known conversion for argument 1 from ‘[01m[Kconst std::vector<std::vector<std::__cxx11::basic_string<char> > >[m[K’ to ‘[01m[Kbool[m[K’
[7.020s]    82 |   explicit ParameterValue([01;36m[Kconst bool bool_value[m[K);
[7.020s]       |                           [01;36m[K~~~~~~~~~~~^~~~~~~~~~[m[K
[7.020s] [01m[K/opt/ros/humble/include/rclcpp/rclcpp/parameter_value.hpp:79:12:[m[K [01;36m[Knote: [m[Kcandidate: ‘[01m[Krclcpp::ParameterValue::ParameterValue(const ParameterValue&)[m[K’
[7.020s]    79 |   explicit [01;36m[KParameterValue[m[K(const rcl_interfaces::msg::ParameterValue & value);
[7.020s]       |            [01;36m[K^~~~~~~~~~~~~~[m[K
[7.020s] [01m[K/opt/ros/humble/include/rclcpp/rclcpp/parameter_value.hpp:79:71:[m[K [01;36m[Knote: [m[K  no known conversion for argument 1 from ‘[01m[Kconst std::vector<std::vector<std::__cxx11::basic_string<char> > >[m[K’ to ‘[01m[Kconst ParameterValue&[m[K’ {aka ‘[01m[Kconst rcl_interfaces::msg::ParameterValue_<std::allocator<void> >&[m[K’}
[7.020s]    79 | icit ParameterValue([01;36m[Kconst rcl_interfaces::msg::ParameterValue & value[m[K);
[7.020s]       |                     [01;36m[K~~~~~~~~~~~~~~~~~~~~~~~~~~~~~~~~~~~~~~~~~~~~^~~~~[m[K
[7.020s] 
[7.020s] [01m[K/opt/ros/humble/include/rclcpp/rclcpp/parameter_value.hpp:76:3:[m[K [01;36m[Knote: [m[Kcandidate: ‘[01m[Krclcpp::ParameterValue::ParameterValue()[m[K’
[7.021s]    76 |   [01;36m[KParameterValue[m[K();
[7.021s]       |   [01;36m[K^~~~~~~~~~~~~~[m[K
[7.021s] [01m[K/opt/ros/humble/include/rclcpp/rclcpp/parameter_value.hpp:76:3:[m[K [01;36m[Knote: [m[K  candidate expects 0 arguments, 1 provided
[7.021s] [01m[K/opt/ros/humble/include/rclcpp/rclcpp/parameter_value.hpp:71:7:[m[K [01;36m[Knote: [m[Kcandidate: ‘[01m[Krclcpp::ParameterValue::ParameterValue(const rclcpp::ParameterValue&)[m[K’
[7.021s]    71 | class [01;36m[KParameterValue[m[K
[7.021s]       |       [01;36m[K^~~~~~~~~~~~~~[m[K
[7.021s] [01m[K/opt/ros/humble/include/rclcpp/rclcpp/parameter_value.hpp:71:7:[m[K [01;36m[Knote: [m[K  no known conversion for argument 1 from ‘[01m[Kconst std::vector<std::vector<std::__cxx11::basic_string<char> > >[m[K’ to ‘[01m[Kconst rclcpp::ParameterValue&[m[K’
[7.021s] [01m[K/opt/ros/humble/include/rclcpp/rclcpp/parameter_value.hpp:71:7:[m[K [01;36m[Knote: [m[Kcandidate: ‘[01m[Krclcpp::ParameterValue::ParameterValue(rclcpp::ParameterValue&&)[m[K’
[7.021s] [01m[K/opt/ros/humble/include/rclcpp/rclcpp/parameter_value.hpp:71:7:[m[K [01;36m[Knote: [m[K  no known conversion for argument 1 from ‘[01m[Kconst std::vector<std::vector<std::__cxx11::basic_string<char> > >[m[K’ to ‘[01m[Krclcpp::ParameterValue&&[m[K’
[7.021s] In file included from [01m[K/opt/ros/humble/include/rclcpp/rclcpp/node_interfaces/node_parameters_interface.hpp:28[m[K,
[7.021s]                  from [01m[K/opt/ros/humble/include/rclcpp/rclcpp/node.hpp:54[m[K,
[7.022s]                  from [01m[K/opt/ros/humble/include/rclcpp/rclcpp/executors/single_threaded_executor.hpp:28[m[K,
[7.022s]                  from [01m[K/opt/ros/humble/include/rclcpp/rclcpp/executors.hpp:22[m[K,
[7.022s]                  from [01m[K/opt/ros/humble/include/rclcpp/rclcpp/rclcpp.hpp:155[m[K,
[7.022s]                  from [01m[K/opt/ros/humble/include/controller_interface/controller_interface_base.hpp:28[m[K,
[7.022s]                  from [01m[K/opt/ros/humble/include/controller_interface/controller_interface.hpp:22[m[K,
[7.022s]                  from [01m[K/home/user/ros2_control_example/src/multi_interface_forward_controller/include/multi_interface_forward_controller/multi_interface_forward_controller.hpp:22[m[K,
[7.022s]                  from [01m[K/home/user/ros2_control_example/src/multi_interface_forward_controller/src/multi_interface_forward_controller.cpp:15[m[K:
[7.022s] /opt/ros/humble/include/rclcpp/rclcpp/parameter.hpp: In instantiation of ‘[01m[Kauto rclcpp::detail::get_value_helper(const rclcpp::Parameter*) [with T = std::vector<std::vector<std::__cxx11::basic_string<char> > >][m[K’:
[7.022s] [01m[K/opt/ros/humble/include/rclcpp/rclcpp/parameter.hpp:274:39:[m[K   required from ‘[01m[Kdecltype(auto) rclcpp::Parameter::get_value() const [with T = std::vector<std::vector<std::__cxx11::basic_string<char> > >][m[K’
[7.022s] [01m[K/opt/ros/humble/include/controller_interface/controller_interface_base.hpp:175:62:[m[K   required from ‘[01m[Kauto controller_interface::ControllerInterfaceBase::auto_declare(const string&, const ParameterT&) [with ParameterT = std::vector<std::vector<std::__cxx11::basic_string<char> > >; std::string = std::__cxx11::basic_string<char>][m[K’
[7.022s] [01m[K/home/user/ros2_control_example/src/multi_interface_forward_controller/src/multi_interface_forward_controller.cpp:36:25:[m[K   required from here
[7.023s] [01m[K/opt/ros/humble/include/rclcpp/rclcpp/parameter.hpp:239:49:[m[K [01;31m[Kerror: [m[Kno matching function for call to ‘[01m[Krclcpp::ParameterValue::get<std::vector<std::vector<std::__cxx11::basic_string<char, std::char_traits<char>, std::allocator<char> >, std::allocator<std::__cxx11::basic_string<char, std::char_traits<char>, std::allocator<char> > > >, std::allocator<std::vector<std::__cxx11::basic_string<char, std::char_traits<char>, std::allocator<char> >, std::allocator<std::__cxx11::basic_string<char, std::char_traits<char>, std::allocator<char> > > > > > >() const[m[K’
[7.023s]   239 |   return [01;31m[Kparameter->get_parameter_value().get<T>()[m[K;
[7.023s]       |          [01;31m[K~~~~~~~~~~~~~~~~~~~~~~~~~~~~~~~~~~~~~~~^~[m[K
[7.023s] In file included from [01m[K/opt/ros/humble/include/rclcpp/rclcpp/parameter.hpp:26[m[K,
[7.023s]                  from [01m[K/opt/ros/humble/include/rclcpp/rclcpp/node_interfaces/node_parameters_interface.hpp:28[m[K,
[7.023s]                  from [01m[K/opt/ros/humble/include/rclcpp/rclcpp/node.hpp:54[m[K,
[7.023s]                  from [01m[K/opt/ros/humble/include/rclcpp/rclcpp/executors/single_threaded_executor.hpp:28[m[K,
[7.023s]                  from [01m[K/opt/ros/humble/include/rclcpp/rclcpp/executors.hpp:22[m[K,
[7.023s]                  from [01m[K/opt/ros/humble/include/rclcpp/rclcpp/rclcpp.hpp:155[m[K,
[7.023s]                  from [01m[K/opt/ros/humble/include/controller_interface/controller_interface_base.hpp:28[m[K,
[7.023s]                  from [01m[K/opt/ros/humble/include/controller_interface/controller_interface.hpp:22[m[K,
[7.023s]                  from [01m[K/home/user/ros2_control_example/src/multi_interface_forward_controller/include/multi_interface_forward_controller/multi_interface_forward_controller.hpp:22[m[K,
[7.023s]                  from [01m[K/home/user/ros2_control_example/src/multi_interface_forward_controller/src/multi_interface_forward_controller.cpp:15[m[K:
[7.024s] [01m[K/opt/ros/humble/include/rclcpp/rclcpp/parameter_value.hpp:148:3:[m[K [01;36m[Knote: [m[Kcandidate: ‘[01m[Ktemplate<rclcpp::ParameterType type> constexpr typename std::enable_if<(type == rclcpp::PARAMETER_BOOL), const bool&>::type rclcpp::ParameterValue::get() const[m[K’
[7.024s]   148 |   [01;36m[Kget[m[K() const
[7.024s]       |   [01;36m[K^~~[m[K
[7.024s] [01m[K/opt/ros/humble/include/rclcpp/rclcpp/parameter_value.hpp:148:3:[m[K [01;36m[Knote: [m[K  template argument deduction/substitution failed:
[7.024s] In file included from [01m[K/opt/ros/humble/include/rclcpp/rclcpp/node_interfaces/node_parameters_interface.hpp:28[m[K,
[7.024s]                  from [01m[K/opt/ros/humble/include/rclcpp/rclcpp/node.hpp:54[m[K,
[7.024s]                  from [01m[K/opt/ros/humble/include/rclcpp/rclcpp/executors/single_threaded_executor.hpp:28[m[K,
[7.024s]                  from [01m[K/opt/ros/humble/include/rclcpp/rclcpp/executors.hpp:22[m[K,
[7.024s]                  from [01m[K/opt/ros/humble/include/rclcpp/rclcpp/rclcpp.hpp:155[m[K,
[7.024s]                  from [01m[K/opt/ros/humble/include/controller_interface/controller_interface_base.hpp:28[m[K,
[7.024s]                  from [01m[K/opt/ros/humble/include/controller_interface/controller_interface.hpp:22[m[K,
[7.024s]                  from [01m[K/home/user/ros2_control_example/src/multi_interface_forward_controller/include/multi_interface_forward_controller/multi_interface_forward_controller.hpp:22[m[K,
[7.024s]                  from [01m[K/home/user/ros2_control_example/src/multi_interface_forward_controller/src/multi_interface_forward_controller.cpp:15[m[K:
[7.024s] [01m[K/opt/ros/humble/include/rclcpp/rclcpp/parameter.hpp:239:49:[m[K [01;31m[Kerror: [m[Ktype/value mismatch at argument 1 in template parameter list for ‘[01m[Ktemplate<rclcpp::ParameterType type> constexpr typename std::enable_if<(type == rclcpp::PARAMETER_BOOL), const bool&>::type rclcpp::ParameterValue::get() const[m[K’
[7.025s]   239 |   return [01;31m[Kparameter->get_parameter_value().get<T>()[m[K;
[7.025s]       |          [01;31m[K~~~~~~~~~~~~~~~~~~~~~~~~~~~~~~~~~~~~~~~^~[m[K
[7.025s] [01m[K/opt/ros/humble/include/rclcpp/rclcpp/parameter.hpp:239:49:[m[K [01;36m[Knote: [m[K  expected a constant of type ‘[01m[Krclcpp::ParameterType[m[K’, got ‘[01m[Kstd::vector<std::vector<std::__cxx11::basic_string<char> > >[m[K’
[7.025s] In file included from [01m[K/opt/ros/humble/include/rclcpp/rclcpp/parameter.hpp:26[m[K,
[7.025s]                  from [01m[K/opt/ros/humble/include/rclcpp/rclcpp/node_interfaces/node_parameters_interface.hpp:28[m[K,
[7.025s]                  from [01m[K/opt/ros/humble/include/rclcpp/rclcpp/node.hpp:54[m[K,
[7.025s]                  from [01m[K/opt/ros/humble/include/rclcpp/rclcpp/executors/single_threaded_executor.hpp:28[m[K,
[7.025s]                  from [01m[K/opt/ros/humble/include/rclcpp/rclcpp/executors.hpp:22[m[K,
[7.025s]                  from [01m[K/opt/ros/humble/include/rclcpp/rclcpp/rclcpp.hpp:155[m[K,
[7.025s]                  from [01m[K/opt/ros/humble/include/controller_interface/controller_interface_base.hpp:28[m[K,
[7.025s]                  from [01m[K/opt/ros/humble/include/controller_interface/controller_interface.hpp:22[m[K,
[7.026s]                  from [01m[K/home/user/ros2_control_example/src/multi_interface_forward_controller/include/multi_interface_forward_controller/multi_interface_forward_controller.hpp:22[m[K,
[7.026s]                  from [01m[K/home/user/ros2_control_example/src/multi_interface_forward_controller/src/multi_interface_forward_controller.cpp:15[m[K:
[7.026s] [01m[K/opt/ros/humble/include/rclcpp/rclcpp/parameter_value.hpp:159:3:[m[K [01;36m[Knote: [m[Kcandidate: ‘[01m[Ktemplate<rclcpp::ParameterType type> constexpr typename std::enable_if<(type == rclcpp::PARAMETER_INTEGER), const long int&>::type rclcpp::ParameterValue::get() const[m[K’
[7.026s]   159 |   [01;36m[Kget[m[K() const
[7.026s]       |   [01;36m[K^~~[m[K
[7.026s] [01m[K/opt/ros/humble/include/rclcpp/rclcpp/parameter_value.hpp:159:3:[m[K [01;36m[Knote: [m[K  template argument deduction/substitution failed:
[7.026s] In file included from [01m[K/opt/ros/humble/include/rclcpp/rclcpp/node_interfaces/node_parameters_interface.hpp:28[m[K,
[7.026s]                  from [01m[K/opt/ros/humble/include/rclcpp/rclcpp/node.hpp:54[m[K,
[7.026s]                  from [01m[K/opt/ros/humble/include/rclcpp/rclcpp/executors/single_threaded_executor.hpp:28[m[K,
[7.026s]                  from [01m[K/opt/ros/humble/include/rclcpp/rclcpp/executors.hpp:22[m[K,
[7.026s]                  from [01m[K/opt/ros/humble/include/rclcpp/rclcpp/rclcpp.hpp:155[m[K,
[7.027s]                  from [01m[K/opt/ros/humble/include/controller_interface/controller_interface_base.hpp:28[m[K,
[7.027s]                  from [01m[K/opt/ros/humble/include/controller_interface/controller_interface.hpp:22[m[K,
[7.027s]                  from [01m[K/home/user/ros2_control_example/src/multi_interface_forward_controller/include/multi_interface_forward_controller/multi_interface_forward_controller.hpp:22[m[K,
[7.027s]                  from [01m[K/home/user/ros2_control_example/src/multi_interface_forward_controller/src/multi_interface_forward_controller.cpp:15[m[K:
[7.027s] [01m[K/opt/ros/humble/include/rclcpp/rclcpp/parameter.hpp:239:49:[m[K [01;31m[Kerror: [m[Ktype/value mismatch at argument 1 in template parameter list for ‘[01m[Ktemplate<rclcpp::ParameterType type> constexpr typename std::enable_if<(type == rclcpp::PARAMETER_INTEGER), const long int&>::type rclcpp::ParameterValue::get() const[m[K’
[7.027s]   239 |   return [01;31m[Kparameter->get_parameter_value().get<T>()[m[K;
[7.027s]       |          [01;31m[K~~~~~~~~~~~~~~~~~~~~~~~~~~~~~~~~~~~~~~~^~[m[K
[7.027s] [01m[K/opt/ros/humble/include/rclcpp/rclcpp/parameter.hpp:239:49:[m[K [01;36m[Knote: [m[K  expected a constant of type ‘[01m[Krclcpp::ParameterType[m[K’, got ‘[01m[Kstd::vector<std::vector<std::__cxx11::basic_string<char> > >[m[K’
[7.027s] In file included from [01m[K/opt/ros/humble/include/rclcpp/rclcpp/parameter.hpp:26[m[K,
[7.027s]                  from [01m[K/opt/ros/humble/include/rclcpp/rclcpp/node_interfaces/node_parameters_interface.hpp:28[m[K,
[7.027s]                  from [01m[K/opt/ros/humble/include/rclcpp/rclcpp/node.hpp:54[m[K,
[7.027s]                  from [01m[K/opt/ros/humble/include/rclcpp/rclcpp/executors/single_threaded_executor.hpp:28[m[K,
[7.028s]                  from [01m[K/opt/ros/humble/include/rclcpp/rclcpp/executors.hpp:22[m[K,
[7.028s]                  from [01m[K/opt/ros/humble/include/rclcpp/rclcpp/rclcpp.hpp:155[m[K,
[7.028s]                  from [01m[K/opt/ros/humble/include/controller_interface/controller_interface_base.hpp:28[m[K,
[7.028s]                  from [01m[K/opt/ros/humble/include/controller_interface/controller_interface.hpp:22[m[K,
[7.028s]                  from [01m[K/home/user/ros2_control_example/src/multi_interface_forward_controller/include/multi_interface_forward_controller/multi_interface_forward_controller.hpp:22[m[K,
[7.028s]                  from [01m[K/home/user/ros2_control_example/src/multi_interface_forward_controller/src/multi_interface_forward_controller.cpp:15[m[K:
[7.028s] [01m[K/opt/ros/humble/include/rclcpp/rclcpp/parameter_value.hpp:170:3:[m[K [01;36m[Knote: [m[Kcandidate: ‘[01m[Ktemplate<rclcpp::ParameterType type> constexpr typename std::enable_if<(type == rclcpp::PARAMETER_DOUBLE), const double&>::type rclcpp::ParameterValue::get() const[m[K’
[7.028s]   170 |   [01;36m[Kget[m[K() const
[7.028s]       |   [01;36m[K^~~[m[K
[7.028s] [01m[K/opt/ros/humble/include/rclcpp/rclcpp/parameter_value.hpp:170:3:[m[K [01;36m[Knote: [m[K  template argument deduction/substitution failed:
[7.028s] In file included from [01m[K/opt/ros/humble/include/rclcpp/rclcpp/node_interfaces/node_parameters_interface.hpp:28[m[K,
[7.028s]                  from [01m[K/opt/ros/humble/include/rclcpp/rclcpp/node.hpp:54[m[K,
[7.029s]                  from [01m[K/opt/ros/humble/include/rclcpp/rclcpp/executors/single_threaded_executor.hpp:28[m[K,
[7.029s]                  from [01m[K/opt/ros/humble/include/rclcpp/rclcpp/executors.hpp:22[m[K,
[7.029s]                  from [01m[K/opt/ros/humble/include/rclcpp/rclcpp/rclcpp.hpp:155[m[K,
[7.029s]                  from [01m[K/opt/ros/humble/include/controller_interface/controller_interface_base.hpp:28[m[K,
[7.029s]                  from [01m[K/opt/ros/humble/include/controller_interface/controller_interface.hpp:22[m[K,
[7.029s]                  from [01m[K/home/user/ros2_control_example/src/multi_interface_forward_controller/include/multi_interface_forward_controller/multi_interface_forward_controller.hpp:22[m[K,
[7.029s]                  from [01m[K/home/user/ros2_control_example/src/multi_interface_forward_controller/src/multi_interface_forward_controller.cpp:15[m[K:
[7.029s] [01m[K/opt/ros/humble/include/rclcpp/rclcpp/parameter.hpp:239:49:[m[K [01;31m[Kerror: [m[Ktype/value mismatch at argument 1 in template parameter list for ‘[01m[Ktemplate<rclcpp::ParameterType type> constexpr typename std::enable_if<(type == rclcpp::PARAMETER_DOUBLE), const double&>::type rclcpp::ParameterValue::get() const[m[K’
[7.029s]   239 |   return [01;31m[Kparameter->get_parameter_value().get<T>()[m[K;
[7.029s]       |          [01;31m[K~~~~~~~~~~~~~~~~~~~~~~~~~~~~~~~~~~~~~~~^~[m[K
[7.029s] [01m[K/opt/ros/humble/include/rclcpp/rclcpp/parameter.hpp:239:49:[m[K [01;36m[Knote: [m[K  expected a constant of type ‘[01m[Krclcpp::ParameterType[m[K’, got ‘[01m[Kstd::vector<std::vector<std::__cxx11::basic_string<char> > >[m[K’
[7.029s] In file included from [01m[K/opt/ros/humble/include/rclcpp/rclcpp/parameter.hpp:26[m[K,
[7.030s]                  from [01m[K/opt/ros/humble/include/rclcpp/rclcpp/node_interfaces/node_parameters_interface.hpp:28[m[K,
[7.030s]                  from [01m[K/opt/ros/humble/include/rclcpp/rclcpp/node.hpp:54[m[K,
[7.030s]                  from [01m[K/opt/ros/humble/include/rclcpp/rclcpp/executors/single_threaded_executor.hpp:28[m[K,
[7.030s]                  from [01m[K/opt/ros/humble/include/rclcpp/rclcpp/executors.hpp:22[m[K,
[7.030s]                  from [01m[K/opt/ros/humble/include/rclcpp/rclcpp/rclcpp.hpp:155[m[K,
[7.030s]                  from [01m[K/opt/ros/humble/include/controller_interface/controller_interface_base.hpp:28[m[K,
[7.030s]                  from [01m[K/opt/ros/humble/include/controller_interface/controller_interface.hpp:22[m[K,
[7.030s]                  from [01m[K/home/user/ros2_control_example/src/multi_interface_forward_controller/include/multi_interface_forward_controller/multi_interface_forward_controller.hpp:22[m[K,
[7.030s]                  from [01m[K/home/user/ros2_control_example/src/multi_interface_forward_controller/src/multi_interface_forward_controller.cpp:15[m[K:
[7.030s] [01m[K/opt/ros/humble/include/rclcpp/rclcpp/parameter_value.hpp:181:3:[m[K [01;36m[Knote: [m[Kcandidate: ‘[01m[Ktemplate<rclcpp::ParameterType type> constexpr typename std::enable_if<(type == rclcpp::PARAMETER_STRING), const std::__cxx11::basic_string<char>&>::type rclcpp::ParameterValue::get() const[m[K’
[7.030s]   181 |   [01;36m[Kget[m[K() const
[7.031s]       |   [01;36m[K^~~[m[K
[7.031s] [01m[K/opt/ros/humble/include/rclcpp/rclcpp/parameter_value.hpp:181:3:[m[K [01;36m[Knote: [m[K  template argument deduction/substitution failed:
[7.031s] In file included from [01m[K/opt/ros/humble/include/rclcpp/rclcpp/node_interfaces/node_parameters_interface.hpp:28[m[K,
[7.031s]                  from [01m[K/opt/ros/humble/include/rclcpp/rclcpp/node.hpp:54[m[K,
[7.031s]                  from [01m[K/opt/ros/humble/include/rclcpp/rclcpp/executors/single_threaded_executor.hpp:28[m[K,
[7.031s]                  from [01m[K/opt/ros/humble/include/rclcpp/rclcpp/executors.hpp:22[m[K,
[7.031s]                  from [01m[K/opt/ros/humble/include/rclcpp/rclcpp/rclcpp.hpp:155[m[K,
[7.031s]                  from [01m[K/opt/ros/humble/include/controller_interface/controller_interface_base.hpp:28[m[K,
[7.031s]                  from [01m[K/opt/ros/humble/include/controller_interface/controller_interface.hpp:22[m[K,
[7.031s]                  from [01m[K/home/user/ros2_control_example/src/multi_interface_forward_controller/include/multi_interface_forward_controller/multi_interface_forward_controller.hpp:22[m[K,
[7.031s]                  from [01m[K/home/user/ros2_control_example/src/multi_interface_forward_controller/src/multi_interface_forward_controller.cpp:15[m[K:
[7.032s] [01m[K/opt/ros/humble/include/rclcpp/rclcpp/parameter.hpp:239:49:[m[K [01;31m[Kerror: [m[Ktype/value mismatch at argument 1 in template parameter list for ‘[01m[Ktemplate<rclcpp::ParameterType type> constexpr typename std::enable_if<(type == rclcpp::PARAMETER_STRING), const std::__cxx11::basic_string<char>&>::type rclcpp::ParameterValue::get() const[m[K’
[7.032s]   239 |   return [01;31m[Kparameter->get_parameter_value().get<T>()[m[K;
[7.032s]       |          [01;31m[K~~~~~~~~~~~~~~~~~~~~~~~~~~~~~~~~~~~~~~~^~[m[K
[7.032s] [01m[K/opt/ros/humble/include/rclcpp/rclcpp/parameter.hpp:239:49:[m[K [01;36m[Knote: [m[K  expected a constant of type ‘[01m[Krclcpp::ParameterType[m[K’, got ‘[01m[Kstd::vector<std::vector<std::__cxx11::basic_string<char> > >[m[K’
[7.032s] In file included from [01m[K/opt/ros/humble/include/rclcpp/rclcpp/parameter.hpp:26[m[K,
[7.032s]                  from [01m[K/opt/ros/humble/include/rclcpp/rclcpp/node_interfaces/node_parameters_interface.hpp:28[m[K,
[7.032s]                  from [01m[K/opt/ros/humble/include/rclcpp/rclcpp/node.hpp:54[m[K,
[7.032s]                  from [01m[K/opt/ros/humble/include/rclcpp/rclcpp/executors/single_threaded_executor.hpp:28[m[K,
[7.032s]                  from [01m[K/opt/ros/humble/include/rclcpp/rclcpp/executors.hpp:22[m[K,
[7.032s]                  from [01m[K/opt/ros/humble/include/rclcpp/rclcpp/rclcpp.hpp:155[m[K,
[7.033s]                  from [01m[K/opt/ros/humble/include/controller_interface/controller_interface_base.hpp:28[m[K,
[7.033s]                  from [01m[K/opt/ros/humble/include/controller_interface/controller_interface.hpp:22[m[K,
[7.033s]                  from [01m[K/home/user/ros2_control_example/src/multi_interface_forward_controller/include/multi_interface_forward_controller/multi_interface_forward_controller.hpp:22[m[K,
[7.033s]                  from [01m[K/home/user/ros2_control_example/src/multi_interface_forward_controller/src/multi_interface_forward_controller.cpp:15[m[K:
[7.033s] [01m[K/opt/ros/humble/include/rclcpp/rclcpp/parameter_value.hpp:193:3:[m[K [01;36m[Knote: [m[Kcandidate: ‘[01m[Ktemplate<rclcpp::ParameterType type> constexpr typename std::enable_if<(type == rclcpp::PARAMETER_BYTE_ARRAY), const std::vector<unsigned char, std::allocator<unsigned char> >&>::type rclcpp::ParameterValue::get() const[m[K’
[7.033s]   193 |   [01;36m[Kget[m[K() const
[7.033s]       |   [01;36m[K^~~[m[K
[7.033s] [01m[K/opt/ros/humble/include/rclcpp/rclcpp/parameter_value.hpp:193:3:[m[K [01;36m[Knote: [m[K  template argument deduction/substitution failed:
[7.033s] In file included from [01m[K/opt/ros/humble/include/rclcpp/rclcpp/node_interfaces/node_parameters_interface.hpp:28[m[K,
[7.033s]                  from [01m[K/opt/ros/humble/include/rclcpp/rclcpp/node.hpp:54[m[K,
[7.033s]                  from [01m[K/opt/ros/humble/include/rclcpp/rclcpp/executors/single_threaded_executor.hpp:28[m[K,
[7.033s]                  from [01m[K/opt/ros/humble/include/rclcpp/rclcpp/executors.hpp:22[m[K,
[7.034s]                  from [01m[K/opt/ros/humble/include/rclcpp/rclcpp/rclcpp.hpp:155[m[K,
[7.034s]                  from [01m[K/opt/ros/humble/include/controller_interface/controller_interface_base.hpp:28[m[K,
[7.034s]                  from [01m[K/opt/ros/humble/include/controller_interface/controller_interface.hpp:22[m[K,
[7.034s]                  from [01m[K/home/user/ros2_control_example/src/multi_interface_forward_controller/include/multi_interface_forward_controller/multi_interface_forward_controller.hpp:22[m[K,
[7.034s]                  from [01m[K/home/user/ros2_control_example/src/multi_interface_forward_controller/src/multi_interface_forward_controller.cpp:15[m[K:
[7.034s] [01m[K/opt/ros/humble/include/rclcpp/rclcpp/parameter.hpp:239:49:[m[K [01;31m[Kerror: [m[Ktype/value mismatch at argument 1 in template parameter list for ‘[01m[Ktemplate<rclcpp::ParameterType type> constexpr typename std::enable_if<(type == rclcpp::PARAMETER_BYTE_ARRAY), const std::vector<unsigned char, std::allocator<unsigned char> >&>::type rclcpp::ParameterValue::get() const[m[K’
[7.034s]   239 |   return [01;31m[Kparameter->get_parameter_value().get<T>()[m[K;
[7.034s]       |          [01;31m[K~~~~~~~~~~~~~~~~~~~~~~~~~~~~~~~~~~~~~~~^~[m[K
[7.034s] [01m[K/opt/ros/humble/include/rclcpp/rclcpp/parameter.hpp:239:49:[m[K [01;36m[Knote: [m[K  expected a constant of type ‘[01m[Krclcpp::ParameterType[m[K’, got ‘[01m[Kstd::vector<std::vector<std::__cxx11::basic_string<char> > >[m[K’
[7.034s] In file included from [01m[K/opt/ros/humble/include/rclcpp/rclcpp/parameter.hpp:26[m[K,
[7.034s]                  from [01m[K/opt/ros/humble/include/rclcpp/rclcpp/node_interfaces/node_parameters_interface.hpp:28[m[K,
[7.034s]                  from [01m[K/opt/ros/humble/include/rclcpp/rclcpp/node.hpp:54[m[K,
[7.035s]                  from [01m[K/opt/ros/humble/include/rclcpp/rclcpp/executors/single_threaded_executor.hpp:28[m[K,
[7.035s]                  from [01m[K/opt/ros/humble/include/rclcpp/rclcpp/executors.hpp:22[m[K,
[7.035s]                  from [01m[K/opt/ros/humble/include/rclcpp/rclcpp/rclcpp.hpp:155[m[K,
[7.035s]                  from [01m[K/opt/ros/humble/include/controller_interface/controller_interface_base.hpp:28[m[K,
[7.035s]                  from [01m[K/opt/ros/humble/include/controller_interface/controller_interface.hpp:22[m[K,
[7.035s]                  from [01m[K/home/user/ros2_control_example/src/multi_interface_forward_controller/include/multi_interface_forward_controller/multi_interface_forward_controller.hpp:22[m[K,
[7.035s]                  from [01m[K/home/user/ros2_control_example/src/multi_interface_forward_controller/src/multi_interface_forward_controller.cpp:15[m[K:
[7.035s] [01m[K/opt/ros/humble/include/rclcpp/rclcpp/parameter_value.hpp:205:3:[m[K [01;36m[Knote: [m[Kcandidate: ‘[01m[Ktemplate<rclcpp::ParameterType type> constexpr typename std::enable_if<(type == rclcpp::PARAMETER_BOOL_ARRAY), const std::vector<bool, std::allocator<bool> >&>::type rclcpp::ParameterValue::get() const[m[K’
[7.035s]   205 |   [01;36m[Kget[m[K() const
[7.035s]       |   [01;36m[K^~~[m[K
[7.035s] [01m[K/opt/ros/humble/include/rclcpp/rclcpp/parameter_value.hpp:205:3:[m[K [01;36m[Knote: [m[K  template argument deduction/substitution failed:
[7.036s] In file included from [01m[K/opt/ros/humble/include/rclcpp/rclcpp/node_interfaces/node_parameters_interface.hpp:28[m[K,
[7.036s]                  from [01m[K/opt/ros/humble/include/rclcpp/rclcpp/node.hpp:54[m[K,
[7.036s]                  from [01m[K/opt/ros/humble/include/rclcpp/rclcpp/executors/single_threaded_executor.hpp:28[m[K,
[7.036s]                  from [01m[K/opt/ros/humble/include/rclcpp/rclcpp/executors.hpp:22[m[K,
[7.036s]                  from [01m[K/opt/ros/humble/include/rclcpp/rclcpp/rclcpp.hpp:155[m[K,
[7.036s]                  from [01m[K/opt/ros/humble/include/controller_interface/controller_interface_base.hpp:28[m[K,
[7.037s]                  from [01m[K/opt/ros/humble/include/controller_interface/controller_interface.hpp:22[m[K,
[7.037s]                  from [01m[K/home/user/ros2_control_example/src/multi_interface_forward_controller/include/multi_interface_forward_controller/multi_interface_forward_controller.hpp:22[m[K,
[7.037s]                  from [01m[K/home/user/ros2_control_example/src/multi_interface_forward_controller/src/multi_interface_forward_controller.cpp:15[m[K:
[7.037s] [01m[K/opt/ros/humble/include/rclcpp/rclcpp/parameter.hpp:239:49:[m[K [01;31m[Kerror: [m[Ktype/value mismatch at argument 1 in template parameter list for ‘[01m[Ktemplate<rclcpp::ParameterType type> constexpr typename std::enable_if<(type == rclcpp::PARAMETER_BOOL_ARRAY), const std::vector<bool, std::allocator<bool> >&>::type rclcpp::ParameterValue::get() const[m[K’
[7.037s]   239 |   return [01;31m[Kparameter->get_parameter_value().get<T>()[m[K;
[7.037s]       |          [01;31m[K~~~~~~~~~~~~~~~~~~~~~~~~~~~~~~~~~~~~~~~^~[m[K
[7.037s] [01m[K/opt/ros/humble/include/rclcpp/rclcpp/parameter.hpp:239:49:[m[K [01;36m[Knote: [m[K  expected a constant of type ‘[01m[Krclcpp::ParameterType[m[K’, got ‘[01m[Kstd::vector<std::vector<std::__cxx11::basic_string<char> > >[m[K’
[7.037s] In file included from [01m[K/opt/ros/humble/include/rclcpp/rclcpp/parameter.hpp:26[m[K,
[7.038s]                  from [01m[K/opt/ros/humble/include/rclcpp/rclcpp/node_interfaces/node_parameters_interface.hpp:28[m[K,
[7.038s]                  from [01m[K/opt/ros/humble/include/rclcpp/rclcpp/node.hpp:54[m[K,
[7.038s]                  from [01m[K/opt/ros/humble/include/rclcpp/rclcpp/executors/single_threaded_executor.hpp:28[m[K,
[7.038s]                  from [01m[K/opt/ros/humble/include/rclcpp/rclcpp/executors.hpp:22[m[K,
[7.038s]                  from [01m[K/opt/ros/humble/include/rclcpp/rclcpp/rclcpp.hpp:155[m[K,
[7.038s]                  from [01m[K/opt/ros/humble/include/controller_interface/controller_interface_base.hpp:28[m[K,
[7.038s]                  from [01m[K/opt/ros/humble/include/controller_interface/controller_interface.hpp:22[m[K,
[7.038s]                  from [01m[K/home/user/ros2_control_example/src/multi_interface_forward_controller/include/multi_interface_forward_controller/multi_interface_forward_controller.hpp:22[m[K,
[7.038s]                  from [01m[K/home/user/ros2_control_example/src/multi_interface_forward_controller/src/multi_interface_forward_controller.cpp:15[m[K:
[7.039s] [01m[K/opt/ros/humble/include/rclcpp/rclcpp/parameter_value.hpp:217:3:[m[K [01;36m[Knote: [m[Kcandidate: ‘[01m[Ktemplate<rclcpp::ParameterType type> constexpr typename std::enable_if<(type == rclcpp::PARAMETER_INTEGER_ARRAY), const std::vector<long int, std::allocator<long int> >&>::type rclcpp::ParameterValue::get() const[m[K’
[7.039s]   217 |   [01;36m[Kget[m[K() const
[7.039s]       |   [01;36m[K^~~[m[K
[7.039s] [01m[K/opt/ros/humble/include/rclcpp/rclcpp/parameter_value.hpp:217:3:[m[K [01;36m[Knote: [m[K  template argument deduction/substitution failed:
[7.039s] In file included from [01m[K/opt/ros/humble/include/rclcpp/rclcpp/node_interfaces/node_parameters_interface.hpp:28[m[K,
[7.039s]                  from [01m[K/opt/ros/humble/include/rclcpp/rclcpp/node.hpp:54[m[K,
[7.039s]                  from [01m[K/opt/ros/humble/include/rclcpp/rclcpp/executors/single_threaded_executor.hpp:28[m[K,
[7.039s]                  from [01m[K/opt/ros/humble/include/rclcpp/rclcpp/executors.hpp:22[m[K,
[7.039s]                  from [01m[K/opt/ros/humble/include/rclcpp/rclcpp/rclcpp.hpp:155[m[K,
[7.039s]                  from [01m[K/opt/ros/humble/include/controller_interface/controller_interface_base.hpp:28[m[K,
[7.040s]                  from [01m[K/opt/ros/humble/include/controller_interface/controller_interface.hpp:22[m[K,
[7.040s]                  from [01m[K/home/user/ros2_control_example/src/multi_interface_forward_controller/include/multi_interface_forward_controller/multi_interface_forward_controller.hpp:22[m[K,
[7.040s]                  from [01m[K/home/user/ros2_control_example/src/multi_interface_forward_controller/src/multi_interface_forward_controller.cpp:15[m[K:
[7.040s] [01m[K/opt/ros/humble/include/rclcpp/rclcpp/parameter.hpp:239:49:[m[K [01;31m[Kerror: [m[Ktype/value mismatch at argument 1 in template parameter list for ‘[01m[Ktemplate<rclcpp::ParameterType type> constexpr typename std::enable_if<(type == rclcpp::PARAMETER_INTEGER_ARRAY), const std::vector<long int, std::allocator<long int> >&>::type rclcpp::ParameterValue::get() const[m[K’
[7.040s]   239 |   return [01;31m[Kparameter->get_parameter_value().get<T>()[m[K;
[7.040s]       |          [01;31m[K~~~~~~~~~~~~~~~~~~~~~~~~~~~~~~~~~~~~~~~^~[m[K
[7.040s] [01m[K/opt/ros/humble/include/rclcpp/rclcpp/parameter.hpp:239:49:[m[K [01;36m[Knote: [m[K  expected a constant of type ‘[01m[Krclcpp::ParameterType[m[K’, got ‘[01m[Kstd::vector<std::vector<std::__cxx11::basic_string<char> > >[m[K’
[7.040s] In file included from [01m[K/opt/ros/humble/include/rclcpp/rclcpp/parameter.hpp:26[m[K,
[7.040s]                  from [01m[K/opt/ros/humble/include/rclcpp/rclcpp/node_interfaces/node_parameters_interface.hpp:28[m[K,
[7.040s]                  from [01m[K/opt/ros/humble/include/rclcpp/rclcpp/node.hpp:54[m[K,
[7.040s]                  from [01m[K/opt/ros/humble/include/rclcpp/rclcpp/executors/single_threaded_executor.hpp:28[m[K,
[7.041s]                  from [01m[K/opt/ros/humble/include/rclcpp/rclcpp/executors.hpp:22[m[K,
[7.041s]                  from [01m[K/opt/ros/humble/include/rclcpp/rclcpp/rclcpp.hpp:155[m[K,
[7.041s]                  from [01m[K/opt/ros/humble/include/controller_interface/controller_interface_base.hpp:28[m[K,
[7.041s]                  from [01m[K/opt/ros/humble/include/controller_interface/controller_interface.hpp:22[m[K,
[7.041s]                  from [01m[K/home/user/ros2_control_example/src/multi_interface_forward_controller/include/multi_interface_forward_controller/multi_interface_forward_controller.hpp:22[m[K,
[7.041s]                  from [01m[K/home/user/ros2_control_example/src/multi_interface_forward_controller/src/multi_interface_forward_controller.cpp:15[m[K:
[7.041s] [01m[K/opt/ros/humble/include/rclcpp/rclcpp/parameter_value.hpp:229:3:[m[K [01;36m[Knote: [m[Kcandidate: ‘[01m[Ktemplate<rclcpp::ParameterType type> constexpr typename std::enable_if<(type == rclcpp::PARAMETER_DOUBLE_ARRAY), const std::vector<double, std::allocator<double> >&>::type rclcpp::ParameterValue::get() const[m[K’
[7.041s]   229 |   [01;36m[Kget[m[K() const
[7.041s]       |   [01;36m[K^~~[m[K
[7.041s] [01m[K/opt/ros/humble/include/rclcpp/rclcpp/parameter_value.hpp:229:3:[m[K [01;36m[Knote: [m[K  template argument deduction/substitution failed:
[7.041s] In file included from [01m[K/opt/ros/humble/include/rclcpp/rclcpp/node_interfaces/node_parameters_interface.hpp:28[m[K,
[7.042s]                  from [01m[K/opt/ros/humble/include/rclcpp/rclcpp/node.hpp:54[m[K,
[7.042s]                  from [01m[K/opt/ros/humble/include/rclcpp/rclcpp/executors/single_threaded_executor.hpp:28[m[K,
[7.042s]                  from [01m[K/opt/ros/humble/include/rclcpp/rclcpp/executors.hpp:22[m[K,
[7.042s]                  from [01m[K/opt/ros/humble/include/rclcpp/rclcpp/rclcpp.hpp:155[m[K,
[7.042s]                  from [01m[K/opt/ros/humble/include/controller_interface/controller_interface_base.hpp:28[m[K,
[7.042s]                  from [01m[K/opt/ros/humble/include/controller_interface/controller_interface.hpp:22[m[K,
[7.042s]                  from [01m[K/home/user/ros2_control_example/src/multi_interface_forward_controller/include/multi_interface_forward_controller/multi_interface_forward_controller.hpp:22[m[K,
[7.042s]                  from [01m[K/home/user/ros2_control_example/src/multi_interface_forward_controller/src/multi_interface_forward_controller.cpp:15[m[K:
[7.042s] [01m[K/opt/ros/humble/include/rclcpp/rclcpp/parameter.hpp:239:49:[m[K [01;31m[Kerror: [m[Ktype/value mismatch at argument 1 in template parameter list for ‘[01m[Ktemplate<rclcpp::ParameterType type> constexpr typename std::enable_if<(type == rclcpp::PARAMETER_DOUBLE_ARRAY), const std::vector<double, std::allocator<double> >&>::type rclcpp::ParameterValue::get() const[m[K’
[7.042s]   239 |   return [01;31m[Kparameter->get_parameter_value().get<T>()[m[K;
[7.042s]       |          [01;31m[K~~~~~~~~~~~~~~~~~~~~~~~~~~~~~~~~~~~~~~~^~[m[K
[7.043s] [01m[K/opt/ros/humble/include/rclcpp/rclcpp/parameter.hpp:239:49:[m[K [01;36m[Knote: [m[K  expected a constant of type ‘[01m[Krclcpp::ParameterType[m[K’, got ‘[01m[Kstd::vector<std::vector<std::__cxx11::basic_string<char> > >[m[K’
[7.043s] In file included from [01m[K/opt/ros/humble/include/rclcpp/rclcpp/parameter.hpp:26[m[K,
[7.043s]                  from [01m[K/opt/ros/humble/include/rclcpp/rclcpp/node_interfaces/node_parameters_interface.hpp:28[m[K,
[7.043s]                  from [01m[K/opt/ros/humble/include/rclcpp/rclcpp/node.hpp:54[m[K,
[7.043s]                  from [01m[K/opt/ros/humble/include/rclcpp/rclcpp/executors/single_threaded_executor.hpp:28[m[K,
[7.043s]                  from [01m[K/opt/ros/humble/include/rclcpp/rclcpp/executors.hpp:22[m[K,
[7.043s]                  from [01m[K/opt/ros/humble/include/rclcpp/rclcpp/rclcpp.hpp:155[m[K,
[7.043s]                  from [01m[K/opt/ros/humble/include/controller_interface/controller_interface_base.hpp:28[m[K,
[7.043s]                  from [01m[K/opt/ros/humble/include/controller_interface/controller_interface.hpp:22[m[K,
[7.043s]                  from [01m[K/home/user/ros2_control_example/src/multi_interface_forward_controller/include/multi_interface_forward_controller/multi_interface_forward_controller.hpp:22[m[K,
[7.043s]                  from [01m[K/home/user/ros2_control_example/src/multi_interface_forward_controller/src/multi_interface_forward_controller.cpp:15[m[K:
[7.044s] [01m[K/opt/ros/humble/include/rclcpp/rclcpp/parameter_value.hpp:241:3:[m[K [01;36m[Knote: [m[Kcandidate: ‘[01m[Ktemplate<rclcpp::ParameterType type> constexpr typename std::enable_if<(type == rclcpp::PARAMETER_STRING_ARRAY), const std::vector<std::__cxx11::basic_string<char> >&>::type rclcpp::ParameterValue::get() const[m[K’
[7.044s]   241 |   [01;36m[Kget[m[K() const
[7.044s]       |   [01;36m[K^~~[m[K
[7.044s] [01m[K/opt/ros/humble/include/rclcpp/rclcpp/parameter_value.hpp:241:3:[m[K [01;36m[Knote: [m[K  template argument deduction/substitution failed:
[7.044s] In file included from [01m[K/opt/ros/humble/include/rclcpp/rclcpp/node_interfaces/node_parameters_interface.hpp:28[m[K,
[7.044s]                  from [01m[K/opt/ros/humble/include/rclcpp/rclcpp/node.hpp:54[m[K,
[7.044s]                  from [01m[K/opt/ros/humble/include/rclcpp/rclcpp/executors/single_threaded_executor.hpp:28[m[K,
[7.044s]                  from [01m[K/opt/ros/humble/include/rclcpp/rclcpp/executors.hpp:22[m[K,
[7.044s]                  from [01m[K/opt/ros/humble/include/rclcpp/rclcpp/rclcpp.hpp:155[m[K,
[7.044s]                  from [01m[K/opt/ros/humble/include/controller_interface/controller_interface_base.hpp:28[m[K,
[7.044s]                  from [01m[K/opt/ros/humble/include/controller_interface/controller_interface.hpp:22[m[K,
[7.045s]                  from [01m[K/home/user/ros2_control_example/src/multi_interface_forward_controller/include/multi_interface_forward_controller/multi_interface_forward_controller.hpp:22[m[K,
[7.045s]                  from [01m[K/home/user/ros2_control_example/src/multi_interface_forward_controller/src/multi_interface_forward_controller.cpp:15[m[K:
[7.045s] [01m[K/opt/ros/humble/include/rclcpp/rclcpp/parameter.hpp:239:49:[m[K [01;31m[Kerror: [m[Ktype/value mismatch at argument 1 in template parameter list for ‘[01m[Ktemplate<rclcpp::ParameterType type> constexpr typename std::enable_if<(type == rclcpp::PARAMETER_STRING_ARRAY), const std::vector<std::__cxx11::basic_string<char> >&>::type rclcpp::ParameterValue::get() const[m[K’
[7.045s]   239 |   return [01;31m[Kparameter->get_parameter_value().get<T>()[m[K;
[7.045s]       |          [01;31m[K~~~~~~~~~~~~~~~~~~~~~~~~~~~~~~~~~~~~~~~^~[m[K
[7.045s] [01m[K/opt/ros/humble/include/rclcpp/rclcpp/parameter.hpp:239:49:[m[K [01;36m[Knote: [m[K  expected a constant of type ‘[01m[Krclcpp::ParameterType[m[K’, got ‘[01m[Kstd::vector<std::vector<std::__cxx11::basic_string<char> > >[m[K’
[7.045s] In file included from [01m[K/opt/ros/humble/include/rclcpp/rclcpp/parameter.hpp:26[m[K,
[7.045s]                  from [01m[K/opt/ros/humble/include/rclcpp/rclcpp/node_interfaces/node_parameters_interface.hpp:28[m[K,
[7.045s]                  from [01m[K/opt/ros/humble/include/rclcpp/rclcpp/node.hpp:54[m[K,
[7.045s]                  from [01m[K/opt/ros/humble/include/rclcpp/rclcpp/executors/single_threaded_executor.hpp:28[m[K,
[7.045s]                  from [01m[K/opt/ros/humble/include/rclcpp/rclcpp/executors.hpp:22[m[K,
[7.046s]                  from [01m[K/opt/ros/humble/include/rclcpp/rclcpp/rclcpp.hpp:155[m[K,
[7.046s]                  from [01m[K/opt/ros/humble/include/controller_interface/controller_interface_base.hpp:28[m[K,
[7.046s]                  from [01m[K/opt/ros/humble/include/controller_interface/controller_interface.hpp:22[m[K,
[7.046s]                  from [01m[K/home/user/ros2_control_example/src/multi_interface_forward_controller/include/multi_interface_forward_controller/multi_interface_forward_controller.hpp:22[m[K,
[7.046s]                  from [01m[K/home/user/ros2_control_example/src/multi_interface_forward_controller/src/multi_interface_forward_controller.cpp:15[m[K:
[7.046s] [01m[K/opt/ros/humble/include/rclcpp/rclcpp/parameter_value.hpp:254:3:[m[K [01;36m[Knote: [m[Kcandidate: ‘[01m[Ktemplate<class type> constexpr typename std::enable_if<std::is_same<T, bool>::value, const bool&>::type rclcpp::ParameterValue::get() const[m[K’
[7.046s]   254 |   [01;36m[Kget[m[K() const
[7.046s]       |   [01;36m[K^~~[m[K
[7.046s] [01m[K/opt/ros/humble/include/rclcpp/rclcpp/parameter_value.hpp:254:3:[m[K [01;36m[Knote: [m[K  template argument deduction/substitution failed:
[7.046s] /opt/ros/humble/include/rclcpp/rclcpp/parameter_value.hpp: In substitution of ‘[01m[Ktemplate<class type> constexpr typename std::enable_if<std::is_same<T, bool>::value, const bool&>::type rclcpp::ParameterValue::get() const [with type = std::vector<std::vector<std::__cxx11::basic_string<char> > >][m[K’:
[7.046s] [01m[K/opt/ros/humble/include/rclcpp/rclcpp/parameter.hpp:239:49:[m[K   required from ‘[01m[Kauto rclcpp::detail::get_value_helper(const rclcpp::Parameter*) [with T = std::vector<std::vector<std::__cxx11::basic_string<char> > >][m[K’
[7.046s] [01m[K/opt/ros/humble/include/rclcpp/rclcpp/parameter.hpp:274:39:[m[K   required from ‘[01m[Kdecltype(auto) rclcpp::Parameter::get_value() const [with T = std::vector<std::vector<std::__cxx11::basic_string<char> > >][m[K’
[7.046s] [01m[K/opt/ros/humble/include/controller_interface/controller_interface_base.hpp:175:62:[m[K   required from ‘[01m[Kauto controller_interface::ControllerInterfaceBase::auto_declare(const string&, const ParameterT&) [with ParameterT = std::vector<std::vector<std::__cxx11::basic_string<char> > >; std::string = std::__cxx11::basic_string<char>][m[K’
[7.046s] [01m[K/home/user/ros2_control_example/src/multi_interface_forward_controller/src/multi_interface_forward_controller.cpp:36:25:[m[K   required from here
[7.046s] [01m[K/opt/ros/humble/include/rclcpp/rclcpp/parameter_value.hpp:254:3:[m[K [01;31m[Kerror: [m[Kno type named ‘[01m[Ktype[m[K’ in ‘[01m[Kstruct std::enable_if<false, const bool&>[m[K’
[7.047s] /opt/ros/humble/include/rclcpp/rclcpp/parameter.hpp: In instantiation of ‘[01m[Kauto rclcpp::detail::get_value_helper(const rclcpp::Parameter*) [with T = std::vector<std::vector<std::__cxx11::basic_string<char> > >][m[K’:
[7.047s] [01m[K/opt/ros/humble/include/rclcpp/rclcpp/parameter.hpp:274:39:[m[K   required from ‘[01m[Kdecltype(auto) rclcpp::Parameter::get_value() const [with T = std::vector<std::vector<std::__cxx11::basic_string<char> > >][m[K’
[7.047s] [01m[K/opt/ros/humble/include/controller_interface/controller_interface_base.hpp:175:62:[m[K   required from ‘[01m[Kauto controller_interface::ControllerInterfaceBase::auto_declare(const string&, const ParameterT&) [with ParameterT = std::vector<std::vector<std::__cxx11::basic_string<char> > >; std::string = std::__cxx11::basic_string<char>][m[K’
[7.047s] [01m[K/home/user/ros2_control_example/src/multi_interface_forward_controller/src/multi_interface_forward_controller.cpp:36:25:[m[K   required from here
[7.047s] [01m[K/opt/ros/humble/include/rclcpp/rclcpp/parameter_value.hpp:263:3:[m[K [01;36m[Knote: [m[Kcandidate: ‘[01m[Ktemplate<class type> constexpr typename std::enable_if<(std::is_integral<_Tp>::value && (! std::is_same<T, bool>::value)), const long int&>::type rclcpp::ParameterValue::get() const[m[K’
[7.047s]   263 |   [01;36m[Kget[m[K() const
[7.047s]       |   [01;36m[K^~~[m[K
[7.047s] [01m[K/opt/ros/humble/include/rclcpp/rclcpp/parameter_value.hpp:263:3:[m[K [01;36m[Knote: [m[K  template argument deduction/substitution failed:
[7.047s] /opt/ros/humble/include/rclcpp/rclcpp/parameter_value.hpp: In substitution of ‘[01m[Ktemplate<class type> constexpr typename std::enable_if<(std::is_integral<_Tp>::value && (! std::is_same<T, bool>::value)), const long int&>::type rclcpp::ParameterValue::get() const [with type = std::vector<std::vector<std::__cxx11::basic_string<char> > >][m[K’:
[7.047s] [01m[K/opt/ros/humble/include/rclcpp/rclcpp/parameter.hpp:239:49:[m[K   required from ‘[01m[Kauto rclcpp::detail::get_value_helper(const rclcpp::Parameter*) [with T = std::vector<std::vector<std::__cxx11::basic_string<char> > >][m[K’
[7.047s] [01m[K/opt/ros/humble/include/rclcpp/rclcpp/parameter.hpp:274:39:[m[K   required from ‘[01m[Kdecltype(auto) rclcpp::Parameter::get_value() const [with T = std::vector<std::vector<std::__cxx11::basic_string<char> > >][m[K’
[7.047s] [01m[K/opt/ros/humble/include/controller_interface/controller_interface_base.hpp:175:62:[m[K   required from ‘[01m[Kauto controller_interface::ControllerInterfaceBase::auto_declare(const string&, const ParameterT&) [with ParameterT = std::vector<std::vector<std::__cxx11::basic_string<char> > >; std::string = std::__cxx11::basic_string<char>][m[K’
[7.047s] [01m[K/home/user/ros2_control_example/src/multi_interface_forward_controller/src/multi_interface_forward_controller.cpp:36:25:[m[K   required from here
[7.048s] [01m[K/opt/ros/humble/include/rclcpp/rclcpp/parameter_value.hpp:263:3:[m[K [01;31m[Kerror: [m[Kno type named ‘[01m[Ktype[m[K’ in ‘[01m[Kstruct std::enable_if<false, const long int&>[m[K’
[7.048s] /opt/ros/humble/include/rclcpp/rclcpp/parameter.hpp: In instantiation of ‘[01m[Kauto rclcpp::detail::get_value_helper(const rclcpp::Parameter*) [with T = std::vector<std::vector<std::__cxx11::basic_string<char> > >][m[K’:
[7.048s] [01m[K/opt/ros/humble/include/rclcpp/rclcpp/parameter.hpp:274:39:[m[K   required from ‘[01m[Kdecltype(auto) rclcpp::Parameter::get_value() const [with T = std::vector<std::vector<std::__cxx11::basic_string<char> > >][m[K’
[7.048s] [01m[K/opt/ros/humble/include/controller_interface/controller_interface_base.hpp:175:62:[m[K   required from ‘[01m[Kauto controller_interface::ControllerInterfaceBase::auto_declare(const string&, const ParameterT&) [with ParameterT = std::vector<std::vector<std::__cxx11::basic_string<char> > >; std::string = std::__cxx11::basic_string<char>][m[K’
[7.048s] [01m[K/home/user/ros2_control_example/src/multi_interface_forward_controller/src/multi_interface_forward_controller.cpp:36:25:[m[K   required from here
[7.048s] [01m[K/opt/ros/humble/include/rclcpp/rclcpp/parameter_value.hpp:271:3:[m[K [01;36m[Knote: [m[Kcandidate: ‘[01m[Ktemplate<class type> constexpr typename std::enable_if<std::is_floating_point<_Tp>::value, const double&>::type rclcpp::ParameterValue::get() const[m[K’
[7.048s]   271 |   [01;36m[Kget[m[K() const
[7.048s]       |   [01;36m[K^~~[m[K
[7.048s] [01m[K/opt/ros/humble/include/rclcpp/rclcpp/parameter_value.hpp:271:3:[m[K [01;36m[Knote: [m[K  template argument deduction/substitution failed:
[7.048s] /opt/ros/humble/include/rclcpp/rclcpp/parameter_value.hpp: In substitution of ‘[01m[Ktemplate<class type> constexpr typename std::enable_if<std::is_floating_point<_Tp>::value, const double&>::type rclcpp::ParameterValue::get() const [with type = std::vector<std::vector<std::__cxx11::basic_string<char> > >][m[K’:
[7.048s] [01m[K/opt/ros/humble/include/rclcpp/rclcpp/parameter.hpp:239:49:[m[K   required from ‘[01m[Kauto rclcpp::detail::get_value_helper(const rclcpp::Parameter*) [with T = std::vector<std::vector<std::__cxx11::basic_string<char> > >][m[K’
[7.048s] [01m[K/opt/ros/humble/include/rclcpp/rclcpp/parameter.hpp:274:39:[m[K   required from ‘[01m[Kdecltype(auto) rclcpp::Parameter::get_value() const [with T = std::vector<std::vector<std::__cxx11::basic_string<char> > >][m[K’
[7.048s] [01m[K/opt/ros/humble/include/controller_interface/controller_interface_base.hpp:175:62:[m[K   required from ‘[01m[Kauto controller_interface::ControllerInterfaceBase::auto_declare(const string&, const ParameterT&) [with ParameterT = std::vector<std::vector<std::__cxx11::basic_string<char> > >; std::string = std::__cxx11::basic_string<char>][m[K’
[7.048s] [01m[K/home/user/ros2_control_example/src/multi_interface_forward_controller/src/multi_interface_forward_controller.cpp:36:25:[m[K   required from here
[7.049s] [01m[K/opt/ros/humble/include/rclcpp/rclcpp/parameter_value.hpp:271:3:[m[K [01;31m[Kerror: [m[Kno type named ‘[01m[Ktype[m[K’ in ‘[01m[Kstruct std::enable_if<false, const double&>[m[K’
[7.049s] /opt/ros/humble/include/rclcpp/rclcpp/parameter.hpp: In instantiation of ‘[01m[Kauto rclcpp::detail::get_value_helper(const rclcpp::Parameter*) [with T = std::vector<std::vector<std::__cxx11::basic_string<char> > >][m[K’:
[7.049s] [01m[K/opt/ros/humble/include/rclcpp/rclcpp/parameter.hpp:274:39:[m[K   required from ‘[01m[Kdecltype(auto) rclcpp::Parameter::get_value() const [with T = std::vector<std::vector<std::__cxx11::basic_string<char> > >][m[K’
[7.049s] [01m[K/opt/ros/humble/include/controller_interface/controller_interface_base.hpp:175:62:[m[K   required from ‘[01m[Kauto controller_interface::ControllerInterfaceBase::auto_declare(const string&, const ParameterT&) [with ParameterT = std::vector<std::vector<std::__cxx11::basic_string<char> > >; std::string = std::__cxx11::basic_string<char>][m[K’
[7.049s] [01m[K/home/user/ros2_control_example/src/multi_interface_forward_controller/src/multi_interface_forward_controller.cpp:36:25:[m[K   required from here
[7.049s] [01m[K/opt/ros/humble/include/rclcpp/rclcpp/parameter_value.hpp:279:3:[m[K [01;36m[Knote: [m[Kcandidate: ‘[01m[Ktemplate<class type> constexpr typename std::enable_if<std::is_convertible<type, std::__cxx11::basic_string<char> >::value, const std::__cxx11::basic_string<char>&>::type rclcpp::ParameterValue::get() const[m[K’
[7.049s]   279 |   [01;36m[Kget[m[K() const
[7.049s]       |   [01;36m[K^~~[m[K
[7.049s] [01m[K/opt/ros/humble/include/rclcpp/rclcpp/parameter_value.hpp:279:3:[m[K [01;36m[Knote: [m[K  template argument deduction/substitution failed:
[7.049s] /opt/ros/humble/include/rclcpp/rclcpp/parameter_value.hpp: In substitution of ‘[01m[Ktemplate<class type> constexpr typename std::enable_if<std::is_convertible<type, std::__cxx11::basic_string<char> >::value, const std::__cxx11::basic_string<char>&>::type rclcpp::ParameterValue::get() const [with type = std::vector<std::vector<std::__cxx11::basic_string<char> > >][m[K’:
[7.049s] [01m[K/opt/ros/humble/include/rclcpp/rclcpp/parameter.hpp:239:49:[m[K   required from ‘[01m[Kauto rclcpp::detail::get_value_helper(const rclcpp::Parameter*) [with T = std::vector<std::vector<std::__cxx11::basic_string<char> > >][m[K’
[7.049s] [01m[K/opt/ros/humble/include/rclcpp/rclcpp/parameter.hpp:274:39:[m[K   required from ‘[01m[Kdecltype(auto) rclcpp::Parameter::get_value() const [with T = std::vector<std::vector<std::__cxx11::basic_string<char> > >][m[K’
[7.049s] [01m[K/opt/ros/humble/include/controller_interface/controller_interface_base.hpp:175:62:[m[K   required from ‘[01m[Kauto controller_interface::ControllerInterfaceBase::auto_declare(const string&, const ParameterT&) [with ParameterT = std::vector<std::vector<std::__cxx11::basic_string<char> > >; std::string = std::__cxx11::basic_string<char>][m[K’
[7.050s] [01m[K/home/user/ros2_control_example/src/multi_interface_forward_controller/src/multi_interface_forward_controller.cpp:36:25:[m[K   required from here
[7.050s] [01m[K/opt/ros/humble/include/rclcpp/rclcpp/parameter_value.hpp:279:3:[m[K [01;31m[Kerror: [m[Kno type named ‘[01m[Ktype[m[K’ in ‘[01m[Kstruct std::enable_if<false, const std::__cxx11::basic_string<char>&>[m[K’
[7.050s] /opt/ros/humble/include/rclcpp/rclcpp/parameter.hpp: In instantiation of ‘[01m[Kauto rclcpp::detail::get_value_helper(const rclcpp::Parameter*) [with T = std::vector<std::vector<std::__cxx11::basic_string<char> > >][m[K’:
[7.050s] [01m[K/opt/ros/humble/include/rclcpp/rclcpp/parameter.hpp:274:39:[m[K   required from ‘[01m[Kdecltype(auto) rclcpp::Parameter::get_value() const [with T = std::vector<std::vector<std::__cxx11::basic_string<char> > >][m[K’
[7.050s] [01m[K/opt/ros/humble/include/controller_interface/controller_interface_base.hpp:175:62:[m[K   required from ‘[01m[Kauto controller_interface::ControllerInterfaceBase::auto_declare(const string&, const ParameterT&) [with ParameterT = std::vector<std::vector<std::__cxx11::basic_string<char> > >; std::string = std::__cxx11::basic_string<char>][m[K’
[7.050s] [01m[K/home/user/ros2_control_example/src/multi_interface_forward_controller/src/multi_interface_forward_controller.cpp:36:25:[m[K   required from here
[7.050s] [01m[K/opt/ros/humble/include/rclcpp/rclcpp/parameter_value.hpp:289:3:[m[K [01;36m[Knote: [m[Kcandidate: ‘[01m[Ktemplate<class type> constexpr typename std::enable_if<std::is_convertible<type, const std::vector<unsigned char, std::allocator<unsigned char> >&>::value, const std::vector<unsigned char, std::allocator<unsigned char> >&>::type rclcpp::ParameterValue::get() const[m[K’
[7.050s]   289 |   [01;36m[Kget[m[K() const
[7.050s]       |   [01;36m[K^~~[m[K
[7.051s] [01m[K/opt/ros/humble/include/rclcpp/rclcpp/parameter_value.hpp:289:3:[m[K [01;36m[Knote: [m[K  template argument deduction/substitution failed:
[7.051s] /opt/ros/humble/include/rclcpp/rclcpp/parameter_value.hpp: In substitution of ‘[01m[Ktemplate<class type> constexpr typename std::enable_if<std::is_convertible<type, const std::vector<unsigned char, std::allocator<unsigned char> >&>::value, const std::vector<unsigned char, std::allocator<unsigned char> >&>::type rclcpp::ParameterValue::get() const [with type = std::vector<std::vector<std::__cxx11::basic_string<char> > >][m[K’:
[7.051s] [01m[K/opt/ros/humble/include/rclcpp/rclcpp/parameter.hpp:239:49:[m[K   required from ‘[01m[Kauto rclcpp::detail::get_value_helper(const rclcpp::Parameter*) [with T = std::vector<std::vector<std::__cxx11::basic_string<char> > >][m[K’
[7.051s] [01m[K/opt/ros/humble/include/rclcpp/rclcpp/parameter.hpp:274:39:[m[K   required from ‘[01m[Kdecltype(auto) rclcpp::Parameter::get_value() const [with T = std::vector<std::vector<std::__cxx11::basic_string<char> > >][m[K’
[7.051s] [01m[K/opt/ros/humble/include/controller_interface/controller_interface_base.hpp:175:62:[m[K   required from ‘[01m[Kauto controller_interface::ControllerInterfaceBase::auto_declare(const string&, const ParameterT&) [with ParameterT = std::vector<std::vector<std::__cxx11::basic_string<char> > >; std::string = std::__cxx11::basic_string<char>][m[K’
[7.051s] [01m[K/home/user/ros2_control_example/src/multi_interface_forward_controller/src/multi_interface_forward_controller.cpp:36:25:[m[K   required from here
[7.051s] [01m[K/opt/ros/humble/include/rclcpp/rclcpp/parameter_value.hpp:289:3:[m[K [01;31m[Kerror: [m[Kno type named ‘[01m[Ktype[m[K’ in ‘[01m[Kstruct std::enable_if<false, const std::vector<unsigned char, std::allocator<unsigned char> >&>[m[K’
[7.051s] /opt/ros/humble/include/rclcpp/rclcpp/parameter.hpp: In instantiation of ‘[01m[Kauto rclcpp::detail::get_value_helper(const rclcpp::Parameter*) [with T = std::vector<std::vector<std::__cxx11::basic_string<char> > >][m[K’:
[7.052s] [01m[K/opt/ros/humble/include/rclcpp/rclcpp/parameter.hpp:274:39:[m[K   required from ‘[01m[Kdecltype(auto) rclcpp::Parameter::get_value() const [with T = std::vector<std::vector<std::__cxx11::basic_string<char> > >][m[K’
[7.052s] [01m[K/opt/ros/humble/include/controller_interface/controller_interface_base.hpp:175:62:[m[K   required from ‘[01m[Kauto controller_interface::ControllerInterfaceBase::auto_declare(const string&, const ParameterT&) [with ParameterT = std::vector<std::vector<std::__cxx11::basic_string<char> > >; std::string = std::__cxx11::basic_string<char>][m[K’
[7.052s] [01m[K/home/user/ros2_control_example/src/multi_interface_forward_controller/src/multi_interface_forward_controller.cpp:36:25:[m[K   required from here
[7.052s] [01m[K/opt/ros/humble/include/rclcpp/rclcpp/parameter_value.hpp:299:3:[m[K [01;36m[Knote: [m[Kcandidate: ‘[01m[Ktemplate<class type> constexpr typename std::enable_if<std::is_convertible<type, const std::vector<bool, std::allocator<bool> >&>::value, const std::vector<bool, std::allocator<bool> >&>::type rclcpp::ParameterValue::get() const[m[K’
[7.052s]   299 |   [01;36m[Kget[m[K() const
[7.052s]       |   [01;36m[K^~~[m[K
[7.052s] [01m[K/opt/ros/humble/include/rclcpp/rclcpp/parameter_value.hpp:299:3:[m[K [01;36m[Knote: [m[K  template argument deduction/substitution failed:
[7.053s] /opt/ros/humble/include/rclcpp/rclcpp/parameter_value.hpp: In substitution of ‘[01m[Ktemplate<class type> constexpr typename std::enable_if<std::is_convertible<type, const std::vector<bool, std::allocator<bool> >&>::value, const std::vector<bool, std::allocator<bool> >&>::type rclcpp::ParameterValue::get() const [with type = std::vector<std::vector<std::__cxx11::basic_string<char> > >][m[K’:
[7.053s] [01m[K/opt/ros/humble/include/rclcpp/rclcpp/parameter.hpp:239:49:[m[K   required from ‘[01m[Kauto rclcpp::detail::get_value_helper(const rclcpp::Parameter*) [with T = std::vector<std::vector<std::__cxx11::basic_string<char> > >][m[K’
[7.053s] [01m[K/opt/ros/humble/include/rclcpp/rclcpp/parameter.hpp:274:39:[m[K   required from ‘[01m[Kdecltype(auto) rclcpp::Parameter::get_value() const [with T = std::vector<std::vector<std::__cxx11::basic_string<char> > >][m[K’
[7.053s] [01m[K/opt/ros/humble/include/controller_interface/controller_interface_base.hpp:175:62:[m[K   required from ‘[01m[Kauto controller_interface::ControllerInterfaceBase::auto_declare(const string&, const ParameterT&) [with ParameterT = std::vector<std::vector<std::__cxx11::basic_string<char> > >; std::string = std::__cxx11::basic_string<char>][m[K’
[7.053s] [01m[K/home/user/ros2_control_example/src/multi_interface_forward_controller/src/multi_interface_forward_controller.cpp:36:25:[m[K   required from here
[7.053s] [01m[K/opt/ros/humble/include/rclcpp/rclcpp/parameter_value.hpp:299:3:[m[K [01;31m[Kerror: [m[Kno type named ‘[01m[Ktype[m[K’ in ‘[01m[Kstruct std::enable_if<false, const std::vector<bool, std::allocator<bool> >&>[m[K’
[7.053s] /opt/ros/humble/include/rclcpp/rclcpp/parameter.hpp: In instantiation of ‘[01m[Kauto rclcpp::detail::get_value_helper(const rclcpp::Parameter*) [with T = std::vector<std::vector<std::__cxx11::basic_string<char> > >][m[K’:
[7.053s] [01m[K/opt/ros/humble/include/rclcpp/rclcpp/parameter.hpp:274:39:[m[K   required from ‘[01m[Kdecltype(auto) rclcpp::Parameter::get_value() const [with T = std::vector<std::vector<std::__cxx11::basic_string<char> > >][m[K’
[7.053s] [01m[K/opt/ros/humble/include/controller_interface/controller_interface_base.hpp:175:62:[m[K   required from ‘[01m[Kauto controller_interface::ControllerInterfaceBase::auto_declare(const string&, const ParameterT&) [with ParameterT = std::vector<std::vector<std::__cxx11::basic_string<char> > >; std::string = std::__cxx11::basic_string<char>][m[K’
[7.054s] [01m[K/home/user/ros2_control_example/src/multi_interface_forward_controller/src/multi_interface_forward_controller.cpp:36:25:[m[K   required from here
[7.054s] [01m[K/opt/ros/humble/include/rclcpp/rclcpp/parameter_value.hpp:309:3:[m[K [01;36m[Knote: [m[Kcandidate: ‘[01m[Ktemplate<class type> constexpr typename std::enable_if<std::is_convertible<type, const std::vector<int>&>::value, const std::vector<long int, std::allocator<long int> >&>::type rclcpp::ParameterValue::get() const[m[K’
[7.054s]   309 |   [01;36m[Kget[m[K() const
[7.054s]       |   [01;36m[K^~~[m[K
[7.054s] [01m[K/opt/ros/humble/include/rclcpp/rclcpp/parameter_value.hpp:309:3:[m[K [01;36m[Knote: [m[K  template argument deduction/substitution failed:
[7.054s] /opt/ros/humble/include/rclcpp/rclcpp/parameter_value.hpp: In substitution of ‘[01m[Ktemplate<class type> constexpr typename std::enable_if<std::is_convertible<type, const std::vector<int>&>::value, const std::vector<long int, std::allocator<long int> >&>::type rclcpp::ParameterValue::get() const [with type = std::vector<std::vector<std::__cxx11::basic_string<char> > >][m[K’:
[7.054s] [01m[K/opt/ros/humble/include/rclcpp/rclcpp/parameter.hpp:239:49:[m[K   required from ‘[01m[Kauto rclcpp::detail::get_value_helper(const rclcpp::Parameter*) [with T = std::vector<std::vector<std::__cxx11::basic_string<char> > >][m[K’
[7.054s] [01m[K/opt/ros/humble/include/rclcpp/rclcpp/parameter.hpp:274:39:[m[K   required from ‘[01m[Kdecltype(auto) rclcpp::Parameter::get_value() const [with T = std::vector<std::vector<std::__cxx11::basic_string<char> > >][m[K’
[7.055s] [01m[K/opt/ros/humble/include/controller_interface/controller_interface_base.hpp:175:62:[m[K   required from ‘[01m[Kauto controller_interface::ControllerInterfaceBase::auto_declare(const string&, const ParameterT&) [with ParameterT = std::vector<std::vector<std::__cxx11::basic_string<char> > >; std::string = std::__cxx11::basic_string<char>][m[K’
[7.055s] [01m[K/home/user/ros2_control_example/src/multi_interface_forward_controller/src/multi_interface_forward_controller.cpp:36:25:[m[K   required from here
[7.055s] [01m[K/opt/ros/humble/include/rclcpp/rclcpp/parameter_value.hpp:309:3:[m[K [01;31m[Kerror: [m[Kno type named ‘[01m[Ktype[m[K’ in ‘[01m[Kstruct std::enable_if<false, const std::vector<long int, std::allocator<long int> >&>[m[K’
[7.055s] /opt/ros/humble/include/rclcpp/rclcpp/parameter.hpp: In instantiation of ‘[01m[Kauto rclcpp::detail::get_value_helper(const rclcpp::Parameter*) [with T = std::vector<std::vector<std::__cxx11::basic_string<char> > >][m[K’:
[7.055s] [01m[K/opt/ros/humble/include/rclcpp/rclcpp/parameter.hpp:274:39:[m[K   required from ‘[01m[Kdecltype(auto) rclcpp::Parameter::get_value() const [with T = std::vector<std::vector<std::__cxx11::basic_string<char> > >][m[K’
[7.055s] [01m[K/opt/ros/humble/include/controller_interface/controller_interface_base.hpp:175:62:[m[K   required from ‘[01m[Kauto controller_interface::ControllerInterfaceBase::auto_declare(const string&, const ParameterT&) [with ParameterT = std::vector<std::vector<std::__cxx11::basic_string<char> > >; std::string = std::__cxx11::basic_string<char>][m[K’
[7.055s] [01m[K/home/user/ros2_control_example/src/multi_interface_forward_controller/src/multi_interface_forward_controller.cpp:36:25:[m[K   required from here
[7.055s] [01m[K/opt/ros/humble/include/rclcpp/rclcpp/parameter_value.hpp:319:3:[m[K [01;36m[Knote: [m[Kcandidate: ‘[01m[Ktemplate<class type> constexpr typename std::enable_if<std::is_convertible<type, const std::vector<long int, std::allocator<long int> >&>::value, const std::vector<long int, std::allocator<long int> >&>::type rclcpp::ParameterValue::get() const[m[K’
[7.055s]   319 |   [01;36m[Kget[m[K() const
[7.055s]       |   [01;36m[K^~~[m[K
[7.055s] [01m[K/opt/ros/humble/include/rclcpp/rclcpp/parameter_value.hpp:319:3:[m[K [01;36m[Knote: [m[K  template argument deduction/substitution failed:
[7.056s] /opt/ros/humble/include/rclcpp/rclcpp/parameter_value.hpp: In substitution of ‘[01m[Ktemplate<class type> constexpr typename std::enable_if<std::is_convertible<type, const std::vector<long int, std::allocator<long int> >&>::value, const std::vector<long int, std::allocator<long int> >&>::type rclcpp::ParameterValue::get() const [with type = std::vector<std::vector<std::__cxx11::basic_string<char> > >][m[K’:
[7.056s] [01m[K/opt/ros/humble/include/rclcpp/rclcpp/parameter.hpp:239:49:[m[K   required from ‘[01m[Kauto rclcpp::detail::get_value_helper(const rclcpp::Parameter*) [with T = std::vector<std::vector<std::__cxx11::basic_string<char> > >][m[K’
[7.056s] [01m[K/opt/ros/humble/include/rclcpp/rclcpp/parameter.hpp:274:39:[m[K   required from ‘[01m[Kdecltype(auto) rclcpp::Parameter::get_value() const [with T = std::vector<std::vector<std::__cxx11::basic_string<char> > >][m[K’
[7.056s] [01m[K/opt/ros/humble/include/controller_interface/controller_interface_base.hpp:175:62:[m[K   required from ‘[01m[Kauto controller_interface::ControllerInterfaceBase::auto_declare(const string&, const ParameterT&) [with ParameterT = std::vector<std::vector<std::__cxx11::basic_string<char> > >; std::string = std::__cxx11::basic_string<char>][m[K’
[7.056s] [01m[K/home/user/ros2_control_example/src/multi_interface_forward_controller/src/multi_interface_forward_controller.cpp:36:25:[m[K   required from here
[7.056s] [01m[K/opt/ros/humble/include/rclcpp/rclcpp/parameter_value.hpp:319:3:[m[K [01;31m[Kerror: [m[Kno type named ‘[01m[Ktype[m[K’ in ‘[01m[Kstruct std::enable_if<false, const std::vector<long int, std::allocator<long int> >&>[m[K’
[7.056s] /opt/ros/humble/include/rclcpp/rclcpp/parameter.hpp: In instantiation of ‘[01m[Kauto rclcpp::detail::get_value_helper(const rclcpp::Parameter*) [with T = std::vector<std::vector<std::__cxx11::basic_string<char> > >][m[K’:
[7.056s] [01m[K/opt/ros/humble/include/rclcpp/rclcpp/parameter.hpp:274:39:[m[K   required from ‘[01m[Kdecltype(auto) rclcpp::Parameter::get_value() const [with T = std::vector<std::vector<std::__cxx11::basic_string<char> > >][m[K’
[7.056s] [01m[K/opt/ros/humble/include/controller_interface/controller_interface_base.hpp:175:62:[m[K   required from ‘[01m[Kauto controller_interface::ControllerInterfaceBase::auto_declare(const string&, const ParameterT&) [with ParameterT = std::vector<std::vector<std::__cxx11::basic_string<char> > >; std::string = std::__cxx11::basic_string<char>][m[K’
[7.056s] [01m[K/home/user/ros2_control_example/src/multi_interface_forward_controller/src/multi_interface_forward_controller.cpp:36:25:[m[K   required from here
[7.056s] [01m[K/opt/ros/humble/include/rclcpp/rclcpp/parameter_value.hpp:329:3:[m[K [01;36m[Knote: [m[Kcandidate: ‘[01m[Ktemplate<class type> constexpr typename std::enable_if<std::is_convertible<type, const std::vector<float>&>::value, const std::vector<double, std::allocator<double> >&>::type rclcpp::ParameterValue::get() const[m[K’
[7.056s]   329 |   [01;36m[Kget[m[K() const
[7.056s]       |   [01;36m[K^~~[m[K
[7.057s] [01m[K/opt/ros/humble/include/rclcpp/rclcpp/parameter_value.hpp:329:3:[m[K [01;36m[Knote: [m[K  template argument deduction/substitution failed:
[7.057s] /opt/ros/humble/include/rclcpp/rclcpp/parameter_value.hpp: In substitution of ‘[01m[Ktemplate<class type> constexpr typename std::enable_if<std::is_convertible<type, const std::vector<float>&>::value, const std::vector<double, std::allocator<double> >&>::type rclcpp::ParameterValue::get() const [with type = std::vector<std::vector<std::__cxx11::basic_string<char> > >][m[K’:
[7.057s] [01m[K/opt/ros/humble/include/rclcpp/rclcpp/parameter.hpp:239:49:[m[K   required from ‘[01m[Kauto rclcpp::detail::get_value_helper(const rclcpp::Parameter*) [with T = std::vector<std::vector<std::__cxx11::basic_string<char> > >][m[K’
[7.057s] [01m[K/opt/ros/humble/include/rclcpp/rclcpp/parameter.hpp:274:39:[m[K   required from ‘[01m[Kdecltype(auto) rclcpp::Parameter::get_value() const [with T = std::vector<std::vector<std::__cxx11::basic_string<char> > >][m[K’
[7.057s] [01m[K/opt/ros/humble/include/controller_interface/controller_interface_base.hpp:175:62:[m[K   required from ‘[01m[Kauto controller_interface::ControllerInterfaceBase::auto_declare(const string&, const ParameterT&) [with ParameterT = std::vector<std::vector<std::__cxx11::basic_string<char> > >; std::string = std::__cxx11::basic_string<char>][m[K’
[7.057s] [01m[K/home/user/ros2_control_example/src/multi_interface_forward_controller/src/multi_interface_forward_controller.cpp:36:25:[m[K   required from here
[7.057s] [01m[K/opt/ros/humble/include/rclcpp/rclcpp/parameter_value.hpp:329:3:[m[K [01;31m[Kerror: [m[Kno type named ‘[01m[Ktype[m[K’ in ‘[01m[Kstruct std::enable_if<false, const std::vector<double, std::allocator<double> >&>[m[K’
[7.057s] /opt/ros/humble/include/rclcpp/rclcpp/parameter.hpp: In instantiation of ‘[01m[Kauto rclcpp::detail::get_value_helper(const rclcpp::Parameter*) [with T = std::vector<std::vector<std::__cxx11::basic_string<char> > >][m[K’:
[7.057s] [01m[K/opt/ros/humble/include/rclcpp/rclcpp/parameter.hpp:274:39:[m[K   required from ‘[01m[Kdecltype(auto) rclcpp::Parameter::get_value() const [with T = std::vector<std::vector<std::__cxx11::basic_string<char> > >][m[K’
[7.057s] [01m[K/opt/ros/humble/include/controller_interface/controller_interface_base.hpp:175:62:[m[K   required from ‘[01m[Kauto controller_interface::ControllerInterfaceBase::auto_declare(const string&, const ParameterT&) [with ParameterT = std::vector<std::vector<std::__cxx11::basic_string<char> > >; std::string = std::__cxx11::basic_string<char>][m[K’
[7.057s] [01m[K/home/user/ros2_control_example/src/multi_interface_forward_controller/src/multi_interface_forward_controller.cpp:36:25:[m[K   required from here
[7.057s] [01m[K/opt/ros/humble/include/rclcpp/rclcpp/parameter_value.hpp:339:3:[m[K [01;36m[Knote: [m[Kcandidate: ‘[01m[Ktemplate<class type> constexpr typename std::enable_if<std::is_convertible<type, const std::vector<double, std::allocator<double> >&>::value, const std::vector<double, std::allocator<double> >&>::type rclcpp::ParameterValue::get() const[m[K’
[7.057s]   339 |   [01;36m[Kget[m[K() const
[7.057s]       |   [01;36m[K^~~[m[K
[7.058s] [01m[K/opt/ros/humble/include/rclcpp/rclcpp/parameter_value.hpp:339:3:[m[K [01;36m[Knote: [m[K  template argument deduction/substitution failed:
[7.058s] /opt/ros/humble/include/rclcpp/rclcpp/parameter_value.hpp: In substitution of ‘[01m[Ktemplate<class type> constexpr typename std::enable_if<std::is_convertible<type, const std::vector<double, std::allocator<double> >&>::value, const std::vector<double, std::allocator<double> >&>::type rclcpp::ParameterValue::get() const [with type = std::vector<std::vector<std::__cxx11::basic_string<char> > >][m[K’:
[7.058s] [01m[K/opt/ros/humble/include/rclcpp/rclcpp/parameter.hpp:239:49:[m[K   required from ‘[01m[Kauto rclcpp::detail::get_value_helper(const rclcpp::Parameter*) [with T = std::vector<std::vector<std::__cxx11::basic_string<char> > >][m[K’
[7.058s] [01m[K/opt/ros/humble/include/rclcpp/rclcpp/parameter.hpp:274:39:[m[K   required from ‘[01m[Kdecltype(auto) rclcpp::Parameter::get_value() const [with T = std::vector<std::vector<std::__cxx11::basic_string<char> > >][m[K’
[7.058s] [01m[K/opt/ros/humble/include/controller_interface/controller_interface_base.hpp:175:62:[m[K   required from ‘[01m[Kauto controller_interface::ControllerInterfaceBase::auto_declare(const string&, const ParameterT&) [with ParameterT = std::vector<std::vector<std::__cxx11::basic_string<char> > >; std::string = std::__cxx11::basic_string<char>][m[K’
[7.058s] [01m[K/home/user/ros2_control_example/src/multi_interface_forward_controller/src/multi_interface_forward_controller.cpp:36:25:[m[K   required from here
[7.058s] [01m[K/opt/ros/humble/include/rclcpp/rclcpp/parameter_value.hpp:339:3:[m[K [01;31m[Kerror: [m[Kno type named ‘[01m[Ktype[m[K’ in ‘[01m[Kstruct std::enable_if<false, const std::vector<double, std::allocator<double> >&>[m[K’
[7.058s] /opt/ros/humble/include/rclcpp/rclcpp/parameter.hpp: In instantiation of ‘[01m[Kauto rclcpp::detail::get_value_helper(const rclcpp::Parameter*) [with T = std::vector<std::vector<std::__cxx11::basic_string<char> > >][m[K’:
[7.058s] [01m[K/opt/ros/humble/include/rclcpp/rclcpp/parameter.hpp:274:39:[m[K   required from ‘[01m[Kdecltype(auto) rclcpp::Parameter::get_value() const [with T = std::vector<std::vector<std::__cxx11::basic_string<char> > >][m[K’
[7.058s] [01m[K/opt/ros/humble/include/controller_interface/controller_interface_base.hpp:175:62:[m[K   required from ‘[01m[Kauto controller_interface::ControllerInterfaceBase::auto_declare(const string&, const ParameterT&) [with ParameterT = std::vector<std::vector<std::__cxx11::basic_string<char> > >; std::string = std::__cxx11::basic_string<char>][m[K’
[7.058s] [01m[K/home/user/ros2_control_example/src/multi_interface_forward_controller/src/multi_interface_forward_controller.cpp:36:25:[m[K   required from here
[7.059s] [01m[K/opt/ros/humble/include/rclcpp/rclcpp/parameter_value.hpp:349:3:[m[K [01;36m[Knote: [m[Kcandidate: ‘[01m[Ktemplate<class type> constexpr typename std::enable_if<std::is_convertible<type, const std::vector<std::__cxx11::basic_string<char> >&>::value, const std::vector<std::__cxx11::basic_string<char> >&>::type rclcpp::ParameterValue::get() const[m[K’
[7.059s]   349 |   [01;36m[Kget[m[K() const
[7.059s]       |   [01;36m[K^~~[m[K
[7.059s] [01m[K/opt/ros/humble/include/rclcpp/rclcpp/parameter_value.hpp:349:3:[m[K [01;36m[Knote: [m[K  template argument deduction/substitution failed:
[7.059s] /opt/ros/humble/include/rclcpp/rclcpp/parameter_value.hpp: In substitution of ‘[01m[Ktemplate<class type> constexpr typename std::enable_if<std::is_convertible<type, const std::vector<std::__cxx11::basic_string<char> >&>::value, const std::vector<std::__cxx11::basic_string<char> >&>::type rclcpp::ParameterValue::get() const [with type = std::vector<std::vector<std::__cxx11::basic_string<char> > >][m[K’:
[7.059s] [01m[K/opt/ros/humble/include/rclcpp/rclcpp/parameter.hpp:239:49:[m[K   required from ‘[01m[Kauto rclcpp::detail::get_value_helper(const rclcpp::Parameter*) [with T = std::vector<std::vector<std::__cxx11::basic_string<char> > >][m[K’
[7.059s] [01m[K/opt/ros/humble/include/rclcpp/rclcpp/parameter.hpp:274:39:[m[K   required from ‘[01m[Kdecltype(auto) rclcpp::Parameter::get_value() const [with T = std::vector<std::vector<std::__cxx11::basic_string<char> > >][m[K’
[7.059s] [01m[K/opt/ros/humble/include/controller_interface/controller_interface_base.hpp:175:62:[m[K   required from ‘[01m[Kauto controller_interface::ControllerInterfaceBase::auto_declare(const string&, const ParameterT&) [with ParameterT = std::vector<std::vector<std::__cxx11::basic_string<char> > >; std::string = std::__cxx11::basic_string<char>][m[K’
[7.059s] [01m[K/home/user/ros2_control_example/src/multi_interface_forward_controller/src/multi_interface_forward_controller.cpp:36:25:[m[K   required from here
[7.059s] [01m[K/opt/ros/humble/include/rclcpp/rclcpp/parameter_value.hpp:349:3:[m[K [01;31m[Kerror: [m[Kno type named ‘[01m[Ktype[m[K’ in ‘[01m[Kstruct std::enable_if<false, const std::vector<std::__cxx11::basic_string<char> >&>[m[K’
[7.060s] [01m[K/home/user/ros2_control_example/src/multi_interface_forward_controller/src/multi_interface_forward_controller.cpp:[m[K In member function ‘[01m[Kvirtual multi_interface_controller::CallbackReturn multi_interface_controller::MultiController::on_configure(const rclcpp_lifecycle::State&)[m[K’:
[7.060s] [01m[K/home/user/ros2_control_example/src/multi_interface_forward_controller/src/multi_interface_forward_controller.cpp:84:49:[m[K [01;31m[Kerror: [m[K‘[01m[Kinterface_name_[m[K’ was not declared in this scope; did you mean ‘[01m[Kinterface_names_[m[K’?
[7.060s]    84 |             get_string_param_and_error_if_empty([01;31m[Kinterface_name_[m[K, "interface_name")) {
[7.060s]       |                                                 [01;31m[K^~~~~~~~~~~~~~~[m[K
[7.060s]       |                                                 [32m[Kinterface_names_[m[K
[7.060s] [01m[K/home/user/ros2_control_example/src/multi_interface_forward_controller/src/multi_interface_forward_controller.cpp:[m[K In member function ‘[01m[Kvirtual controller_interface::InterfaceConfiguration multi_interface_controller::MultiController::command_interface_configuration() const[m[K’:
[7.060s] [01m[K/home/user/ros2_control_example/src/multi_interface_forward_controller/src/multi_interface_forward_controller.cpp:137:69:[m[K [01;31m[Kerror: [m[K‘[01m[Kinterface_name_[m[K’ was not declared in this scope; did you mean ‘[01m[Kinterface_names_[m[K’?
[7.060s]   137 |     command_interfaces_config.names.push_back(joint + "/" + [01;31m[Kinterface_name_[m[K); // command_interfaces_[i] order is determined by this line. (command_interfaces_[0] access interface with name = command_interfaces_config.names[0])
[7.060s]       |                                                             [01;31m[K^~~~~~~~~~~~~~~[m[K
[7.060s]       |                                                             [32m[Kinterface_names_[m[K
[7.063s] [01m[K/home/user/ros2_control_example/src/multi_interface_forward_controller/src/multi_interface_forward_controller.cpp:[m[K In member function ‘[01m[Kvirtual controller_interface::InterfaceConfiguration multi_interface_controller::MultiController::state_interface_configuration() const[m[K’:
[7.063s] [01m[K/home/user/ros2_control_example/src/multi_interface_forward_controller/src/multi_interface_forward_controller.cpp:159:67:[m[K [01;31m[Kerror: [m[K‘[01m[Kinterface_name_[m[K’ was not declared in this scope; did you mean ‘[01m[Kinterface_names_[m[K’?
[7.063s]   159 |       state_interfaces_config.names.push_back(joint + "/" + [01;31m[Kinterface_name_[m[K); // We save the sensor interface names to the InterfaceConfiguration object created before.
[7.063s]       |                                                             [01;31m[K^~~~~~~~~~~~~~~[m[K
[7.063s]       |                                                             [32m[Kinterface_names_[m[K
[10.527s] gmake[2]: *** [CMakeFiles/multi_interface_forward_controller.dir/build.make:76: CMakeFiles/multi_interface_forward_controller.dir/src/multi_interface_forward_controller.cpp.o] Error 1
[10.527s] gmake[1]: *** [CMakeFiles/Makefile2:137: CMakeFiles/multi_interface_forward_controller.dir/all] Error 2
[10.528s] gmake: *** [Makefile:146: all] Error 2
[10.530s] Invoked command in '/home/user/ros2_control_example/build/multi_interface_forward_controller' returned '2': CMAKE_PREFIX_PATH=/opt/ros/humble /usr/bin/cmake --build /home/user/ros2_control_example/build/multi_interface_forward_controller -- -j8 -l8
