[0.016s] Invoking command in '/home/user/ros2_control_example/build/custom_interfaces': CMAKE_PREFIX_PATH=/opt/ros/humble /usr/bin/cmake --build /home/user/ros2_control_example/build/custom_interfaces -- -j8 -l8
[0.040s] -- Found ament_cmake: 1.3.3 (/opt/ros/humble/share/ament_cmake/cmake)
[0.194s] -- Found std_msgs: 4.2.2 (/opt/ros/humble/share/std_msgs/cmake)
[0.228s] -- Found rosidl_generator_c: 3.1.4 (/opt/ros/humble/share/rosidl_generator_c/cmake)
[0.233s] -- Found rosidl_adapter: 3.1.4 (/opt/ros/humble/share/rosidl_adapter/cmake)
[0.242s] -- Found rosidl_generator_cpp: 3.1.4 (/opt/ros/humble/share/rosidl_generator_cpp/cmake)
[0.256s] -- Using all available rosidl_typesupport_c: rosidl_typesupport_fastrtps_c;rosidl_typesupport_introspection_c
[0.272s] -- Using all available rosidl_typesupport_cpp: rosidl_typesupport_fastrtps_cpp;rosidl_typesupport_introspection_cpp
[0.325s] -- Found rosidl_default_generators: 1.2.0 (/opt/ros/humble/share/rosidl_default_generators/cmake)
[0.538s] -- Found ament_cmake_ros: 0.10.0 (/opt/ros/humble/share/ament_cmake_ros/cmake)
[0.806s] -- Using all available rosidl_typesupport_c: rosidl_typesupport_fastrtps_c;rosidl_typesupport_introspection_c
[0.909s] -- Using all available rosidl_typesupport_cpp: rosidl_typesupport_fastrtps_cpp;rosidl_typesupport_introspection_cpp
[0.927s] -- Found python_cmake_module: 0.10.0 (/opt/ros/humble/share/python_cmake_module/cmake)
[0.946s] -- Using PYTHON_EXECUTABLE: /usr/bin/python3
[0.946s] -- Using PYTHON_INCLUDE_DIRS: /usr/include/python3.10
[0.946s] -- Using PYTHON_LIBRARIES: /usr/lib/x86_64-linux-gnu/libpython3.10.so
[0.967s] -- Found ament_lint_auto: 0.12.4 (/opt/ros/humble/share/ament_lint_auto/cmake)
[0.986s] -- Added test 'lint_cmake' to check CMake code style
[0.987s] -- Added test 'xmllint' to check XML markup files
[0.988s] -- Configuring done
[1.027s] -- Generating done
[1.030s] -- Build files have been written to: /home/user/ros2_control_example/build/custom_interfaces
[1.047s] [35m[1mConsolidate compiler generated dependencies of target custom_interfaces__rosidl_generator_c[0m
[1.052s] [  2%] Built target custom_interfaces__cpp
[1.054s] [ 12%] Built target custom_interfaces__rosidl_generator_c
[1.060s] [ 12%] Built target ament_cmake_python_copy_custom_interfaces
[1.061s] [35m[1mConsolidate compiler generated dependencies of target custom_interfaces__rosidl_typesupport_fastrtps_c[0m
[1.061s] [35m[1mConsolidate compiler generated dependencies of target custom_interfaces__rosidl_typesupport_cpp[0m
[1.061s] [35m[1mConsolidate compiler generated dependencies of target custom_interfaces__rosidl_typesupport_fastrtps_cpp[0m
[1.062s] [35m[1mConsolidate compiler generated dependencies of target custom_interfaces__rosidl_typesupport_introspection_cpp[0m
[1.063s] [35m[1mConsolidate compiler generated dependencies of target custom_interfaces__rosidl_typesupport_c[0m
[1.065s] [35m[1mConsolidate compiler generated dependencies of target custom_interfaces__rosidl_typesupport_introspection_c[0m
[1.072s] [ 23%] Built target custom_interfaces__rosidl_typesupport_cpp
[1.073s] [ 43%] Built target custom_interfaces__rosidl_typesupport_fastrtps_cpp
[1.073s] [ 43%] Built target custom_interfaces__rosidl_typesupport_c
[1.075s] [ 64%] Built target custom_interfaces__rosidl_typesupport_introspection_c
[1.075s] [ 64%] Built target custom_interfaces__rosidl_typesupport_fastrtps_c
[1.076s] [ 74%] Built target custom_interfaces__rosidl_typesupport_introspection_cpp
[1.087s] [ 74%] Built target custom_interfaces
[1.099s] [ 76%] Built target custom_interfaces__py
[1.107s] [35m[1mConsolidate compiler generated dependencies of target custom_interfaces__rosidl_generator_py[0m
[1.116s] [ 84%] Built target custom_interfaces__rosidl_generator_py
[1.123s] [35m[1mConsolidate compiler generated dependencies of target custom_interfaces__rosidl_typesupport_c__pyext[0m
[1.123s] [35m[1mConsolidate compiler generated dependencies of target custom_interfaces__rosidl_typesupport_fastrtps_c__pyext[0m
[1.123s] [35m[1mConsolidate compiler generated dependencies of target custom_interfaces__rosidl_typesupport_introspection_c__pyext[0m
[1.131s] [ 89%] Built target custom_interfaces__rosidl_typesupport_c__pyext
[1.131s] [ 94%] Built target custom_interfaces__rosidl_typesupport_fastrtps_c__pyext
[1.132s] [100%] Built target custom_interfaces__rosidl_typesupport_introspection_c__pyext
[1.269s] running egg_info
[1.270s] writing custom_interfaces.egg-info/PKG-INFO
[1.270s] writing dependency_links to custom_interfaces.egg-info/dependency_links.txt
[1.270s] writing top-level names to custom_interfaces.egg-info/top_level.txt
[1.272s] reading manifest file 'custom_interfaces.egg-info/SOURCES.txt'
[1.272s] writing manifest file 'custom_interfaces.egg-info/SOURCES.txt'
[1.290s] [100%] Built target ament_cmake_python_build_custom_interfaces_egg
[1.297s] Invoked command in '/home/user/ros2_control_example/build/custom_interfaces' returned '0': CMAKE_PREFIX_PATH=/opt/ros/humble /usr/bin/cmake --build /home/user/ros2_control_example/build/custom_interfaces -- -j8 -l8
[1.332s] Invoking command in '/home/user/ros2_control_example/build/custom_interfaces': CMAKE_PREFIX_PATH=/opt/ros/humble /usr/bin/cmake --install /home/user/ros2_control_example/build/custom_interfaces
[1.337s] -- Install configuration: ""
[1.337s] -- Up-to-date: /home/user/ros2_control_example/install/custom_interfaces/share/ament_index/resource_index/rosidl_interfaces/custom_interfaces
[1.337s] -- Up-to-date: /home/user/ros2_control_example/install/custom_interfaces/include/custom_interfaces/custom_interfaces
[1.337s] -- Up-to-date: /home/user/ros2_control_example/install/custom_interfaces/include/custom_interfaces/custom_interfaces/msg
[1.337s] -- Up-to-date: /home/user/ros2_control_example/install/custom_interfaces/include/custom_interfaces/custom_interfaces/msg/detail
[1.337s] -- Up-to-date: /home/user/ros2_control_example/install/custom_interfaces/include/custom_interfaces/custom_interfaces/msg/detail/controlnote__struct.h
[1.338s] -- Up-to-date: /home/user/ros2_control_example/install/custom_interfaces/include/custom_interfaces/custom_interfaces/msg/detail/controlnote__functions.h
[1.338s] -- Up-to-date: /home/user/ros2_control_example/install/custom_interfaces/include/custom_interfaces/custom_interfaces/msg/detail/multi_link_pos__functions.c
[1.338s] -- Up-to-date: /home/user/ros2_control_example/install/custom_interfaces/include/custom_interfaces/custom_interfaces/msg/detail/controlnote__functions.c
[1.338s] -- Up-to-date: /home/user/ros2_control_example/install/custom_interfaces/include/custom_interfaces/custom_interfaces/msg/detail/multi_link_pos__type_support.h
[1.338s] -- Up-to-date: /home/user/ros2_control_example/install/custom_interfaces/include/custom_interfaces/custom_interfaces/msg/detail/multi_link_pos__functions.h
[1.338s] -- Up-to-date: /home/user/ros2_control_example/install/custom_interfaces/include/custom_interfaces/custom_interfaces/msg/detail/multi_link_pos__struct.h
[1.338s] -- Up-to-date: /home/user/ros2_control_example/install/custom_interfaces/include/custom_interfaces/custom_interfaces/msg/detail/controlnote__type_support.h
[1.338s] -- Up-to-date: /home/user/ros2_control_example/install/custom_interfaces/include/custom_interfaces/custom_interfaces/msg/controlnote.h
[1.338s] -- Up-to-date: /home/user/ros2_control_example/install/custom_interfaces/include/custom_interfaces/custom_interfaces/msg/rosidl_generator_c__visibility_control.h
[1.338s] -- Up-to-date: /home/user/ros2_control_example/install/custom_interfaces/include/custom_interfaces/custom_interfaces/msg/multi_link_pos.h
[1.338s] -- Up-to-date: /home/user/ros2_control_example/install/custom_interfaces/share/custom_interfaces/environment/library_path.sh
[1.339s] -- Installing: /home/user/ros2_control_example/install/custom_interfaces/share/custom_interfaces/environment/library_path.dsv
[1.339s] -- Up-to-date: /home/user/ros2_control_example/install/custom_interfaces/lib/libcustom_interfaces__rosidl_generator_c.so
[1.339s] -- Up-to-date: /home/user/ros2_control_example/install/custom_interfaces/include/custom_interfaces/custom_interfaces
[1.339s] -- Up-to-date: /home/user/ros2_control_example/install/custom_interfaces/include/custom_interfaces/custom_interfaces/msg
[1.339s] -- Up-to-date: /home/user/ros2_control_example/install/custom_interfaces/include/custom_interfaces/custom_interfaces/msg/detail
[1.339s] -- Up-to-date: /home/user/ros2_control_example/install/custom_interfaces/include/custom_interfaces/custom_interfaces/msg/detail/multi_link_pos__rosidl_typesupport_fastrtps_c.h
[1.339s] -- Up-to-date: /home/user/ros2_control_example/install/custom_interfaces/include/custom_interfaces/custom_interfaces/msg/detail/controlnote__rosidl_typesupport_fastrtps_c.h
[1.339s] -- Up-to-date: /home/user/ros2_control_example/install/custom_interfaces/include/custom_interfaces/custom_interfaces/msg/rosidl_typesupport_fastrtps_c__visibility_control.h
[1.339s] -- Up-to-date: /home/user/ros2_control_example/install/custom_interfaces/lib/libcustom_interfaces__rosidl_typesupport_fastrtps_c.so
[1.339s] -- Up-to-date: /home/user/ros2_control_example/install/custom_interfaces/include/custom_interfaces/custom_interfaces
[1.339s] -- Up-to-date: /home/user/ros2_control_example/install/custom_interfaces/include/custom_interfaces/custom_interfaces/msg
[1.339s] -- Up-to-date: /home/user/ros2_control_example/install/custom_interfaces/include/custom_interfaces/custom_interfaces/msg/multi_link_pos.hpp
[1.339s] -- Up-to-date: /home/user/ros2_control_example/install/custom_interfaces/include/custom_interfaces/custom_interfaces/msg/detail
[1.339s] -- Up-to-date: /home/user/ros2_control_example/install/custom_interfaces/include/custom_interfaces/custom_interfaces/msg/detail/controlnote__struct.hpp
[1.339s] -- Up-to-date: /home/user/ros2_control_example/install/custom_interfaces/include/custom_interfaces/custom_interfaces/msg/detail/controlnote__builder.hpp
[1.340s] -- Up-to-date: /home/user/ros2_control_example/install/custom_interfaces/include/custom_interfaces/custom_interfaces/msg/detail/controlnote__traits.hpp
[1.340s] -- Up-to-date: /home/user/ros2_control_example/install/custom_interfaces/include/custom_interfaces/custom_interfaces/msg/detail/multi_link_pos__traits.hpp
[1.340s] -- Up-to-date: /home/user/ros2_control_example/install/custom_interfaces/include/custom_interfaces/custom_interfaces/msg/detail/multi_link_pos__builder.hpp
[1.340s] -- Up-to-date: /home/user/ros2_control_example/install/custom_interfaces/include/custom_interfaces/custom_interfaces/msg/detail/multi_link_pos__struct.hpp
[1.340s] -- Up-to-date: /home/user/ros2_control_example/install/custom_interfaces/include/custom_interfaces/custom_interfaces/msg/controlnote.hpp
[1.340s] -- Up-to-date: /home/user/ros2_control_example/install/custom_interfaces/include/custom_interfaces/custom_interfaces
[1.340s] -- Up-to-date: /home/user/ros2_control_example/install/custom_interfaces/include/custom_interfaces/custom_interfaces/msg
[1.340s] -- Up-to-date: /home/user/ros2_control_example/install/custom_interfaces/include/custom_interfaces/custom_interfaces/msg/detail
[1.340s] -- Up-to-date: /home/user/ros2_control_example/install/custom_interfaces/include/custom_interfaces/custom_interfaces/msg/detail/multi_link_pos__rosidl_typesupport_fastrtps_cpp.hpp
[1.340s] -- Up-to-date: /home/user/ros2_control_example/install/custom_interfaces/include/custom_interfaces/custom_interfaces/msg/detail/controlnote__rosidl_typesupport_fastrtps_cpp.hpp
[1.340s] -- Up-to-date: /home/user/ros2_control_example/install/custom_interfaces/include/custom_interfaces/custom_interfaces/msg/detail/dds_fastrtps
[1.340s] -- Up-to-date: /home/user/ros2_control_example/install/custom_interfaces/include/custom_interfaces/custom_interfaces/msg/rosidl_typesupport_fastrtps_cpp__visibility_control.h
[1.340s] -- Up-to-date: /home/user/ros2_control_example/install/custom_interfaces/lib/libcustom_interfaces__rosidl_typesupport_fastrtps_cpp.so
[1.340s] -- Up-to-date: /home/user/ros2_control_example/install/custom_interfaces/include/custom_interfaces/custom_interfaces
[1.340s] -- Up-to-date: /home/user/ros2_control_example/install/custom_interfaces/include/custom_interfaces/custom_interfaces/msg
[1.340s] -- Up-to-date: /home/user/ros2_control_example/install/custom_interfaces/include/custom_interfaces/custom_interfaces/msg/detail
[1.341s] -- Up-to-date: /home/user/ros2_control_example/install/custom_interfaces/include/custom_interfaces/custom_interfaces/msg/detail/multi_link_pos__rosidl_typesupport_introspection_c.h
[1.341s] -- Up-to-date: /home/user/ros2_control_example/install/custom_interfaces/include/custom_interfaces/custom_interfaces/msg/detail/multi_link_pos__type_support.c
[1.341s] -- Up-to-date: /home/user/ros2_control_example/install/custom_interfaces/include/custom_interfaces/custom_interfaces/msg/detail/controlnote__rosidl_typesupport_introspection_c.h
[1.341s] -- Up-to-date: /home/user/ros2_control_example/install/custom_interfaces/include/custom_interfaces/custom_interfaces/msg/detail/controlnote__type_support.c
[1.341s] -- Up-to-date: /home/user/ros2_control_example/install/custom_interfaces/include/custom_interfaces/custom_interfaces/msg/rosidl_typesupport_introspection_c__visibility_control.h
[1.341s] -- Up-to-date: /home/user/ros2_control_example/install/custom_interfaces/lib/libcustom_interfaces__rosidl_typesupport_introspection_c.so
[1.341s] -- Up-to-date: /home/user/ros2_control_example/install/custom_interfaces/lib/libcustom_interfaces__rosidl_typesupport_c.so
[1.341s] -- Up-to-date: /home/user/ros2_control_example/install/custom_interfaces/include/custom_interfaces/custom_interfaces
[1.341s] -- Up-to-date: /home/user/ros2_control_example/install/custom_interfaces/include/custom_interfaces/custom_interfaces/msg
[1.341s] -- Up-to-date: /home/user/ros2_control_example/install/custom_interfaces/include/custom_interfaces/custom_interfaces/msg/detail
[1.341s] -- Up-to-date: /home/user/ros2_control_example/install/custom_interfaces/include/custom_interfaces/custom_interfaces/msg/detail/multi_link_pos__type_support.cpp
[1.341s] -- Up-to-date: /home/user/ros2_control_example/install/custom_interfaces/include/custom_interfaces/custom_interfaces/msg/detail/multi_link_pos__rosidl_typesupport_introspection_cpp.hpp
[1.341s] -- Up-to-date: /home/user/ros2_control_example/install/custom_interfaces/include/custom_interfaces/custom_interfaces/msg/detail/controlnote__type_support.cpp
[1.341s] -- Up-to-date: /home/user/ros2_control_example/install/custom_interfaces/include/custom_interfaces/custom_interfaces/msg/detail/controlnote__rosidl_typesupport_introspection_cpp.hpp
[1.341s] -- Up-to-date: /home/user/ros2_control_example/install/custom_interfaces/lib/libcustom_interfaces__rosidl_typesupport_introspection_cpp.so
[1.341s] -- Up-to-date: /home/user/ros2_control_example/install/custom_interfaces/lib/libcustom_interfaces__rosidl_typesupport_cpp.so
[1.341s] -- Up-to-date: /home/user/ros2_control_example/install/custom_interfaces/share/custom_interfaces/environment/pythonpath.sh
[1.341s] -- Installing: /home/user/ros2_control_example/install/custom_interfaces/share/custom_interfaces/environment/pythonpath.dsv
[1.341s] -- Up-to-date: /home/user/ros2_control_example/install/custom_interfaces/local/lib/python3.10/dist-packages/custom_interfaces-0.0.0-py3.10.egg-info
[1.341s] -- Installing: /home/user/ros2_control_example/install/custom_interfaces/local/lib/python3.10/dist-packages/custom_interfaces-0.0.0-py3.10.egg-info/SOURCES.txt
[1.341s] -- Installing: /home/user/ros2_control_example/install/custom_interfaces/local/lib/python3.10/dist-packages/custom_interfaces-0.0.0-py3.10.egg-info/dependency_links.txt
[1.342s] -- Installing: /home/user/ros2_control_example/install/custom_interfaces/local/lib/python3.10/dist-packages/custom_interfaces-0.0.0-py3.10.egg-info/PKG-INFO
[1.342s] -- Installing: /home/user/ros2_control_example/install/custom_interfaces/local/lib/python3.10/dist-packages/custom_interfaces-0.0.0-py3.10.egg-info/top_level.txt
[1.342s] -- Up-to-date: /home/user/ros2_control_example/install/custom_interfaces/local/lib/python3.10/dist-packages/custom_interfaces
[1.342s] -- Up-to-date: /home/user/ros2_control_example/install/custom_interfaces/local/lib/python3.10/dist-packages/custom_interfaces/custom_interfaces_s__rosidl_typesupport_fastrtps_c.cpython-310-x86_64-linux-gnu.so
[1.342s] -- Installing: /home/user/ros2_control_example/install/custom_interfaces/local/lib/python3.10/dist-packages/custom_interfaces/__init__.py
[1.342s] -- Up-to-date: /home/user/ros2_control_example/install/custom_interfaces/local/lib/python3.10/dist-packages/custom_interfaces/custom_interfaces_s__rosidl_typesupport_c.cpython-310-x86_64-linux-gnu.so
[1.342s] -- Up-to-date: /home/user/ros2_control_example/install/custom_interfaces/local/lib/python3.10/dist-packages/custom_interfaces/msg
[1.342s] -- Up-to-date: /home/user/ros2_control_example/install/custom_interfaces/local/lib/python3.10/dist-packages/custom_interfaces/msg/_controlnote.py
[1.342s] -- Up-to-date: /home/user/ros2_control_example/install/custom_interfaces/local/lib/python3.10/dist-packages/custom_interfaces/msg/__init__.py
[1.342s] -- Up-to-date: /home/user/ros2_control_example/install/custom_interfaces/local/lib/python3.10/dist-packages/custom_interfaces/msg/_controlnote_s.c
[1.342s] -- Up-to-date: /home/user/ros2_control_example/install/custom_interfaces/local/lib/python3.10/dist-packages/custom_interfaces/msg/_multi_link_pos.py
[1.342s] -- Up-to-date: /home/user/ros2_control_example/install/custom_interfaces/local/lib/python3.10/dist-packages/custom_interfaces/msg/_multi_link_pos_s.c
[1.342s] -- Up-to-date: /home/user/ros2_control_example/install/custom_interfaces/local/lib/python3.10/dist-packages/custom_interfaces/libcustom_interfaces__rosidl_generator_py.so
[1.342s] -- Up-to-date: /home/user/ros2_control_example/install/custom_interfaces/local/lib/python3.10/dist-packages/custom_interfaces/_custom_interfaces_s.ep.rosidl_typesupport_introspection_c.c
[1.342s] -- Up-to-date: /home/user/ros2_control_example/install/custom_interfaces/local/lib/python3.10/dist-packages/custom_interfaces/custom_interfaces_s__rosidl_typesupport_introspection_c.cpython-310-x86_64-linux-gnu.so
[1.342s] -- Up-to-date: /home/user/ros2_control_example/install/custom_interfaces/local/lib/python3.10/dist-packages/custom_interfaces/_custom_interfaces_s.ep.rosidl_typesupport_c.c
[1.342s] -- Up-to-date: /home/user/ros2_control_example/install/custom_interfaces/local/lib/python3.10/dist-packages/custom_interfaces/_custom_interfaces_s.ep.rosidl_typesupport_fastrtps_c.c
[1.363s] Listing '/home/user/ros2_control_example/install/custom_interfaces/local/lib/python3.10/dist-packages/custom_interfaces'...
[1.363s] Compiling '/home/user/ros2_control_example/install/custom_interfaces/local/lib/python3.10/dist-packages/custom_interfaces/__init__.py'...
[1.363s] Listing '/home/user/ros2_control_example/install/custom_interfaces/local/lib/python3.10/dist-packages/custom_interfaces/msg'...
[1.366s] -- Up-to-date: /home/user/ros2_control_example/install/custom_interfaces/local/lib/python3.10/dist-packages/custom_interfaces/custom_interfaces_s__rosidl_typesupport_fastrtps_c.cpython-310-x86_64-linux-gnu.so
[1.366s] -- Up-to-date: /home/user/ros2_control_example/install/custom_interfaces/local/lib/python3.10/dist-packages/custom_interfaces/custom_interfaces_s__rosidl_typesupport_introspection_c.cpython-310-x86_64-linux-gnu.so
[1.366s] -- Up-to-date: /home/user/ros2_control_example/install/custom_interfaces/local/lib/python3.10/dist-packages/custom_interfaces/custom_interfaces_s__rosidl_typesupport_c.cpython-310-x86_64-linux-gnu.so
[1.366s] -- Up-to-date: /home/user/ros2_control_example/install/custom_interfaces/lib/libcustom_interfaces__rosidl_generator_py.so
[1.367s] -- Up-to-date: /home/user/ros2_control_example/install/custom_interfaces/share/custom_interfaces/msg/Controlnote.idl
[1.367s] -- Up-to-date: /home/user/ros2_control_example/install/custom_interfaces/share/custom_interfaces/msg/MultiLinkPos.idl
[1.367s] -- Up-to-date: /home/user/ros2_control_example/install/custom_interfaces/share/custom_interfaces/msg/Controlnote.msg
[1.367s] -- Installing: /home/user/ros2_control_example/install/custom_interfaces/share/custom_interfaces/msg/MultiLinkPos.msg
[1.367s] -- Up-to-date: /home/user/ros2_control_example/install/custom_interfaces/share/ament_index/resource_index/package_run_dependencies/custom_interfaces
[1.367s] -- Up-to-date: /home/user/ros2_control_example/install/custom_interfaces/share/ament_index/resource_index/parent_prefix_path/custom_interfaces
[1.367s] -- Up-to-date: /home/user/ros2_control_example/install/custom_interfaces/share/custom_interfaces/environment/ament_prefix_path.sh
[1.367s] -- Installing: /home/user/ros2_control_example/install/custom_interfaces/share/custom_interfaces/environment/ament_prefix_path.dsv
[1.367s] -- Up-to-date: /home/user/ros2_control_example/install/custom_interfaces/share/custom_interfaces/environment/path.sh
[1.367s] -- Installing: /home/user/ros2_control_example/install/custom_interfaces/share/custom_interfaces/environment/path.dsv
[1.368s] -- Up-to-date: /home/user/ros2_control_example/install/custom_interfaces/share/custom_interfaces/local_setup.bash
[1.368s] -- Up-to-date: /home/user/ros2_control_example/install/custom_interfaces/share/custom_interfaces/local_setup.sh
[1.368s] -- Up-to-date: /home/user/ros2_control_example/install/custom_interfaces/share/custom_interfaces/local_setup.zsh
[1.368s] -- Installing: /home/user/ros2_control_example/install/custom_interfaces/share/custom_interfaces/local_setup.dsv
[1.368s] -- Installing: /home/user/ros2_control_example/install/custom_interfaces/share/custom_interfaces/package.dsv
[1.368s] -- Up-to-date: /home/user/ros2_control_example/install/custom_interfaces/share/ament_index/resource_index/packages/custom_interfaces
[1.368s] -- Up-to-date: /home/user/ros2_control_example/install/custom_interfaces/share/custom_interfaces/cmake/export_custom_interfaces__rosidl_generator_cExport.cmake
[1.368s] -- Up-to-date: /home/user/ros2_control_example/install/custom_interfaces/share/custom_interfaces/cmake/export_custom_interfaces__rosidl_generator_cExport-noconfig.cmake
[1.368s] -- Up-to-date: /home/user/ros2_control_example/install/custom_interfaces/share/custom_interfaces/cmake/export_custom_interfaces__rosidl_typesupport_fastrtps_cExport.cmake
[1.368s] -- Up-to-date: /home/user/ros2_control_example/install/custom_interfaces/share/custom_interfaces/cmake/export_custom_interfaces__rosidl_typesupport_fastrtps_cExport-noconfig.cmake
[1.368s] -- Up-to-date: /home/user/ros2_control_example/install/custom_interfaces/share/custom_interfaces/cmake/export_custom_interfaces__rosidl_generator_cppExport.cmake
[1.368s] -- Up-to-date: /home/user/ros2_control_example/install/custom_interfaces/share/custom_interfaces/cmake/export_custom_interfaces__rosidl_typesupport_fastrtps_cppExport.cmake
[1.368s] -- Up-to-date: /home/user/ros2_control_example/install/custom_interfaces/share/custom_interfaces/cmake/export_custom_interfaces__rosidl_typesupport_fastrtps_cppExport-noconfig.cmake
[1.368s] -- Up-to-date: /home/user/ros2_control_example/install/custom_interfaces/share/custom_interfaces/cmake/custom_interfaces__rosidl_typesupport_introspection_cExport.cmake
[1.368s] -- Up-to-date: /home/user/ros2_control_example/install/custom_interfaces/share/custom_interfaces/cmake/custom_interfaces__rosidl_typesupport_introspection_cExport-noconfig.cmake
[1.369s] -- Up-to-date: /home/user/ros2_control_example/install/custom_interfaces/share/custom_interfaces/cmake/custom_interfaces__rosidl_typesupport_cExport.cmake
[1.369s] -- Up-to-date: /home/user/ros2_control_example/install/custom_interfaces/share/custom_interfaces/cmake/custom_interfaces__rosidl_typesupport_cExport-noconfig.cmake
[1.369s] -- Up-to-date: /home/user/ros2_control_example/install/custom_interfaces/share/custom_interfaces/cmake/custom_interfaces__rosidl_typesupport_introspection_cppExport.cmake
[1.369s] -- Up-to-date: /home/user/ros2_control_example/install/custom_interfaces/share/custom_interfaces/cmake/custom_interfaces__rosidl_typesupport_introspection_cppExport-noconfig.cmake
[1.369s] -- Up-to-date: /home/user/ros2_control_example/install/custom_interfaces/share/custom_interfaces/cmake/custom_interfaces__rosidl_typesupport_cppExport.cmake
[1.369s] -- Up-to-date: /home/user/ros2_control_example/install/custom_interfaces/share/custom_interfaces/cmake/custom_interfaces__rosidl_typesupport_cppExport-noconfig.cmake
[1.369s] -- Up-to-date: /home/user/ros2_control_example/install/custom_interfaces/share/custom_interfaces/cmake/export_custom_interfaces__rosidl_generator_pyExport.cmake
[1.369s] -- Up-to-date: /home/user/ros2_control_example/install/custom_interfaces/share/custom_interfaces/cmake/export_custom_interfaces__rosidl_generator_pyExport-noconfig.cmake
[1.369s] -- Up-to-date: /home/user/ros2_control_example/install/custom_interfaces/share/custom_interfaces/cmake/rosidl_cmake-extras.cmake
[1.369s] -- Up-to-date: /home/user/ros2_control_example/install/custom_interfaces/share/custom_interfaces/cmake/ament_cmake_export_dependencies-extras.cmake
[1.369s] -- Up-to-date: /home/user/ros2_control_example/install/custom_interfaces/share/custom_interfaces/cmake/ament_cmake_export_include_directories-extras.cmake
[1.369s] -- Up-to-date: /home/user/ros2_control_example/install/custom_interfaces/share/custom_interfaces/cmake/ament_cmake_export_libraries-extras.cmake
[1.369s] -- Up-to-date: /home/user/ros2_control_example/install/custom_interfaces/share/custom_interfaces/cmake/ament_cmake_export_targets-extras.cmake
[1.369s] -- Up-to-date: /home/user/ros2_control_example/install/custom_interfaces/share/custom_interfaces/cmake/rosidl_cmake_export_typesupport_targets-extras.cmake
[1.369s] -- Up-to-date: /home/user/ros2_control_example/install/custom_interfaces/share/custom_interfaces/cmake/rosidl_cmake_export_typesupport_libraries-extras.cmake
[1.370s] -- Up-to-date: /home/user/ros2_control_example/install/custom_interfaces/share/custom_interfaces/cmake/custom_interfacesConfig.cmake
[1.370s] -- Up-to-date: /home/user/ros2_control_example/install/custom_interfaces/share/custom_interfaces/cmake/custom_interfacesConfig-version.cmake
[1.370s] -- Up-to-date: /home/user/ros2_control_example/install/custom_interfaces/share/custom_interfaces/package.xml
[1.372s] Invoked command in '/home/user/ros2_control_example/build/custom_interfaces' returned '0': CMAKE_PREFIX_PATH=/opt/ros/humble /usr/bin/cmake --install /home/user/ros2_control_example/build/custom_interfaces
