[0.273s] DEBUG:colcon:Command line arguments: ['/usr/bin/colcon', 'build']
[0.273s] DEBUG:colcon:Parsed command line arguments: Namespace(log_base=None, log_level=None, verb_name='build', build_base='build', install_base='install', merge_install=False, symlink_install=False, test_result_base=None, continue_on_error=False, executor='parallel', parallel_workers=8, event_handlers=None, ignore_user_meta=False, metas=['./colcon.meta'], base_paths=['.'], packages_ignore=None, packages_ignore_regex=None, paths=None, packages_up_to=None, packages_up_to_regex=None, packages_above=None, packages_above_and_dependencies=None, packages_above_depth=None, packages_select_by_dep=None, packages_skip_by_dep=None, packages_skip_up_to=None, packages_select_build_failed=False, packages_skip_build_finished=False, packages_select_test_failures=False, packages_skip_test_passed=False, packages_select=None, packages_skip=None, packages_select_regex=None, packages_skip_regex=None, packages_start=None, packages_end=None, allow_overriding=[], cmake_args=None, cmake_target=None, cmake_target_skip_unavailable=False, cmake_clean_cache=False, cmake_clean_first=False, cmake_force_configure=False, ament_cmake_args=None, catkin_cmake_args=None, catkin_skip_building_tests=False, verb_parser=<colcon_defaults.argument_parser.defaults.DefaultArgumentsDecorator object at 0x7f4ca65c60e0>, verb_extension=<colcon_core.verb.build.BuildVerb object at 0x7f4ca65c5b70>, main=<bound method BuildVerb.main of <colcon_core.verb.build.BuildVerb object at 0x7f4ca65c5b70>>)
[0.290s] Level 1:colcon.colcon_core.package_discovery:discover_packages(colcon_meta) check parameters
[0.290s] Level 1:colcon.colcon_core.package_discovery:discover_packages(recursive) check parameters
[0.290s] Level 1:colcon.colcon_core.package_discovery:discover_packages(ignore) check parameters
[0.290s] Level 1:colcon.colcon_core.package_discovery:discover_packages(path) check parameters
[0.290s] Level 1:colcon.colcon_core.package_discovery:discover_packages(colcon_meta) discover
[0.290s] Level 1:colcon.colcon_core.package_discovery:discover_packages(recursive) discover
[0.290s] INFO:colcon.colcon_core.package_discovery:Crawling recursively for packages in '/home/user/ros2_control_example'
[0.290s] Level 1:colcon.colcon_core.package_identification:_identify(.) by extensions ['ignore', 'ignore_ament_install']
[0.290s] Level 1:colcon.colcon_core.package_identification:_identify(.) by extension 'ignore'
[0.290s] Level 1:colcon.colcon_core.package_identification:_identify(.) by extension 'ignore_ament_install'
[0.290s] Level 1:colcon.colcon_core.package_identification:_identify(.) by extensions ['colcon_pkg']
[0.290s] Level 1:colcon.colcon_core.package_identification:_identify(.) by extension 'colcon_pkg'
[0.290s] Level 1:colcon.colcon_core.package_identification:_identify(.) by extensions ['colcon_meta']
[0.290s] Level 1:colcon.colcon_core.package_identification:_identify(.) by extension 'colcon_meta'
[0.290s] Level 1:colcon.colcon_core.package_identification:_identify(.) by extensions ['ros']
[0.291s] Level 1:colcon.colcon_core.package_identification:_identify(.) by extension 'ros'
[0.299s] Level 1:colcon.colcon_core.package_identification:_identify(.) by extensions ['cmake', 'python']
[0.299s] Level 1:colcon.colcon_core.package_identification:_identify(.) by extension 'cmake'
[0.299s] Level 1:colcon.colcon_core.package_identification:_identify(.) by extension 'python'
[0.299s] Level 1:colcon.colcon_core.package_identification:_identify(.) by extensions ['python_setup_py']
[0.299s] Level 1:colcon.colcon_core.package_identification:_identify(.) by extension 'python_setup_py'
[0.299s] Level 1:colcon.colcon_core.package_identification:_identify(build) by extensions ['ignore', 'ignore_ament_install']
[0.299s] Level 1:colcon.colcon_core.package_identification:_identify(build) by extension 'ignore'
[0.299s] Level 1:colcon.colcon_core.package_identification:_identify(build) ignored
[0.300s] Level 1:colcon.colcon_core.package_identification:_identify(install) by extensions ['ignore', 'ignore_ament_install']
[0.300s] Level 1:colcon.colcon_core.package_identification:_identify(install) by extension 'ignore'
[0.300s] Level 1:colcon.colcon_core.package_identification:_identify(install) ignored
[0.300s] Level 1:colcon.colcon_core.package_identification:_identify(log) by extensions ['ignore', 'ignore_ament_install']
[0.300s] Level 1:colcon.colcon_core.package_identification:_identify(log) by extension 'ignore'
[0.300s] Level 1:colcon.colcon_core.package_identification:_identify(log) ignored
[0.300s] Level 1:colcon.colcon_core.package_identification:_identify(picture) by extensions ['ignore', 'ignore_ament_install']
[0.300s] Level 1:colcon.colcon_core.package_identification:_identify(picture) by extension 'ignore'
[0.300s] Level 1:colcon.colcon_core.package_identification:_identify(picture) by extension 'ignore_ament_install'
[0.300s] Level 1:colcon.colcon_core.package_identification:_identify(picture) by extensions ['colcon_pkg']
[0.300s] Level 1:colcon.colcon_core.package_identification:_identify(picture) by extension 'colcon_pkg'
[0.300s] Level 1:colcon.colcon_core.package_identification:_identify(picture) by extensions ['colcon_meta']
[0.300s] Level 1:colcon.colcon_core.package_identification:_identify(picture) by extension 'colcon_meta'
[0.300s] Level 1:colcon.colcon_core.package_identification:_identify(picture) by extensions ['ros']
[0.300s] Level 1:colcon.colcon_core.package_identification:_identify(picture) by extension 'ros'
[0.300s] Level 1:colcon.colcon_core.package_identification:_identify(picture) by extensions ['cmake', 'python']
[0.300s] Level 1:colcon.colcon_core.package_identification:_identify(picture) by extension 'cmake'
[0.300s] Level 1:colcon.colcon_core.package_identification:_identify(picture) by extension 'python'
[0.300s] Level 1:colcon.colcon_core.package_identification:_identify(picture) by extensions ['python_setup_py']
[0.300s] Level 1:colcon.colcon_core.package_identification:_identify(picture) by extension 'python_setup_py'
[0.301s] Level 1:colcon.colcon_core.package_identification:_identify(src) by extensions ['ignore', 'ignore_ament_install']
[0.301s] Level 1:colcon.colcon_core.package_identification:_identify(src) by extension 'ignore'
[0.301s] Level 1:colcon.colcon_core.package_identification:_identify(src) by extension 'ignore_ament_install'
[0.301s] Level 1:colcon.colcon_core.package_identification:_identify(src) by extensions ['colcon_pkg']
[0.301s] Level 1:colcon.colcon_core.package_identification:_identify(src) by extension 'colcon_pkg'
[0.301s] Level 1:colcon.colcon_core.package_identification:_identify(src) by extensions ['colcon_meta']
[0.301s] Level 1:colcon.colcon_core.package_identification:_identify(src) by extension 'colcon_meta'
[0.301s] Level 1:colcon.colcon_core.package_identification:_identify(src) by extensions ['ros']
[0.301s] Level 1:colcon.colcon_core.package_identification:_identify(src) by extension 'ros'
[0.301s] Level 1:colcon.colcon_core.package_identification:_identify(src) by extensions ['cmake', 'python']
[0.301s] Level 1:colcon.colcon_core.package_identification:_identify(src) by extension 'cmake'
[0.301s] Level 1:colcon.colcon_core.package_identification:_identify(src) by extension 'python'
[0.301s] Level 1:colcon.colcon_core.package_identification:_identify(src) by extensions ['python_setup_py']
[0.301s] Level 1:colcon.colcon_core.package_identification:_identify(src) by extension 'python_setup_py'
[0.301s] Level 1:colcon.colcon_core.package_identification:_identify(src/custom_interfaces) by extensions ['ignore', 'ignore_ament_install']
[0.301s] Level 1:colcon.colcon_core.package_identification:_identify(src/custom_interfaces) by extension 'ignore'
[0.301s] Level 1:colcon.colcon_core.package_identification:_identify(src/custom_interfaces) by extension 'ignore_ament_install'
[0.301s] Level 1:colcon.colcon_core.package_identification:_identify(src/custom_interfaces) by extensions ['colcon_pkg']
[0.301s] Level 1:colcon.colcon_core.package_identification:_identify(src/custom_interfaces) by extension 'colcon_pkg'
[0.301s] Level 1:colcon.colcon_core.package_identification:_identify(src/custom_interfaces) by extensions ['colcon_meta']
[0.301s] Level 1:colcon.colcon_core.package_identification:_identify(src/custom_interfaces) by extension 'colcon_meta'
[0.301s] Level 1:colcon.colcon_core.package_identification:_identify(src/custom_interfaces) by extensions ['ros']
[0.301s] Level 1:colcon.colcon_core.package_identification:_identify(src/custom_interfaces) by extension 'ros'
[0.303s] DEBUG:colcon.colcon_core.package_identification:Package 'src/custom_interfaces' with type 'ros.ament_cmake' and name 'custom_interfaces'
[0.303s] Level 1:colcon.colcon_core.package_identification:_identify(src/multi_link_controller) by extensions ['ignore', 'ignore_ament_install']
[0.303s] Level 1:colcon.colcon_core.package_identification:_identify(src/multi_link_controller) by extension 'ignore'
[0.303s] Level 1:colcon.colcon_core.package_identification:_identify(src/multi_link_controller) by extension 'ignore_ament_install'
[0.303s] Level 1:colcon.colcon_core.package_identification:_identify(src/multi_link_controller) by extensions ['colcon_pkg']
[0.303s] Level 1:colcon.colcon_core.package_identification:_identify(src/multi_link_controller) by extension 'colcon_pkg'
[0.303s] Level 1:colcon.colcon_core.package_identification:_identify(src/multi_link_controller) by extensions ['colcon_meta']
[0.303s] Level 1:colcon.colcon_core.package_identification:_identify(src/multi_link_controller) by extension 'colcon_meta'
[0.303s] Level 1:colcon.colcon_core.package_identification:_identify(src/multi_link_controller) by extensions ['ros']
[0.303s] Level 1:colcon.colcon_core.package_identification:_identify(src/multi_link_controller) by extension 'ros'
[0.304s] DEBUG:colcon.colcon_core.package_identification:Package 'src/multi_link_controller' with type 'ros.ament_cmake' and name 'multi_link_controller'
[0.304s] Level 1:colcon.colcon_core.package_identification:_identify(src/my_controller) by extensions ['ignore', 'ignore_ament_install']
[0.304s] Level 1:colcon.colcon_core.package_identification:_identify(src/my_controller) by extension 'ignore'
[0.305s] Level 1:colcon.colcon_core.package_identification:_identify(src/my_controller) by extension 'ignore_ament_install'
[0.305s] Level 1:colcon.colcon_core.package_identification:_identify(src/my_controller) by extensions ['colcon_pkg']
[0.305s] Level 1:colcon.colcon_core.package_identification:_identify(src/my_controller) by extension 'colcon_pkg'
[0.305s] Level 1:colcon.colcon_core.package_identification:_identify(src/my_controller) by extensions ['colcon_meta']
[0.305s] Level 1:colcon.colcon_core.package_identification:_identify(src/my_controller) by extension 'colcon_meta'
[0.305s] Level 1:colcon.colcon_core.package_identification:_identify(src/my_controller) by extensions ['ros']
[0.305s] Level 1:colcon.colcon_core.package_identification:_identify(src/my_controller) by extension 'ros'
[0.305s] DEBUG:colcon.colcon_core.package_identification:Package 'src/my_controller' with type 'ros.ament_cmake' and name 'my_controller'
[0.306s] Level 1:colcon.colcon_core.package_identification:_identify(src/my_controller2) by extensions ['ignore', 'ignore_ament_install']
[0.306s] Level 1:colcon.colcon_core.package_identification:_identify(src/my_controller2) by extension 'ignore'
[0.306s] Level 1:colcon.colcon_core.package_identification:_identify(src/my_controller2) by extension 'ignore_ament_install'
[0.306s] Level 1:colcon.colcon_core.package_identification:_identify(src/my_controller2) by extensions ['colcon_pkg']
[0.306s] Level 1:colcon.colcon_core.package_identification:_identify(src/my_controller2) by extension 'colcon_pkg'
[0.306s] Level 1:colcon.colcon_core.package_identification:_identify(src/my_controller2) by extensions ['colcon_meta']
[0.306s] Level 1:colcon.colcon_core.package_identification:_identify(src/my_controller2) by extension 'colcon_meta'
[0.306s] Level 1:colcon.colcon_core.package_identification:_identify(src/my_controller2) by extensions ['ros']
[0.306s] Level 1:colcon.colcon_core.package_identification:_identify(src/my_controller2) by extension 'ros'
[0.307s] DEBUG:colcon.colcon_core.package_identification:Package 'src/my_controller2' with type 'ros.ament_cmake' and name 'my_controller2'
[0.307s] Level 1:colcon.colcon_core.package_identification:_identify(src/my_fake_hardware_SDK) by extensions ['ignore', 'ignore_ament_install']
[0.307s] Level 1:colcon.colcon_core.package_identification:_identify(src/my_fake_hardware_SDK) by extension 'ignore'
[0.307s] Level 1:colcon.colcon_core.package_identification:_identify(src/my_fake_hardware_SDK) by extension 'ignore_ament_install'
[0.307s] Level 1:colcon.colcon_core.package_identification:_identify(src/my_fake_hardware_SDK) by extensions ['colcon_pkg']
[0.307s] Level 1:colcon.colcon_core.package_identification:_identify(src/my_fake_hardware_SDK) by extension 'colcon_pkg'
[0.307s] Level 1:colcon.colcon_core.package_identification:_identify(src/my_fake_hardware_SDK) by extensions ['colcon_meta']
[0.307s] Level 1:colcon.colcon_core.package_identification:_identify(src/my_fake_hardware_SDK) by extension 'colcon_meta'
[0.307s] Level 1:colcon.colcon_core.package_identification:_identify(src/my_fake_hardware_SDK) by extensions ['ros']
[0.307s] Level 1:colcon.colcon_core.package_identification:_identify(src/my_fake_hardware_SDK) by extension 'ros'
[0.307s] DEBUG:colcon.colcon_core.package_identification:Package 'src/my_fake_hardware_SDK' with type 'ros.ament_cmake' and name 'my_fake_hardware_SDK'
[0.307s] Level 1:colcon.colcon_core.package_identification:_identify(src/my_hardware_interface) by extensions ['ignore', 'ignore_ament_install']
[0.307s] Level 1:colcon.colcon_core.package_identification:_identify(src/my_hardware_interface) by extension 'ignore'
[0.308s] Level 1:colcon.colcon_core.package_identification:_identify(src/my_hardware_interface) by extension 'ignore_ament_install'
[0.308s] Level 1:colcon.colcon_core.package_identification:_identify(src/my_hardware_interface) by extensions ['colcon_pkg']
[0.308s] Level 1:colcon.colcon_core.package_identification:_identify(src/my_hardware_interface) by extension 'colcon_pkg'
[0.308s] Level 1:colcon.colcon_core.package_identification:_identify(src/my_hardware_interface) by extensions ['colcon_meta']
[0.308s] Level 1:colcon.colcon_core.package_identification:_identify(src/my_hardware_interface) by extension 'colcon_meta'
[0.308s] Level 1:colcon.colcon_core.package_identification:_identify(src/my_hardware_interface) by extensions ['ros']
[0.308s] Level 1:colcon.colcon_core.package_identification:_identify(src/my_hardware_interface) by extension 'ros'
[0.308s] DEBUG:colcon.colcon_core.package_identification:Package 'src/my_hardware_interface' with type 'ros.ament_cmake' and name 'my_hardware_interface'
[0.308s] Level 1:colcon.colcon_core.package_identification:_identify(src/robot_model) by extensions ['ignore', 'ignore_ament_install']
[0.308s] Level 1:colcon.colcon_core.package_identification:_identify(src/robot_model) by extension 'ignore'
[0.308s] Level 1:colcon.colcon_core.package_identification:_identify(src/robot_model) by extension 'ignore_ament_install'
[0.308s] Level 1:colcon.colcon_core.package_identification:_identify(src/robot_model) by extensions ['colcon_pkg']
[0.309s] Level 1:colcon.colcon_core.package_identification:_identify(src/robot_model) by extension 'colcon_pkg'
[0.309s] Level 1:colcon.colcon_core.package_identification:_identify(src/robot_model) by extensions ['colcon_meta']
[0.309s] Level 1:colcon.colcon_core.package_identification:_identify(src/robot_model) by extension 'colcon_meta'
[0.309s] Level 1:colcon.colcon_core.package_identification:_identify(src/robot_model) by extensions ['ros']
[0.309s] Level 1:colcon.colcon_core.package_identification:_identify(src/robot_model) by extension 'ros'
[0.309s] DEBUG:colcon.colcon_core.package_identification:Package 'src/robot_model' with type 'ros.ament_cmake' and name 'robot_model'
[0.309s] Level 1:colcon.colcon_core.package_discovery:discover_packages(recursive) using defaults
[0.309s] Level 1:colcon.colcon_core.package_discovery:discover_packages(ignore) discover
[0.309s] Level 1:colcon.colcon_core.package_discovery:discover_packages(ignore) using defaults
[0.309s] Level 1:colcon.colcon_core.package_discovery:discover_packages(path) discover
[0.309s] Level 1:colcon.colcon_core.package_discovery:discover_packages(path) using defaults
[0.328s] Level 1:colcon.colcon_core.package_discovery:discover_packages(prefix_path) check parameters
[0.329s] Level 1:colcon.colcon_core.package_discovery:discover_packages(prefix_path) discover
[0.331s] DEBUG:colcon.colcon_installed_package_information.package_discovery:Found 7 installed packages in /home/user/ros2_control_example/install
[0.332s] DEBUG:colcon.colcon_installed_package_information.package_discovery:Found 330 installed packages in /opt/ros/humble
[0.334s] Level 1:colcon.colcon_core.package_discovery:discover_packages(prefix_path) using defaults
[0.388s] Level 5:colcon.colcon_core.verb:set package 'custom_interfaces' build argument 'cmake_args' from command line to 'None'
[0.388s] Level 5:colcon.colcon_core.verb:set package 'custom_interfaces' build argument 'cmake_target' from command line to 'None'
[0.388s] Level 5:colcon.colcon_core.verb:set package 'custom_interfaces' build argument 'cmake_target_skip_unavailable' from command line to 'False'
[0.388s] Level 5:colcon.colcon_core.verb:set package 'custom_interfaces' build argument 'cmake_clean_cache' from command line to 'False'
[0.388s] Level 5:colcon.colcon_core.verb:set package 'custom_interfaces' build argument 'cmake_clean_first' from command line to 'False'
[0.388s] Level 5:colcon.colcon_core.verb:set package 'custom_interfaces' build argument 'cmake_force_configure' from command line to 'False'
[0.388s] Level 5:colcon.colcon_core.verb:set package 'custom_interfaces' build argument 'ament_cmake_args' from command line to 'None'
[0.388s] Level 5:colcon.colcon_core.verb:set package 'custom_interfaces' build argument 'catkin_cmake_args' from command line to 'None'
[0.388s] Level 5:colcon.colcon_core.verb:set package 'custom_interfaces' build argument 'catkin_skip_building_tests' from command line to 'False'
[0.388s] DEBUG:colcon.colcon_core.verb:Building package 'custom_interfaces' with the following arguments: {'ament_cmake_args': None, 'build_base': '/home/user/ros2_control_example/build/custom_interfaces', 'catkin_cmake_args': None, 'catkin_skip_building_tests': False, 'cmake_args': None, 'cmake_clean_cache': False, 'cmake_clean_first': False, 'cmake_force_configure': False, 'cmake_target': None, 'cmake_target_skip_unavailable': False, 'install_base': '/home/user/ros2_control_example/install/custom_interfaces', 'merge_install': False, 'path': '/home/user/ros2_control_example/src/custom_interfaces', 'symlink_install': False, 'test_result_base': None}
[0.389s] Level 5:colcon.colcon_core.verb:set package 'my_controller' build argument 'cmake_args' from command line to 'None'
[0.389s] Level 5:colcon.colcon_core.verb:set package 'my_controller' build argument 'cmake_target' from command line to 'None'
[0.389s] Level 5:colcon.colcon_core.verb:set package 'my_controller' build argument 'cmake_target_skip_unavailable' from command line to 'False'
[0.389s] Level 5:colcon.colcon_core.verb:set package 'my_controller' build argument 'cmake_clean_cache' from command line to 'False'
[0.389s] Level 5:colcon.colcon_core.verb:set package 'my_controller' build argument 'cmake_clean_first' from command line to 'False'
[0.389s] Level 5:colcon.colcon_core.verb:set package 'my_controller' build argument 'cmake_force_configure' from command line to 'False'
[0.389s] Level 5:colcon.colcon_core.verb:set package 'my_controller' build argument 'ament_cmake_args' from command line to 'None'
[0.389s] Level 5:colcon.colcon_core.verb:set package 'my_controller' build argument 'catkin_cmake_args' from command line to 'None'
[0.389s] Level 5:colcon.colcon_core.verb:set package 'my_controller' build argument 'catkin_skip_building_tests' from command line to 'False'
[0.389s] DEBUG:colcon.colcon_core.verb:Building package 'my_controller' with the following arguments: {'ament_cmake_args': None, 'build_base': '/home/user/ros2_control_example/build/my_controller', 'catkin_cmake_args': None, 'catkin_skip_building_tests': False, 'cmake_args': None, 'cmake_clean_cache': False, 'cmake_clean_first': False, 'cmake_force_configure': False, 'cmake_target': None, 'cmake_target_skip_unavailable': False, 'install_base': '/home/user/ros2_control_example/install/my_controller', 'merge_install': False, 'path': '/home/user/ros2_control_example/src/my_controller', 'symlink_install': False, 'test_result_base': None}
[0.390s] Level 5:colcon.colcon_core.verb:set package 'my_fake_hardware_SDK' build argument 'cmake_args' from command line to 'None'
[0.390s] Level 5:colcon.colcon_core.verb:set package 'my_fake_hardware_SDK' build argument 'cmake_target' from command line to 'None'
[0.390s] Level 5:colcon.colcon_core.verb:set package 'my_fake_hardware_SDK' build argument 'cmake_target_skip_unavailable' from command line to 'False'
[0.390s] Level 5:colcon.colcon_core.verb:set package 'my_fake_hardware_SDK' build argument 'cmake_clean_cache' from command line to 'False'
[0.390s] Level 5:colcon.colcon_core.verb:set package 'my_fake_hardware_SDK' build argument 'cmake_clean_first' from command line to 'False'
[0.390s] Level 5:colcon.colcon_core.verb:set package 'my_fake_hardware_SDK' build argument 'cmake_force_configure' from command line to 'False'
[0.390s] Level 5:colcon.colcon_core.verb:set package 'my_fake_hardware_SDK' build argument 'ament_cmake_args' from command line to 'None'
[0.390s] Level 5:colcon.colcon_core.verb:set package 'my_fake_hardware_SDK' build argument 'catkin_cmake_args' from command line to 'None'
[0.390s] Level 5:colcon.colcon_core.verb:set package 'my_fake_hardware_SDK' build argument 'catkin_skip_building_tests' from command line to 'False'
[0.390s] DEBUG:colcon.colcon_core.verb:Building package 'my_fake_hardware_SDK' with the following arguments: {'ament_cmake_args': None, 'build_base': '/home/user/ros2_control_example/build/my_fake_hardware_SDK', 'catkin_cmake_args': None, 'catkin_skip_building_tests': False, 'cmake_args': None, 'cmake_clean_cache': False, 'cmake_clean_first': False, 'cmake_force_configure': False, 'cmake_target': None, 'cmake_target_skip_unavailable': False, 'install_base': '/home/user/ros2_control_example/install/my_fake_hardware_SDK', 'merge_install': False, 'path': '/home/user/ros2_control_example/src/my_fake_hardware_SDK', 'symlink_install': False, 'test_result_base': None}
[0.391s] Level 5:colcon.colcon_core.verb:set package 'robot_model' build argument 'cmake_args' from command line to 'None'
[0.391s] Level 5:colcon.colcon_core.verb:set package 'robot_model' build argument 'cmake_target' from command line to 'None'
[0.391s] Level 5:colcon.colcon_core.verb:set package 'robot_model' build argument 'cmake_target_skip_unavailable' from command line to 'False'
[0.391s] Level 5:colcon.colcon_core.verb:set package 'robot_model' build argument 'cmake_clean_cache' from command line to 'False'
[0.391s] Level 5:colcon.colcon_core.verb:set package 'robot_model' build argument 'cmake_clean_first' from command line to 'False'
[0.391s] Level 5:colcon.colcon_core.verb:set package 'robot_model' build argument 'cmake_force_configure' from command line to 'False'
[0.391s] Level 5:colcon.colcon_core.verb:set package 'robot_model' build argument 'ament_cmake_args' from command line to 'None'
[0.391s] Level 5:colcon.colcon_core.verb:set package 'robot_model' build argument 'catkin_cmake_args' from command line to 'None'
[0.391s] Level 5:colcon.colcon_core.verb:set package 'robot_model' build argument 'catkin_skip_building_tests' from command line to 'False'
[0.391s] DEBUG:colcon.colcon_core.verb:Building package 'robot_model' with the following arguments: {'ament_cmake_args': None, 'build_base': '/home/user/ros2_control_example/build/robot_model', 'catkin_cmake_args': None, 'catkin_skip_building_tests': False, 'cmake_args': None, 'cmake_clean_cache': False, 'cmake_clean_first': False, 'cmake_force_configure': False, 'cmake_target': None, 'cmake_target_skip_unavailable': False, 'install_base': '/home/user/ros2_control_example/install/robot_model', 'merge_install': False, 'path': '/home/user/ros2_control_example/src/robot_model', 'symlink_install': False, 'test_result_base': None}
[0.392s] Level 5:colcon.colcon_core.verb:set package 'multi_link_controller' build argument 'cmake_args' from command line to 'None'
[0.392s] Level 5:colcon.colcon_core.verb:set package 'multi_link_controller' build argument 'cmake_target' from command line to 'None'
[0.392s] Level 5:colcon.colcon_core.verb:set package 'multi_link_controller' build argument 'cmake_target_skip_unavailable' from command line to 'False'
[0.392s] Level 5:colcon.colcon_core.verb:set package 'multi_link_controller' build argument 'cmake_clean_cache' from command line to 'False'
[0.392s] Level 5:colcon.colcon_core.verb:set package 'multi_link_controller' build argument 'cmake_clean_first' from command line to 'False'
[0.392s] Level 5:colcon.colcon_core.verb:set package 'multi_link_controller' build argument 'cmake_force_configure' from command line to 'False'
[0.392s] Level 5:colcon.colcon_core.verb:set package 'multi_link_controller' build argument 'ament_cmake_args' from command line to 'None'
[0.392s] Level 5:colcon.colcon_core.verb:set package 'multi_link_controller' build argument 'catkin_cmake_args' from command line to 'None'
[0.392s] Level 5:colcon.colcon_core.verb:set package 'multi_link_controller' build argument 'catkin_skip_building_tests' from command line to 'False'
[0.392s] DEBUG:colcon.colcon_core.verb:Building package 'multi_link_controller' with the following arguments: {'ament_cmake_args': None, 'build_base': '/home/user/ros2_control_example/build/multi_link_controller', 'catkin_cmake_args': None, 'catkin_skip_building_tests': False, 'cmake_args': None, 'cmake_clean_cache': False, 'cmake_clean_first': False, 'cmake_force_configure': False, 'cmake_target': None, 'cmake_target_skip_unavailable': False, 'install_base': '/home/user/ros2_control_example/install/multi_link_controller', 'merge_install': False, 'path': '/home/user/ros2_control_example/src/multi_link_controller', 'symlink_install': False, 'test_result_base': None}
[0.393s] Level 5:colcon.colcon_core.verb:set package 'my_controller2' build argument 'cmake_args' from command line to 'None'
[0.393s] Level 5:colcon.colcon_core.verb:set package 'my_controller2' build argument 'cmake_target' from command line to 'None'
[0.393s] Level 5:colcon.colcon_core.verb:set package 'my_controller2' build argument 'cmake_target_skip_unavailable' from command line to 'False'
[0.393s] Level 5:colcon.colcon_core.verb:set package 'my_controller2' build argument 'cmake_clean_cache' from command line to 'False'
[0.393s] Level 5:colcon.colcon_core.verb:set package 'my_controller2' build argument 'cmake_clean_first' from command line to 'False'
[0.393s] Level 5:colcon.colcon_core.verb:set package 'my_controller2' build argument 'cmake_force_configure' from command line to 'False'
[0.393s] Level 5:colcon.colcon_core.verb:set package 'my_controller2' build argument 'ament_cmake_args' from command line to 'None'
[0.393s] Level 5:colcon.colcon_core.verb:set package 'my_controller2' build argument 'catkin_cmake_args' from command line to 'None'
[0.393s] Level 5:colcon.colcon_core.verb:set package 'my_controller2' build argument 'catkin_skip_building_tests' from command line to 'False'
[0.393s] DEBUG:colcon.colcon_core.verb:Building package 'my_controller2' with the following arguments: {'ament_cmake_args': None, 'build_base': '/home/user/ros2_control_example/build/my_controller2', 'catkin_cmake_args': None, 'catkin_skip_building_tests': False, 'cmake_args': None, 'cmake_clean_cache': False, 'cmake_clean_first': False, 'cmake_force_configure': False, 'cmake_target': None, 'cmake_target_skip_unavailable': False, 'install_base': '/home/user/ros2_control_example/install/my_controller2', 'merge_install': False, 'path': '/home/user/ros2_control_example/src/my_controller2', 'symlink_install': False, 'test_result_base': None}
[0.394s] Level 5:colcon.colcon_core.verb:set package 'my_hardware_interface' build argument 'cmake_args' from command line to 'None'
[0.394s] Level 5:colcon.colcon_core.verb:set package 'my_hardware_interface' build argument 'cmake_target' from command line to 'None'
[0.394s] Level 5:colcon.colcon_core.verb:set package 'my_hardware_interface' build argument 'cmake_target_skip_unavailable' from command line to 'False'
[0.394s] Level 5:colcon.colcon_core.verb:set package 'my_hardware_interface' build argument 'cmake_clean_cache' from command line to 'False'
[0.394s] Level 5:colcon.colcon_core.verb:set package 'my_hardware_interface' build argument 'cmake_clean_first' from command line to 'False'
[0.394s] Level 5:colcon.colcon_core.verb:set package 'my_hardware_interface' build argument 'cmake_force_configure' from command line to 'False'
[0.394s] Level 5:colcon.colcon_core.verb:set package 'my_hardware_interface' build argument 'ament_cmake_args' from command line to 'None'
[0.394s] Level 5:colcon.colcon_core.verb:set package 'my_hardware_interface' build argument 'catkin_cmake_args' from command line to 'None'
[0.394s] Level 5:colcon.colcon_core.verb:set package 'my_hardware_interface' build argument 'catkin_skip_building_tests' from command line to 'False'
[0.394s] DEBUG:colcon.colcon_core.verb:Building package 'my_hardware_interface' with the following arguments: {'ament_cmake_args': None, 'build_base': '/home/user/ros2_control_example/build/my_hardware_interface', 'catkin_cmake_args': None, 'catkin_skip_building_tests': False, 'cmake_args': None, 'cmake_clean_cache': False, 'cmake_clean_first': False, 'cmake_force_configure': False, 'cmake_target': None, 'cmake_target_skip_unavailable': False, 'install_base': '/home/user/ros2_control_example/install/my_hardware_interface', 'merge_install': False, 'path': '/home/user/ros2_control_example/src/my_hardware_interface', 'symlink_install': False, 'test_result_base': None}
[0.395s] INFO:colcon.colcon_core.executor:Executing jobs using 'parallel' executor
[0.397s] DEBUG:colcon.colcon_parallel_executor.executor.parallel:run_until_complete
[0.397s] INFO:colcon.colcon_ros.task.ament_cmake.build:Building ROS package in '/home/user/ros2_control_example/src/custom_interfaces' with build type 'ament_cmake'
[0.397s] INFO:colcon.colcon_cmake.task.cmake.build:Building CMake package in '/home/user/ros2_control_example/src/custom_interfaces'
[0.401s] INFO:colcon.colcon_core.plugin_system:Skipping extension 'colcon_core.shell.bat': Not used on non-Windows systems
[0.401s] INFO:colcon.colcon_core.shell:Skip shell extension 'powershell' for command environment: Not usable outside of PowerShell
[0.401s] DEBUG:colcon.colcon_core.shell:Skip shell extension 'dsv' for command environment
[0.404s] INFO:colcon.colcon_ros.task.ament_cmake.build:Building ROS package in '/home/user/ros2_control_example/src/my_fake_hardware_SDK' with build type 'ament_cmake'
[0.404s] INFO:colcon.colcon_cmake.task.cmake.build:Building CMake package in '/home/user/ros2_control_example/src/my_fake_hardware_SDK'
[0.405s] INFO:colcon.colcon_core.shell:Skip shell extension 'powershell' for command environment: Not usable outside of PowerShell
[0.405s] DEBUG:colcon.colcon_core.shell:Skip shell extension 'dsv' for command environment
[0.409s] INFO:colcon.colcon_ros.task.ament_cmake.build:Building ROS package in '/home/user/ros2_control_example/src/my_controller' with build type 'ament_cmake'
[0.409s] INFO:colcon.colcon_cmake.task.cmake.build:Building CMake package in '/home/user/ros2_control_example/src/my_controller'
[0.410s] INFO:colcon.colcon_core.shell:Skip shell extension 'powershell' for command environment: Not usable outside of PowerShell
[0.410s] DEBUG:colcon.colcon_core.shell:Skip shell extension 'dsv' for command environment
[0.415s] INFO:colcon.colcon_ros.task.ament_cmake.build:Building ROS package in '/home/user/ros2_control_example/src/robot_model' with build type 'ament_cmake'
[0.415s] INFO:colcon.colcon_cmake.task.cmake.build:Building CMake package in '/home/user/ros2_control_example/src/robot_model'
[0.417s] INFO:colcon.colcon_core.shell:Skip shell extension 'powershell' for command environment: Not usable outside of PowerShell
[0.417s] DEBUG:colcon.colcon_core.shell:Skip shell extension 'dsv' for command environment
[0.425s] DEBUG:colcon.colcon_core.event_handler.log_command:Invoking command in '/home/user/ros2_control_example/build/custom_interfaces': CMAKE_PREFIX_PATH=${CMAKE_PREFIX_PATH}:/opt/ros/humble /usr/bin/cmake --build /home/user/ros2_control_example/build/custom_interfaces -- -j8 -l8
[0.427s] DEBUG:colcon.colcon_core.event_handler.log_command:Invoking command in '/home/user/ros2_control_example/build/my_fake_hardware_SDK': CMAKE_PREFIX_PATH=${CMAKE_PREFIX_PATH}:/opt/ros/humble /usr/bin/cmake --build /home/user/ros2_control_example/build/my_fake_hardware_SDK -- -j8 -l8
[0.431s] DEBUG:colcon.colcon_core.event_handler.log_command:Invoking command in '/home/user/ros2_control_example/build/my_controller': CMAKE_PREFIX_PATH=${CMAKE_PREFIX_PATH}:/opt/ros/humble /usr/bin/cmake --build /home/user/ros2_control_example/build/my_controller -- -j8 -l8
[0.437s] DEBUG:colcon.colcon_core.event_handler.log_command:Invoking command in '/home/user/ros2_control_example/build/robot_model': CMAKE_PREFIX_PATH=${CMAKE_PREFIX_PATH}:/opt/ros/humble /usr/bin/cmake --build /home/user/ros2_control_example/build/robot_model -- -j8 -l8
[0.464s] DEBUG:colcon.colcon_core.event_handler.log_command:Invoked command in '/home/user/ros2_control_example/build/robot_model' returned '0': CMAKE_PREFIX_PATH=${CMAKE_PREFIX_PATH}:/opt/ros/humble /usr/bin/cmake --build /home/user/ros2_control_example/build/robot_model -- -j8 -l8
[0.471s] DEBUG:colcon.colcon_core.event_handler.log_command:Invoked command in '/home/user/ros2_control_example/build/my_fake_hardware_SDK' returned '0': CMAKE_PREFIX_PATH=${CMAKE_PREFIX_PATH}:/opt/ros/humble /usr/bin/cmake --build /home/user/ros2_control_example/build/my_fake_hardware_SDK -- -j8 -l8
[0.501s] DEBUG:colcon.colcon_core.event_handler.log_command:Invoking command in '/home/user/ros2_control_example/build/robot_model': CMAKE_PREFIX_PATH=${CMAKE_PREFIX_PATH}:/opt/ros/humble /usr/bin/cmake --install /home/user/ros2_control_example/build/robot_model
[0.502s] DEBUG:colcon.colcon_core.event_handler.log_command:Invoked command in '/home/user/ros2_control_example/build/my_controller' returned '0': CMAKE_PREFIX_PATH=${CMAKE_PREFIX_PATH}:/opt/ros/humble /usr/bin/cmake --build /home/user/ros2_control_example/build/my_controller -- -j8 -l8
[0.504s] DEBUG:colcon.colcon_core.event_handler.log_command:Invoking command in '/home/user/ros2_control_example/build/my_fake_hardware_SDK': CMAKE_PREFIX_PATH=${CMAKE_PREFIX_PATH}:/opt/ros/humble /usr/bin/cmake --install /home/user/ros2_control_example/build/my_fake_hardware_SDK
[0.510s] Level 1:colcon.colcon_core.environment:create_environment_scripts_only(robot_model)
[0.511s] DEBUG:colcon.colcon_core.event_handler.log_command:Invoked command in '/home/user/ros2_control_example/build/robot_model' returned '0': CMAKE_PREFIX_PATH=${CMAKE_PREFIX_PATH}:/opt/ros/humble /usr/bin/cmake --install /home/user/ros2_control_example/build/robot_model
[0.520s] Level 1:colcon.colcon_core.environment:checking '/home/user/ros2_control_example/install/robot_model' for CMake module files
[0.521s] Level 1:colcon.colcon_core.environment:checking '/home/user/ros2_control_example/install/robot_model' for CMake config files
[0.521s] Level 1:colcon.colcon_core.shell:create_environment_hook('robot_model', 'cmake_prefix_path')
[0.522s] INFO:colcon.colcon_core.shell:Creating environment hook '/home/user/ros2_control_example/install/robot_model/share/robot_model/hook/cmake_prefix_path.ps1'
[0.523s] INFO:colcon.colcon_core.shell:Creating environment descriptor '/home/user/ros2_control_example/install/robot_model/share/robot_model/hook/cmake_prefix_path.dsv'
[0.523s] INFO:colcon.colcon_core.shell:Creating environment hook '/home/user/ros2_control_example/install/robot_model/share/robot_model/hook/cmake_prefix_path.sh'
[0.524s] Level 1:colcon.colcon_core.environment:checking '/home/user/ros2_control_example/install/robot_model/bin'
[0.524s] Level 1:colcon.colcon_core.environment:checking '/home/user/ros2_control_example/install/robot_model/lib/pkgconfig/robot_model.pc'
[0.524s] Level 1:colcon.colcon_core.environment:checking '/home/user/ros2_control_example/install/robot_model/lib/python3.10/site-packages'
[0.525s] Level 1:colcon.colcon_core.environment:checking '/home/user/ros2_control_example/install/robot_model/bin'
[0.526s] INFO:colcon.colcon_core.shell:Creating package script '/home/user/ros2_control_example/install/robot_model/share/robot_model/package.ps1'
[0.527s] INFO:colcon.colcon_core.shell:Creating package descriptor '/home/user/ros2_control_example/install/robot_model/share/robot_model/package.dsv'
[0.528s] INFO:colcon.colcon_core.shell:Creating package script '/home/user/ros2_control_example/install/robot_model/share/robot_model/package.sh'
[0.528s] INFO:colcon.colcon_core.shell:Creating package script '/home/user/ros2_control_example/install/robot_model/share/robot_model/package.bash'
[0.529s] INFO:colcon.colcon_core.shell:Creating package script '/home/user/ros2_control_example/install/robot_model/share/robot_model/package.zsh'
[0.530s] Level 1:colcon.colcon_core.environment:create_file_with_runtime_dependencies(/home/user/ros2_control_example/install/robot_model/share/colcon-core/packages/robot_model)
[0.534s] DEBUG:colcon.colcon_core.event_handler.log_command:Invoking command in '/home/user/ros2_control_example/build/my_controller': CMAKE_PREFIX_PATH=${CMAKE_PREFIX_PATH}:/opt/ros/humble /usr/bin/cmake --install /home/user/ros2_control_example/build/my_controller
[0.534s] Level 1:colcon.colcon_core.environment:create_environment_scripts_only(my_fake_hardware_SDK)
[0.535s] DEBUG:colcon.colcon_core.event_handler.log_command:Invoked command in '/home/user/ros2_control_example/build/my_fake_hardware_SDK' returned '0': CMAKE_PREFIX_PATH=${CMAKE_PREFIX_PATH}:/opt/ros/humble /usr/bin/cmake --install /home/user/ros2_control_example/build/my_fake_hardware_SDK
[0.537s] Level 1:colcon.colcon_core.environment:checking '/home/user/ros2_control_example/install/my_fake_hardware_SDK' for CMake module files
[0.538s] Level 1:colcon.colcon_core.environment:checking '/home/user/ros2_control_example/install/my_fake_hardware_SDK' for CMake config files
[0.539s] Level 1:colcon.colcon_core.shell:create_environment_hook('my_fake_hardware_SDK', 'cmake_prefix_path')
[0.540s] INFO:colcon.colcon_core.shell:Creating environment hook '/home/user/ros2_control_example/install/my_fake_hardware_SDK/share/my_fake_hardware_SDK/hook/cmake_prefix_path.ps1'
[0.541s] INFO:colcon.colcon_core.shell:Creating environment descriptor '/home/user/ros2_control_example/install/my_fake_hardware_SDK/share/my_fake_hardware_SDK/hook/cmake_prefix_path.dsv'
[0.542s] INFO:colcon.colcon_core.shell:Creating environment hook '/home/user/ros2_control_example/install/my_fake_hardware_SDK/share/my_fake_hardware_SDK/hook/cmake_prefix_path.sh'
[0.543s] Level 1:colcon.colcon_core.environment:checking '/home/user/ros2_control_example/install/my_fake_hardware_SDK/lib'
[0.544s] Level 1:colcon.colcon_core.environment:checking '/home/user/ros2_control_example/install/my_fake_hardware_SDK/bin'
[0.544s] Level 1:colcon.colcon_core.environment:checking '/home/user/ros2_control_example/install/my_fake_hardware_SDK/lib/pkgconfig/my_fake_hardware_SDK.pc'
[0.544s] Level 1:colcon.colcon_core.environment:checking '/home/user/ros2_control_example/install/my_fake_hardware_SDK/lib/python3.10/site-packages'
[0.544s] Level 1:colcon.colcon_core.environment:checking '/home/user/ros2_control_example/install/my_fake_hardware_SDK/bin'
[0.547s] INFO:colcon.colcon_core.shell:Creating package script '/home/user/ros2_control_example/install/my_fake_hardware_SDK/share/my_fake_hardware_SDK/package.ps1'
[0.548s] INFO:colcon.colcon_core.shell:Creating package descriptor '/home/user/ros2_control_example/install/my_fake_hardware_SDK/share/my_fake_hardware_SDK/package.dsv'
[0.548s] INFO:colcon.colcon_core.shell:Creating package script '/home/user/ros2_control_example/install/my_fake_hardware_SDK/share/my_fake_hardware_SDK/package.sh'
[0.549s] INFO:colcon.colcon_core.shell:Creating package script '/home/user/ros2_control_example/install/my_fake_hardware_SDK/share/my_fake_hardware_SDK/package.bash'
[0.549s] INFO:colcon.colcon_core.shell:Creating package script '/home/user/ros2_control_example/install/my_fake_hardware_SDK/share/my_fake_hardware_SDK/package.zsh'
[0.549s] Level 1:colcon.colcon_core.environment:create_file_with_runtime_dependencies(/home/user/ros2_control_example/install/my_fake_hardware_SDK/share/colcon-core/packages/my_fake_hardware_SDK)
[0.553s] Level 1:colcon.colcon_core.environment:create_environment_scripts_only(robot_model)
[0.560s] Level 1:colcon.colcon_core.environment:checking '/home/user/ros2_control_example/install/robot_model' for CMake module files
[0.561s] Level 1:colcon.colcon_core.environment:checking '/home/user/ros2_control_example/install/robot_model' for CMake config files
[0.561s] Level 1:colcon.colcon_core.shell:create_environment_hook('robot_model', 'cmake_prefix_path')
[0.562s] INFO:colcon.colcon_core.shell:Creating environment hook '/home/user/ros2_control_example/install/robot_model/share/robot_model/hook/cmake_prefix_path.ps1'
[0.563s] INFO:colcon.colcon_core.shell:Creating environment descriptor '/home/user/ros2_control_example/install/robot_model/share/robot_model/hook/cmake_prefix_path.dsv'
[0.563s] INFO:colcon.colcon_core.shell:Creating environment hook '/home/user/ros2_control_example/install/robot_model/share/robot_model/hook/cmake_prefix_path.sh'
[0.564s] Level 1:colcon.colcon_core.environment:checking '/home/user/ros2_control_example/install/robot_model/bin'
[0.564s] Level 1:colcon.colcon_core.environment:checking '/home/user/ros2_control_example/install/robot_model/lib/pkgconfig/robot_model.pc'
[0.565s] Level 1:colcon.colcon_core.environment:checking '/home/user/ros2_control_example/install/robot_model/lib/python3.10/site-packages'
[0.565s] Level 1:colcon.colcon_core.environment:checking '/home/user/ros2_control_example/install/robot_model/bin'
[0.566s] INFO:colcon.colcon_core.shell:Creating package script '/home/user/ros2_control_example/install/robot_model/share/robot_model/package.ps1'
[0.567s] INFO:colcon.colcon_core.shell:Creating package descriptor '/home/user/ros2_control_example/install/robot_model/share/robot_model/package.dsv'
[0.567s] INFO:colcon.colcon_core.shell:Creating package script '/home/user/ros2_control_example/install/robot_model/share/robot_model/package.sh'
[0.567s] INFO:colcon.colcon_core.shell:Creating package script '/home/user/ros2_control_example/install/robot_model/share/robot_model/package.bash'
[0.568s] INFO:colcon.colcon_core.shell:Creating package script '/home/user/ros2_control_example/install/robot_model/share/robot_model/package.zsh'
[0.568s] Level 1:colcon.colcon_core.environment:create_file_with_runtime_dependencies(/home/user/ros2_control_example/install/robot_model/share/colcon-core/packages/robot_model)
[0.569s] Level 1:colcon.colcon_core.environment:create_environment_scripts_only(my_controller)
[0.571s] Level 1:colcon.colcon_core.environment:checking '/home/user/ros2_control_example/install/my_controller' for CMake module files
[0.571s] DEBUG:colcon.colcon_core.event_handler.log_command:Invoked command in '/home/user/ros2_control_example/build/my_controller' returned '0': CMAKE_PREFIX_PATH=${CMAKE_PREFIX_PATH}:/opt/ros/humble /usr/bin/cmake --install /home/user/ros2_control_example/build/my_controller
[0.572s] Level 1:colcon.colcon_core.environment:checking '/home/user/ros2_control_example/install/my_controller' for CMake config files
[0.572s] Level 1:colcon.colcon_core.shell:create_environment_hook('my_controller', 'cmake_prefix_path')
[0.573s] INFO:colcon.colcon_core.shell:Creating environment hook '/home/user/ros2_control_example/install/my_controller/share/my_controller/hook/cmake_prefix_path.ps1'
[0.573s] INFO:colcon.colcon_core.shell:Creating environment descriptor '/home/user/ros2_control_example/install/my_controller/share/my_controller/hook/cmake_prefix_path.dsv'
[0.574s] INFO:colcon.colcon_core.shell:Creating environment hook '/home/user/ros2_control_example/install/my_controller/share/my_controller/hook/cmake_prefix_path.sh'
[0.574s] Level 1:colcon.colcon_core.environment:checking '/home/user/ros2_control_example/install/my_controller/lib'
[0.574s] Level 1:colcon.colcon_core.shell:create_environment_hook('my_controller', 'ld_library_path_lib')
[0.575s] INFO:colcon.colcon_core.shell:Creating environment hook '/home/user/ros2_control_example/install/my_controller/share/my_controller/hook/ld_library_path_lib.ps1'
[0.575s] INFO:colcon.colcon_core.shell:Creating environment descriptor '/home/user/ros2_control_example/install/my_controller/share/my_controller/hook/ld_library_path_lib.dsv'
[0.576s] INFO:colcon.colcon_core.shell:Creating environment hook '/home/user/ros2_control_example/install/my_controller/share/my_controller/hook/ld_library_path_lib.sh'
[0.576s] Level 1:colcon.colcon_core.environment:checking '/home/user/ros2_control_example/install/my_controller/bin'
[0.576s] Level 1:colcon.colcon_core.environment:checking '/home/user/ros2_control_example/install/my_controller/lib/pkgconfig/my_controller.pc'
[0.576s] Level 1:colcon.colcon_core.environment:checking '/home/user/ros2_control_example/install/my_controller/lib/python3.10/site-packages'
[0.576s] Level 1:colcon.colcon_core.environment:checking '/home/user/ros2_control_example/install/my_controller/bin'
[0.578s] INFO:colcon.colcon_core.shell:Creating package script '/home/user/ros2_control_example/install/my_controller/share/my_controller/package.ps1'
[0.578s] INFO:colcon.colcon_core.shell:Creating package descriptor '/home/user/ros2_control_example/install/my_controller/share/my_controller/package.dsv'
[0.579s] INFO:colcon.colcon_core.shell:Creating package script '/home/user/ros2_control_example/install/my_controller/share/my_controller/package.sh'
[0.579s] INFO:colcon.colcon_core.shell:Creating package script '/home/user/ros2_control_example/install/my_controller/share/my_controller/package.bash'
[0.579s] INFO:colcon.colcon_core.shell:Creating package script '/home/user/ros2_control_example/install/my_controller/share/my_controller/package.zsh'
[0.579s] Level 1:colcon.colcon_core.environment:create_file_with_runtime_dependencies(/home/user/ros2_control_example/install/my_controller/share/colcon-core/packages/my_controller)
[0.581s] Level 1:colcon.colcon_core.environment:create_environment_scripts_only(my_fake_hardware_SDK)
[0.583s] Level 1:colcon.colcon_core.environment:checking '/home/user/ros2_control_example/install/my_fake_hardware_SDK' for CMake module files
[0.583s] Level 1:colcon.colcon_core.environment:checking '/home/user/ros2_control_example/install/my_fake_hardware_SDK' for CMake config files
[0.583s] Level 1:colcon.colcon_core.shell:create_environment_hook('my_fake_hardware_SDK', 'cmake_prefix_path')
[0.585s] INFO:colcon.colcon_core.shell:Creating environment hook '/home/user/ros2_control_example/install/my_fake_hardware_SDK/share/my_fake_hardware_SDK/hook/cmake_prefix_path.ps1'
[0.585s] INFO:colcon.colcon_core.shell:Creating environment descriptor '/home/user/ros2_control_example/install/my_fake_hardware_SDK/share/my_fake_hardware_SDK/hook/cmake_prefix_path.dsv'
[0.586s] INFO:colcon.colcon_core.shell:Creating environment hook '/home/user/ros2_control_example/install/my_fake_hardware_SDK/share/my_fake_hardware_SDK/hook/cmake_prefix_path.sh'
[0.586s] Level 1:colcon.colcon_core.environment:checking '/home/user/ros2_control_example/install/my_fake_hardware_SDK/lib'
[0.586s] Level 1:colcon.colcon_core.environment:checking '/home/user/ros2_control_example/install/my_fake_hardware_SDK/bin'
[0.586s] Level 1:colcon.colcon_core.environment:checking '/home/user/ros2_control_example/install/my_fake_hardware_SDK/lib/pkgconfig/my_fake_hardware_SDK.pc'
[0.586s] Level 1:colcon.colcon_core.environment:checking '/home/user/ros2_control_example/install/my_fake_hardware_SDK/lib/python3.10/site-packages'
[0.587s] Level 1:colcon.colcon_core.environment:checking '/home/user/ros2_control_example/install/my_fake_hardware_SDK/bin'
[0.589s] INFO:colcon.colcon_core.shell:Creating package script '/home/user/ros2_control_example/install/my_fake_hardware_SDK/share/my_fake_hardware_SDK/package.ps1'
[0.589s] INFO:colcon.colcon_core.shell:Creating package descriptor '/home/user/ros2_control_example/install/my_fake_hardware_SDK/share/my_fake_hardware_SDK/package.dsv'
[0.590s] INFO:colcon.colcon_core.shell:Creating package script '/home/user/ros2_control_example/install/my_fake_hardware_SDK/share/my_fake_hardware_SDK/package.sh'
[0.590s] INFO:colcon.colcon_core.shell:Creating package script '/home/user/ros2_control_example/install/my_fake_hardware_SDK/share/my_fake_hardware_SDK/package.bash'
[0.591s] INFO:colcon.colcon_core.shell:Creating package script '/home/user/ros2_control_example/install/my_fake_hardware_SDK/share/my_fake_hardware_SDK/package.zsh'
[0.591s] Level 1:colcon.colcon_core.environment:create_file_with_runtime_dependencies(/home/user/ros2_control_example/install/my_fake_hardware_SDK/share/colcon-core/packages/my_fake_hardware_SDK)
[0.591s] INFO:colcon.colcon_ros.task.ament_cmake.build:Building ROS package in '/home/user/ros2_control_example/src/my_hardware_interface' with build type 'ament_cmake'
[0.591s] INFO:colcon.colcon_cmake.task.cmake.build:Building CMake package in '/home/user/ros2_control_example/src/my_hardware_interface'
[0.593s] INFO:colcon.colcon_core.shell:Skip shell extension 'powershell' for command environment: Not usable outside of PowerShell
[0.593s] DEBUG:colcon.colcon_core.shell:Skip shell extension 'dsv' for command environment
[0.599s] Level 1:colcon.colcon_core.environment:create_environment_scripts_only(my_controller)
[0.600s] Level 1:colcon.colcon_core.environment:checking '/home/user/ros2_control_example/install/my_controller' for CMake module files
[0.601s] Level 1:colcon.colcon_core.environment:checking '/home/user/ros2_control_example/install/my_controller' for CMake config files
[0.601s] Level 1:colcon.colcon_core.shell:create_environment_hook('my_controller', 'cmake_prefix_path')
[0.602s] INFO:colcon.colcon_core.shell:Creating environment hook '/home/user/ros2_control_example/install/my_controller/share/my_controller/hook/cmake_prefix_path.ps1'
[0.602s] INFO:colcon.colcon_core.shell:Creating environment descriptor '/home/user/ros2_control_example/install/my_controller/share/my_controller/hook/cmake_prefix_path.dsv'
[0.602s] INFO:colcon.colcon_core.shell:Creating environment hook '/home/user/ros2_control_example/install/my_controller/share/my_controller/hook/cmake_prefix_path.sh'
[0.603s] Level 1:colcon.colcon_core.environment:checking '/home/user/ros2_control_example/install/my_controller/lib'
[0.603s] Level 1:colcon.colcon_core.shell:create_environment_hook('my_controller', 'ld_library_path_lib')
[0.604s] INFO:colcon.colcon_core.shell:Creating environment hook '/home/user/ros2_control_example/install/my_controller/share/my_controller/hook/ld_library_path_lib.ps1'
[0.605s] INFO:colcon.colcon_core.shell:Creating environment descriptor '/home/user/ros2_control_example/install/my_controller/share/my_controller/hook/ld_library_path_lib.dsv'
[0.605s] INFO:colcon.colcon_core.shell:Creating environment hook '/home/user/ros2_control_example/install/my_controller/share/my_controller/hook/ld_library_path_lib.sh'
[0.605s] Level 1:colcon.colcon_core.environment:checking '/home/user/ros2_control_example/install/my_controller/bin'
[0.605s] Level 1:colcon.colcon_core.environment:checking '/home/user/ros2_control_example/install/my_controller/lib/pkgconfig/my_controller.pc'
[0.605s] Level 1:colcon.colcon_core.environment:checking '/home/user/ros2_control_example/install/my_controller/lib/python3.10/site-packages'
[0.606s] Level 1:colcon.colcon_core.environment:checking '/home/user/ros2_control_example/install/my_controller/bin'
[0.607s] INFO:colcon.colcon_core.shell:Creating package script '/home/user/ros2_control_example/install/my_controller/share/my_controller/package.ps1'
[0.607s] INFO:colcon.colcon_core.shell:Creating package descriptor '/home/user/ros2_control_example/install/my_controller/share/my_controller/package.dsv'
[0.607s] INFO:colcon.colcon_core.shell:Creating package script '/home/user/ros2_control_example/install/my_controller/share/my_controller/package.sh'
[0.608s] INFO:colcon.colcon_core.shell:Creating package script '/home/user/ros2_control_example/install/my_controller/share/my_controller/package.bash'
[0.608s] INFO:colcon.colcon_core.shell:Creating package script '/home/user/ros2_control_example/install/my_controller/share/my_controller/package.zsh'
[0.608s] Level 1:colcon.colcon_core.environment:create_file_with_runtime_dependencies(/home/user/ros2_control_example/install/my_controller/share/colcon-core/packages/my_controller)
[0.611s] DEBUG:colcon.colcon_core.event_handler.log_command:Invoking command in '/home/user/ros2_control_example/build/my_hardware_interface': CMAKE_PREFIX_PATH=/home/user/ros2_control_example/install/my_fake_hardware_SDK:/home/user/ros2_control_example/install/robot_model:/home/user/ros2_control_example/install/my_hardware_interface:/home/user/ros2_control_example/install/my_controller2:/home/user/ros2_control_example/install/my_controller:/home/user/ros2_control_example/install/multi_link_controller:/home/user/ros2_control_example/install/custom_interfaces:/opt/ros/humble /usr/bin/cmake --build /home/user/ros2_control_example/build/my_hardware_interface -- -j8 -l8
[0.657s] DEBUG:colcon.colcon_core.event_handler.log_command:Invoked command in '/home/user/ros2_control_example/build/my_hardware_interface' returned '0': CMAKE_PREFIX_PATH=/home/user/ros2_control_example/install/my_fake_hardware_SDK:/home/user/ros2_control_example/install/robot_model:/home/user/ros2_control_example/install/my_hardware_interface:/home/user/ros2_control_example/install/my_controller2:/home/user/ros2_control_example/install/my_controller:/home/user/ros2_control_example/install/multi_link_controller:/home/user/ros2_control_example/install/custom_interfaces:/opt/ros/humble /usr/bin/cmake --build /home/user/ros2_control_example/build/my_hardware_interface -- -j8 -l8
[0.674s] DEBUG:colcon.colcon_core.event_handler.log_command:Invoking command in '/home/user/ros2_control_example/build/my_hardware_interface': CMAKE_PREFIX_PATH=/home/user/ros2_control_example/install/my_fake_hardware_SDK:/home/user/ros2_control_example/install/robot_model:/home/user/ros2_control_example/install/my_hardware_interface:/home/user/ros2_control_example/install/my_controller2:/home/user/ros2_control_example/install/my_controller:/home/user/ros2_control_example/install/multi_link_controller:/home/user/ros2_control_example/install/custom_interfaces:/opt/ros/humble /usr/bin/cmake --install /home/user/ros2_control_example/build/my_hardware_interface
[0.682s] Level 1:colcon.colcon_core.environment:create_environment_scripts_only(my_hardware_interface)
[0.683s] Level 1:colcon.colcon_core.environment:checking '/home/user/ros2_control_example/install/my_hardware_interface' for CMake module files
[0.683s] DEBUG:colcon.colcon_core.event_handler.log_command:Invoked command in '/home/user/ros2_control_example/build/my_hardware_interface' returned '0': CMAKE_PREFIX_PATH=/home/user/ros2_control_example/install/my_fake_hardware_SDK:/home/user/ros2_control_example/install/robot_model:/home/user/ros2_control_example/install/my_hardware_interface:/home/user/ros2_control_example/install/my_controller2:/home/user/ros2_control_example/install/my_controller:/home/user/ros2_control_example/install/multi_link_controller:/home/user/ros2_control_example/install/custom_interfaces:/opt/ros/humble /usr/bin/cmake --install /home/user/ros2_control_example/build/my_hardware_interface
[0.684s] Level 1:colcon.colcon_core.environment:checking '/home/user/ros2_control_example/install/my_hardware_interface' for CMake config files
[0.684s] Level 1:colcon.colcon_core.shell:create_environment_hook('my_hardware_interface', 'cmake_prefix_path')
[0.685s] INFO:colcon.colcon_core.shell:Creating environment hook '/home/user/ros2_control_example/install/my_hardware_interface/share/my_hardware_interface/hook/cmake_prefix_path.ps1'
[0.685s] INFO:colcon.colcon_core.shell:Creating environment descriptor '/home/user/ros2_control_example/install/my_hardware_interface/share/my_hardware_interface/hook/cmake_prefix_path.dsv'
[0.686s] INFO:colcon.colcon_core.shell:Creating environment hook '/home/user/ros2_control_example/install/my_hardware_interface/share/my_hardware_interface/hook/cmake_prefix_path.sh'
[0.686s] Level 1:colcon.colcon_core.environment:checking '/home/user/ros2_control_example/install/my_hardware_interface/lib'
[0.686s] Level 1:colcon.colcon_core.shell:create_environment_hook('my_hardware_interface', 'ld_library_path_lib')
[0.687s] INFO:colcon.colcon_core.shell:Creating environment hook '/home/user/ros2_control_example/install/my_hardware_interface/share/my_hardware_interface/hook/ld_library_path_lib.ps1'
[0.687s] INFO:colcon.colcon_core.shell:Creating environment descriptor '/home/user/ros2_control_example/install/my_hardware_interface/share/my_hardware_interface/hook/ld_library_path_lib.dsv'
[0.687s] INFO:colcon.colcon_core.shell:Creating environment hook '/home/user/ros2_control_example/install/my_hardware_interface/share/my_hardware_interface/hook/ld_library_path_lib.sh'
[0.688s] Level 1:colcon.colcon_core.environment:checking '/home/user/ros2_control_example/install/my_hardware_interface/bin'
[0.688s] Level 1:colcon.colcon_core.environment:checking '/home/user/ros2_control_example/install/my_hardware_interface/lib/pkgconfig/my_hardware_interface.pc'
[0.688s] Level 1:colcon.colcon_core.environment:checking '/home/user/ros2_control_example/install/my_hardware_interface/lib/python3.10/site-packages'
[0.688s] Level 1:colcon.colcon_core.environment:checking '/home/user/ros2_control_example/install/my_hardware_interface/bin'
[0.689s] INFO:colcon.colcon_core.shell:Creating package script '/home/user/ros2_control_example/install/my_hardware_interface/share/my_hardware_interface/package.ps1'
[0.689s] INFO:colcon.colcon_core.shell:Creating package descriptor '/home/user/ros2_control_example/install/my_hardware_interface/share/my_hardware_interface/package.dsv'
[0.690s] INFO:colcon.colcon_core.shell:Creating package script '/home/user/ros2_control_example/install/my_hardware_interface/share/my_hardware_interface/package.sh'
[0.690s] INFO:colcon.colcon_core.shell:Creating package script '/home/user/ros2_control_example/install/my_hardware_interface/share/my_hardware_interface/package.bash'
[0.690s] INFO:colcon.colcon_core.shell:Creating package script '/home/user/ros2_control_example/install/my_hardware_interface/share/my_hardware_interface/package.zsh'
[0.690s] Level 1:colcon.colcon_core.environment:create_file_with_runtime_dependencies(/home/user/ros2_control_example/install/my_hardware_interface/share/colcon-core/packages/my_hardware_interface)
[0.707s] Level 1:colcon.colcon_core.environment:create_environment_scripts_only(my_hardware_interface)
[0.708s] Level 1:colcon.colcon_core.environment:checking '/home/user/ros2_control_example/install/my_hardware_interface' for CMake module files
[0.709s] Level 1:colcon.colcon_core.environment:checking '/home/user/ros2_control_example/install/my_hardware_interface' for CMake config files
[0.709s] Level 1:colcon.colcon_core.shell:create_environment_hook('my_hardware_interface', 'cmake_prefix_path')
[0.711s] INFO:colcon.colcon_core.shell:Creating environment hook '/home/user/ros2_control_example/install/my_hardware_interface/share/my_hardware_interface/hook/cmake_prefix_path.ps1'
[0.711s] INFO:colcon.colcon_core.shell:Creating environment descriptor '/home/user/ros2_control_example/install/my_hardware_interface/share/my_hardware_interface/hook/cmake_prefix_path.dsv'
[0.712s] INFO:colcon.colcon_core.shell:Creating environment hook '/home/user/ros2_control_example/install/my_hardware_interface/share/my_hardware_interface/hook/cmake_prefix_path.sh'
[0.712s] Level 1:colcon.colcon_core.environment:checking '/home/user/ros2_control_example/install/my_hardware_interface/lib'
[0.712s] Level 1:colcon.colcon_core.shell:create_environment_hook('my_hardware_interface', 'ld_library_path_lib')
[0.713s] INFO:colcon.colcon_core.shell:Creating environment hook '/home/user/ros2_control_example/install/my_hardware_interface/share/my_hardware_interface/hook/ld_library_path_lib.ps1'
[0.714s] INFO:colcon.colcon_core.shell:Creating environment descriptor '/home/user/ros2_control_example/install/my_hardware_interface/share/my_hardware_interface/hook/ld_library_path_lib.dsv'
[0.714s] INFO:colcon.colcon_core.shell:Creating environment hook '/home/user/ros2_control_example/install/my_hardware_interface/share/my_hardware_interface/hook/ld_library_path_lib.sh'
[0.715s] Level 1:colcon.colcon_core.environment:checking '/home/user/ros2_control_example/install/my_hardware_interface/bin'
[0.715s] Level 1:colcon.colcon_core.environment:checking '/home/user/ros2_control_example/install/my_hardware_interface/lib/pkgconfig/my_hardware_interface.pc'
[0.715s] Level 1:colcon.colcon_core.environment:checking '/home/user/ros2_control_example/install/my_hardware_interface/lib/python3.10/site-packages'
[0.715s] Level 1:colcon.colcon_core.environment:checking '/home/user/ros2_control_example/install/my_hardware_interface/bin'
[0.716s] INFO:colcon.colcon_core.shell:Creating package script '/home/user/ros2_control_example/install/my_hardware_interface/share/my_hardware_interface/package.ps1'
[0.717s] INFO:colcon.colcon_core.shell:Creating package descriptor '/home/user/ros2_control_example/install/my_hardware_interface/share/my_hardware_interface/package.dsv'
[0.717s] INFO:colcon.colcon_core.shell:Creating package script '/home/user/ros2_control_example/install/my_hardware_interface/share/my_hardware_interface/package.sh'
[0.718s] INFO:colcon.colcon_core.shell:Creating package script '/home/user/ros2_control_example/install/my_hardware_interface/share/my_hardware_interface/package.bash'
[0.718s] INFO:colcon.colcon_core.shell:Creating package script '/home/user/ros2_control_example/install/my_hardware_interface/share/my_hardware_interface/package.zsh'
[0.718s] Level 1:colcon.colcon_core.environment:create_file_with_runtime_dependencies(/home/user/ros2_control_example/install/my_hardware_interface/share/colcon-core/packages/my_hardware_interface)
[0.754s] DEBUG:colcon.colcon_core.event_handler.log_command:Invoked command in '/home/user/ros2_control_example/build/custom_interfaces' returned '0': CMAKE_PREFIX_PATH=${CMAKE_PREFIX_PATH}:/opt/ros/humble /usr/bin/cmake --build /home/user/ros2_control_example/build/custom_interfaces -- -j8 -l8
[0.798s] DEBUG:colcon.colcon_core.event_handler.log_command:Invoking command in '/home/user/ros2_control_example/build/custom_interfaces': CMAKE_PREFIX_PATH=${CMAKE_PREFIX_PATH}:/opt/ros/humble /usr/bin/cmake --install /home/user/ros2_control_example/build/custom_interfaces
[0.840s] Level 1:colcon.colcon_core.environment:create_environment_scripts_only(custom_interfaces)
[0.840s] DEBUG:colcon.colcon_core.event_handler.log_command:Invoked command in '/home/user/ros2_control_example/build/custom_interfaces' returned '0': CMAKE_PREFIX_PATH=${CMAKE_PREFIX_PATH}:/opt/ros/humble /usr/bin/cmake --install /home/user/ros2_control_example/build/custom_interfaces
[0.842s] Level 1:colcon.colcon_core.environment:checking '/home/user/ros2_control_example/install/custom_interfaces' for CMake module files
[0.842s] Level 1:colcon.colcon_core.environment:checking '/home/user/ros2_control_example/install/custom_interfaces' for CMake config files
[0.842s] Level 1:colcon.colcon_core.shell:create_environment_hook('custom_interfaces', 'cmake_prefix_path')
[0.843s] INFO:colcon.colcon_core.shell:Creating environment hook '/home/user/ros2_control_example/install/custom_interfaces/share/custom_interfaces/hook/cmake_prefix_path.ps1'
[0.844s] INFO:colcon.colcon_core.shell:Creating environment descriptor '/home/user/ros2_control_example/install/custom_interfaces/share/custom_interfaces/hook/cmake_prefix_path.dsv'
[0.844s] INFO:colcon.colcon_core.shell:Creating environment hook '/home/user/ros2_control_example/install/custom_interfaces/share/custom_interfaces/hook/cmake_prefix_path.sh'
[0.844s] Level 1:colcon.colcon_core.environment:checking '/home/user/ros2_control_example/install/custom_interfaces/lib'
[0.844s] Level 1:colcon.colcon_core.shell:create_environment_hook('custom_interfaces', 'ld_library_path_lib')
[0.845s] INFO:colcon.colcon_core.shell:Creating environment hook '/home/user/ros2_control_example/install/custom_interfaces/share/custom_interfaces/hook/ld_library_path_lib.ps1'
[0.845s] INFO:colcon.colcon_core.shell:Creating environment descriptor '/home/user/ros2_control_example/install/custom_interfaces/share/custom_interfaces/hook/ld_library_path_lib.dsv'
[0.846s] INFO:colcon.colcon_core.shell:Creating environment hook '/home/user/ros2_control_example/install/custom_interfaces/share/custom_interfaces/hook/ld_library_path_lib.sh'
[0.846s] Level 1:colcon.colcon_core.environment:checking '/home/user/ros2_control_example/install/custom_interfaces/bin'
[0.846s] Level 1:colcon.colcon_core.environment:checking '/home/user/ros2_control_example/install/custom_interfaces/lib/pkgconfig/custom_interfaces.pc'
[0.846s] Level 1:colcon.colcon_core.environment:checking '/home/user/ros2_control_example/install/custom_interfaces/lib/python3.10/site-packages'
[0.846s] Level 1:colcon.colcon_core.environment:checking '/home/user/ros2_control_example/install/custom_interfaces/bin'
[0.847s] INFO:colcon.colcon_core.shell:Creating package script '/home/user/ros2_control_example/install/custom_interfaces/share/custom_interfaces/package.ps1'
[0.848s] INFO:colcon.colcon_core.shell:Creating package descriptor '/home/user/ros2_control_example/install/custom_interfaces/share/custom_interfaces/package.dsv'
[0.848s] INFO:colcon.colcon_core.shell:Creating package script '/home/user/ros2_control_example/install/custom_interfaces/share/custom_interfaces/package.sh'
[0.848s] INFO:colcon.colcon_core.shell:Creating package script '/home/user/ros2_control_example/install/custom_interfaces/share/custom_interfaces/package.bash'
[0.848s] INFO:colcon.colcon_core.shell:Creating package script '/home/user/ros2_control_example/install/custom_interfaces/share/custom_interfaces/package.zsh'
[0.849s] Level 1:colcon.colcon_core.environment:create_file_with_runtime_dependencies(/home/user/ros2_control_example/install/custom_interfaces/share/colcon-core/packages/custom_interfaces)
[0.893s] Level 1:colcon.colcon_core.environment:create_environment_scripts_only(custom_interfaces)
[0.894s] Level 1:colcon.colcon_core.environment:checking '/home/user/ros2_control_example/install/custom_interfaces' for CMake module files
[0.895s] Level 1:colcon.colcon_core.environment:checking '/home/user/ros2_control_example/install/custom_interfaces' for CMake config files
[0.895s] Level 1:colcon.colcon_core.shell:create_environment_hook('custom_interfaces', 'cmake_prefix_path')
[0.896s] INFO:colcon.colcon_core.shell:Creating environment hook '/home/user/ros2_control_example/install/custom_interfaces/share/custom_interfaces/hook/cmake_prefix_path.ps1'
[0.896s] INFO:colcon.colcon_core.shell:Creating environment descriptor '/home/user/ros2_control_example/install/custom_interfaces/share/custom_interfaces/hook/cmake_prefix_path.dsv'
[0.897s] INFO:colcon.colcon_core.shell:Creating environment hook '/home/user/ros2_control_example/install/custom_interfaces/share/custom_interfaces/hook/cmake_prefix_path.sh'
[0.897s] Level 1:colcon.colcon_core.environment:checking '/home/user/ros2_control_example/install/custom_interfaces/lib'
[0.897s] Level 1:colcon.colcon_core.shell:create_environment_hook('custom_interfaces', 'ld_library_path_lib')
[0.898s] INFO:colcon.colcon_core.shell:Creating environment hook '/home/user/ros2_control_example/install/custom_interfaces/share/custom_interfaces/hook/ld_library_path_lib.ps1'
[0.899s] INFO:colcon.colcon_core.shell:Creating environment descriptor '/home/user/ros2_control_example/install/custom_interfaces/share/custom_interfaces/hook/ld_library_path_lib.dsv'
[0.899s] INFO:colcon.colcon_core.shell:Creating environment hook '/home/user/ros2_control_example/install/custom_interfaces/share/custom_interfaces/hook/ld_library_path_lib.sh'
[0.899s] Level 1:colcon.colcon_core.environment:checking '/home/user/ros2_control_example/install/custom_interfaces/bin'
[0.899s] Level 1:colcon.colcon_core.environment:checking '/home/user/ros2_control_example/install/custom_interfaces/lib/pkgconfig/custom_interfaces.pc'
[0.899s] Level 1:colcon.colcon_core.environment:checking '/home/user/ros2_control_example/install/custom_interfaces/lib/python3.10/site-packages'
[0.899s] Level 1:colcon.colcon_core.environment:checking '/home/user/ros2_control_example/install/custom_interfaces/bin'
[0.900s] INFO:colcon.colcon_core.shell:Creating package script '/home/user/ros2_control_example/install/custom_interfaces/share/custom_interfaces/package.ps1'
[0.901s] INFO:colcon.colcon_core.shell:Creating package descriptor '/home/user/ros2_control_example/install/custom_interfaces/share/custom_interfaces/package.dsv'
[0.901s] INFO:colcon.colcon_core.shell:Creating package script '/home/user/ros2_control_example/install/custom_interfaces/share/custom_interfaces/package.sh'
[0.901s] INFO:colcon.colcon_core.shell:Creating package script '/home/user/ros2_control_example/install/custom_interfaces/share/custom_interfaces/package.bash'
[0.902s] INFO:colcon.colcon_core.shell:Creating package script '/home/user/ros2_control_example/install/custom_interfaces/share/custom_interfaces/package.zsh'
[0.902s] Level 1:colcon.colcon_core.environment:create_file_with_runtime_dependencies(/home/user/ros2_control_example/install/custom_interfaces/share/colcon-core/packages/custom_interfaces)
[0.902s] INFO:colcon.colcon_ros.task.ament_cmake.build:Building ROS package in '/home/user/ros2_control_example/src/multi_link_controller' with build type 'ament_cmake'
[0.902s] INFO:colcon.colcon_cmake.task.cmake.build:Building CMake package in '/home/user/ros2_control_example/src/multi_link_controller'
[0.903s] INFO:colcon.colcon_core.shell:Skip shell extension 'powershell' for command environment: Not usable outside of PowerShell
[0.903s] DEBUG:colcon.colcon_core.shell:Skip shell extension 'dsv' for command environment
[0.907s] INFO:colcon.colcon_ros.task.ament_cmake.build:Building ROS package in '/home/user/ros2_control_example/src/my_controller2' with build type 'ament_cmake'
[0.907s] INFO:colcon.colcon_cmake.task.cmake.build:Building CMake package in '/home/user/ros2_control_example/src/my_controller2'
[0.908s] INFO:colcon.colcon_core.shell:Skip shell extension 'powershell' for command environment: Not usable outside of PowerShell
[0.908s] DEBUG:colcon.colcon_core.shell:Skip shell extension 'dsv' for command environment
[0.915s] DEBUG:colcon.colcon_core.event_handler.log_command:Invoking command in '/home/user/ros2_control_example/build/multi_link_controller': CMAKE_PREFIX_PATH=/home/user/ros2_control_example/install/custom_interfaces:/home/user/ros2_control_example/install/robot_model:/home/user/ros2_control_example/install/my_hardware_interface:/home/user/ros2_control_example/install/my_fake_hardware_SDK:/home/user/ros2_control_example/install/my_controller2:/home/user/ros2_control_example/install/my_controller:/home/user/ros2_control_example/install/multi_link_controller:/opt/ros/humble LD_LIBRARY_PATH=/home/user/ros2_control_example/install/custom_interfaces/lib:/home/user/ros2_control_example/install/my_hardware_interface/lib:/home/user/ros2_control_example/install/my_fake_hardware_SDK/lib:/home/user/ros2_control_example/install/my_controller2/lib:/home/user/ros2_control_example/install/my_controller/lib:/home/user/ros2_control_example/install/multi_link_controller/lib:/usr/lib/x86_64-linux-gnu/gazebo-11/plugins:/opt/ros/humble/opt/rviz_ogre_vendor/lib:/opt/ros/humble/lib/x86_64-linux-gnu:/opt/ros/humble/lib /usr/bin/cmake --build /home/user/ros2_control_example/build/multi_link_controller -- -j8 -l8
[0.917s] DEBUG:colcon.colcon_core.event_handler.log_command:Invoking command in '/home/user/ros2_control_example/build/my_controller2': CMAKE_PREFIX_PATH=/home/user/ros2_control_example/install/custom_interfaces:/home/user/ros2_control_example/install/robot_model:/home/user/ros2_control_example/install/my_hardware_interface:/home/user/ros2_control_example/install/my_fake_hardware_SDK:/home/user/ros2_control_example/install/my_controller2:/home/user/ros2_control_example/install/my_controller:/home/user/ros2_control_example/install/multi_link_controller:/opt/ros/humble LD_LIBRARY_PATH=/home/user/ros2_control_example/install/custom_interfaces/lib:/home/user/ros2_control_example/install/my_hardware_interface/lib:/home/user/ros2_control_example/install/my_fake_hardware_SDK/lib:/home/user/ros2_control_example/install/my_controller2/lib:/home/user/ros2_control_example/install/my_controller/lib:/home/user/ros2_control_example/install/multi_link_controller/lib:/usr/lib/x86_64-linux-gnu/gazebo-11/plugins:/opt/ros/humble/opt/rviz_ogre_vendor/lib:/opt/ros/humble/lib/x86_64-linux-gnu:/opt/ros/humble/lib /usr/bin/cmake --build /home/user/ros2_control_example/build/my_controller2 -- -j8 -l8
[0.962s] DEBUG:colcon.colcon_core.event_handler.log_command:Invoked command in '/home/user/ros2_control_example/build/multi_link_controller' returned '0': CMAKE_PREFIX_PATH=/home/user/ros2_control_example/install/custom_interfaces:/home/user/ros2_control_example/install/robot_model:/home/user/ros2_control_example/install/my_hardware_interface:/home/user/ros2_control_example/install/my_fake_hardware_SDK:/home/user/ros2_control_example/install/my_controller2:/home/user/ros2_control_example/install/my_controller:/home/user/ros2_control_example/install/multi_link_controller:/opt/ros/humble LD_LIBRARY_PATH=/home/user/ros2_control_example/install/custom_interfaces/lib:/home/user/ros2_control_example/install/my_hardware_interface/lib:/home/user/ros2_control_example/install/my_fake_hardware_SDK/lib:/home/user/ros2_control_example/install/my_controller2/lib:/home/user/ros2_control_example/install/my_controller/lib:/home/user/ros2_control_example/install/multi_link_controller/lib:/usr/lib/x86_64-linux-gnu/gazebo-11/plugins:/opt/ros/humble/opt/rviz_ogre_vendor/lib:/opt/ros/humble/lib/x86_64-linux-gnu:/opt/ros/humble/lib /usr/bin/cmake --build /home/user/ros2_control_example/build/multi_link_controller -- -j8 -l8
[0.963s] DEBUG:colcon.colcon_core.event_handler.log_command:Invoked command in '/home/user/ros2_control_example/build/my_controller2' returned '0': CMAKE_PREFIX_PATH=/home/user/ros2_control_example/install/custom_interfaces:/home/user/ros2_control_example/install/robot_model:/home/user/ros2_control_example/install/my_hardware_interface:/home/user/ros2_control_example/install/my_fake_hardware_SDK:/home/user/ros2_control_example/install/my_controller2:/home/user/ros2_control_example/install/my_controller:/home/user/ros2_control_example/install/multi_link_controller:/opt/ros/humble LD_LIBRARY_PATH=/home/user/ros2_control_example/install/custom_interfaces/lib:/home/user/ros2_control_example/install/my_hardware_interface/lib:/home/user/ros2_control_example/install/my_fake_hardware_SDK/lib:/home/user/ros2_control_example/install/my_controller2/lib:/home/user/ros2_control_example/install/my_controller/lib:/home/user/ros2_control_example/install/multi_link_controller/lib:/usr/lib/x86_64-linux-gnu/gazebo-11/plugins:/opt/ros/humble/opt/rviz_ogre_vendor/lib:/opt/ros/humble/lib/x86_64-linux-gnu:/opt/ros/humble/lib /usr/bin/cmake --build /home/user/ros2_control_example/build/my_controller2 -- -j8 -l8
[0.979s] DEBUG:colcon.colcon_core.event_handler.log_command:Invoking command in '/home/user/ros2_control_example/build/multi_link_controller': CMAKE_PREFIX_PATH=/home/user/ros2_control_example/install/custom_interfaces:/home/user/ros2_control_example/install/robot_model:/home/user/ros2_control_example/install/my_hardware_interface:/home/user/ros2_control_example/install/my_fake_hardware_SDK:/home/user/ros2_control_example/install/my_controller2:/home/user/ros2_control_example/install/my_controller:/home/user/ros2_control_example/install/multi_link_controller:/opt/ros/humble LD_LIBRARY_PATH=/home/user/ros2_control_example/install/custom_interfaces/lib:/home/user/ros2_control_example/install/my_hardware_interface/lib:/home/user/ros2_control_example/install/my_fake_hardware_SDK/lib:/home/user/ros2_control_example/install/my_controller2/lib:/home/user/ros2_control_example/install/my_controller/lib:/home/user/ros2_control_example/install/multi_link_controller/lib:/usr/lib/x86_64-linux-gnu/gazebo-11/plugins:/opt/ros/humble/opt/rviz_ogre_vendor/lib:/opt/ros/humble/lib/x86_64-linux-gnu:/opt/ros/humble/lib /usr/bin/cmake --install /home/user/ros2_control_example/build/multi_link_controller
[0.980s] DEBUG:colcon.colcon_core.event_handler.log_command:Invoking command in '/home/user/ros2_control_example/build/my_controller2': CMAKE_PREFIX_PATH=/home/user/ros2_control_example/install/custom_interfaces:/home/user/ros2_control_example/install/robot_model:/home/user/ros2_control_example/install/my_hardware_interface:/home/user/ros2_control_example/install/my_fake_hardware_SDK:/home/user/ros2_control_example/install/my_controller2:/home/user/ros2_control_example/install/my_controller:/home/user/ros2_control_example/install/multi_link_controller:/opt/ros/humble LD_LIBRARY_PATH=/home/user/ros2_control_example/install/custom_interfaces/lib:/home/user/ros2_control_example/install/my_hardware_interface/lib:/home/user/ros2_control_example/install/my_fake_hardware_SDK/lib:/home/user/ros2_control_example/install/my_controller2/lib:/home/user/ros2_control_example/install/my_controller/lib:/home/user/ros2_control_example/install/multi_link_controller/lib:/usr/lib/x86_64-linux-gnu/gazebo-11/plugins:/opt/ros/humble/opt/rviz_ogre_vendor/lib:/opt/ros/humble/lib/x86_64-linux-gnu:/opt/ros/humble/lib /usr/bin/cmake --install /home/user/ros2_control_example/build/my_controller2
[0.988s] Level 1:colcon.colcon_core.environment:create_environment_scripts_only(multi_link_controller)
[0.989s] Level 1:colcon.colcon_core.environment:checking '/home/user/ros2_control_example/install/multi_link_controller' for CMake module files
[0.990s] DEBUG:colcon.colcon_core.event_handler.log_command:Invoked command in '/home/user/ros2_control_example/build/multi_link_controller' returned '0': CMAKE_PREFIX_PATH=/home/user/ros2_control_example/install/custom_interfaces:/home/user/ros2_control_example/install/robot_model:/home/user/ros2_control_example/install/my_hardware_interface:/home/user/ros2_control_example/install/my_fake_hardware_SDK:/home/user/ros2_control_example/install/my_controller2:/home/user/ros2_control_example/install/my_controller:/home/user/ros2_control_example/install/multi_link_controller:/opt/ros/humble LD_LIBRARY_PATH=/home/user/ros2_control_example/install/custom_interfaces/lib:/home/user/ros2_control_example/install/my_hardware_interface/lib:/home/user/ros2_control_example/install/my_fake_hardware_SDK/lib:/home/user/ros2_control_example/install/my_controller2/lib:/home/user/ros2_control_example/install/my_controller/lib:/home/user/ros2_control_example/install/multi_link_controller/lib:/usr/lib/x86_64-linux-gnu/gazebo-11/plugins:/opt/ros/humble/opt/rviz_ogre_vendor/lib:/opt/ros/humble/lib/x86_64-linux-gnu:/opt/ros/humble/lib /usr/bin/cmake --install /home/user/ros2_control_example/build/multi_link_controller
[0.990s] Level 1:colcon.colcon_core.environment:checking '/home/user/ros2_control_example/install/multi_link_controller' for CMake config files
[0.990s] Level 1:colcon.colcon_core.shell:create_environment_hook('multi_link_controller', 'cmake_prefix_path')
[0.991s] INFO:colcon.colcon_core.shell:Creating environment hook '/home/user/ros2_control_example/install/multi_link_controller/share/multi_link_controller/hook/cmake_prefix_path.ps1'
[0.992s] INFO:colcon.colcon_core.shell:Creating environment descriptor '/home/user/ros2_control_example/install/multi_link_controller/share/multi_link_controller/hook/cmake_prefix_path.dsv'
[0.992s] INFO:colcon.colcon_core.shell:Creating environment hook '/home/user/ros2_control_example/install/multi_link_controller/share/multi_link_controller/hook/cmake_prefix_path.sh'
[0.992s] Level 1:colcon.colcon_core.environment:checking '/home/user/ros2_control_example/install/multi_link_controller/lib'
[0.992s] Level 1:colcon.colcon_core.shell:create_environment_hook('multi_link_controller', 'ld_library_path_lib')
[0.993s] INFO:colcon.colcon_core.shell:Creating environment hook '/home/user/ros2_control_example/install/multi_link_controller/share/multi_link_controller/hook/ld_library_path_lib.ps1'
[0.994s] INFO:colcon.colcon_core.shell:Creating environment descriptor '/home/user/ros2_control_example/install/multi_link_controller/share/multi_link_controller/hook/ld_library_path_lib.dsv'
[0.994s] INFO:colcon.colcon_core.shell:Creating environment hook '/home/user/ros2_control_example/install/multi_link_controller/share/multi_link_controller/hook/ld_library_path_lib.sh'
[0.994s] Level 1:colcon.colcon_core.environment:checking '/home/user/ros2_control_example/install/multi_link_controller/bin'
[0.994s] Level 1:colcon.colcon_core.environment:checking '/home/user/ros2_control_example/install/multi_link_controller/lib/pkgconfig/multi_link_controller.pc'
[0.994s] Level 1:colcon.colcon_core.environment:checking '/home/user/ros2_control_example/install/multi_link_controller/lib/python3.10/site-packages'
[0.994s] Level 1:colcon.colcon_core.environment:checking '/home/user/ros2_control_example/install/multi_link_controller/bin'
[0.995s] INFO:colcon.colcon_core.shell:Creating package script '/home/user/ros2_control_example/install/multi_link_controller/share/multi_link_controller/package.ps1'
[0.996s] INFO:colcon.colcon_core.shell:Creating package descriptor '/home/user/ros2_control_example/install/multi_link_controller/share/multi_link_controller/package.dsv'
[0.996s] INFO:colcon.colcon_core.shell:Creating package script '/home/user/ros2_control_example/install/multi_link_controller/share/multi_link_controller/package.sh'
[0.996s] INFO:colcon.colcon_core.shell:Creating package script '/home/user/ros2_control_example/install/multi_link_controller/share/multi_link_controller/package.bash'
[0.997s] INFO:colcon.colcon_core.shell:Creating package script '/home/user/ros2_control_example/install/multi_link_controller/share/multi_link_controller/package.zsh'
[0.997s] Level 1:colcon.colcon_core.environment:create_file_with_runtime_dependencies(/home/user/ros2_control_example/install/multi_link_controller/share/colcon-core/packages/multi_link_controller)
[0.998s] Level 1:colcon.colcon_core.environment:create_environment_scripts_only(my_controller2)
[0.999s] Level 1:colcon.colcon_core.environment:checking '/home/user/ros2_control_example/install/my_controller2' for CMake module files
[0.999s] DEBUG:colcon.colcon_core.event_handler.log_command:Invoked command in '/home/user/ros2_control_example/build/my_controller2' returned '0': CMAKE_PREFIX_PATH=/home/user/ros2_control_example/install/custom_interfaces:/home/user/ros2_control_example/install/robot_model:/home/user/ros2_control_example/install/my_hardware_interface:/home/user/ros2_control_example/install/my_fake_hardware_SDK:/home/user/ros2_control_example/install/my_controller2:/home/user/ros2_control_example/install/my_controller:/home/user/ros2_control_example/install/multi_link_controller:/opt/ros/humble LD_LIBRARY_PATH=/home/user/ros2_control_example/install/custom_interfaces/lib:/home/user/ros2_control_example/install/my_hardware_interface/lib:/home/user/ros2_control_example/install/my_fake_hardware_SDK/lib:/home/user/ros2_control_example/install/my_controller2/lib:/home/user/ros2_control_example/install/my_controller/lib:/home/user/ros2_control_example/install/multi_link_controller/lib:/usr/lib/x86_64-linux-gnu/gazebo-11/plugins:/opt/ros/humble/opt/rviz_ogre_vendor/lib:/opt/ros/humble/lib/x86_64-linux-gnu:/opt/ros/humble/lib /usr/bin/cmake --install /home/user/ros2_control_example/build/my_controller2
[1.000s] Level 1:colcon.colcon_core.environment:checking '/home/user/ros2_control_example/install/my_controller2' for CMake config files
[1.000s] Level 1:colcon.colcon_core.shell:create_environment_hook('my_controller2', 'cmake_prefix_path')
[1.001s] INFO:colcon.colcon_core.shell:Creating environment hook '/home/user/ros2_control_example/install/my_controller2/share/my_controller2/hook/cmake_prefix_path.ps1'
[1.001s] INFO:colcon.colcon_core.shell:Creating environment descriptor '/home/user/ros2_control_example/install/my_controller2/share/my_controller2/hook/cmake_prefix_path.dsv'
[1.002s] INFO:colcon.colcon_core.shell:Creating environment hook '/home/user/ros2_control_example/install/my_controller2/share/my_controller2/hook/cmake_prefix_path.sh'
[1.002s] Level 1:colcon.colcon_core.environment:checking '/home/user/ros2_control_example/install/my_controller2/lib'
[1.002s] Level 1:colcon.colcon_core.shell:create_environment_hook('my_controller2', 'ld_library_path_lib')
[1.003s] INFO:colcon.colcon_core.shell:Creating environment hook '/home/user/ros2_control_example/install/my_controller2/share/my_controller2/hook/ld_library_path_lib.ps1'
[1.003s] INFO:colcon.colcon_core.shell:Creating environment descriptor '/home/user/ros2_control_example/install/my_controller2/share/my_controller2/hook/ld_library_path_lib.dsv'
[1.004s] INFO:colcon.colcon_core.shell:Creating environment hook '/home/user/ros2_control_example/install/my_controller2/share/my_controller2/hook/ld_library_path_lib.sh'
[1.004s] Level 1:colcon.colcon_core.environment:checking '/home/user/ros2_control_example/install/my_controller2/bin'
[1.004s] Level 1:colcon.colcon_core.environment:checking '/home/user/ros2_control_example/install/my_controller2/lib/pkgconfig/my_controller2.pc'
[1.004s] Level 1:colcon.colcon_core.environment:checking '/home/user/ros2_control_example/install/my_controller2/lib/python3.10/site-packages'
[1.004s] Level 1:colcon.colcon_core.environment:checking '/home/user/ros2_control_example/install/my_controller2/bin'
[1.006s] INFO:colcon.colcon_core.shell:Creating package script '/home/user/ros2_control_example/install/my_controller2/share/my_controller2/package.ps1'
[1.006s] INFO:colcon.colcon_core.shell:Creating package descriptor '/home/user/ros2_control_example/install/my_controller2/share/my_controller2/package.dsv'
[1.006s] INFO:colcon.colcon_core.shell:Creating package script '/home/user/ros2_control_example/install/my_controller2/share/my_controller2/package.sh'
[1.007s] INFO:colcon.colcon_core.shell:Creating package script '/home/user/ros2_control_example/install/my_controller2/share/my_controller2/package.bash'
[1.007s] INFO:colcon.colcon_core.shell:Creating package script '/home/user/ros2_control_example/install/my_controller2/share/my_controller2/package.zsh'
[1.007s] Level 1:colcon.colcon_core.environment:create_file_with_runtime_dependencies(/home/user/ros2_control_example/install/my_controller2/share/colcon-core/packages/my_controller2)
[1.014s] Level 1:colcon.colcon_core.environment:create_environment_scripts_only(multi_link_controller)
[1.016s] Level 1:colcon.colcon_core.environment:checking '/home/user/ros2_control_example/install/multi_link_controller' for CMake module files
[1.016s] Level 1:colcon.colcon_core.environment:checking '/home/user/ros2_control_example/install/multi_link_controller' for CMake config files
[1.017s] Level 1:colcon.colcon_core.shell:create_environment_hook('multi_link_controller', 'cmake_prefix_path')
[1.018s] INFO:colcon.colcon_core.shell:Creating environment hook '/home/user/ros2_control_example/install/multi_link_controller/share/multi_link_controller/hook/cmake_prefix_path.ps1'
[1.018s] INFO:colcon.colcon_core.shell:Creating environment descriptor '/home/user/ros2_control_example/install/multi_link_controller/share/multi_link_controller/hook/cmake_prefix_path.dsv'
[1.018s] INFO:colcon.colcon_core.shell:Creating environment hook '/home/user/ros2_control_example/install/multi_link_controller/share/multi_link_controller/hook/cmake_prefix_path.sh'
[1.019s] Level 1:colcon.colcon_core.environment:checking '/home/user/ros2_control_example/install/multi_link_controller/lib'
[1.019s] Level 1:colcon.colcon_core.shell:create_environment_hook('multi_link_controller', 'ld_library_path_lib')
[1.021s] INFO:colcon.colcon_core.shell:Creating environment hook '/home/user/ros2_control_example/install/multi_link_controller/share/multi_link_controller/hook/ld_library_path_lib.ps1'
[1.021s] INFO:colcon.colcon_core.shell:Creating environment descriptor '/home/user/ros2_control_example/install/multi_link_controller/share/multi_link_controller/hook/ld_library_path_lib.dsv'
[1.021s] INFO:colcon.colcon_core.shell:Creating environment hook '/home/user/ros2_control_example/install/multi_link_controller/share/multi_link_controller/hook/ld_library_path_lib.sh'
[1.021s] Level 1:colcon.colcon_core.environment:checking '/home/user/ros2_control_example/install/multi_link_controller/bin'
[1.021s] Level 1:colcon.colcon_core.environment:checking '/home/user/ros2_control_example/install/multi_link_controller/lib/pkgconfig/multi_link_controller.pc'
[1.022s] Level 1:colcon.colcon_core.environment:checking '/home/user/ros2_control_example/install/multi_link_controller/lib/python3.10/site-packages'
[1.022s] Level 1:colcon.colcon_core.environment:checking '/home/user/ros2_control_example/install/multi_link_controller/bin'
[1.023s] INFO:colcon.colcon_core.shell:Creating package script '/home/user/ros2_control_example/install/multi_link_controller/share/multi_link_controller/package.ps1'
[1.023s] INFO:colcon.colcon_core.shell:Creating package descriptor '/home/user/ros2_control_example/install/multi_link_controller/share/multi_link_controller/package.dsv'
[1.024s] INFO:colcon.colcon_core.shell:Creating package script '/home/user/ros2_control_example/install/multi_link_controller/share/multi_link_controller/package.sh'
[1.024s] INFO:colcon.colcon_core.shell:Creating package script '/home/user/ros2_control_example/install/multi_link_controller/share/multi_link_controller/package.bash'
[1.025s] INFO:colcon.colcon_core.shell:Creating package script '/home/user/ros2_control_example/install/multi_link_controller/share/multi_link_controller/package.zsh'
[1.025s] Level 1:colcon.colcon_core.environment:create_file_with_runtime_dependencies(/home/user/ros2_control_example/install/multi_link_controller/share/colcon-core/packages/multi_link_controller)
[1.027s] Level 1:colcon.colcon_core.environment:create_environment_scripts_only(my_controller2)
[1.029s] Level 1:colcon.colcon_core.environment:checking '/home/user/ros2_control_example/install/my_controller2' for CMake module files
[1.029s] Level 1:colcon.colcon_core.environment:checking '/home/user/ros2_control_example/install/my_controller2' for CMake config files
[1.029s] Level 1:colcon.colcon_core.shell:create_environment_hook('my_controller2', 'cmake_prefix_path')
[1.030s] INFO:colcon.colcon_core.shell:Creating environment hook '/home/user/ros2_control_example/install/my_controller2/share/my_controller2/hook/cmake_prefix_path.ps1'
[1.031s] INFO:colcon.colcon_core.shell:Creating environment descriptor '/home/user/ros2_control_example/install/my_controller2/share/my_controller2/hook/cmake_prefix_path.dsv'
[1.031s] INFO:colcon.colcon_core.shell:Creating environment hook '/home/user/ros2_control_example/install/my_controller2/share/my_controller2/hook/cmake_prefix_path.sh'
[1.031s] Level 1:colcon.colcon_core.environment:checking '/home/user/ros2_control_example/install/my_controller2/lib'
[1.032s] Level 1:colcon.colcon_core.shell:create_environment_hook('my_controller2', 'ld_library_path_lib')
[1.033s] INFO:colcon.colcon_core.shell:Creating environment hook '/home/user/ros2_control_example/install/my_controller2/share/my_controller2/hook/ld_library_path_lib.ps1'
[1.033s] INFO:colcon.colcon_core.shell:Creating environment descriptor '/home/user/ros2_control_example/install/my_controller2/share/my_controller2/hook/ld_library_path_lib.dsv'
[1.033s] INFO:colcon.colcon_core.shell:Creating environment hook '/home/user/ros2_control_example/install/my_controller2/share/my_controller2/hook/ld_library_path_lib.sh'
[1.033s] Level 1:colcon.colcon_core.environment:checking '/home/user/ros2_control_example/install/my_controller2/bin'
[1.033s] Level 1:colcon.colcon_core.environment:checking '/home/user/ros2_control_example/install/my_controller2/lib/pkgconfig/my_controller2.pc'
[1.034s] Level 1:colcon.colcon_core.environment:checking '/home/user/ros2_control_example/install/my_controller2/lib/python3.10/site-packages'
[1.034s] Level 1:colcon.colcon_core.environment:checking '/home/user/ros2_control_example/install/my_controller2/bin'
[1.035s] INFO:colcon.colcon_core.shell:Creating package script '/home/user/ros2_control_example/install/my_controller2/share/my_controller2/package.ps1'
[1.036s] INFO:colcon.colcon_core.shell:Creating package descriptor '/home/user/ros2_control_example/install/my_controller2/share/my_controller2/package.dsv'
[1.036s] INFO:colcon.colcon_core.shell:Creating package script '/home/user/ros2_control_example/install/my_controller2/share/my_controller2/package.sh'
[1.037s] INFO:colcon.colcon_core.shell:Creating package script '/home/user/ros2_control_example/install/my_controller2/share/my_controller2/package.bash'
[1.037s] INFO:colcon.colcon_core.shell:Creating package script '/home/user/ros2_control_example/install/my_controller2/share/my_controller2/package.zsh'
[1.037s] Level 1:colcon.colcon_core.environment:create_file_with_runtime_dependencies(/home/user/ros2_control_example/install/my_controller2/share/colcon-core/packages/my_controller2)
[1.037s] DEBUG:colcon.colcon_parallel_executor.executor.parallel:closing loop
[1.038s] DEBUG:colcon.colcon_parallel_executor.executor.parallel:loop closed
[1.038s] DEBUG:colcon.colcon_parallel_executor.executor.parallel:run_until_complete finished with '0'
[1.038s] DEBUG:colcon.colcon_core.event_reactor:joining thread
[1.042s] INFO:colcon.colcon_core.plugin_system:Skipping extension 'colcon_notification.desktop_notification.terminal_notifier': Not used on non-Darwin systems
[1.042s] INFO:colcon.colcon_core.plugin_system:Skipping extension 'colcon_notification.desktop_notification.win32': Not used on non-Windows systems
[1.042s] INFO:colcon.colcon_notification.desktop_notification:Sending desktop notification using 'notify2'
[1.050s] DEBUG:colcon.colcon_core.event_reactor:joined thread
[1.051s] INFO:colcon.colcon_core.shell:Creating prefix script '/home/user/ros2_control_example/install/local_setup.ps1'
[1.052s] INFO:colcon.colcon_core.shell:Creating prefix util module '/home/user/ros2_control_example/install/_local_setup_util_ps1.py'
[1.053s] INFO:colcon.colcon_core.shell:Creating prefix chain script '/home/user/ros2_control_example/install/setup.ps1'
[1.054s] INFO:colcon.colcon_core.shell:Creating prefix script '/home/user/ros2_control_example/install/local_setup.sh'
[1.055s] INFO:colcon.colcon_core.shell:Creating prefix util module '/home/user/ros2_control_example/install/_local_setup_util_sh.py'
[1.055s] INFO:colcon.colcon_core.shell:Creating prefix chain script '/home/user/ros2_control_example/install/setup.sh'
[1.056s] INFO:colcon.colcon_core.shell:Creating prefix script '/home/user/ros2_control_example/install/local_setup.bash'
[1.057s] INFO:colcon.colcon_core.shell:Creating prefix chain script '/home/user/ros2_control_example/install/setup.bash'
[1.058s] INFO:colcon.colcon_core.shell:Creating prefix script '/home/user/ros2_control_example/install/local_setup.zsh'
[1.058s] INFO:colcon.colcon_core.shell:Creating prefix chain script '/home/user/ros2_control_example/install/setup.zsh'
