[0.009s] Invoking command in '/home/user/ros2_control_example/build/custom_interfaces': CMAKE_PREFIX_PATH=/opt/ros/humble /usr/bin/cmake /home/user/ros2_control_example/src/custom_interfaces -DCMAKE_INSTALL_PREFIX=/home/user/ros2_control_example/install/custom_interfaces
[0.100s] -- The C compiler identification is GNU 11.3.0
[0.152s] -- The CXX compiler identification is GNU 11.3.0
[0.166s] -- Detecting C compiler ABI info
[0.219s] -- Detecting C compiler ABI info - done
[0.225s] -- Check for working C compiler: /usr/bin/cc - skipped
[0.226s] -- Detecting C compile features
[0.226s] -- Detecting C compile features - done
[0.230s] -- Detecting CXX compiler ABI info
[0.278s] -- Detecting CXX compiler ABI info - done
[0.284s] -- Check for working CXX compiler: /usr/bin/c++ - skipped
[0.284s] -- Detecting CXX compile features
[0.284s] -- Detecting CXX compile features - done
[0.304s] -- Found ament_cmake: 1.3.3 (/opt/ros/humble/share/ament_cmake/cmake)
[0.431s] -- Found Python3: /usr/bin/python3.10 (found version "3.10.6") found components: Interpreter 
[0.549s] -- Found std_msgs: 4.2.2 (/opt/ros/humble/share/std_msgs/cmake)
[0.637s] -- Found rosidl_generator_c: 3.1.4 (/opt/ros/humble/share/rosidl_generator_c/cmake)
[0.644s] -- Found rosidl_adapter: 3.1.4 (/opt/ros/humble/share/rosidl_adapter/cmake)
[0.656s] -- Found rosidl_generator_cpp: 3.1.4 (/opt/ros/humble/share/rosidl_generator_cpp/cmake)
[0.680s] -- Using all available rosidl_typesupport_c: rosidl_typesupport_fastrtps_c;rosidl_typesupport_introspection_c
[0.705s] -- Using all available rosidl_typesupport_cpp: rosidl_typesupport_fastrtps_cpp;rosidl_typesupport_introspection_cpp
[0.768s] -- Found rosidl_default_generators: 1.2.0 (/opt/ros/humble/share/rosidl_default_generators/cmake)
[0.778s] [31mCMake Error at /opt/ros/humble/share/rosidl_cmake/cmake/rosidl_generate_interfaces.cmake:93 (message):
[0.778s]   rosidl_generate_interfaces() the passed file 'msg/Num.msg' doesn't exist
[0.778s]   relative to the CMAKE_CURRENT_SOURCE_DIR
[0.778s]   '/home/user/ros2_control_example/src/custom_interfaces'
[0.778s] Call Stack (most recent call first):
[0.779s]   CMakeLists.txt:17 (rosidl_generate_interfaces)
[0.779s] 
[0.779s] [0m
[0.779s] -- Configuring incomplete, errors occurred!
[0.779s] See also "/home/user/ros2_control_example/build/custom_interfaces/CMakeFiles/CMakeOutput.log".
[0.783s] Invoked command in '/home/user/ros2_control_example/build/custom_interfaces' returned '1': CMAKE_PREFIX_PATH=/opt/ros/humble /usr/bin/cmake /home/user/ros2_control_example/src/custom_interfaces -DCMAKE_INSTALL_PREFIX=/home/user/ros2_control_example/install/custom_interfaces
