In file included from [01m[K/home/user/ros2_control_example/src/my_hardware_interface/src/my_hardware_interface.cpp:7[m[K:
[01m[K/home/user/ros2_control_example/src/my_hardware_interface/include/my_hardware_interface/my_hardware_interface.hpp:52:44:[m[K [01;35m[Kwarning: [m[Kextra ‘[01m[K;[m[K’ [[01;35m[K]8;;https://gcc.gnu.org/onlinedocs/gcc/Warning-Options.html#index-Wpedantic-Wpedantic]8;;[m[K]
   52 |   RCLCPP_SHARED_PTR_DEFINITIONS(MyHardware)[01;35m[K;[m[K // This is to make a shared pointer from this class.
      |                                            [01;35m[K^[m[K
      |                                            [31m[K-[m[K
[01m[K/home/user/ros2_control_example/src/my_hardware_interface/include/my_hardware_interface/my_hardware_interface.hpp:64:15:[m[K [01;31m[Kerror: [m[K‘[01m[Khardware_interface::return_type my_hardwares::MyHardware::read()[m[K’ marked ‘[01m[Koverride[m[K’, but does not override
   64 |   return_type [01;31m[Kread[m[K() override;
      |               [01;31m[K^~~~[m[K
[01m[K/home/user/ros2_control_example/src/my_hardware_interface/include/my_hardware_interface/my_hardware_interface.hpp:66:15:[m[K [01;31m[Kerror: [m[K‘[01m[Khardware_interface::return_type my_hardwares::MyHardware::write()[m[K’ marked ‘[01m[Koverride[m[K’, but does not override
   66 |   return_type [01;31m[Kwrite[m[K() override;
      |               [01;31m[K^~~~~[m[K
[01m[K/home/user/ros2_control_example/src/my_hardware_interface/src/my_hardware_interface.cpp:22:1:[m[K [01;31m[Kerror: [m[K‘[01m[KCallbackReturn[m[K’ does not name a type
   22 | [01;31m[KCallbackReturn[m[K MyHardware::on_init(const hardware_interface::HardwareInfo & info) // info has all information passed in from .yaml
      | [01;31m[K^~~~~~~~~~~~~~[m[K
[01m[K/home/user/ros2_control_example/src/my_hardware_interface/src/my_hardware_interface.cpp:124:1:[m[K [01;31m[Kerror: [m[K‘[01m[KCallbackReturn[m[K’ does not name a type
  124 | [01;31m[KCallbackReturn[m[K MyHardware::on_activate(const rclcpp_lifecycle::State & previous_state)
      | [01;31m[K^~~~~~~~~~~~~~[m[K
[01m[K/home/user/ros2_control_example/src/my_hardware_interface/src/my_hardware_interface.cpp:147:1:[m[K [01;31m[Kerror: [m[K‘[01m[KCallbackReturn[m[K’ does not name a type
  147 | [01;31m[KCallbackReturn[m[K MyHardware::on_deactivate(const rclcpp_lifecycle::State & previous_state)
      | [01;31m[K^~~~~~~~~~~~~~[m[K
[01m[K/home/user/ros2_control_example/src/my_hardware_interface/src/my_hardware_interface.cpp:[m[K In member function ‘[01m[Khardware_interface::return_type my_hardwares::MyHardware::read()[m[K’:
[01m[K/home/user/ros2_control_example/src/my_hardware_interface/src/my_hardware_interface.cpp:162:24:[m[K [01;31m[Kerror: [m[K‘[01m[Kids[m[K’ was not declared in this scope
  162 |   for (uint i = 0; i < [01;31m[Kids[m[K.size(); i++) {
      |                        [01;31m[K^~~[m[K
[01m[K/home/user/ros2_control_example/src/my_hardware_interface/src/my_hardware_interface.cpp:[m[K In member function ‘[01m[Khardware_interface::return_type my_hardwares::MyHardware::write()[m[K’:
[01m[K/home/user/ros2_control_example/src/my_hardware_interface/src/my_hardware_interface.cpp:191:92:[m[K [01;31m[Kerror: [m[Kcannot convert ‘[01m[Kconst char**[m[K’ to ‘[01m[Kstd::string[m[K’ {aka ‘[01m[Kstd::__cxx11::basic_string<char>[m[K’}
  191 | write_velocity_data(joint_ids_[i], joints_[i].command.velocity, [01;31m[K&log[m[K)){
      |                                                                 [01;31m[K^~~~[m[K
      |                                                                 [01;31m[K|[m[K
      |                                                                 [01;31m[Kconst char**[m[K

In file included from [01m[K/home/user/ros2_control_example/src/my_hardware_interface/include/my_hardware_interface/my_hardware_interface.hpp:13[m[K,
                 from [01m[K/home/user/ros2_control_example/src/my_hardware_interface/src/my_hardware_interface.cpp:7[m[K:
[01m[K/home/user/ros2_control_example/install/my_fake_hardware_SDK/include/my_fake_hardware_SDK/my_fake_hardware_SDK.hpp:13:73:[m[K [01;36m[Knote: [m[K  initializing argument 3 of ‘[01m[Kbool MyFakeHardware::write_velocity_data(int, double, std::string)[m[K’
   13 | ol write_velocity_data(int component_id, double data, [01;36m[Kstd::string Log[m[K);
      |                                                       [01;36m[K~~~~~~~~~~~~^~~[m[K

[01m[K/home/user/ros2_control_example/src/my_hardware_interface/src/my_hardware_interface.cpp:198:92:[m[K [01;31m[Kerror: [m[Kcannot convert ‘[01m[Kconst char**[m[K’ to ‘[01m[Kstd::string[m[K’ {aka ‘[01m[Kstd::__cxx11::basic_string<char>[m[K’}
  198 | write_position_data(joint_ids_[i], joints_[i].command.position, [01;31m[K&log[m[K)){
      |                                                                 [01;31m[K^~~~[m[K
      |                                                                 [01;31m[K|[m[K
      |                                                                 [01;31m[Kconst char**[m[K

In file included from [01m[K/home/user/ros2_control_example/src/my_hardware_interface/include/my_hardware_interface/my_hardware_interface.hpp:13[m[K,
                 from [01m[K/home/user/ros2_control_example/src/my_hardware_interface/src/my_hardware_interface.cpp:7[m[K:
[01m[K/home/user/ros2_control_example/install/my_fake_hardware_SDK/include/my_fake_hardware_SDK/my_fake_hardware_SDK.hpp:12:73:[m[K [01;36m[Knote: [m[K  initializing argument 3 of ‘[01m[Kbool MyFakeHardware::write_position_data(int, double, std::string)[m[K’
   12 | ol write_position_data(int component_id, double data, [01;36m[Kstd::string Log[m[K);
      |                                                       [01;36m[K~~~~~~~~~~~~^~~[m[K

In file included from [01m[K/opt/ros/humble/include/class_loader/class_loader/class_loader_core.hpp:57[m[K,
                 from [01m[K/opt/ros/humble/include/class_loader/class_loader/class_loader.hpp:55[m[K,
                 from [01m[K/opt/ros/humble/include/pluginlib/pluginlib/class_list_macros.hpp:40[m[K,
                 from [01m[K/home/user/ros2_control_example/src/my_hardware_interface/src/my_hardware_interface.cpp:224[m[K:
/opt/ros/humble/include/class_loader/class_loader/meta_object.hpp: In instantiation of ‘[01m[KB* class_loader::impl::MetaObject<C, B>::create() const [with C = my_hardwares::MyHardware; B = hardware_interface::SystemInterface][m[K’:
[01m[K/opt/ros/humble/include/class_loader/class_loader/meta_object.hpp:216:7:[m[K   required from here
[01m[K/opt/ros/humble/include/class_loader/class_loader/meta_object.hpp:218:12:[m[K [01;31m[Kerror: [m[Kinvalid new-expression of abstract class type ‘[01m[Kmy_hardwares::MyHardware[m[K’
  218 |     return [01;31m[Knew C[m[K;
      |            [01;31m[K^~~~~[m[K
In file included from [01m[K/home/user/ros2_control_example/src/my_hardware_interface/src/my_hardware_interface.cpp:7[m[K:
[01m[K/home/user/ros2_control_example/src/my_hardware_interface/include/my_hardware_interface/my_hardware_interface.hpp:48:7:[m[K [01;36m[Knote: [m[K  because the following virtual functions are pure within ‘[01m[Kmy_hardwares::MyHardware[m[K’:
   48 | class [01;36m[KMyHardware[m[K
      |       [01;36m[K^~~~~~~~~~[m[K
In file included from [01m[K/home/user/ros2_control_example/src/my_hardware_interface/include/my_hardware_interface/my_hardware_interface.hpp:9[m[K,
                 from [01m[K/home/user/ros2_control_example/src/my_hardware_interface/src/my_hardware_interface.cpp:7[m[K:
[01m[K/opt/ros/humble/include/hardware_interface/system_interface.hpp:173:23:[m[K [01;36m[Knote: [m[K    ‘[01m[Kvirtual hardware_interface::return_type hardware_interface::SystemInterface::read(const rclcpp::Time&, const rclcpp::Duration&)[m[K’
  173 |   virtual return_type [01;36m[Kread[m[K(const rclcpp::Time & time, const rclcpp::Duration & period) = 0;
      |                       [01;36m[K^~~~[m[K
[01m[K/opt/ros/humble/include/hardware_interface/system_interface.hpp:184:23:[m[K [01;36m[Knote: [m[K    ‘[01m[Kvirtual hardware_interface::return_type hardware_interface::SystemInterface::write(const rclcpp::Time&, const rclcpp::Duration&)[m[K’
  184 |   virtual return_type [01;36m[Kwrite[m[K(const rclcpp::Time & time, const rclcpp::Duration & period) = 0;
      |                       [01;36m[K^~~~~[m[K
gmake[2]: *** [CMakeFiles/my_hardware_interface.dir/build.make:76: CMakeFiles/my_hardware_interface.dir/src/my_hardware_interface.cpp.o] Error 1
gmake[1]: *** [CMakeFiles/Makefile2:137: CMakeFiles/my_hardware_interface.dir/all] Error 2
gmake: *** [Makefile:146: all] Error 2
