[0.019s] Invoking command in '/home/user/ros2_control_example/build/my_hardware_interface': AMENT_PREFIX_PATH=/home/user/ros2_control_example/install/my_fake_hardware_SDK:${AMENT_PREFIX_PATH} CMAKE_PREFIX_PATH=/home/user/ros2_control_example/install/my_fake_hardware_SDK:/opt/ros/humble LD_LIBRARY_PATH=/home/user/ros2_control_example/install/my_fake_hardware_SDK/lib:${LD_LIBRARY_PATH} /usr/bin/cmake /home/user/ros2_control_example/src/my_hardware_interface -DCMAKE_INSTALL_PREFIX=/home/user/ros2_control_example/install/my_hardware_interface
[0.106s] -- The C compiler identification is GNU 11.3.0
[0.172s] -- The CXX compiler identification is GNU 11.3.0
[0.179s] -- Detecting C compiler ABI info
[0.232s] -- Detecting C compiler ABI info - done
[0.239s] -- Check for working C compiler: /usr/bin/cc - skipped
[0.240s] -- Detecting C compile features
[0.240s] -- Detecting C compile features - done
[0.243s] -- Detecting CXX compiler ABI info
[0.306s] -- Detecting CXX compiler ABI info - done
[0.312s] -- Check for working CXX compiler: /usr/bin/c++ - skipped
[0.312s] -- Detecting CXX compile features
[0.313s] -- Detecting CXX compile features - done
[0.317s] -- Found ament_cmake: 1.3.3 (/opt/ros/humble/share/ament_cmake/cmake)
[0.495s] -- Found Python3: /usr/bin/python3.10 (found version "3.10.6") found components: Interpreter 
[0.615s] -- Found rclcpp: 16.0.3 (/opt/ros/humble/share/rclcpp/cmake)
[0.710s] -- Found rosidl_generator_c: 3.1.4 (/opt/ros/humble/share/rosidl_generator_c/cmake)
[0.718s] -- Found rosidl_adapter: 3.1.4 (/opt/ros/humble/share/rosidl_adapter/cmake)
[0.731s] -- Found rosidl_generator_cpp: 3.1.4 (/opt/ros/humble/share/rosidl_generator_cpp/cmake)
[0.756s] -- Using all available rosidl_typesupport_c: rosidl_typesupport_fastrtps_c;rosidl_typesupport_introspection_c
[0.781s] -- Using all available rosidl_typesupport_cpp: rosidl_typesupport_fastrtps_cpp;rosidl_typesupport_introspection_cpp
[0.867s] -- Found rmw_implementation_cmake: 6.1.1 (/opt/ros/humble/share/rmw_implementation_cmake/cmake)
[0.871s] -- Found rmw_fastrtps_cpp: 6.2.2 (/opt/ros/humble/share/rmw_fastrtps_cpp/cmake)
[0.974s] -- Found OpenSSL: /usr/lib/x86_64-linux-gnu/libcrypto.so (found version "3.0.2")  
[0.996s] -- Found FastRTPS: /opt/ros/humble/include  
[1.030s] -- Using RMW implementation 'rmw_fastrtps_cpp' as default
[1.047s] -- Looking for pthread.h
[1.092s] -- Looking for pthread.h - found
[1.092s] -- Performing Test CMAKE_HAVE_LIBC_PTHREAD
[1.137s] -- Performing Test CMAKE_HAVE_LIBC_PTHREAD - Success
[1.138s] -- Found Threads: TRUE  
[1.319s] -- Found pluginlib: 5.1.0 (/opt/ros/humble/share/pluginlib/cmake)
[1.349s] -- Found hardware_interface: 2.24.1 (/opt/ros/humble/share/hardware_interface/cmake)
[1.882s] -- Found my_fake_hardware_SDK: 0.0.0 (/home/user/ros2_control_example/install/my_fake_hardware_SDK/share/my_fake_hardware_SDK/cmake)
[1.940s] -- Found ament_lint_auto: 0.12.5 (/opt/ros/humble/share/ament_lint_auto/cmake)
[2.007s] -- Added test 'cppcheck' to perform static code analysis on C / C++ code
[2.007s] -- Configured cppcheck include dirs: /home/user/ros2_control_example/src/my_hardware_interface/include
[2.007s] -- Configured cppcheck exclude dirs and/or files: 
[2.009s] -- Added test 'lint_cmake' to check CMake code style
[2.010s] -- Added test 'uncrustify' to check C / C++ code style
[2.010s] -- Configured uncrustify additional arguments: 
[2.011s] -- Added test 'xmllint' to check XML markup files
[2.015s] -- Configuring done
[2.101s] -- Generating done
[2.102s] -- Build files have been written to: /home/user/ros2_control_example/build/my_hardware_interface
[2.110s] Invoked command in '/home/user/ros2_control_example/build/my_hardware_interface' returned '0': AMENT_PREFIX_PATH=/home/user/ros2_control_example/install/my_fake_hardware_SDK:${AMENT_PREFIX_PATH} CMAKE_PREFIX_PATH=/home/user/ros2_control_example/install/my_fake_hardware_SDK:/opt/ros/humble LD_LIBRARY_PATH=/home/user/ros2_control_example/install/my_fake_hardware_SDK/lib:${LD_LIBRARY_PATH} /usr/bin/cmake /home/user/ros2_control_example/src/my_hardware_interface -DCMAKE_INSTALL_PREFIX=/home/user/ros2_control_example/install/my_hardware_interface
[2.111s] Invoking command in '/home/user/ros2_control_example/build/my_hardware_interface': AMENT_PREFIX_PATH=/home/user/ros2_control_example/install/my_fake_hardware_SDK:${AMENT_PREFIX_PATH} CMAKE_PREFIX_PATH=/home/user/ros2_control_example/install/my_fake_hardware_SDK:/opt/ros/humble LD_LIBRARY_PATH=/home/user/ros2_control_example/install/my_fake_hardware_SDK/lib:${LD_LIBRARY_PATH} /usr/bin/cmake --build /home/user/ros2_control_example/build/my_hardware_interface -- -j8 -l8
[2.142s] [ 50%] [32mBuilding CXX object CMakeFiles/my_hardware_interface.dir/src/my_hardware_interface.cpp.o[0m
[2.944s] In file included from [01m[K/home/user/ros2_control_example/src/my_hardware_interface/src/my_hardware_interface.cpp:7[m[K:
[2.944s] [01m[K/home/user/ros2_control_example/src/my_hardware_interface/include/my_hardware_interface/my_hardware_interface.hpp:52:44:[m[K [01;35m[Kwarning: [m[Kextra ‘[01m[K;[m[K’ [[01;35m[K]8;;https://gcc.gnu.org/onlinedocs/gcc/Warning-Options.html#index-Wpedantic-Wpedantic]8;;[m[K]
[2.944s]    52 |   RCLCPP_SHARED_PTR_DEFINITIONS(MyHardware)[01;35m[K;[m[K // This is to make a shared pointer from this class.
[2.944s]       |                                            [01;35m[K^[m[K
[2.944s]       |                                            [31m[K-[m[K
[2.946s] [01m[K/home/user/ros2_control_example/src/my_hardware_interface/include/my_hardware_interface/my_hardware_interface.hpp:64:15:[m[K [01;31m[Kerror: [m[K‘[01m[Khardware_interface::return_type my_hardwares::MyHardware::read()[m[K’ marked ‘[01m[Koverride[m[K’, but does not override
[2.947s]    64 |   return_type [01;31m[Kread[m[K() override;
[2.947s]       |               [01;31m[K^~~~[m[K
[2.947s] [01m[K/home/user/ros2_control_example/src/my_hardware_interface/include/my_hardware_interface/my_hardware_interface.hpp:66:15:[m[K [01;31m[Kerror: [m[K‘[01m[Khardware_interface::return_type my_hardwares::MyHardware::write()[m[K’ marked ‘[01m[Koverride[m[K’, but does not override
[2.947s]    66 |   return_type [01;31m[Kwrite[m[K() override;
[2.947s]       |               [01;31m[K^~~~~[m[K
[4.155s] [01m[K/home/user/ros2_control_example/src/my_hardware_interface/src/my_hardware_interface.cpp:22:1:[m[K [01;31m[Kerror: [m[K‘[01m[KCallbackReturn[m[K’ does not name a type
[4.155s]    22 | [01;31m[KCallbackReturn[m[K MyHardware::on_init(const hardware_interface::HardwareInfo & info) // info has all information passed in from .yaml
[4.155s]       | [01;31m[K^~~~~~~~~~~~~~[m[K
[4.163s] [01m[K/home/user/ros2_control_example/src/my_hardware_interface/src/my_hardware_interface.cpp:124:1:[m[K [01;31m[Kerror: [m[K‘[01m[KCallbackReturn[m[K’ does not name a type
[4.163s]   124 | [01;31m[KCallbackReturn[m[K MyHardware::on_activate(const rclcpp_lifecycle::State & previous_state)
[4.163s]       | [01;31m[K^~~~~~~~~~~~~~[m[K
[4.164s] [01m[K/home/user/ros2_control_example/src/my_hardware_interface/src/my_hardware_interface.cpp:147:1:[m[K [01;31m[Kerror: [m[K‘[01m[KCallbackReturn[m[K’ does not name a type
[4.165s]   147 | [01;31m[KCallbackReturn[m[K MyHardware::on_deactivate(const rclcpp_lifecycle::State & previous_state)
[4.165s]       | [01;31m[K^~~~~~~~~~~~~~[m[K
[4.168s] [01m[K/home/user/ros2_control_example/src/my_hardware_interface/src/my_hardware_interface.cpp:[m[K In member function ‘[01m[Khardware_interface::return_type my_hardwares::MyHardware::read()[m[K’:
[4.168s] [01m[K/home/user/ros2_control_example/src/my_hardware_interface/src/my_hardware_interface.cpp:162:24:[m[K [01;31m[Kerror: [m[K‘[01m[Kids[m[K’ was not declared in this scope
[4.168s]   162 |   for (uint i = 0; i < [01;31m[Kids[m[K.size(); i++) {
[4.168s]       |                        [01;31m[K^~~[m[K
[4.169s] [01m[K/home/user/ros2_control_example/src/my_hardware_interface/src/my_hardware_interface.cpp:[m[K In member function ‘[01m[Khardware_interface::return_type my_hardwares::MyHardware::write()[m[K’:
[4.169s] [01m[K/home/user/ros2_control_example/src/my_hardware_interface/src/my_hardware_interface.cpp:191:92:[m[K [01;31m[Kerror: [m[Kcannot convert ‘[01m[Kconst char**[m[K’ to ‘[01m[Kstd::string[m[K’ {aka ‘[01m[Kstd::__cxx11::basic_string<char>[m[K’}
[4.169s]   191 | write_velocity_data(joint_ids_[i], joints_[i].command.velocity, [01;31m[K&log[m[K)){
[4.169s]       |                                                                 [01;31m[K^~~~[m[K
[4.169s]       |                                                                 [01;31m[K|[m[K
[4.169s]       |                                                                 [01;31m[Kconst char**[m[K
[4.169s] 
[4.169s] In file included from [01m[K/home/user/ros2_control_example/src/my_hardware_interface/include/my_hardware_interface/my_hardware_interface.hpp:13[m[K,
[4.169s]                  from [01m[K/home/user/ros2_control_example/src/my_hardware_interface/src/my_hardware_interface.cpp:7[m[K:
[4.169s] [01m[K/home/user/ros2_control_example/install/my_fake_hardware_SDK/include/my_fake_hardware_SDK/my_fake_hardware_SDK.hpp:13:73:[m[K [01;36m[Knote: [m[K  initializing argument 3 of ‘[01m[Kbool MyFakeHardware::write_velocity_data(int, double, std::string)[m[K’
[4.169s]    13 | ol write_velocity_data(int component_id, double data, [01;36m[Kstd::string Log[m[K);
[4.169s]       |                                                       [01;36m[K~~~~~~~~~~~~^~~[m[K
[4.170s] 
[4.170s] [01m[K/home/user/ros2_control_example/src/my_hardware_interface/src/my_hardware_interface.cpp:198:92:[m[K [01;31m[Kerror: [m[Kcannot convert ‘[01m[Kconst char**[m[K’ to ‘[01m[Kstd::string[m[K’ {aka ‘[01m[Kstd::__cxx11::basic_string<char>[m[K’}
[4.170s]   198 | write_position_data(joint_ids_[i], joints_[i].command.position, [01;31m[K&log[m[K)){
[4.170s]       |                                                                 [01;31m[K^~~~[m[K
[4.170s]       |                                                                 [01;31m[K|[m[K
[4.170s]       |                                                                 [01;31m[Kconst char**[m[K
[4.170s] 
[4.170s] In file included from [01m[K/home/user/ros2_control_example/src/my_hardware_interface/include/my_hardware_interface/my_hardware_interface.hpp:13[m[K,
[4.170s]                  from [01m[K/home/user/ros2_control_example/src/my_hardware_interface/src/my_hardware_interface.cpp:7[m[K:
[4.170s] [01m[K/home/user/ros2_control_example/install/my_fake_hardware_SDK/include/my_fake_hardware_SDK/my_fake_hardware_SDK.hpp:12:73:[m[K [01;36m[Knote: [m[K  initializing argument 3 of ‘[01m[Kbool MyFakeHardware::write_position_data(int, double, std::string)[m[K’
[4.170s]    12 | ol write_position_data(int component_id, double data, [01;36m[Kstd::string Log[m[K);
[4.170s]       |                                                       [01;36m[K~~~~~~~~~~~~^~~[m[K
[4.170s] 
[4.534s] In file included from [01m[K/opt/ros/humble/include/class_loader/class_loader/class_loader_core.hpp:57[m[K,
[4.534s]                  from [01m[K/opt/ros/humble/include/class_loader/class_loader/class_loader.hpp:55[m[K,
[4.534s]                  from [01m[K/opt/ros/humble/include/pluginlib/pluginlib/class_list_macros.hpp:40[m[K,
[4.534s]                  from [01m[K/home/user/ros2_control_example/src/my_hardware_interface/src/my_hardware_interface.cpp:224[m[K:
[4.534s] /opt/ros/humble/include/class_loader/class_loader/meta_object.hpp: In instantiation of ‘[01m[KB* class_loader::impl::MetaObject<C, B>::create() const [with C = my_hardwares::MyHardware; B = hardware_interface::SystemInterface][m[K’:
[4.534s] [01m[K/opt/ros/humble/include/class_loader/class_loader/meta_object.hpp:216:7:[m[K   required from here
[4.534s] [01m[K/opt/ros/humble/include/class_loader/class_loader/meta_object.hpp:218:12:[m[K [01;31m[Kerror: [m[Kinvalid new-expression of abstract class type ‘[01m[Kmy_hardwares::MyHardware[m[K’
[4.534s]   218 |     return [01;31m[Knew C[m[K;
[4.534s]       |            [01;31m[K^~~~~[m[K
[4.534s] In file included from [01m[K/home/user/ros2_control_example/src/my_hardware_interface/src/my_hardware_interface.cpp:7[m[K:
[4.534s] [01m[K/home/user/ros2_control_example/src/my_hardware_interface/include/my_hardware_interface/my_hardware_interface.hpp:48:7:[m[K [01;36m[Knote: [m[K  because the following virtual functions are pure within ‘[01m[Kmy_hardwares::MyHardware[m[K’:
[4.534s]    48 | class [01;36m[KMyHardware[m[K
[4.534s]       |       [01;36m[K^~~~~~~~~~[m[K
[4.534s] In file included from [01m[K/home/user/ros2_control_example/src/my_hardware_interface/include/my_hardware_interface/my_hardware_interface.hpp:9[m[K,
[4.534s]                  from [01m[K/home/user/ros2_control_example/src/my_hardware_interface/src/my_hardware_interface.cpp:7[m[K:
[4.534s] [01m[K/opt/ros/humble/include/hardware_interface/system_interface.hpp:173:23:[m[K [01;36m[Knote: [m[K    ‘[01m[Kvirtual hardware_interface::return_type hardware_interface::SystemInterface::read(const rclcpp::Time&, const rclcpp::Duration&)[m[K’
[4.535s]   173 |   virtual return_type [01;36m[Kread[m[K(const rclcpp::Time & time, const rclcpp::Duration & period) = 0;
[4.535s]       |                       [01;36m[K^~~~[m[K
[4.535s] [01m[K/opt/ros/humble/include/hardware_interface/system_interface.hpp:184:23:[m[K [01;36m[Knote: [m[K    ‘[01m[Kvirtual hardware_interface::return_type hardware_interface::SystemInterface::write(const rclcpp::Time&, const rclcpp::Duration&)[m[K’
[4.535s]   184 |   virtual return_type [01;36m[Kwrite[m[K(const rclcpp::Time & time, const rclcpp::Duration & period) = 0;
[4.535s]       |                       [01;36m[K^~~~~[m[K
[4.586s] gmake[2]: *** [CMakeFiles/my_hardware_interface.dir/build.make:76: CMakeFiles/my_hardware_interface.dir/src/my_hardware_interface.cpp.o] Error 1
[4.586s] gmake[1]: *** [CMakeFiles/Makefile2:137: CMakeFiles/my_hardware_interface.dir/all] Error 2
[4.586s] gmake: *** [Makefile:146: all] Error 2
[4.588s] Invoked command in '/home/user/ros2_control_example/build/my_hardware_interface' returned '2': AMENT_PREFIX_PATH=/home/user/ros2_control_example/install/my_fake_hardware_SDK:${AMENT_PREFIX_PATH} CMAKE_PREFIX_PATH=/home/user/ros2_control_example/install/my_fake_hardware_SDK:/opt/ros/humble LD_LIBRARY_PATH=/home/user/ros2_control_example/install/my_fake_hardware_SDK/lib:${LD_LIBRARY_PATH} /usr/bin/cmake --build /home/user/ros2_control_example/build/my_hardware_interface -- -j8 -l8
