[0.020s] Invoking command in '/home/user/ros2_control_example/build/my_fake_hardware_SDK': CMAKE_PREFIX_PATH=${CMAKE_PREFIX_PATH}:/opt/ros/humble /usr/bin/cmake --build /home/user/ros2_control_example/build/my_fake_hardware_SDK -- -j8 -l8
[0.060s] [100%] Built target my_fake_hardware_SDK
[0.077s] Invoked command in '/home/user/ros2_control_example/build/my_fake_hardware_SDK' returned '0': CMAKE_PREFIX_PATH=${CMAKE_PREFIX_PATH}:/opt/ros/humble /usr/bin/cmake --build /home/user/ros2_control_example/build/my_fake_hardware_SDK -- -j8 -l8
[0.102s] Invoking command in '/home/user/ros2_control_example/build/my_fake_hardware_SDK': CMAKE_PREFIX_PATH=${CMAKE_PREFIX_PATH}:/opt/ros/humble /usr/bin/cmake --install /home/user/ros2_control_example/build/my_fake_hardware_SDK
[0.113s] -- Install configuration: ""
[0.114s] -- Up-to-date: /home/user/ros2_control_example/install/my_fake_hardware_SDK/lib/libmy_fake_hardware_SDK.a
[0.114s] -- Up-to-date: /home/user/ros2_control_example/install/my_fake_hardware_SDK/include
[0.114s] -- Up-to-date: /home/user/ros2_control_example/install/my_fake_hardware_SDK/include/my_fake_hardware_SDK
[0.114s] -- Up-to-date: /home/user/ros2_control_example/install/my_fake_hardware_SDK/include/my_fake_hardware_SDK/my_fake_hardware_SDK.hpp
[0.114s] -- Up-to-date: /home/user/ros2_control_example/install/my_fake_hardware_SDK/share/my_fake_hardware_SDK/environment/library_path.sh
[0.114s] -- Up-to-date: /home/user/ros2_control_example/install/my_fake_hardware_SDK/share/my_fake_hardware_SDK/environment/library_path.dsv
[0.114s] -- Up-to-date: /home/user/ros2_control_example/install/my_fake_hardware_SDK/share/ament_index/resource_index/package_run_dependencies/my_fake_hardware_SDK
[0.114s] -- Up-to-date: /home/user/ros2_control_example/install/my_fake_hardware_SDK/share/ament_index/resource_index/parent_prefix_path/my_fake_hardware_SDK
[0.114s] -- Up-to-date: /home/user/ros2_control_example/install/my_fake_hardware_SDK/share/my_fake_hardware_SDK/environment/ament_prefix_path.sh
[0.115s] -- Up-to-date: /home/user/ros2_control_example/install/my_fake_hardware_SDK/share/my_fake_hardware_SDK/environment/ament_prefix_path.dsv
[0.115s] -- Up-to-date: /home/user/ros2_control_example/install/my_fake_hardware_SDK/share/my_fake_hardware_SDK/environment/path.sh
[0.115s] -- Up-to-date: /home/user/ros2_control_example/install/my_fake_hardware_SDK/share/my_fake_hardware_SDK/environment/path.dsv
[0.115s] -- Up-to-date: /home/user/ros2_control_example/install/my_fake_hardware_SDK/share/my_fake_hardware_SDK/local_setup.bash
[0.115s] -- Up-to-date: /home/user/ros2_control_example/install/my_fake_hardware_SDK/share/my_fake_hardware_SDK/local_setup.sh
[0.115s] -- Up-to-date: /home/user/ros2_control_example/install/my_fake_hardware_SDK/share/my_fake_hardware_SDK/local_setup.zsh
[0.115s] -- Up-to-date: /home/user/ros2_control_example/install/my_fake_hardware_SDK/share/my_fake_hardware_SDK/local_setup.dsv
[0.115s] -- Installing: /home/user/ros2_control_example/install/my_fake_hardware_SDK/share/my_fake_hardware_SDK/package.dsv
[0.115s] -- Up-to-date: /home/user/ros2_control_example/install/my_fake_hardware_SDK/share/ament_index/resource_index/packages/my_fake_hardware_SDK
[0.115s] -- Up-to-date: /home/user/ros2_control_example/install/my_fake_hardware_SDK/share/my_fake_hardware_SDK/cmake/ament_cmake_export_include_directories-extras.cmake
[0.115s] -- Up-to-date: /home/user/ros2_control_example/install/my_fake_hardware_SDK/share/my_fake_hardware_SDK/cmake/ament_cmake_export_libraries-extras.cmake
[0.115s] -- Up-to-date: /home/user/ros2_control_example/install/my_fake_hardware_SDK/share/my_fake_hardware_SDK/cmake/my_fake_hardware_SDKConfig.cmake
[0.115s] -- Up-to-date: /home/user/ros2_control_example/install/my_fake_hardware_SDK/share/my_fake_hardware_SDK/cmake/my_fake_hardware_SDKConfig-version.cmake
[0.115s] -- Up-to-date: /home/user/ros2_control_example/install/my_fake_hardware_SDK/share/my_fake_hardware_SDK/package.xml
[0.157s] Invoked command in '/home/user/ros2_control_example/build/my_fake_hardware_SDK' returned '0': CMAKE_PREFIX_PATH=${CMAKE_PREFIX_PATH}:/opt/ros/humble /usr/bin/cmake --install /home/user/ros2_control_example/build/my_fake_hardware_SDK
