[0.012s] Invoking command in '/home/user/ros2_control_example/build/my_controller': CMAKE_PREFIX_PATH=/opt/ros/humble /usr/bin/cmake --build /home/user/ros2_control_example/build/my_controller -- -j8 -l8
[0.070s] [100%] Built target my_controller
[0.085s] Invoked command in '/home/user/ros2_control_example/build/my_controller' returned '0': CMAKE_PREFIX_PATH=/opt/ros/humble /usr/bin/cmake --build /home/user/ros2_control_example/build/my_controller -- -j8 -l8
[0.113s] Invoking command in '/home/user/ros2_control_example/build/my_controller': CMAKE_PREFIX_PATH=/opt/ros/humble /usr/bin/cmake --install /home/user/ros2_control_example/build/my_controller
[0.118s] -- Install configuration: ""
[0.119s] -- Up-to-date: /home/user/ros2_control_example/install/my_controller/share/my_controller/my_controller.xml
[0.119s] -- Up-to-date: /home/user/ros2_control_example/install/my_controller/lib/libmy_controller.so
[0.119s] -- Up-to-date: /home/user/ros2_control_example/install/my_controller/include
[0.119s] -- Up-to-date: /home/user/ros2_control_example/install/my_controller/include/my_controller
[0.119s] -- Up-to-date: /home/user/ros2_control_example/install/my_controller/include/my_controller/my_controller.hpp
[0.119s] -- Up-to-date: /home/user/ros2_control_example/install/my_controller/share/my_controller//config
[0.119s] -- Up-to-date: /home/user/ros2_control_example/install/my_controller/share/my_controller//config/my_controllers_custom.yaml
[0.120s] -- Up-to-date: /home/user/ros2_control_example/install/my_controller/share/my_controller/environment/library_path.sh
[0.120s] -- Up-to-date: /home/user/ros2_control_example/install/my_controller/share/my_controller/environment/library_path.dsv
[0.120s] -- Up-to-date: /home/user/ros2_control_example/install/my_controller/share/ament_index/resource_index/package_run_dependencies/my_controller
[0.120s] -- Up-to-date: /home/user/ros2_control_example/install/my_controller/share/ament_index/resource_index/parent_prefix_path/my_controller
[0.120s] -- Up-to-date: /home/user/ros2_control_example/install/my_controller/share/my_controller/environment/ament_prefix_path.sh
[0.120s] -- Up-to-date: /home/user/ros2_control_example/install/my_controller/share/my_controller/environment/ament_prefix_path.dsv
[0.120s] -- Up-to-date: /home/user/ros2_control_example/install/my_controller/share/my_controller/environment/path.sh
[0.120s] -- Up-to-date: /home/user/ros2_control_example/install/my_controller/share/my_controller/environment/path.dsv
[0.120s] -- Up-to-date: /home/user/ros2_control_example/install/my_controller/share/my_controller/local_setup.bash
[0.121s] -- Up-to-date: /home/user/ros2_control_example/install/my_controller/share/my_controller/local_setup.sh
[0.124s] -- Up-to-date: /home/user/ros2_control_example/install/my_controller/share/my_controller/local_setup.zsh
[0.125s] -- Up-to-date: /home/user/ros2_control_example/install/my_controller/share/my_controller/local_setup.dsv
[0.125s] -- Installing: /home/user/ros2_control_example/install/my_controller/share/my_controller/package.dsv
[0.125s] -- Up-to-date: /home/user/ros2_control_example/install/my_controller/share/ament_index/resource_index/packages/my_controller
[0.126s] -- Up-to-date: /home/user/ros2_control_example/install/my_controller/share/ament_index/resource_index/controller_interface__pluginlib__plugin/my_controller
[0.126s] -- Up-to-date: /home/user/ros2_control_example/install/my_controller/share/my_controller/cmake/ament_cmake_export_include_directories-extras.cmake
[0.126s] -- Up-to-date: /home/user/ros2_control_example/install/my_controller/share/my_controller/cmake/ament_cmake_export_libraries-extras.cmake
[0.126s] -- Up-to-date: /home/user/ros2_control_example/install/my_controller/share/my_controller/cmake/ament_cmake_export_dependencies-extras.cmake
[0.126s] -- Up-to-date: /home/user/ros2_control_example/install/my_controller/share/my_controller/cmake/my_controllerConfig.cmake
[0.126s] -- Up-to-date: /home/user/ros2_control_example/install/my_controller/share/my_controller/cmake/my_controllerConfig-version.cmake
[0.127s] -- Up-to-date: /home/user/ros2_control_example/install/my_controller/share/my_controller/package.xml
[0.127s] Invoked command in '/home/user/ros2_control_example/build/my_controller' returned '0': CMAKE_PREFIX_PATH=/opt/ros/humble /usr/bin/cmake --install /home/user/ros2_control_example/build/my_controller
