[0.123s] DEBUG:colcon:Command line arguments: ['/usr/bin/colcon', 'build']
[0.123s] DEBUG:colcon:Parsed command line arguments: Namespace(log_base=None, log_level=None, verb_name='build', build_base='build', install_base='install', merge_install=False, symlink_install=False, test_result_base=None, continue_on_error=False, executor='parallel', parallel_workers=8, event_handlers=None, ignore_user_meta=False, metas=['./colcon.meta'], base_paths=['.'], packages_ignore=None, packages_ignore_regex=None, paths=None, packages_up_to=None, packages_up_to_regex=None, packages_above=None, packages_above_and_dependencies=None, packages_above_depth=None, packages_select_by_dep=None, packages_skip_by_dep=None, packages_skip_up_to=None, packages_select_build_failed=False, packages_skip_build_finished=False, packages_select_test_failures=False, packages_skip_test_passed=False, packages_select=None, packages_skip=None, packages_select_regex=None, packages_skip_regex=None, packages_start=None, packages_end=None, allow_overriding=[], cmake_args=None, cmake_target=None, cmake_target_skip_unavailable=False, cmake_clean_cache=False, cmake_clean_first=False, cmake_force_configure=False, ament_cmake_args=None, catkin_cmake_args=None, catkin_skip_building_tests=False, verb_parser=<colcon_defaults.argument_parser.defaults.DefaultArgumentsDecorator object at 0x7f4e5eaacd90>, verb_extension=<colcon_core.verb.build.BuildVerb object at 0x7f4e5eaac820>, main=<bound method BuildVerb.main of <colcon_core.verb.build.BuildVerb object at 0x7f4e5eaac820>>)
[0.143s] Level 1:colcon.colcon_core.package_discovery:discover_packages(colcon_meta) check parameters
[0.143s] Level 1:colcon.colcon_core.package_discovery:discover_packages(recursive) check parameters
[0.143s] Level 1:colcon.colcon_core.package_discovery:discover_packages(ignore) check parameters
[0.143s] Level 1:colcon.colcon_core.package_discovery:discover_packages(path) check parameters
[0.143s] Level 1:colcon.colcon_core.package_discovery:discover_packages(colcon_meta) discover
[0.144s] Level 1:colcon.colcon_core.package_discovery:discover_packages(recursive) discover
[0.144s] INFO:colcon.colcon_core.package_discovery:Crawling recursively for packages in '/home/user/ros2_control_example'
[0.144s] Level 1:colcon.colcon_core.package_identification:_identify(.) by extensions ['ignore', 'ignore_ament_install']
[0.144s] Level 1:colcon.colcon_core.package_identification:_identify(.) by extension 'ignore'
[0.144s] Level 1:colcon.colcon_core.package_identification:_identify(.) by extension 'ignore_ament_install'
[0.144s] Level 1:colcon.colcon_core.package_identification:_identify(.) by extensions ['colcon_pkg']
[0.144s] Level 1:colcon.colcon_core.package_identification:_identify(.) by extension 'colcon_pkg'
[0.144s] Level 1:colcon.colcon_core.package_identification:_identify(.) by extensions ['colcon_meta']
[0.144s] Level 1:colcon.colcon_core.package_identification:_identify(.) by extension 'colcon_meta'
[0.144s] Level 1:colcon.colcon_core.package_identification:_identify(.) by extensions ['ros']
[0.144s] Level 1:colcon.colcon_core.package_identification:_identify(.) by extension 'ros'
[0.153s] Level 1:colcon.colcon_core.package_identification:_identify(.) by extensions ['cmake', 'python']
[0.153s] Level 1:colcon.colcon_core.package_identification:_identify(.) by extension 'cmake'
[0.153s] Level 1:colcon.colcon_core.package_identification:_identify(.) by extension 'python'
[0.153s] Level 1:colcon.colcon_core.package_identification:_identify(.) by extensions ['python_setup_py']
[0.153s] Level 1:colcon.colcon_core.package_identification:_identify(.) by extension 'python_setup_py'
[0.153s] Level 1:colcon.colcon_core.package_identification:_identify(build) by extensions ['ignore', 'ignore_ament_install']
[0.153s] Level 1:colcon.colcon_core.package_identification:_identify(build) by extension 'ignore'
[0.153s] Level 1:colcon.colcon_core.package_identification:_identify(build) ignored
[0.153s] Level 1:colcon.colcon_core.package_identification:_identify(install) by extensions ['ignore', 'ignore_ament_install']
[0.153s] Level 1:colcon.colcon_core.package_identification:_identify(install) by extension 'ignore'
[0.153s] Level 1:colcon.colcon_core.package_identification:_identify(install) ignored
[0.153s] Level 1:colcon.colcon_core.package_identification:_identify(log) by extensions ['ignore', 'ignore_ament_install']
[0.153s] Level 1:colcon.colcon_core.package_identification:_identify(log) by extension 'ignore'
[0.154s] Level 1:colcon.colcon_core.package_identification:_identify(log) ignored
[0.154s] Level 1:colcon.colcon_core.package_identification:_identify(picture) by extensions ['ignore', 'ignore_ament_install']
[0.154s] Level 1:colcon.colcon_core.package_identification:_identify(picture) by extension 'ignore'
[0.154s] Level 1:colcon.colcon_core.package_identification:_identify(picture) by extension 'ignore_ament_install'
[0.154s] Level 1:colcon.colcon_core.package_identification:_identify(picture) by extensions ['colcon_pkg']
[0.154s] Level 1:colcon.colcon_core.package_identification:_identify(picture) by extension 'colcon_pkg'
[0.154s] Level 1:colcon.colcon_core.package_identification:_identify(picture) by extensions ['colcon_meta']
[0.154s] Level 1:colcon.colcon_core.package_identification:_identify(picture) by extension 'colcon_meta'
[0.154s] Level 1:colcon.colcon_core.package_identification:_identify(picture) by extensions ['ros']
[0.154s] Level 1:colcon.colcon_core.package_identification:_identify(picture) by extension 'ros'
[0.154s] Level 1:colcon.colcon_core.package_identification:_identify(picture) by extensions ['cmake', 'python']
[0.154s] Level 1:colcon.colcon_core.package_identification:_identify(picture) by extension 'cmake'
[0.154s] Level 1:colcon.colcon_core.package_identification:_identify(picture) by extension 'python'
[0.154s] Level 1:colcon.colcon_core.package_identification:_identify(picture) by extensions ['python_setup_py']
[0.154s] Level 1:colcon.colcon_core.package_identification:_identify(picture) by extension 'python_setup_py'
[0.154s] Level 1:colcon.colcon_core.package_identification:_identify(src) by extensions ['ignore', 'ignore_ament_install']
[0.154s] Level 1:colcon.colcon_core.package_identification:_identify(src) by extension 'ignore'
[0.154s] Level 1:colcon.colcon_core.package_identification:_identify(src) by extension 'ignore_ament_install'
[0.154s] Level 1:colcon.colcon_core.package_identification:_identify(src) by extensions ['colcon_pkg']
[0.154s] Level 1:colcon.colcon_core.package_identification:_identify(src) by extension 'colcon_pkg'
[0.154s] Level 1:colcon.colcon_core.package_identification:_identify(src) by extensions ['colcon_meta']
[0.154s] Level 1:colcon.colcon_core.package_identification:_identify(src) by extension 'colcon_meta'
[0.154s] Level 1:colcon.colcon_core.package_identification:_identify(src) by extensions ['ros']
[0.154s] Level 1:colcon.colcon_core.package_identification:_identify(src) by extension 'ros'
[0.155s] Level 1:colcon.colcon_core.package_identification:_identify(src) by extensions ['cmake', 'python']
[0.155s] Level 1:colcon.colcon_core.package_identification:_identify(src) by extension 'cmake'
[0.155s] Level 1:colcon.colcon_core.package_identification:_identify(src) by extension 'python'
[0.155s] Level 1:colcon.colcon_core.package_identification:_identify(src) by extensions ['python_setup_py']
[0.155s] Level 1:colcon.colcon_core.package_identification:_identify(src) by extension 'python_setup_py'
[0.155s] Level 1:colcon.colcon_core.package_identification:_identify(src/multi_interface_forward_controller) by extensions ['ignore', 'ignore_ament_install']
[0.155s] Level 1:colcon.colcon_core.package_identification:_identify(src/multi_interface_forward_controller) by extension 'ignore'
[0.155s] Level 1:colcon.colcon_core.package_identification:_identify(src/multi_interface_forward_controller) by extension 'ignore_ament_install'
[0.155s] Level 1:colcon.colcon_core.package_identification:_identify(src/multi_interface_forward_controller) by extensions ['colcon_pkg']
[0.155s] Level 1:colcon.colcon_core.package_identification:_identify(src/multi_interface_forward_controller) by extension 'colcon_pkg'
[0.155s] Level 1:colcon.colcon_core.package_identification:_identify(src/multi_interface_forward_controller) by extensions ['colcon_meta']
[0.155s] Level 1:colcon.colcon_core.package_identification:_identify(src/multi_interface_forward_controller) by extension 'colcon_meta'
[0.155s] Level 1:colcon.colcon_core.package_identification:_identify(src/multi_interface_forward_controller) by extensions ['ros']
[0.155s] Level 1:colcon.colcon_core.package_identification:_identify(src/multi_interface_forward_controller) by extension 'ros'
[0.157s] DEBUG:colcon.colcon_core.package_identification:Package 'src/multi_interface_forward_controller' with type 'ros.ament_cmake' and name 'multi_interface_forward_controller'
[0.157s] Level 1:colcon.colcon_core.package_identification:_identify(src/my_controller) by extensions ['ignore', 'ignore_ament_install']
[0.157s] Level 1:colcon.colcon_core.package_identification:_identify(src/my_controller) by extension 'ignore'
[0.157s] Level 1:colcon.colcon_core.package_identification:_identify(src/my_controller) by extension 'ignore_ament_install'
[0.158s] Level 1:colcon.colcon_core.package_identification:_identify(src/my_controller) by extensions ['colcon_pkg']
[0.158s] Level 1:colcon.colcon_core.package_identification:_identify(src/my_controller) by extension 'colcon_pkg'
[0.158s] Level 1:colcon.colcon_core.package_identification:_identify(src/my_controller) by extensions ['colcon_meta']
[0.158s] Level 1:colcon.colcon_core.package_identification:_identify(src/my_controller) by extension 'colcon_meta'
[0.158s] Level 1:colcon.colcon_core.package_identification:_identify(src/my_controller) by extensions ['ros']
[0.158s] Level 1:colcon.colcon_core.package_identification:_identify(src/my_controller) by extension 'ros'
[0.158s] DEBUG:colcon.colcon_core.package_identification:Package 'src/my_controller' with type 'ros.ament_cmake' and name 'my_controller'
[0.159s] Level 1:colcon.colcon_core.package_identification:_identify(src/robot_model) by extensions ['ignore', 'ignore_ament_install']
[0.159s] Level 1:colcon.colcon_core.package_identification:_identify(src/robot_model) by extension 'ignore'
[0.159s] Level 1:colcon.colcon_core.package_identification:_identify(src/robot_model) by extension 'ignore_ament_install'
[0.159s] Level 1:colcon.colcon_core.package_identification:_identify(src/robot_model) by extensions ['colcon_pkg']
[0.159s] Level 1:colcon.colcon_core.package_identification:_identify(src/robot_model) by extension 'colcon_pkg'
[0.159s] Level 1:colcon.colcon_core.package_identification:_identify(src/robot_model) by extensions ['colcon_meta']
[0.159s] Level 1:colcon.colcon_core.package_identification:_identify(src/robot_model) by extension 'colcon_meta'
[0.159s] Level 1:colcon.colcon_core.package_identification:_identify(src/robot_model) by extensions ['ros']
[0.159s] Level 1:colcon.colcon_core.package_identification:_identify(src/robot_model) by extension 'ros'
[0.159s] DEBUG:colcon.colcon_core.package_identification:Package 'src/robot_model' with type 'ros.ament_cmake' and name 'robot_model'
[0.159s] Level 1:colcon.colcon_core.package_discovery:discover_packages(recursive) using defaults
[0.159s] Level 1:colcon.colcon_core.package_discovery:discover_packages(ignore) discover
[0.159s] Level 1:colcon.colcon_core.package_discovery:discover_packages(ignore) using defaults
[0.159s] Level 1:colcon.colcon_core.package_discovery:discover_packages(path) discover
[0.159s] Level 1:colcon.colcon_core.package_discovery:discover_packages(path) using defaults
[0.178s] Level 1:colcon.colcon_core.package_discovery:discover_packages(prefix_path) check parameters
[0.178s] Level 1:colcon.colcon_core.package_discovery:discover_packages(prefix_path) discover
[0.182s] DEBUG:colcon.colcon_installed_package_information.package_discovery:Found 3 installed packages in /home/user/ros2_control_example/install
[0.185s] DEBUG:colcon.colcon_installed_package_information.package_discovery:Found 328 installed packages in /opt/ros/humble
[0.186s] Level 1:colcon.colcon_core.package_discovery:discover_packages(prefix_path) using defaults
[0.240s] Level 5:colcon.colcon_core.verb:set package 'multi_interface_forward_controller' build argument 'cmake_args' from command line to 'None'
[0.240s] Level 5:colcon.colcon_core.verb:set package 'multi_interface_forward_controller' build argument 'cmake_target' from command line to 'None'
[0.240s] Level 5:colcon.colcon_core.verb:set package 'multi_interface_forward_controller' build argument 'cmake_target_skip_unavailable' from command line to 'False'
[0.240s] Level 5:colcon.colcon_core.verb:set package 'multi_interface_forward_controller' build argument 'cmake_clean_cache' from command line to 'False'
[0.240s] Level 5:colcon.colcon_core.verb:set package 'multi_interface_forward_controller' build argument 'cmake_clean_first' from command line to 'False'
[0.240s] Level 5:colcon.colcon_core.verb:set package 'multi_interface_forward_controller' build argument 'cmake_force_configure' from command line to 'False'
[0.240s] Level 5:colcon.colcon_core.verb:set package 'multi_interface_forward_controller' build argument 'ament_cmake_args' from command line to 'None'
[0.240s] Level 5:colcon.colcon_core.verb:set package 'multi_interface_forward_controller' build argument 'catkin_cmake_args' from command line to 'None'
[0.240s] Level 5:colcon.colcon_core.verb:set package 'multi_interface_forward_controller' build argument 'catkin_skip_building_tests' from command line to 'False'
[0.241s] DEBUG:colcon.colcon_core.verb:Building package 'multi_interface_forward_controller' with the following arguments: {'ament_cmake_args': None, 'build_base': '/home/user/ros2_control_example/build/multi_interface_forward_controller', 'catkin_cmake_args': None, 'catkin_skip_building_tests': False, 'cmake_args': None, 'cmake_clean_cache': False, 'cmake_clean_first': False, 'cmake_force_configure': False, 'cmake_target': None, 'cmake_target_skip_unavailable': False, 'install_base': '/home/user/ros2_control_example/install/multi_interface_forward_controller', 'merge_install': False, 'path': '/home/user/ros2_control_example/src/multi_interface_forward_controller', 'symlink_install': False, 'test_result_base': None}
[0.241s] Level 5:colcon.colcon_core.verb:set package 'my_controller' build argument 'cmake_args' from command line to 'None'
[0.241s] Level 5:colcon.colcon_core.verb:set package 'my_controller' build argument 'cmake_target' from command line to 'None'
[0.241s] Level 5:colcon.colcon_core.verb:set package 'my_controller' build argument 'cmake_target_skip_unavailable' from command line to 'False'
[0.241s] Level 5:colcon.colcon_core.verb:set package 'my_controller' build argument 'cmake_clean_cache' from command line to 'False'
[0.242s] Level 5:colcon.colcon_core.verb:set package 'my_controller' build argument 'cmake_clean_first' from command line to 'False'
[0.242s] Level 5:colcon.colcon_core.verb:set package 'my_controller' build argument 'cmake_force_configure' from command line to 'False'
[0.242s] Level 5:colcon.colcon_core.verb:set package 'my_controller' build argument 'ament_cmake_args' from command line to 'None'
[0.242s] Level 5:colcon.colcon_core.verb:set package 'my_controller' build argument 'catkin_cmake_args' from command line to 'None'
[0.242s] Level 5:colcon.colcon_core.verb:set package 'my_controller' build argument 'catkin_skip_building_tests' from command line to 'False'
[0.242s] DEBUG:colcon.colcon_core.verb:Building package 'my_controller' with the following arguments: {'ament_cmake_args': None, 'build_base': '/home/user/ros2_control_example/build/my_controller', 'catkin_cmake_args': None, 'catkin_skip_building_tests': False, 'cmake_args': None, 'cmake_clean_cache': False, 'cmake_clean_first': False, 'cmake_force_configure': False, 'cmake_target': None, 'cmake_target_skip_unavailable': False, 'install_base': '/home/user/ros2_control_example/install/my_controller', 'merge_install': False, 'path': '/home/user/ros2_control_example/src/my_controller', 'symlink_install': False, 'test_result_base': None}
[0.242s] Level 5:colcon.colcon_core.verb:set package 'robot_model' build argument 'cmake_args' from command line to 'None'
[0.242s] Level 5:colcon.colcon_core.verb:set package 'robot_model' build argument 'cmake_target' from command line to 'None'
[0.242s] Level 5:colcon.colcon_core.verb:set package 'robot_model' build argument 'cmake_target_skip_unavailable' from command line to 'False'
[0.242s] Level 5:colcon.colcon_core.verb:set package 'robot_model' build argument 'cmake_clean_cache' from command line to 'False'
[0.243s] Level 5:colcon.colcon_core.verb:set package 'robot_model' build argument 'cmake_clean_first' from command line to 'False'
[0.243s] Level 5:colcon.colcon_core.verb:set package 'robot_model' build argument 'cmake_force_configure' from command line to 'False'
[0.243s] Level 5:colcon.colcon_core.verb:set package 'robot_model' build argument 'ament_cmake_args' from command line to 'None'
[0.243s] Level 5:colcon.colcon_core.verb:set package 'robot_model' build argument 'catkin_cmake_args' from command line to 'None'
[0.243s] Level 5:colcon.colcon_core.verb:set package 'robot_model' build argument 'catkin_skip_building_tests' from command line to 'False'
[0.243s] DEBUG:colcon.colcon_core.verb:Building package 'robot_model' with the following arguments: {'ament_cmake_args': None, 'build_base': '/home/user/ros2_control_example/build/robot_model', 'catkin_cmake_args': None, 'catkin_skip_building_tests': False, 'cmake_args': None, 'cmake_clean_cache': False, 'cmake_clean_first': False, 'cmake_force_configure': False, 'cmake_target': None, 'cmake_target_skip_unavailable': False, 'install_base': '/home/user/ros2_control_example/install/robot_model', 'merge_install': False, 'path': '/home/user/ros2_control_example/src/robot_model', 'symlink_install': False, 'test_result_base': None}
[0.243s] INFO:colcon.colcon_core.executor:Executing jobs using 'parallel' executor
[0.247s] DEBUG:colcon.colcon_parallel_executor.executor.parallel:run_until_complete
[0.247s] INFO:colcon.colcon_ros.task.ament_cmake.build:Building ROS package in '/home/user/ros2_control_example/src/multi_interface_forward_controller' with build type 'ament_cmake'
[0.247s] INFO:colcon.colcon_cmake.task.cmake.build:Building CMake package in '/home/user/ros2_control_example/src/multi_interface_forward_controller'
[0.250s] INFO:colcon.colcon_core.plugin_system:Skipping extension 'colcon_core.shell.bat': Not used on non-Windows systems
[0.250s] INFO:colcon.colcon_core.shell:Skip shell extension 'powershell' for command environment: Not usable outside of PowerShell
[0.250s] DEBUG:colcon.colcon_core.shell:Skip shell extension 'dsv' for command environment
[0.254s] INFO:colcon.colcon_ros.task.ament_cmake.build:Building ROS package in '/home/user/ros2_control_example/src/my_controller' with build type 'ament_cmake'
[0.254s] INFO:colcon.colcon_cmake.task.cmake.build:Building CMake package in '/home/user/ros2_control_example/src/my_controller'
[0.255s] INFO:colcon.colcon_core.shell:Skip shell extension 'powershell' for command environment: Not usable outside of PowerShell
[0.255s] DEBUG:colcon.colcon_core.shell:Skip shell extension 'dsv' for command environment
[0.258s] INFO:colcon.colcon_ros.task.ament_cmake.build:Building ROS package in '/home/user/ros2_control_example/src/robot_model' with build type 'ament_cmake'
[0.258s] INFO:colcon.colcon_cmake.task.cmake.build:Building CMake package in '/home/user/ros2_control_example/src/robot_model'
[0.260s] INFO:colcon.colcon_core.shell:Skip shell extension 'powershell' for command environment: Not usable outside of PowerShell
[0.260s] DEBUG:colcon.colcon_core.shell:Skip shell extension 'dsv' for command environment
[0.269s] DEBUG:colcon.colcon_core.event_handler.log_command:Invoking command in '/home/user/ros2_control_example/build/multi_interface_forward_controller': CMAKE_PREFIX_PATH=${CMAKE_PREFIX_PATH}:/opt/ros/humble /usr/bin/cmake --build /home/user/ros2_control_example/build/multi_interface_forward_controller -- -j8 -l8
[0.272s] DEBUG:colcon.colcon_core.event_handler.log_command:Invoking command in '/home/user/ros2_control_example/build/my_controller': CMAKE_PREFIX_PATH=${CMAKE_PREFIX_PATH}:/opt/ros/humble /usr/bin/cmake --build /home/user/ros2_control_example/build/my_controller -- -j8 -l8
[0.275s] DEBUG:colcon.colcon_core.event_handler.log_command:Invoking command in '/home/user/ros2_control_example/build/robot_model': CMAKE_PREFIX_PATH=${CMAKE_PREFIX_PATH}:/opt/ros/humble /usr/bin/cmake --build /home/user/ros2_control_example/build/robot_model -- -j8 -l8
[0.302s] DEBUG:colcon.colcon_core.event_handler.log_command:Invoked command in '/home/user/ros2_control_example/build/robot_model' returned '0': CMAKE_PREFIX_PATH=${CMAKE_PREFIX_PATH}:/opt/ros/humble /usr/bin/cmake --build /home/user/ros2_control_example/build/robot_model -- -j8 -l8
[0.320s] DEBUG:colcon.colcon_core.event_handler.log_command:Invoking command in '/home/user/ros2_control_example/build/robot_model': CMAKE_PREFIX_PATH=${CMAKE_PREFIX_PATH}:/opt/ros/humble /usr/bin/cmake --install /home/user/ros2_control_example/build/robot_model
[0.321s] DEBUG:colcon.colcon_core.event_handler.log_command:Invoked command in '/home/user/ros2_control_example/build/my_controller' returned '0': CMAKE_PREFIX_PATH=${CMAKE_PREFIX_PATH}:/opt/ros/humble /usr/bin/cmake --build /home/user/ros2_control_example/build/my_controller -- -j8 -l8
[0.322s] DEBUG:colcon.colcon_core.event_handler.log_command:Invoked command in '/home/user/ros2_control_example/build/multi_interface_forward_controller' returned '0': CMAKE_PREFIX_PATH=${CMAKE_PREFIX_PATH}:/opt/ros/humble /usr/bin/cmake --build /home/user/ros2_control_example/build/multi_interface_forward_controller -- -j8 -l8
[0.328s] Level 1:colcon.colcon_core.environment:create_environment_scripts_only(robot_model)
[0.330s] DEBUG:colcon.colcon_core.event_handler.log_command:Invoked command in '/home/user/ros2_control_example/build/robot_model' returned '0': CMAKE_PREFIX_PATH=${CMAKE_PREFIX_PATH}:/opt/ros/humble /usr/bin/cmake --install /home/user/ros2_control_example/build/robot_model
[0.333s] Level 1:colcon.colcon_core.environment:checking '/home/user/ros2_control_example/install/robot_model' for CMake module files
[0.333s] Level 1:colcon.colcon_core.environment:checking '/home/user/ros2_control_example/install/robot_model' for CMake config files
[0.333s] Level 1:colcon.colcon_core.shell:create_environment_hook('robot_model', 'cmake_prefix_path')
[0.334s] INFO:colcon.colcon_core.shell:Creating environment hook '/home/user/ros2_control_example/install/robot_model/share/robot_model/hook/cmake_prefix_path.ps1'
[0.335s] INFO:colcon.colcon_core.shell:Creating environment descriptor '/home/user/ros2_control_example/install/robot_model/share/robot_model/hook/cmake_prefix_path.dsv'
[0.335s] INFO:colcon.colcon_core.shell:Creating environment hook '/home/user/ros2_control_example/install/robot_model/share/robot_model/hook/cmake_prefix_path.sh'
[0.336s] Level 1:colcon.colcon_core.environment:checking '/home/user/ros2_control_example/install/robot_model/bin'
[0.337s] Level 1:colcon.colcon_core.environment:checking '/home/user/ros2_control_example/install/robot_model/lib/pkgconfig/robot_model.pc'
[0.337s] Level 1:colcon.colcon_core.environment:checking '/home/user/ros2_control_example/install/robot_model/lib/python3.10/site-packages'
[0.337s] Level 1:colcon.colcon_core.environment:checking '/home/user/ros2_control_example/install/robot_model/bin'
[0.338s] INFO:colcon.colcon_core.shell:Creating package script '/home/user/ros2_control_example/install/robot_model/share/robot_model/package.ps1'
[0.339s] INFO:colcon.colcon_core.shell:Creating package descriptor '/home/user/ros2_control_example/install/robot_model/share/robot_model/package.dsv'
[0.339s] INFO:colcon.colcon_core.shell:Creating package script '/home/user/ros2_control_example/install/robot_model/share/robot_model/package.sh'
[0.339s] INFO:colcon.colcon_core.shell:Creating package script '/home/user/ros2_control_example/install/robot_model/share/robot_model/package.bash'
[0.340s] INFO:colcon.colcon_core.shell:Creating package script '/home/user/ros2_control_example/install/robot_model/share/robot_model/package.zsh'
[0.340s] Level 1:colcon.colcon_core.environment:create_file_with_runtime_dependencies(/home/user/ros2_control_example/install/robot_model/share/colcon-core/packages/robot_model)
[0.343s] DEBUG:colcon.colcon_core.event_handler.log_command:Invoking command in '/home/user/ros2_control_example/build/my_controller': CMAKE_PREFIX_PATH=${CMAKE_PREFIX_PATH}:/opt/ros/humble /usr/bin/cmake --install /home/user/ros2_control_example/build/my_controller
[0.343s] DEBUG:colcon.colcon_core.event_handler.log_command:Invoking command in '/home/user/ros2_control_example/build/multi_interface_forward_controller': CMAKE_PREFIX_PATH=${CMAKE_PREFIX_PATH}:/opt/ros/humble /usr/bin/cmake --install /home/user/ros2_control_example/build/multi_interface_forward_controller
[0.349s] Level 1:colcon.colcon_core.environment:create_environment_scripts_only(my_controller)
[0.352s] Level 1:colcon.colcon_core.environment:checking '/home/user/ros2_control_example/install/my_controller' for CMake module files
[0.352s] Level 1:colcon.colcon_core.environment:checking '/home/user/ros2_control_example/install/my_controller' for CMake config files
[0.353s] Level 1:colcon.colcon_core.shell:create_environment_hook('my_controller', 'cmake_prefix_path')
[0.354s] INFO:colcon.colcon_core.shell:Creating environment hook '/home/user/ros2_control_example/install/my_controller/share/my_controller/hook/cmake_prefix_path.ps1'
[0.356s] INFO:colcon.colcon_core.shell:Creating environment descriptor '/home/user/ros2_control_example/install/my_controller/share/my_controller/hook/cmake_prefix_path.dsv'
[0.356s] INFO:colcon.colcon_core.shell:Creating environment hook '/home/user/ros2_control_example/install/my_controller/share/my_controller/hook/cmake_prefix_path.sh'
[0.357s] Level 1:colcon.colcon_core.environment:checking '/home/user/ros2_control_example/install/my_controller/lib'
[0.357s] Level 1:colcon.colcon_core.shell:create_environment_hook('my_controller', 'ld_library_path_lib')
[0.359s] INFO:colcon.colcon_core.shell:Creating environment hook '/home/user/ros2_control_example/install/my_controller/share/my_controller/hook/ld_library_path_lib.ps1'
[0.359s] INFO:colcon.colcon_core.shell:Creating environment descriptor '/home/user/ros2_control_example/install/my_controller/share/my_controller/hook/ld_library_path_lib.dsv'
[0.360s] INFO:colcon.colcon_core.shell:Creating environment hook '/home/user/ros2_control_example/install/my_controller/share/my_controller/hook/ld_library_path_lib.sh'
[0.361s] Level 1:colcon.colcon_core.environment:checking '/home/user/ros2_control_example/install/my_controller/bin'
[0.361s] Level 1:colcon.colcon_core.environment:checking '/home/user/ros2_control_example/install/my_controller/lib/pkgconfig/my_controller.pc'
[0.361s] Level 1:colcon.colcon_core.environment:checking '/home/user/ros2_control_example/install/my_controller/lib/python3.10/site-packages'
[0.361s] Level 1:colcon.colcon_core.environment:checking '/home/user/ros2_control_example/install/my_controller/bin'
[0.362s] INFO:colcon.colcon_core.shell:Creating package script '/home/user/ros2_control_example/install/my_controller/share/my_controller/package.ps1'
[0.363s] INFO:colcon.colcon_core.shell:Creating package descriptor '/home/user/ros2_control_example/install/my_controller/share/my_controller/package.dsv'
[0.364s] INFO:colcon.colcon_core.shell:Creating package script '/home/user/ros2_control_example/install/my_controller/share/my_controller/package.sh'
[0.365s] INFO:colcon.colcon_core.shell:Creating package script '/home/user/ros2_control_example/install/my_controller/share/my_controller/package.bash'
[0.365s] DEBUG:colcon.colcon_core.event_handler.log_command:Invoked command in '/home/user/ros2_control_example/build/my_controller' returned '0': CMAKE_PREFIX_PATH=${CMAKE_PREFIX_PATH}:/opt/ros/humble /usr/bin/cmake --install /home/user/ros2_control_example/build/my_controller
[0.365s] INFO:colcon.colcon_core.shell:Creating package script '/home/user/ros2_control_example/install/my_controller/share/my_controller/package.zsh'
[0.366s] Level 1:colcon.colcon_core.environment:create_file_with_runtime_dependencies(/home/user/ros2_control_example/install/my_controller/share/colcon-core/packages/my_controller)
[0.368s] Level 1:colcon.colcon_core.environment:create_environment_scripts_only(robot_model)
[0.370s] Level 1:colcon.colcon_core.environment:checking '/home/user/ros2_control_example/install/robot_model' for CMake module files
[0.370s] Level 1:colcon.colcon_core.environment:checking '/home/user/ros2_control_example/install/robot_model' for CMake config files
[0.370s] Level 1:colcon.colcon_core.shell:create_environment_hook('robot_model', 'cmake_prefix_path')
[0.372s] INFO:colcon.colcon_core.shell:Creating environment hook '/home/user/ros2_control_example/install/robot_model/share/robot_model/hook/cmake_prefix_path.ps1'
[0.372s] INFO:colcon.colcon_core.shell:Creating environment descriptor '/home/user/ros2_control_example/install/robot_model/share/robot_model/hook/cmake_prefix_path.dsv'
[0.372s] INFO:colcon.colcon_core.shell:Creating environment hook '/home/user/ros2_control_example/install/robot_model/share/robot_model/hook/cmake_prefix_path.sh'
[0.373s] Level 1:colcon.colcon_core.environment:checking '/home/user/ros2_control_example/install/robot_model/bin'
[0.373s] Level 1:colcon.colcon_core.environment:checking '/home/user/ros2_control_example/install/robot_model/lib/pkgconfig/robot_model.pc'
[0.373s] Level 1:colcon.colcon_core.environment:checking '/home/user/ros2_control_example/install/robot_model/lib/python3.10/site-packages'
[0.373s] Level 1:colcon.colcon_core.environment:checking '/home/user/ros2_control_example/install/robot_model/bin'
[0.375s] INFO:colcon.colcon_core.shell:Creating package script '/home/user/ros2_control_example/install/robot_model/share/robot_model/package.ps1'
[0.375s] INFO:colcon.colcon_core.shell:Creating package descriptor '/home/user/ros2_control_example/install/robot_model/share/robot_model/package.dsv'
[0.376s] INFO:colcon.colcon_core.shell:Creating package script '/home/user/ros2_control_example/install/robot_model/share/robot_model/package.sh'
[0.376s] INFO:colcon.colcon_core.shell:Creating package script '/home/user/ros2_control_example/install/robot_model/share/robot_model/package.bash'
[0.376s] INFO:colcon.colcon_core.shell:Creating package script '/home/user/ros2_control_example/install/robot_model/share/robot_model/package.zsh'
[0.377s] Level 1:colcon.colcon_core.environment:create_file_with_runtime_dependencies(/home/user/ros2_control_example/install/robot_model/share/colcon-core/packages/robot_model)
[0.378s] Level 1:colcon.colcon_core.environment:create_environment_scripts_only(multi_interface_forward_controller)
[0.380s] Level 1:colcon.colcon_core.environment:checking '/home/user/ros2_control_example/install/multi_interface_forward_controller' for CMake module files
[0.382s] DEBUG:colcon.colcon_core.event_handler.log_command:Invoked command in '/home/user/ros2_control_example/build/multi_interface_forward_controller' returned '0': CMAKE_PREFIX_PATH=${CMAKE_PREFIX_PATH}:/opt/ros/humble /usr/bin/cmake --install /home/user/ros2_control_example/build/multi_interface_forward_controller
[0.382s] Level 1:colcon.colcon_core.environment:checking '/home/user/ros2_control_example/install/multi_interface_forward_controller' for CMake config files
[0.382s] Level 1:colcon.colcon_core.shell:create_environment_hook('multi_interface_forward_controller', 'cmake_prefix_path')
[0.383s] INFO:colcon.colcon_core.shell:Creating environment hook '/home/user/ros2_control_example/install/multi_interface_forward_controller/share/multi_interface_forward_controller/hook/cmake_prefix_path.ps1'
[0.384s] INFO:colcon.colcon_core.shell:Creating environment descriptor '/home/user/ros2_control_example/install/multi_interface_forward_controller/share/multi_interface_forward_controller/hook/cmake_prefix_path.dsv'
[0.384s] INFO:colcon.colcon_core.shell:Creating environment hook '/home/user/ros2_control_example/install/multi_interface_forward_controller/share/multi_interface_forward_controller/hook/cmake_prefix_path.sh'
[0.384s] Level 1:colcon.colcon_core.environment:checking '/home/user/ros2_control_example/install/multi_interface_forward_controller/lib'
[0.384s] Level 1:colcon.colcon_core.shell:create_environment_hook('multi_interface_forward_controller', 'ld_library_path_lib')
[0.385s] INFO:colcon.colcon_core.shell:Creating environment hook '/home/user/ros2_control_example/install/multi_interface_forward_controller/share/multi_interface_forward_controller/hook/ld_library_path_lib.ps1'
[0.386s] INFO:colcon.colcon_core.shell:Creating environment descriptor '/home/user/ros2_control_example/install/multi_interface_forward_controller/share/multi_interface_forward_controller/hook/ld_library_path_lib.dsv'
[0.386s] INFO:colcon.colcon_core.shell:Creating environment hook '/home/user/ros2_control_example/install/multi_interface_forward_controller/share/multi_interface_forward_controller/hook/ld_library_path_lib.sh'
[0.386s] Level 1:colcon.colcon_core.environment:checking '/home/user/ros2_control_example/install/multi_interface_forward_controller/bin'
[0.386s] Level 1:colcon.colcon_core.environment:checking '/home/user/ros2_control_example/install/multi_interface_forward_controller/lib/pkgconfig/multi_interface_forward_controller.pc'
[0.386s] Level 1:colcon.colcon_core.environment:checking '/home/user/ros2_control_example/install/multi_interface_forward_controller/lib/python3.10/site-packages'
[0.387s] Level 1:colcon.colcon_core.environment:checking '/home/user/ros2_control_example/install/multi_interface_forward_controller/bin'
[0.388s] INFO:colcon.colcon_core.shell:Creating package script '/home/user/ros2_control_example/install/multi_interface_forward_controller/share/multi_interface_forward_controller/package.ps1'
[0.388s] INFO:colcon.colcon_core.shell:Creating package descriptor '/home/user/ros2_control_example/install/multi_interface_forward_controller/share/multi_interface_forward_controller/package.dsv'
[0.388s] INFO:colcon.colcon_core.shell:Creating package script '/home/user/ros2_control_example/install/multi_interface_forward_controller/share/multi_interface_forward_controller/package.sh'
[0.389s] INFO:colcon.colcon_core.shell:Creating package script '/home/user/ros2_control_example/install/multi_interface_forward_controller/share/multi_interface_forward_controller/package.bash'
[0.389s] INFO:colcon.colcon_core.shell:Creating package script '/home/user/ros2_control_example/install/multi_interface_forward_controller/share/multi_interface_forward_controller/package.zsh'
[0.389s] Level 1:colcon.colcon_core.environment:create_file_with_runtime_dependencies(/home/user/ros2_control_example/install/multi_interface_forward_controller/share/colcon-core/packages/multi_interface_forward_controller)
[0.391s] Level 1:colcon.colcon_core.environment:create_environment_scripts_only(my_controller)
[0.392s] Level 1:colcon.colcon_core.environment:checking '/home/user/ros2_control_example/install/my_controller' for CMake module files
[0.393s] Level 1:colcon.colcon_core.environment:checking '/home/user/ros2_control_example/install/my_controller' for CMake config files
[0.393s] Level 1:colcon.colcon_core.shell:create_environment_hook('my_controller', 'cmake_prefix_path')
[0.394s] INFO:colcon.colcon_core.shell:Creating environment hook '/home/user/ros2_control_example/install/my_controller/share/my_controller/hook/cmake_prefix_path.ps1'
[0.394s] INFO:colcon.colcon_core.shell:Creating environment descriptor '/home/user/ros2_control_example/install/my_controller/share/my_controller/hook/cmake_prefix_path.dsv'
[0.394s] INFO:colcon.colcon_core.shell:Creating environment hook '/home/user/ros2_control_example/install/my_controller/share/my_controller/hook/cmake_prefix_path.sh'
[0.395s] Level 1:colcon.colcon_core.environment:checking '/home/user/ros2_control_example/install/my_controller/lib'
[0.395s] Level 1:colcon.colcon_core.shell:create_environment_hook('my_controller', 'ld_library_path_lib')
[0.396s] INFO:colcon.colcon_core.shell:Creating environment hook '/home/user/ros2_control_example/install/my_controller/share/my_controller/hook/ld_library_path_lib.ps1'
[0.396s] INFO:colcon.colcon_core.shell:Creating environment descriptor '/home/user/ros2_control_example/install/my_controller/share/my_controller/hook/ld_library_path_lib.dsv'
[0.396s] INFO:colcon.colcon_core.shell:Creating environment hook '/home/user/ros2_control_example/install/my_controller/share/my_controller/hook/ld_library_path_lib.sh'
[0.397s] Level 1:colcon.colcon_core.environment:checking '/home/user/ros2_control_example/install/my_controller/bin'
[0.397s] Level 1:colcon.colcon_core.environment:checking '/home/user/ros2_control_example/install/my_controller/lib/pkgconfig/my_controller.pc'
[0.397s] Level 1:colcon.colcon_core.environment:checking '/home/user/ros2_control_example/install/my_controller/lib/python3.10/site-packages'
[0.397s] Level 1:colcon.colcon_core.environment:checking '/home/user/ros2_control_example/install/my_controller/bin'
[0.399s] INFO:colcon.colcon_core.shell:Creating package script '/home/user/ros2_control_example/install/my_controller/share/my_controller/package.ps1'
[0.400s] INFO:colcon.colcon_core.shell:Creating package descriptor '/home/user/ros2_control_example/install/my_controller/share/my_controller/package.dsv'
[0.400s] INFO:colcon.colcon_core.shell:Creating package script '/home/user/ros2_control_example/install/my_controller/share/my_controller/package.sh'
[0.400s] INFO:colcon.colcon_core.shell:Creating package script '/home/user/ros2_control_example/install/my_controller/share/my_controller/package.bash'
[0.401s] INFO:colcon.colcon_core.shell:Creating package script '/home/user/ros2_control_example/install/my_controller/share/my_controller/package.zsh'
[0.401s] Level 1:colcon.colcon_core.environment:create_file_with_runtime_dependencies(/home/user/ros2_control_example/install/my_controller/share/colcon-core/packages/my_controller)
[0.404s] Level 1:colcon.colcon_core.environment:create_environment_scripts_only(multi_interface_forward_controller)
[0.406s] Level 1:colcon.colcon_core.environment:checking '/home/user/ros2_control_example/install/multi_interface_forward_controller' for CMake module files
[0.406s] Level 1:colcon.colcon_core.environment:checking '/home/user/ros2_control_example/install/multi_interface_forward_controller' for CMake config files
[0.406s] Level 1:colcon.colcon_core.shell:create_environment_hook('multi_interface_forward_controller', 'cmake_prefix_path')
[0.408s] INFO:colcon.colcon_core.shell:Creating environment hook '/home/user/ros2_control_example/install/multi_interface_forward_controller/share/multi_interface_forward_controller/hook/cmake_prefix_path.ps1'
[0.409s] INFO:colcon.colcon_core.shell:Creating environment descriptor '/home/user/ros2_control_example/install/multi_interface_forward_controller/share/multi_interface_forward_controller/hook/cmake_prefix_path.dsv'
[0.409s] INFO:colcon.colcon_core.shell:Creating environment hook '/home/user/ros2_control_example/install/multi_interface_forward_controller/share/multi_interface_forward_controller/hook/cmake_prefix_path.sh'
[0.409s] Level 1:colcon.colcon_core.environment:checking '/home/user/ros2_control_example/install/multi_interface_forward_controller/lib'
[0.409s] Level 1:colcon.colcon_core.shell:create_environment_hook('multi_interface_forward_controller', 'ld_library_path_lib')
[0.410s] INFO:colcon.colcon_core.shell:Creating environment hook '/home/user/ros2_control_example/install/multi_interface_forward_controller/share/multi_interface_forward_controller/hook/ld_library_path_lib.ps1'
[0.411s] INFO:colcon.colcon_core.shell:Creating environment descriptor '/home/user/ros2_control_example/install/multi_interface_forward_controller/share/multi_interface_forward_controller/hook/ld_library_path_lib.dsv'
[0.411s] INFO:colcon.colcon_core.shell:Creating environment hook '/home/user/ros2_control_example/install/multi_interface_forward_controller/share/multi_interface_forward_controller/hook/ld_library_path_lib.sh'
[0.411s] Level 1:colcon.colcon_core.environment:checking '/home/user/ros2_control_example/install/multi_interface_forward_controller/bin'
[0.411s] Level 1:colcon.colcon_core.environment:checking '/home/user/ros2_control_example/install/multi_interface_forward_controller/lib/pkgconfig/multi_interface_forward_controller.pc'
[0.411s] Level 1:colcon.colcon_core.environment:checking '/home/user/ros2_control_example/install/multi_interface_forward_controller/lib/python3.10/site-packages'
[0.412s] Level 1:colcon.colcon_core.environment:checking '/home/user/ros2_control_example/install/multi_interface_forward_controller/bin'
[0.413s] INFO:colcon.colcon_core.shell:Creating package script '/home/user/ros2_control_example/install/multi_interface_forward_controller/share/multi_interface_forward_controller/package.ps1'
[0.413s] INFO:colcon.colcon_core.shell:Creating package descriptor '/home/user/ros2_control_example/install/multi_interface_forward_controller/share/multi_interface_forward_controller/package.dsv'
[0.414s] INFO:colcon.colcon_core.shell:Creating package script '/home/user/ros2_control_example/install/multi_interface_forward_controller/share/multi_interface_forward_controller/package.sh'
[0.414s] INFO:colcon.colcon_core.shell:Creating package script '/home/user/ros2_control_example/install/multi_interface_forward_controller/share/multi_interface_forward_controller/package.bash'
[0.414s] INFO:colcon.colcon_core.shell:Creating package script '/home/user/ros2_control_example/install/multi_interface_forward_controller/share/multi_interface_forward_controller/package.zsh'
[0.414s] Level 1:colcon.colcon_core.environment:create_file_with_runtime_dependencies(/home/user/ros2_control_example/install/multi_interface_forward_controller/share/colcon-core/packages/multi_interface_forward_controller)
[0.415s] DEBUG:colcon.colcon_parallel_executor.executor.parallel:closing loop
[0.415s] DEBUG:colcon.colcon_parallel_executor.executor.parallel:loop closed
[0.415s] DEBUG:colcon.colcon_parallel_executor.executor.parallel:run_until_complete finished with '0'
[0.415s] DEBUG:colcon.colcon_core.event_reactor:joining thread
[0.420s] INFO:colcon.colcon_core.plugin_system:Skipping extension 'colcon_notification.desktop_notification.terminal_notifier': Not used on non-Darwin systems
[0.420s] INFO:colcon.colcon_core.plugin_system:Skipping extension 'colcon_notification.desktop_notification.win32': Not used on non-Windows systems
[0.421s] INFO:colcon.colcon_notification.desktop_notification:Sending desktop notification using 'notify2'
[0.429s] DEBUG:colcon.colcon_core.event_reactor:joined thread
[0.430s] INFO:colcon.colcon_core.shell:Creating prefix script '/home/user/ros2_control_example/install/local_setup.ps1'
[0.431s] INFO:colcon.colcon_core.shell:Creating prefix util module '/home/user/ros2_control_example/install/_local_setup_util_ps1.py'
[0.432s] INFO:colcon.colcon_core.shell:Creating prefix chain script '/home/user/ros2_control_example/install/setup.ps1'
[0.433s] INFO:colcon.colcon_core.shell:Creating prefix script '/home/user/ros2_control_example/install/local_setup.sh'
[0.433s] INFO:colcon.colcon_core.shell:Creating prefix util module '/home/user/ros2_control_example/install/_local_setup_util_sh.py'
[0.434s] INFO:colcon.colcon_core.shell:Creating prefix chain script '/home/user/ros2_control_example/install/setup.sh'
[0.435s] INFO:colcon.colcon_core.shell:Creating prefix script '/home/user/ros2_control_example/install/local_setup.bash'
[0.435s] INFO:colcon.colcon_core.shell:Creating prefix chain script '/home/user/ros2_control_example/install/setup.bash'
[0.436s] INFO:colcon.colcon_core.shell:Creating prefix script '/home/user/ros2_control_example/install/local_setup.zsh'
[0.437s] INFO:colcon.colcon_core.shell:Creating prefix chain script '/home/user/ros2_control_example/install/setup.zsh'
