[01m[K/home/user/ros2_control_example/src/my_controller/src/my_controller.cpp:218:106:[m[K [01;31m[Kerror: [m[Kmacro "RCLCPP_INFO_STREAM" requires 2 arguments, but only 1 given
  218 |         RCLCPP_INFO_STREAM("one of hardware interface is written !!!!!!!!!!!!!!!!!!!!!!!!!!!!!!!!!!!!!!!"[01;31m[K)[m[K;
      |                                                                                                          [01;31m[K^[m[K
In file included from [01m[K/opt/ros/humble/include/rclcpp/rclcpp/client.hpp:40[m[K,
                 from [01m[K/opt/ros/humble/include/rclcpp/rclcpp/callback_group.hpp:23[m[K,
                 from [01m[K/opt/ros/humble/include/rclcpp/rclcpp/any_executable.hpp:20[m[K,
                 from [01m[K/opt/ros/humble/include/rclcpp/rclcpp/memory_strategy.hpp:25[m[K,
                 from [01m[K/opt/ros/humble/include/rclcpp/rclcpp/memory_strategies.hpp:18[m[K,
                 from [01m[K/opt/ros/humble/include/rclcpp/rclcpp/executor_options.hpp:20[m[K,
                 from [01m[K/opt/ros/humble/include/rclcpp/rclcpp/executor.hpp:37[m[K,
                 from [01m[K/opt/ros/humble/include/rclcpp/rclcpp/executors/multi_threaded_executor.hpp:25[m[K,
                 from [01m[K/opt/ros/humble/include/rclcpp/rclcpp/executors.hpp:21[m[K,
                 from [01m[K/opt/ros/humble/include/rclcpp/rclcpp/rclcpp.hpp:155[m[K,
                 from [01m[K/opt/ros/humble/include/controller_interface/controller_interface_base.hpp:28[m[K,
                 from [01m[K/opt/ros/humble/include/controller_interface/controller_interface.hpp:22[m[K,
                 from [01m[K/home/user/ros2_control_example/src/my_controller/include/my_controller/my_controller.hpp:22[m[K,
                 from [01m[K/home/user/ros2_control_example/src/my_controller/src/my_controller.cpp:15[m[K:
[01m[K/opt/ros/humble/include/rclcpp/rclcpp/logging.hpp:722:[m[K [01;36m[Knote: [m[Kmacro "RCLCPP_INFO_STREAM" defined here
  722 | #define RCLCPP_INFO_STREAM(logger, stream_arg) \
      | 
[01m[K/home/user/ros2_control_example/src/my_controller/src/my_controller.cpp:[m[K In member function ‘[01m[Kvirtual controller_interface::return_type my_controller::MyController::update(const rclcpp::Time&, const rclcpp::Duration&)[m[K’:
[01m[K/home/user/ros2_control_example/src/my_controller/src/my_controller.cpp:218:9:[m[K [01;31m[Kerror: [m[K‘[01m[KRCLCPP_INFO_STREAM[m[K’ was not declared in this scope
  218 |         [01;31m[KRCLCPP_INFO_STREAM[m[K("one of hardware interface is written !!!!!!!!!!!!!!!!!!!!!!!!!!!!!!!!!!!!!!!");
      |         [01;31m[K^~~~~~~~~~~~~~~~~~[m[K
gmake[2]: *** [CMakeFiles/my_controller.dir/build.make:76: CMakeFiles/my_controller.dir/src/my_controller.cpp.o] Error 1
gmake[1]: *** [CMakeFiles/Makefile2:137: CMakeFiles/my_controller.dir/all] Error 2
gmake: *** [Makefile:146: all] Error 2
