[0.010s] Invoking command in '/home/user/ros2_control_example/build/custom_interfaces': CMAKE_PREFIX_PATH=/opt/ros/humble /usr/bin/cmake --build /home/user/ros2_control_example/build/custom_interfaces -- -j8 -l8
[0.026s] -- Found ament_cmake: 1.3.3 (/opt/ros/humble/share/ament_cmake/cmake)
[0.130s] -- Found std_msgs: 4.2.2 (/opt/ros/humble/share/std_msgs/cmake)
[0.149s] -- Found rosidl_generator_c: 3.1.4 (/opt/ros/humble/share/rosidl_generator_c/cmake)
[0.150s] -- Found rosidl_adapter: 3.1.4 (/opt/ros/humble/share/rosidl_adapter/cmake)
[0.155s] -- Found rosidl_generator_cpp: 3.1.4 (/opt/ros/humble/share/rosidl_generator_cpp/cmake)
[0.163s] -- Using all available rosidl_typesupport_c: rosidl_typesupport_fastrtps_c;rosidl_typesupport_introspection_c
[0.175s] -- Using all available rosidl_typesupport_cpp: rosidl_typesupport_fastrtps_cpp;rosidl_typesupport_introspection_cpp
[0.218s] -- Found rosidl_default_generators: 1.2.0 (/opt/ros/humble/share/rosidl_default_generators/cmake)
[0.408s] -- Found ament_cmake_ros: 0.10.0 (/opt/ros/humble/share/ament_cmake_ros/cmake)
[0.662s] -- Using all available rosidl_typesupport_c: rosidl_typesupport_fastrtps_c;rosidl_typesupport_introspection_c
[0.761s] -- Using all available rosidl_typesupport_cpp: rosidl_typesupport_fastrtps_cpp;rosidl_typesupport_introspection_cpp
[0.777s] -- Found python_cmake_module: 0.10.0 (/opt/ros/humble/share/python_cmake_module/cmake)
[0.792s] -- Using PYTHON_EXECUTABLE: /usr/bin/python3
[0.792s] -- Using PYTHON_INCLUDE_DIRS: /usr/include/python3.10
[0.792s] -- Using PYTHON_LIBRARIES: /usr/lib/x86_64-linux-gnu/libpython3.10.so
[0.811s] -- Found ament_lint_auto: 0.12.4 (/opt/ros/humble/share/ament_lint_auto/cmake)
[0.817s] -- Added test 'lint_cmake' to check CMake code style
[0.818s] -- Added test 'xmllint' to check XML markup files
[0.819s] -- Configuring done
[0.843s] -- Generating done
[0.845s] -- Build files have been written to: /home/user/ros2_control_example/build/custom_interfaces
[0.861s] [35m[1mConsolidate compiler generated dependencies of target custom_interfaces__rosidl_generator_c[0m
[0.866s] [  3%] Built target custom_interfaces__cpp
[0.867s] [  6%] [32mBuilding C object CMakeFiles/custom_interfaces__rosidl_generator_c.dir/rosidl_generator_c/custom_interfaces/msg/detail/controlnote__functions.c.o[0m
[0.873s] [35m[1mConsolidate compiler generated dependencies of target custom_interfaces__rosidl_typesupport_cpp[0m
[0.873s] [35m[1mConsolidate compiler generated dependencies of target custom_interfaces__rosidl_typesupport_introspection_cpp[0m
[0.873s] [  6%] Built target ament_cmake_python_copy_custom_interfaces
[0.874s] [35m[1mConsolidate compiler generated dependencies of target custom_interfaces__rosidl_typesupport_fastrtps_cpp[0m
[0.880s] [ 12%] [32mBuilding CXX object CMakeFiles/custom_interfaces__rosidl_typesupport_introspection_cpp.dir/rosidl_typesupport_introspection_cpp/custom_interfaces/msg/detail/controlnote__type_support.cpp.o[0m
[0.881s] [ 12%] [32mBuilding CXX object CMakeFiles/custom_interfaces__rosidl_typesupport_cpp.dir/rosidl_typesupport_cpp/custom_interfaces/msg/controlnote__type_support.cpp.o[0m
[0.881s] [ 16%] [32mBuilding CXX object CMakeFiles/custom_interfaces__rosidl_typesupport_fastrtps_cpp.dir/rosidl_typesupport_fastrtps_cpp/custom_interfaces/msg/detail/dds_fastrtps/controlnote__type_support.cpp.o[0m
[0.915s] [ 19%] [32m[1mLinking C shared library libcustom_interfaces__rosidl_generator_c.so[0m
[0.957s] [ 22%] Built target custom_interfaces__rosidl_generator_c
[0.967s] [35m[1mConsolidate compiler generated dependencies of target custom_interfaces__rosidl_typesupport_c[0m
[0.967s] [35m[1mConsolidate compiler generated dependencies of target custom_interfaces__rosidl_typesupport_introspection_c[0m
[0.968s] [35m[1mConsolidate compiler generated dependencies of target custom_interfaces__rosidl_typesupport_fastrtps_c[0m
[0.978s] [ 29%] [32mBuilding CXX object CMakeFiles/custom_interfaces__rosidl_typesupport_c.dir/rosidl_typesupport_c/custom_interfaces/msg/controlnote__type_support.cpp.o[0m
[0.978s] [ 29%] [32mBuilding C object CMakeFiles/custom_interfaces__rosidl_typesupport_introspection_c.dir/rosidl_typesupport_introspection_c/custom_interfaces/msg/detail/controlnote__type_support.c.o[0m
[0.981s] [ 32%] [32mBuilding CXX object CMakeFiles/custom_interfaces__rosidl_typesupport_fastrtps_c.dir/rosidl_typesupport_fastrtps_c/custom_interfaces/msg/detail/controlnote__type_support_c.cpp.o[0m
[1.009s] [ 35%] [32m[1mLinking CXX shared library libcustom_interfaces__rosidl_typesupport_c.so[0m
[1.022s] [ 38%] [32m[1mLinking C shared library libcustom_interfaces__rosidl_typesupport_introspection_c.so[0m
[1.058s] [ 41%] Built target custom_interfaces__rosidl_typesupport_introspection_c
[1.059s] [ 45%] Built target custom_interfaces__rosidl_typesupport_c
[1.125s] [ 48%] [32m[1mLinking CXX shared library libcustom_interfaces__rosidl_typesupport_cpp.so[0m
[1.158s] [ 51%] Built target custom_interfaces__rosidl_typesupport_cpp
[1.179s] running egg_info
[1.180s] writing custom_interfaces.egg-info/PKG-INFO
[1.180s] writing dependency_links to custom_interfaces.egg-info/dependency_links.txt
[1.181s] writing top-level names to custom_interfaces.egg-info/top_level.txt
[1.184s] reading manifest file 'custom_interfaces.egg-info/SOURCES.txt'
[1.185s] writing manifest file 'custom_interfaces.egg-info/SOURCES.txt'
[1.211s] [ 51%] Built target ament_cmake_python_build_custom_interfaces_egg
[1.271s] [ 54%] [32m[1mLinking CXX shared library libcustom_interfaces__rosidl_typesupport_introspection_cpp.so[0m
[1.315s] [ 58%] [32m[1mLinking CXX shared library libcustom_interfaces__rosidl_typesupport_fastrtps_cpp.so[0m
[1.342s] [ 61%] Built target custom_interfaces__rosidl_typesupport_introspection_cpp
[1.345s] [ 64%] [32m[1mLinking CXX shared library libcustom_interfaces__rosidl_typesupport_fastrtps_c.so[0m
[1.387s] [ 67%] Built target custom_interfaces__rosidl_typesupport_fastrtps_cpp
[1.406s] [ 70%] Built target custom_interfaces__rosidl_typesupport_fastrtps_c
[1.416s] [ 70%] Built target custom_interfaces
[1.430s] [ 74%] Built target custom_interfaces__py
[1.437s] [35m[1mConsolidate compiler generated dependencies of target custom_interfaces__rosidl_generator_py[0m
[1.444s] [ 77%] [32mBuilding C object CMakeFiles/custom_interfaces__rosidl_generator_py.dir/rosidl_generator_py/custom_interfaces/msg/_controlnote_s.c.o[0m
[1.519s] [ 80%] [32m[1mLinking C shared library rosidl_generator_py/custom_interfaces/libcustom_interfaces__rosidl_generator_py.so[0m
[1.548s] [ 80%] Built target custom_interfaces__rosidl_generator_py
[1.554s] [35m[1mConsolidate compiler generated dependencies of target custom_interfaces__rosidl_typesupport_introspection_c__pyext[0m
[1.555s] [35m[1mConsolidate compiler generated dependencies of target custom_interfaces__rosidl_typesupport_c__pyext[0m
[1.555s] [35m[1mConsolidate compiler generated dependencies of target custom_interfaces__rosidl_typesupport_fastrtps_c__pyext[0m
[1.563s] [ 90%] [32mBuilding C object CMakeFiles/custom_interfaces__rosidl_typesupport_introspection_c__pyext.dir/rosidl_generator_py/custom_interfaces/_custom_interfaces_s.ep.rosidl_typesupport_introspection_c.c.o[0m
[1.563s] [ 90%] [32mBuilding C object CMakeFiles/custom_interfaces__rosidl_typesupport_fastrtps_c__pyext.dir/rosidl_generator_py/custom_interfaces/_custom_interfaces_s.ep.rosidl_typesupport_fastrtps_c.c.o[0m
[1.563s] [ 90%] [32mBuilding C object CMakeFiles/custom_interfaces__rosidl_typesupport_c__pyext.dir/rosidl_generator_py/custom_interfaces/_custom_interfaces_s.ep.rosidl_typesupport_c.c.o[0m
[1.632s] [100%] [32m[1mLinking C shared library rosidl_generator_py/custom_interfaces/custom_interfaces_s__rosidl_typesupport_c.cpython-310-x86_64-linux-gnu.so[0m
[1.632s] [100%] [32m[1mLinking C shared library rosidl_generator_py/custom_interfaces/custom_interfaces_s__rosidl_typesupport_introspection_c.cpython-310-x86_64-linux-gnu.so[0m
[1.632s] [100%] [32m[1mLinking C shared library rosidl_generator_py/custom_interfaces/custom_interfaces_s__rosidl_typesupport_fastrtps_c.cpython-310-x86_64-linux-gnu.so[0m
[1.658s] [100%] Built target custom_interfaces__rosidl_typesupport_c__pyext
[1.658s] [100%] Built target custom_interfaces__rosidl_typesupport_introspection_c__pyext
[1.659s] [100%] Built target custom_interfaces__rosidl_typesupport_fastrtps_c__pyext
[1.665s] Invoked command in '/home/user/ros2_control_example/build/custom_interfaces' returned '0': CMAKE_PREFIX_PATH=/opt/ros/humble /usr/bin/cmake --build /home/user/ros2_control_example/build/custom_interfaces -- -j8 -l8
[1.697s] Invoking command in '/home/user/ros2_control_example/build/custom_interfaces': CMAKE_PREFIX_PATH=/opt/ros/humble /usr/bin/cmake --install /home/user/ros2_control_example/build/custom_interfaces
[1.701s] -- Install configuration: ""
[1.701s] -- Up-to-date: /home/user/ros2_control_example/install/custom_interfaces/share/ament_index/resource_index/rosidl_interfaces/custom_interfaces
[1.702s] -- Up-to-date: /home/user/ros2_control_example/install/custom_interfaces/include/custom_interfaces/custom_interfaces
[1.702s] -- Up-to-date: /home/user/ros2_control_example/install/custom_interfaces/include/custom_interfaces/custom_interfaces/msg
[1.702s] -- Up-to-date: /home/user/ros2_control_example/install/custom_interfaces/include/custom_interfaces/custom_interfaces/msg/detail
[1.702s] -- Up-to-date: /home/user/ros2_control_example/install/custom_interfaces/include/custom_interfaces/custom_interfaces/msg/detail/controlnote__struct.h
[1.702s] -- Up-to-date: /home/user/ros2_control_example/install/custom_interfaces/include/custom_interfaces/custom_interfaces/msg/detail/controlnote__functions.h
[1.702s] -- Up-to-date: /home/user/ros2_control_example/install/custom_interfaces/include/custom_interfaces/custom_interfaces/msg/detail/controlnote__functions.c
[1.702s] -- Up-to-date: /home/user/ros2_control_example/install/custom_interfaces/include/custom_interfaces/custom_interfaces/msg/detail/controlnote__type_support.h
[1.702s] -- Up-to-date: /home/user/ros2_control_example/install/custom_interfaces/include/custom_interfaces/custom_interfaces/msg/controlnote.h
[1.702s] -- Up-to-date: /home/user/ros2_control_example/install/custom_interfaces/include/custom_interfaces/custom_interfaces/msg/rosidl_generator_c__visibility_control.h
[1.702s] -- Up-to-date: /home/user/ros2_control_example/install/custom_interfaces/share/custom_interfaces/environment/library_path.sh
[1.702s] -- Installing: /home/user/ros2_control_example/install/custom_interfaces/share/custom_interfaces/environment/library_path.dsv
[1.702s] -- Installing: /home/user/ros2_control_example/install/custom_interfaces/lib/libcustom_interfaces__rosidl_generator_c.so
[1.702s] -- Set runtime path of "/home/user/ros2_control_example/install/custom_interfaces/lib/libcustom_interfaces__rosidl_generator_c.so" to ""
[1.702s] -- Up-to-date: /home/user/ros2_control_example/install/custom_interfaces/include/custom_interfaces/custom_interfaces
[1.702s] -- Up-to-date: /home/user/ros2_control_example/install/custom_interfaces/include/custom_interfaces/custom_interfaces/msg
[1.702s] -- Up-to-date: /home/user/ros2_control_example/install/custom_interfaces/include/custom_interfaces/custom_interfaces/msg/detail
[1.702s] -- Up-to-date: /home/user/ros2_control_example/install/custom_interfaces/include/custom_interfaces/custom_interfaces/msg/detail/controlnote__rosidl_typesupport_fastrtps_c.h
[1.702s] -- Up-to-date: /home/user/ros2_control_example/install/custom_interfaces/include/custom_interfaces/custom_interfaces/msg/rosidl_typesupport_fastrtps_c__visibility_control.h
[1.702s] -- Installing: /home/user/ros2_control_example/install/custom_interfaces/lib/libcustom_interfaces__rosidl_typesupport_fastrtps_c.so
[1.703s] -- Set runtime path of "/home/user/ros2_control_example/install/custom_interfaces/lib/libcustom_interfaces__rosidl_typesupport_fastrtps_c.so" to ""
[1.703s] -- Up-to-date: /home/user/ros2_control_example/install/custom_interfaces/include/custom_interfaces/custom_interfaces
[1.703s] -- Up-to-date: /home/user/ros2_control_example/install/custom_interfaces/include/custom_interfaces/custom_interfaces/msg
[1.703s] -- Up-to-date: /home/user/ros2_control_example/install/custom_interfaces/include/custom_interfaces/custom_interfaces/msg/detail
[1.703s] -- Up-to-date: /home/user/ros2_control_example/install/custom_interfaces/include/custom_interfaces/custom_interfaces/msg/detail/controlnote__struct.hpp
[1.703s] -- Up-to-date: /home/user/ros2_control_example/install/custom_interfaces/include/custom_interfaces/custom_interfaces/msg/detail/controlnote__builder.hpp
[1.703s] -- Up-to-date: /home/user/ros2_control_example/install/custom_interfaces/include/custom_interfaces/custom_interfaces/msg/detail/controlnote__traits.hpp
[1.703s] -- Up-to-date: /home/user/ros2_control_example/install/custom_interfaces/include/custom_interfaces/custom_interfaces/msg/controlnote.hpp
[1.703s] -- Up-to-date: /home/user/ros2_control_example/install/custom_interfaces/include/custom_interfaces/custom_interfaces
[1.703s] -- Up-to-date: /home/user/ros2_control_example/install/custom_interfaces/include/custom_interfaces/custom_interfaces/msg
[1.703s] -- Up-to-date: /home/user/ros2_control_example/install/custom_interfaces/include/custom_interfaces/custom_interfaces/msg/detail
[1.703s] -- Up-to-date: /home/user/ros2_control_example/install/custom_interfaces/include/custom_interfaces/custom_interfaces/msg/detail/controlnote__rosidl_typesupport_fastrtps_cpp.hpp
[1.703s] -- Up-to-date: /home/user/ros2_control_example/install/custom_interfaces/include/custom_interfaces/custom_interfaces/msg/detail/dds_fastrtps
[1.703s] -- Up-to-date: /home/user/ros2_control_example/install/custom_interfaces/include/custom_interfaces/custom_interfaces/msg/rosidl_typesupport_fastrtps_cpp__visibility_control.h
[1.703s] -- Installing: /home/user/ros2_control_example/install/custom_interfaces/lib/libcustom_interfaces__rosidl_typesupport_fastrtps_cpp.so
[1.703s] -- Set runtime path of "/home/user/ros2_control_example/install/custom_interfaces/lib/libcustom_interfaces__rosidl_typesupport_fastrtps_cpp.so" to ""
[1.703s] -- Up-to-date: /home/user/ros2_control_example/install/custom_interfaces/include/custom_interfaces/custom_interfaces
[1.703s] -- Up-to-date: /home/user/ros2_control_example/install/custom_interfaces/include/custom_interfaces/custom_interfaces/msg
[1.704s] -- Up-to-date: /home/user/ros2_control_example/install/custom_interfaces/include/custom_interfaces/custom_interfaces/msg/detail
[1.704s] -- Up-to-date: /home/user/ros2_control_example/install/custom_interfaces/include/custom_interfaces/custom_interfaces/msg/detail/controlnote__rosidl_typesupport_introspection_c.h
[1.704s] -- Up-to-date: /home/user/ros2_control_example/install/custom_interfaces/include/custom_interfaces/custom_interfaces/msg/detail/controlnote__type_support.c
[1.704s] -- Up-to-date: /home/user/ros2_control_example/install/custom_interfaces/include/custom_interfaces/custom_interfaces/msg/rosidl_typesupport_introspection_c__visibility_control.h
[1.704s] -- Installing: /home/user/ros2_control_example/install/custom_interfaces/lib/libcustom_interfaces__rosidl_typesupport_introspection_c.so
[1.704s] -- Set runtime path of "/home/user/ros2_control_example/install/custom_interfaces/lib/libcustom_interfaces__rosidl_typesupport_introspection_c.so" to ""
[1.704s] -- Installing: /home/user/ros2_control_example/install/custom_interfaces/lib/libcustom_interfaces__rosidl_typesupport_c.so
[1.704s] -- Set runtime path of "/home/user/ros2_control_example/install/custom_interfaces/lib/libcustom_interfaces__rosidl_typesupport_c.so" to ""
[1.704s] -- Up-to-date: /home/user/ros2_control_example/install/custom_interfaces/include/custom_interfaces/custom_interfaces
[1.704s] -- Up-to-date: /home/user/ros2_control_example/install/custom_interfaces/include/custom_interfaces/custom_interfaces/msg
[1.704s] -- Up-to-date: /home/user/ros2_control_example/install/custom_interfaces/include/custom_interfaces/custom_interfaces/msg/detail
[1.704s] -- Up-to-date: /home/user/ros2_control_example/install/custom_interfaces/include/custom_interfaces/custom_interfaces/msg/detail/controlnote__type_support.cpp
[1.704s] -- Up-to-date: /home/user/ros2_control_example/install/custom_interfaces/include/custom_interfaces/custom_interfaces/msg/detail/controlnote__rosidl_typesupport_introspection_cpp.hpp
[1.704s] -- Installing: /home/user/ros2_control_example/install/custom_interfaces/lib/libcustom_interfaces__rosidl_typesupport_introspection_cpp.so
[1.704s] -- Set runtime path of "/home/user/ros2_control_example/install/custom_interfaces/lib/libcustom_interfaces__rosidl_typesupport_introspection_cpp.so" to ""
[1.704s] -- Installing: /home/user/ros2_control_example/install/custom_interfaces/lib/libcustom_interfaces__rosidl_typesupport_cpp.so
[1.704s] -- Set runtime path of "/home/user/ros2_control_example/install/custom_interfaces/lib/libcustom_interfaces__rosidl_typesupport_cpp.so" to ""
[1.704s] -- Up-to-date: /home/user/ros2_control_example/install/custom_interfaces/share/custom_interfaces/environment/pythonpath.sh
[1.704s] -- Installing: /home/user/ros2_control_example/install/custom_interfaces/share/custom_interfaces/environment/pythonpath.dsv
[1.704s] -- Up-to-date: /home/user/ros2_control_example/install/custom_interfaces/local/lib/python3.10/dist-packages/custom_interfaces-0.0.0-py3.10.egg-info
[1.705s] -- Installing: /home/user/ros2_control_example/install/custom_interfaces/local/lib/python3.10/dist-packages/custom_interfaces-0.0.0-py3.10.egg-info/SOURCES.txt
[1.705s] -- Installing: /home/user/ros2_control_example/install/custom_interfaces/local/lib/python3.10/dist-packages/custom_interfaces-0.0.0-py3.10.egg-info/dependency_links.txt
[1.705s] -- Installing: /home/user/ros2_control_example/install/custom_interfaces/local/lib/python3.10/dist-packages/custom_interfaces-0.0.0-py3.10.egg-info/PKG-INFO
[1.705s] -- Installing: /home/user/ros2_control_example/install/custom_interfaces/local/lib/python3.10/dist-packages/custom_interfaces-0.0.0-py3.10.egg-info/top_level.txt
[1.705s] -- Up-to-date: /home/user/ros2_control_example/install/custom_interfaces/local/lib/python3.10/dist-packages/custom_interfaces
[1.705s] -- Installing: /home/user/ros2_control_example/install/custom_interfaces/local/lib/python3.10/dist-packages/custom_interfaces/custom_interfaces_s__rosidl_typesupport_fastrtps_c.cpython-310-x86_64-linux-gnu.so
[1.705s] -- Installing: /home/user/ros2_control_example/install/custom_interfaces/local/lib/python3.10/dist-packages/custom_interfaces/__init__.py
[1.705s] -- Installing: /home/user/ros2_control_example/install/custom_interfaces/local/lib/python3.10/dist-packages/custom_interfaces/custom_interfaces_s__rosidl_typesupport_c.cpython-310-x86_64-linux-gnu.so
[1.705s] -- Up-to-date: /home/user/ros2_control_example/install/custom_interfaces/local/lib/python3.10/dist-packages/custom_interfaces/msg
[1.705s] -- Up-to-date: /home/user/ros2_control_example/install/custom_interfaces/local/lib/python3.10/dist-packages/custom_interfaces/msg/_controlnote.py
[1.705s] -- Up-to-date: /home/user/ros2_control_example/install/custom_interfaces/local/lib/python3.10/dist-packages/custom_interfaces/msg/__init__.py
[1.705s] -- Up-to-date: /home/user/ros2_control_example/install/custom_interfaces/local/lib/python3.10/dist-packages/custom_interfaces/msg/_controlnote_s.c
[1.705s] -- Installing: /home/user/ros2_control_example/install/custom_interfaces/local/lib/python3.10/dist-packages/custom_interfaces/libcustom_interfaces__rosidl_generator_py.so
[1.705s] -- Up-to-date: /home/user/ros2_control_example/install/custom_interfaces/local/lib/python3.10/dist-packages/custom_interfaces/_custom_interfaces_s.ep.rosidl_typesupport_introspection_c.c
[1.705s] -- Installing: /home/user/ros2_control_example/install/custom_interfaces/local/lib/python3.10/dist-packages/custom_interfaces/custom_interfaces_s__rosidl_typesupport_introspection_c.cpython-310-x86_64-linux-gnu.so
[1.705s] -- Up-to-date: /home/user/ros2_control_example/install/custom_interfaces/local/lib/python3.10/dist-packages/custom_interfaces/_custom_interfaces_s.ep.rosidl_typesupport_c.c
[1.705s] -- Up-to-date: /home/user/ros2_control_example/install/custom_interfaces/local/lib/python3.10/dist-packages/custom_interfaces/_custom_interfaces_s.ep.rosidl_typesupport_fastrtps_c.c
[1.728s] Listing '/home/user/ros2_control_example/install/custom_interfaces/local/lib/python3.10/dist-packages/custom_interfaces'...
[1.728s] Compiling '/home/user/ros2_control_example/install/custom_interfaces/local/lib/python3.10/dist-packages/custom_interfaces/__init__.py'...
[1.728s] Listing '/home/user/ros2_control_example/install/custom_interfaces/local/lib/python3.10/dist-packages/custom_interfaces/msg'...
[1.735s] -- Installing: /home/user/ros2_control_example/install/custom_interfaces/local/lib/python3.10/dist-packages/custom_interfaces/custom_interfaces_s__rosidl_typesupport_fastrtps_c.cpython-310-x86_64-linux-gnu.so
[1.735s] -- Set runtime path of "/home/user/ros2_control_example/install/custom_interfaces/local/lib/python3.10/dist-packages/custom_interfaces/custom_interfaces_s__rosidl_typesupport_fastrtps_c.cpython-310-x86_64-linux-gnu.so" to ""
[1.735s] -- Installing: /home/user/ros2_control_example/install/custom_interfaces/local/lib/python3.10/dist-packages/custom_interfaces/custom_interfaces_s__rosidl_typesupport_introspection_c.cpython-310-x86_64-linux-gnu.so
[1.735s] -- Set runtime path of "/home/user/ros2_control_example/install/custom_interfaces/local/lib/python3.10/dist-packages/custom_interfaces/custom_interfaces_s__rosidl_typesupport_introspection_c.cpython-310-x86_64-linux-gnu.so" to ""
[1.736s] -- Installing: /home/user/ros2_control_example/install/custom_interfaces/local/lib/python3.10/dist-packages/custom_interfaces/custom_interfaces_s__rosidl_typesupport_c.cpython-310-x86_64-linux-gnu.so
[1.736s] -- Set runtime path of "/home/user/ros2_control_example/install/custom_interfaces/local/lib/python3.10/dist-packages/custom_interfaces/custom_interfaces_s__rosidl_typesupport_c.cpython-310-x86_64-linux-gnu.so" to ""
[1.736s] -- Installing: /home/user/ros2_control_example/install/custom_interfaces/lib/libcustom_interfaces__rosidl_generator_py.so
[1.736s] -- Set runtime path of "/home/user/ros2_control_example/install/custom_interfaces/lib/libcustom_interfaces__rosidl_generator_py.so" to ""
[1.736s] -- Up-to-date: /home/user/ros2_control_example/install/custom_interfaces/share/custom_interfaces/msg/Controlnote.idl
[1.736s] -- Up-to-date: /home/user/ros2_control_example/install/custom_interfaces/share/custom_interfaces/msg/Controlnote.msg
[1.736s] -- Up-to-date: /home/user/ros2_control_example/install/custom_interfaces/share/ament_index/resource_index/package_run_dependencies/custom_interfaces
[1.736s] -- Up-to-date: /home/user/ros2_control_example/install/custom_interfaces/share/ament_index/resource_index/parent_prefix_path/custom_interfaces
[1.736s] -- Up-to-date: /home/user/ros2_control_example/install/custom_interfaces/share/custom_interfaces/environment/ament_prefix_path.sh
[1.736s] -- Installing: /home/user/ros2_control_example/install/custom_interfaces/share/custom_interfaces/environment/ament_prefix_path.dsv
[1.737s] -- Up-to-date: /home/user/ros2_control_example/install/custom_interfaces/share/custom_interfaces/environment/path.sh
[1.737s] -- Installing: /home/user/ros2_control_example/install/custom_interfaces/share/custom_interfaces/environment/path.dsv
[1.737s] -- Up-to-date: /home/user/ros2_control_example/install/custom_interfaces/share/custom_interfaces/local_setup.bash
[1.737s] -- Up-to-date: /home/user/ros2_control_example/install/custom_interfaces/share/custom_interfaces/local_setup.sh
[1.737s] -- Up-to-date: /home/user/ros2_control_example/install/custom_interfaces/share/custom_interfaces/local_setup.zsh
[1.737s] -- Installing: /home/user/ros2_control_example/install/custom_interfaces/share/custom_interfaces/local_setup.dsv
[1.737s] -- Installing: /home/user/ros2_control_example/install/custom_interfaces/share/custom_interfaces/package.dsv
[1.737s] -- Up-to-date: /home/user/ros2_control_example/install/custom_interfaces/share/ament_index/resource_index/packages/custom_interfaces
[1.737s] -- Old export file "/home/user/ros2_control_example/install/custom_interfaces/share/custom_interfaces/cmake/export_custom_interfaces__rosidl_generator_cExport.cmake" will be replaced.  Removing files [/home/user/ros2_control_example/install/custom_interfaces/share/custom_interfaces/cmake/export_custom_interfaces__rosidl_generator_cExport-noconfig.cmake].
[1.737s] -- Installing: /home/user/ros2_control_example/install/custom_interfaces/share/custom_interfaces/cmake/export_custom_interfaces__rosidl_generator_cExport.cmake
[1.737s] -- Installing: /home/user/ros2_control_example/install/custom_interfaces/share/custom_interfaces/cmake/export_custom_interfaces__rosidl_generator_cExport-noconfig.cmake
[1.737s] -- Old export file "/home/user/ros2_control_example/install/custom_interfaces/share/custom_interfaces/cmake/export_custom_interfaces__rosidl_typesupport_fastrtps_cExport.cmake" will be replaced.  Removing files [/home/user/ros2_control_example/install/custom_interfaces/share/custom_interfaces/cmake/export_custom_interfaces__rosidl_typesupport_fastrtps_cExport-noconfig.cmake].
[1.737s] -- Installing: /home/user/ros2_control_example/install/custom_interfaces/share/custom_interfaces/cmake/export_custom_interfaces__rosidl_typesupport_fastrtps_cExport.cmake
[1.737s] -- Installing: /home/user/ros2_control_example/install/custom_interfaces/share/custom_interfaces/cmake/export_custom_interfaces__rosidl_typesupport_fastrtps_cExport-noconfig.cmake
[1.737s] -- Installing: /home/user/ros2_control_example/install/custom_interfaces/share/custom_interfaces/cmake/export_custom_interfaces__rosidl_generator_cppExport.cmake
[1.737s] -- Old export file "/home/user/ros2_control_example/install/custom_interfaces/share/custom_interfaces/cmake/export_custom_interfaces__rosidl_typesupport_fastrtps_cppExport.cmake" will be replaced.  Removing files [/home/user/ros2_control_example/install/custom_interfaces/share/custom_interfaces/cmake/export_custom_interfaces__rosidl_typesupport_fastrtps_cppExport-noconfig.cmake].
[1.738s] -- Installing: /home/user/ros2_control_example/install/custom_interfaces/share/custom_interfaces/cmake/export_custom_interfaces__rosidl_typesupport_fastrtps_cppExport.cmake
[1.738s] -- Installing: /home/user/ros2_control_example/install/custom_interfaces/share/custom_interfaces/cmake/export_custom_interfaces__rosidl_typesupport_fastrtps_cppExport-noconfig.cmake
[1.738s] -- Old export file "/home/user/ros2_control_example/install/custom_interfaces/share/custom_interfaces/cmake/custom_interfaces__rosidl_typesupport_introspection_cExport.cmake" will be replaced.  Removing files [/home/user/ros2_control_example/install/custom_interfaces/share/custom_interfaces/cmake/custom_interfaces__rosidl_typesupport_introspection_cExport-noconfig.cmake].
[1.738s] -- Installing: /home/user/ros2_control_example/install/custom_interfaces/share/custom_interfaces/cmake/custom_interfaces__rosidl_typesupport_introspection_cExport.cmake
[1.738s] -- Installing: /home/user/ros2_control_example/install/custom_interfaces/share/custom_interfaces/cmake/custom_interfaces__rosidl_typesupport_introspection_cExport-noconfig.cmake
[1.738s] -- Old export file "/home/user/ros2_control_example/install/custom_interfaces/share/custom_interfaces/cmake/custom_interfaces__rosidl_typesupport_cExport.cmake" will be replaced.  Removing files [/home/user/ros2_control_example/install/custom_interfaces/share/custom_interfaces/cmake/custom_interfaces__rosidl_typesupport_cExport-noconfig.cmake].
[1.738s] -- Installing: /home/user/ros2_control_example/install/custom_interfaces/share/custom_interfaces/cmake/custom_interfaces__rosidl_typesupport_cExport.cmake
[1.738s] -- Installing: /home/user/ros2_control_example/install/custom_interfaces/share/custom_interfaces/cmake/custom_interfaces__rosidl_typesupport_cExport-noconfig.cmake
[1.738s] -- Old export file "/home/user/ros2_control_example/install/custom_interfaces/share/custom_interfaces/cmake/custom_interfaces__rosidl_typesupport_introspection_cppExport.cmake" will be replaced.  Removing files [/home/user/ros2_control_example/install/custom_interfaces/share/custom_interfaces/cmake/custom_interfaces__rosidl_typesupport_introspection_cppExport-noconfig.cmake].
[1.738s] -- Installing: /home/user/ros2_control_example/install/custom_interfaces/share/custom_interfaces/cmake/custom_interfaces__rosidl_typesupport_introspection_cppExport.cmake
[1.738s] -- Installing: /home/user/ros2_control_example/install/custom_interfaces/share/custom_interfaces/cmake/custom_interfaces__rosidl_typesupport_introspection_cppExport-noconfig.cmake
[1.738s] -- Old export file "/home/user/ros2_control_example/install/custom_interfaces/share/custom_interfaces/cmake/custom_interfaces__rosidl_typesupport_cppExport.cmake" will be replaced.  Removing files [/home/user/ros2_control_example/install/custom_interfaces/share/custom_interfaces/cmake/custom_interfaces__rosidl_typesupport_cppExport-noconfig.cmake].
[1.739s] -- Installing: /home/user/ros2_control_example/install/custom_interfaces/share/custom_interfaces/cmake/custom_interfaces__rosidl_typesupport_cppExport.cmake
[1.739s] -- Installing: /home/user/ros2_control_example/install/custom_interfaces/share/custom_interfaces/cmake/custom_interfaces__rosidl_typesupport_cppExport-noconfig.cmake
[1.739s] -- Old export file "/home/user/ros2_control_example/install/custom_interfaces/share/custom_interfaces/cmake/export_custom_interfaces__rosidl_generator_pyExport.cmake" will be replaced.  Removing files [/home/user/ros2_control_example/install/custom_interfaces/share/custom_interfaces/cmake/export_custom_interfaces__rosidl_generator_pyExport-noconfig.cmake].
[1.739s] -- Installing: /home/user/ros2_control_example/install/custom_interfaces/share/custom_interfaces/cmake/export_custom_interfaces__rosidl_generator_pyExport.cmake
[1.739s] -- Installing: /home/user/ros2_control_example/install/custom_interfaces/share/custom_interfaces/cmake/export_custom_interfaces__rosidl_generator_pyExport-noconfig.cmake
[1.739s] -- Up-to-date: /home/user/ros2_control_example/install/custom_interfaces/share/custom_interfaces/cmake/rosidl_cmake-extras.cmake
[1.739s] -- Installing: /home/user/ros2_control_example/install/custom_interfaces/share/custom_interfaces/cmake/ament_cmake_export_dependencies-extras.cmake
[1.739s] -- Up-to-date: /home/user/ros2_control_example/install/custom_interfaces/share/custom_interfaces/cmake/ament_cmake_export_include_directories-extras.cmake
[1.739s] -- Up-to-date: /home/user/ros2_control_example/install/custom_interfaces/share/custom_interfaces/cmake/ament_cmake_export_libraries-extras.cmake
[1.739s] -- Up-to-date: /home/user/ros2_control_example/install/custom_interfaces/share/custom_interfaces/cmake/ament_cmake_export_targets-extras.cmake
[1.739s] -- Up-to-date: /home/user/ros2_control_example/install/custom_interfaces/share/custom_interfaces/cmake/rosidl_cmake_export_typesupport_targets-extras.cmake
[1.739s] -- Up-to-date: /home/user/ros2_control_example/install/custom_interfaces/share/custom_interfaces/cmake/rosidl_cmake_export_typesupport_libraries-extras.cmake
[1.739s] -- Up-to-date: /home/user/ros2_control_example/install/custom_interfaces/share/custom_interfaces/cmake/custom_interfacesConfig.cmake
[1.739s] -- Up-to-date: /home/user/ros2_control_example/install/custom_interfaces/share/custom_interfaces/cmake/custom_interfacesConfig-version.cmake
[1.739s] -- Up-to-date: /home/user/ros2_control_example/install/custom_interfaces/share/custom_interfaces/package.xml
[1.741s] Invoked command in '/home/user/ros2_control_example/build/custom_interfaces' returned '0': CMAKE_PREFIX_PATH=/opt/ros/humble /usr/bin/cmake --install /home/user/ros2_control_example/build/custom_interfaces
