-- Install configuration: ""
-- Up-to-date: /home/user/ros2_control_example/install/robot_model/share/robot_model/description
-- Installing: /home/user/ros2_control_example/install/robot_model/share/robot_model/description/robot.urdf.xacro
-- Installing: /home/user/ros2_control_example/install/robot_model/share/robot_model/description/include.xacro
-- Up-to-date: /home/user/ros2_control_example/install/robot_model/share/robot_model/launch
-- Installing: /home/user/ros2_control_example/install/robot_model/share/robot_model/launch/gazeobo_sim.launch.py
-- Up-to-date: /home/user/ros2_control_example/install/robot_model/share/robot_model/launch/robot_state_publisher_launch.py
-- Up-to-date: /home/user/ros2_control_example/install/robot_model/share/ament_index/resource_index/package_run_dependencies/robot_model
-- Up-to-date: /home/user/ros2_control_example/install/robot_model/share/ament_index/resource_index/parent_prefix_path/robot_model
-- Up-to-date: /home/user/ros2_control_example/install/robot_model/share/robot_model/environment/ament_prefix_path.sh
-- Up-to-date: /home/user/ros2_control_example/install/robot_model/share/robot_model/environment/ament_prefix_path.dsv
-- Up-to-date: /home/user/ros2_control_example/install/robot_model/share/robot_model/environment/path.sh
-- Up-to-date: /home/user/ros2_control_example/install/robot_model/share/robot_model/environment/path.dsv
-- Up-to-date: /home/user/ros2_control_example/install/robot_model/share/robot_model/local_setup.bash
-- Up-to-date: /home/user/ros2_control_example/install/robot_model/share/robot_model/local_setup.sh
-- Up-to-date: /home/user/ros2_control_example/install/robot_model/share/robot_model/local_setup.zsh
-- Up-to-date: /home/user/ros2_control_example/install/robot_model/share/robot_model/local_setup.dsv
-- Installing: /home/user/ros2_control_example/install/robot_model/share/robot_model/package.dsv
-- Up-to-date: /home/user/ros2_control_example/install/robot_model/share/ament_index/resource_index/packages/robot_model
-- Up-to-date: /home/user/ros2_control_example/install/robot_model/share/robot_model/cmake/robot_modelConfig.cmake
-- Up-to-date: /home/user/ros2_control_example/install/robot_model/share/robot_model/cmake/robot_modelConfig-version.cmake
-- Up-to-date: /home/user/ros2_control_example/install/robot_model/share/robot_model/package.xml
