[0.016s] Invoking command in '/home/user/ros2_control_example/build/robot_model': CMAKE_PREFIX_PATH=/opt/ros/humble /usr/bin/cmake --build /home/user/ros2_control_example/build/robot_model -- -j8 -l8
[0.097s] Invoked command in '/home/user/ros2_control_example/build/robot_model' returned '0': CMAKE_PREFIX_PATH=/opt/ros/humble /usr/bin/cmake --build /home/user/ros2_control_example/build/robot_model -- -j8 -l8
[0.114s] Invoking command in '/home/user/ros2_control_example/build/robot_model': CMAKE_PREFIX_PATH=/opt/ros/humble /usr/bin/cmake --install /home/user/ros2_control_example/build/robot_model
[0.119s] -- Install configuration: ""
[0.119s] -- Up-to-date: /home/user/ros2_control_example/install/robot_model/share/robot_model/description
[0.119s] -- Installing: /home/user/ros2_control_example/install/robot_model/share/robot_model/description/robot.urdf.xacro
[0.119s] -- Installing: /home/user/ros2_control_example/install/robot_model/share/robot_model/description/include.xacro
[0.120s] -- Up-to-date: /home/user/ros2_control_example/install/robot_model/share/robot_model/launch
[0.120s] -- Installing: /home/user/ros2_control_example/install/robot_model/share/robot_model/launch/gazeobo_sim.launch.py
[0.120s] -- Up-to-date: /home/user/ros2_control_example/install/robot_model/share/robot_model/launch/robot_state_publisher_launch.py
[0.120s] -- Up-to-date: /home/user/ros2_control_example/install/robot_model/share/ament_index/resource_index/package_run_dependencies/robot_model
[0.120s] -- Up-to-date: /home/user/ros2_control_example/install/robot_model/share/ament_index/resource_index/parent_prefix_path/robot_model
[0.120s] -- Up-to-date: /home/user/ros2_control_example/install/robot_model/share/robot_model/environment/ament_prefix_path.sh
[0.120s] -- Up-to-date: /home/user/ros2_control_example/install/robot_model/share/robot_model/environment/ament_prefix_path.dsv
[0.120s] -- Up-to-date: /home/user/ros2_control_example/install/robot_model/share/robot_model/environment/path.sh
[0.120s] -- Up-to-date: /home/user/ros2_control_example/install/robot_model/share/robot_model/environment/path.dsv
[0.120s] -- Up-to-date: /home/user/ros2_control_example/install/robot_model/share/robot_model/local_setup.bash
[0.120s] -- Up-to-date: /home/user/ros2_control_example/install/robot_model/share/robot_model/local_setup.sh
[0.120s] -- Up-to-date: /home/user/ros2_control_example/install/robot_model/share/robot_model/local_setup.zsh
[0.120s] -- Up-to-date: /home/user/ros2_control_example/install/robot_model/share/robot_model/local_setup.dsv
[0.121s] -- Installing: /home/user/ros2_control_example/install/robot_model/share/robot_model/package.dsv
[0.121s] -- Up-to-date: /home/user/ros2_control_example/install/robot_model/share/ament_index/resource_index/packages/robot_model
[0.121s] -- Up-to-date: /home/user/ros2_control_example/install/robot_model/share/robot_model/cmake/robot_modelConfig.cmake
[0.121s] -- Up-to-date: /home/user/ros2_control_example/install/robot_model/share/robot_model/cmake/robot_modelConfig-version.cmake
[0.121s] -- Up-to-date: /home/user/ros2_control_example/install/robot_model/share/robot_model/package.xml
[0.122s] Invoked command in '/home/user/ros2_control_example/build/robot_model' returned '0': CMAKE_PREFIX_PATH=/opt/ros/humble /usr/bin/cmake --install /home/user/ros2_control_example/build/robot_model
