[0.012s] Invoking command in '/home/user/ros2_control_example/build/my_controller': CMAKE_PREFIX_PATH=/opt/ros/humble /usr/bin/cmake --build /home/user/ros2_control_example/build/my_controller -- -j8 -l8
[0.041s] -- Found ament_cmake: 1.3.3 (/opt/ros/humble/share/ament_cmake/cmake)
[0.171s] -- Found control_msgs: 4.1.0 (/opt/ros/humble/share/control_msgs/cmake)
[0.190s] -- Found rosidl_generator_c: 3.1.4 (/opt/ros/humble/share/rosidl_generator_c/cmake)
[0.192s] -- Found rosidl_adapter: 3.1.4 (/opt/ros/humble/share/rosidl_adapter/cmake)
[0.197s] -- Found rosidl_generator_cpp: 3.1.4 (/opt/ros/humble/share/rosidl_generator_cpp/cmake)
[0.206s] -- Using all available rosidl_typesupport_c: rosidl_typesupport_fastrtps_c;rosidl_typesupport_introspection_c
[0.218s] -- Using all available rosidl_typesupport_cpp: rosidl_typesupport_fastrtps_cpp;rosidl_typesupport_introspection_cpp
[0.690s] -- Found controller_interface: 2.18.0 (/opt/ros/humble/share/controller_interface/cmake)
[0.764s] -- Found rmw_implementation_cmake: 6.1.1 (/opt/ros/humble/share/rmw_implementation_cmake/cmake)
[0.765s] -- Found rmw_fastrtps_cpp: 6.2.2 (/opt/ros/humble/share/rmw_fastrtps_cpp/cmake)
[0.852s] -- Using RMW implementation 'rmw_fastrtps_cpp' as default
[1.056s] -- Found realtime_tools: 2.4.0 (/opt/ros/humble/share/realtime_tools/cmake)
[1.084s] -- Found example_interfaces: 0.9.3 (/opt/ros/humble/share/example_interfaces/cmake)
[1.312s] -- Found ament_lint_auto: 0.12.4 (/opt/ros/humble/share/ament_lint_auto/cmake)
[1.567s] -- Added test 'cppcheck' to perform static code analysis on C / C++ code
[1.567s] -- Configured cppcheck include dirs: $<BUILD_INTERFACE:/home/user/ros2_control_example/src/my_controller/include>
[1.568s] -- Configured cppcheck exclude dirs and/or files: 
[1.568s] -- Added test 'lint_cmake' to check CMake code style
[1.569s] -- Added test 'uncrustify' to check C / C++ code style
[1.569s] -- Configured uncrustify additional arguments: 
[1.569s] -- Added test 'xmllint' to check XML markup files
[1.570s] -- Configuring done
[1.631s] -- Generating done
[1.632s] -- Build files have been written to: /home/user/ros2_control_example/build/my_controller
[1.649s] [35m[1mConsolidate compiler generated dependencies of target my_controller[0m
[1.661s] [ 50%] [32mBuilding CXX object CMakeFiles/my_controller.dir/src/my_controller.cpp.o[0m
[3.459s] [01m[K/home/user/ros2_control_example/src/my_controller/src/my_controller.cpp:[m[K In member function ‘[01m[Kvirtual controller_interface::return_type my_controller::MyController::update(const rclcpp::Time&, const rclcpp::Duration&)[m[K’:
[3.459s] [01m[K/home/user/ros2_control_example/src/my_controller/src/my_controller.cpp:221:53:[m[K [01;35m[Kwarning: [m[Kunused parameter ‘[01m[Kduration[m[K’ [[01;35m[K]8;;https://gcc.gnu.org/onlinedocs/gcc/Warning-Options.html#index-Wunused-parameter-Wunused-parameter]8;;[m[K]
[3.459s]   221 |                             [01;35m[Kconst rclcpp::Duration &duration[m[K /*period*/) {
[3.459s]       |                             [01;35m[K~~~~~~~~~~~~~~~~~~~~~~~~^~~~~~~~[m[K
[8.430s] [100%] [32m[1mLinking CXX shared library libmy_controller.so[0m
[8.869s] [100%] Built target my_controller
