[0.005s] Invoking command in '/home/user/ros2_control_example/build/my_controller2': AMENT_PREFIX_PATH=/home/user/ros2_control_example/install/custom_interfaces:${AMENT_PREFIX_PATH} CMAKE_PREFIX_PATH=/home/user/ros2_control_example/install/custom_interfaces:/opt/ros/humble LD_LIBRARY_PATH=/home/user/ros2_control_example/install/custom_interfaces/lib:${LD_LIBRARY_PATH} PYTHONPATH=/home/user/ros2_control_example/install/custom_interfaces/local/lib/python3.10/dist-packages:${PYTHONPATH} /usr/bin/cmake --build /home/user/ros2_control_example/build/my_controller2 -- -j8 -l8
[0.044s] [ 50%] [32mBuilding CXX object CMakeFiles/my_controller2.dir/src/my_controller2.cpp.o[0m
[2.003s] [01m[K/home/user/ros2_control_example/src/my_controller2/src/my_controller2.cpp:[m[K In member function ‘[01m[Kvirtual controller_interface::return_type my_controller2::MyController2::update(const rclcpp::Time&, const rclcpp::Duration&)[m[K’:
[2.003s] [01m[K/home/user/ros2_control_example/src/my_controller2/src/my_controller2.cpp:221:47:[m[K [01;35m[Kwarning: [m[Kunused parameter ‘[01m[Ktime[m[K’ [[01;35m[K]8;;https://gcc.gnu.org/onlinedocs/gcc/Warning-Options.html#index-Wunused-parameter-Wunused-parameter]8;;[m[K]
[2.003s]   221 |     MyController2::update([01;35m[Kconst rclcpp::Time &time[m[K,
[2.003s]       |                           [01;35m[K~~~~~~~~~~~~~~~~~~~~^~~~[m[K
[2.003s] [01m[K/home/user/ros2_control_example/src/my_controller2/src/my_controller2.cpp:222:53:[m[K [01;35m[Kwarning: [m[Kunused parameter ‘[01m[Kduration[m[K’ [[01;35m[K]8;;https://gcc.gnu.org/onlinedocs/gcc/Warning-Options.html#index-Wunused-parameter-Wunused-parameter]8;;[m[K]
[2.003s]   222 |                             [01;35m[Kconst rclcpp::Duration &duration[m[K /*period*/) {
[2.004s]       |                             [01;35m[K~~~~~~~~~~~~~~~~~~~~~~~~^~~~~~~~[m[K
[7.423s] [100%] [32m[1mLinking CXX shared library libmy_controller2.so[0m
[7.944s] [100%] Built target my_controller2
[7.951s] Invoked command in '/home/user/ros2_control_example/build/my_controller2' returned '0': AMENT_PREFIX_PATH=/home/user/ros2_control_example/install/custom_interfaces:${AMENT_PREFIX_PATH} CMAKE_PREFIX_PATH=/home/user/ros2_control_example/install/custom_interfaces:/opt/ros/humble LD_LIBRARY_PATH=/home/user/ros2_control_example/install/custom_interfaces/lib:${LD_LIBRARY_PATH} PYTHONPATH=/home/user/ros2_control_example/install/custom_interfaces/local/lib/python3.10/dist-packages:${PYTHONPATH} /usr/bin/cmake --build /home/user/ros2_control_example/build/my_controller2 -- -j8 -l8
[7.965s] Invoking command in '/home/user/ros2_control_example/build/my_controller2': AMENT_PREFIX_PATH=/home/user/ros2_control_example/install/custom_interfaces:${AMENT_PREFIX_PATH} CMAKE_PREFIX_PATH=/home/user/ros2_control_example/install/custom_interfaces:/opt/ros/humble LD_LIBRARY_PATH=/home/user/ros2_control_example/install/custom_interfaces/lib:${LD_LIBRARY_PATH} PYTHONPATH=/home/user/ros2_control_example/install/custom_interfaces/local/lib/python3.10/dist-packages:${PYTHONPATH} /usr/bin/cmake --install /home/user/ros2_control_example/build/my_controller2
[7.969s] -- Install configuration: ""
[7.969s] -- Installing: /home/user/ros2_control_example/install/my_controller2/share/my_controller2/my_controller2.xml
[7.970s] -- Installing: /home/user/ros2_control_example/install/my_controller2/lib/libmy_controller2.so
[7.977s] -- Set runtime path of "/home/user/ros2_control_example/install/my_controller2/lib/libmy_controller2.so" to ""
[7.977s] -- Up-to-date: /home/user/ros2_control_example/install/my_controller2/include
[7.977s] -- Up-to-date: /home/user/ros2_control_example/install/my_controller2/include/my_controller2
[7.977s] -- Up-to-date: /home/user/ros2_control_example/install/my_controller2/include/my_controller2/my_controller2.hpp
[7.977s] -- Up-to-date: /home/user/ros2_control_example/install/my_controller2/share/my_controller2//config
[7.977s] -- Up-to-date: /home/user/ros2_control_example/install/my_controller2/share/my_controller2//config/my_controller2_custom.yaml
[7.978s] -- Up-to-date: /home/user/ros2_control_example/install/my_controller2/share/my_controller2/environment/library_path.sh
[7.978s] -- Up-to-date: /home/user/ros2_control_example/install/my_controller2/share/my_controller2/environment/library_path.dsv
[7.978s] -- Up-to-date: /home/user/ros2_control_example/install/my_controller2/share/ament_index/resource_index/package_run_dependencies/my_controller2
[7.978s] -- Up-to-date: /home/user/ros2_control_example/install/my_controller2/share/ament_index/resource_index/parent_prefix_path/my_controller2
[7.978s] -- Up-to-date: /home/user/ros2_control_example/install/my_controller2/share/my_controller2/environment/ament_prefix_path.sh
[7.978s] -- Up-to-date: /home/user/ros2_control_example/install/my_controller2/share/my_controller2/environment/ament_prefix_path.dsv
[7.978s] -- Up-to-date: /home/user/ros2_control_example/install/my_controller2/share/my_controller2/environment/path.sh
[7.978s] -- Up-to-date: /home/user/ros2_control_example/install/my_controller2/share/my_controller2/environment/path.dsv
[7.978s] -- Up-to-date: /home/user/ros2_control_example/install/my_controller2/share/my_controller2/local_setup.bash
[7.978s] -- Up-to-date: /home/user/ros2_control_example/install/my_controller2/share/my_controller2/local_setup.sh
[7.978s] -- Up-to-date: /home/user/ros2_control_example/install/my_controller2/share/my_controller2/local_setup.zsh
[7.978s] -- Up-to-date: /home/user/ros2_control_example/install/my_controller2/share/my_controller2/local_setup.dsv
[7.978s] -- Installing: /home/user/ros2_control_example/install/my_controller2/share/my_controller2/package.dsv
[7.978s] -- Up-to-date: /home/user/ros2_control_example/install/my_controller2/share/ament_index/resource_index/packages/my_controller2
[7.978s] -- Up-to-date: /home/user/ros2_control_example/install/my_controller2/share/ament_index/resource_index/controller_interface__pluginlib__plugin/my_controller2
[7.978s] -- Up-to-date: /home/user/ros2_control_example/install/my_controller2/share/my_controller2/cmake/ament_cmake_export_include_directories-extras.cmake
[7.979s] -- Up-to-date: /home/user/ros2_control_example/install/my_controller2/share/my_controller2/cmake/ament_cmake_export_libraries-extras.cmake
[7.981s] -- Up-to-date: /home/user/ros2_control_example/install/my_controller2/share/my_controller2/cmake/ament_cmake_export_dependencies-extras.cmake
[7.981s] -- Up-to-date: /home/user/ros2_control_example/install/my_controller2/share/my_controller2/cmake/my_controller2Config.cmake
[7.981s] -- Up-to-date: /home/user/ros2_control_example/install/my_controller2/share/my_controller2/cmake/my_controller2Config-version.cmake
[7.981s] -- Up-to-date: /home/user/ros2_control_example/install/my_controller2/share/my_controller2/package.xml
[7.982s] Invoked command in '/home/user/ros2_control_example/build/my_controller2' returned '0': AMENT_PREFIX_PATH=/home/user/ros2_control_example/install/custom_interfaces:${AMENT_PREFIX_PATH} CMAKE_PREFIX_PATH=/home/user/ros2_control_example/install/custom_interfaces:/opt/ros/humble LD_LIBRARY_PATH=/home/user/ros2_control_example/install/custom_interfaces/lib:${LD_LIBRARY_PATH} PYTHONPATH=/home/user/ros2_control_example/install/custom_interfaces/local/lib/python3.10/dist-packages:${PYTHONPATH} /usr/bin/cmake --install /home/user/ros2_control_example/build/my_controller2
