[0.021s] Invoking command in '/home/user/ros2_control_example/build/multi_interface_forward_controller': CMAKE_PREFIX_PATH=${CMAKE_PREFIX_PATH}:/opt/ros/humble /usr/bin/cmake --build /home/user/ros2_control_example/build/multi_interface_forward_controller -- -j8 -l8
[0.064s] [100%] Built target multi_interface_forward_controller
[0.075s] Invoked command in '/home/user/ros2_control_example/build/multi_interface_forward_controller' returned '0': CMAKE_PREFIX_PATH=${CMAKE_PREFIX_PATH}:/opt/ros/humble /usr/bin/cmake --build /home/user/ros2_control_example/build/multi_interface_forward_controller -- -j8 -l8
[0.096s] Invoking command in '/home/user/ros2_control_example/build/multi_interface_forward_controller': CMAKE_PREFIX_PATH=${CMAKE_PREFIX_PATH}:/opt/ros/humble /usr/bin/cmake --install /home/user/ros2_control_example/build/multi_interface_forward_controller
[0.110s] -- Install configuration: ""
[0.110s] -- Up-to-date: /home/user/ros2_control_example/install/multi_interface_forward_controller/share/multi_interface_forward_controller/multi_interface_forward_controller.xml
[0.112s] -- Up-to-date: /home/user/ros2_control_example/install/multi_interface_forward_controller/lib/libmulti_interface_forward_controller.so
[0.112s] -- Up-to-date: /home/user/ros2_control_example/install/multi_interface_forward_controller/include
[0.113s] -- Up-to-date: /home/user/ros2_control_example/install/multi_interface_forward_controller/include/multi_interface_forward_controller
[0.113s] -- Up-to-date: /home/user/ros2_control_example/install/multi_interface_forward_controller/include/multi_interface_forward_controller/multi_interface_forward_controller.hpp
[0.113s] -- Up-to-date: /home/user/ros2_control_example/install/multi_interface_forward_controller/share/multi_interface_forward_controller//config
[0.113s] -- Up-to-date: /home/user/ros2_control_example/install/multi_interface_forward_controller/share/multi_interface_forward_controller//config/multi_interface_controllers_custom.yaml
[0.113s] -- Up-to-date: /home/user/ros2_control_example/install/multi_interface_forward_controller/share/multi_interface_forward_controller/environment/library_path.sh
[0.113s] -- Up-to-date: /home/user/ros2_control_example/install/multi_interface_forward_controller/share/multi_interface_forward_controller/environment/library_path.dsv
[0.114s] -- Up-to-date: /home/user/ros2_control_example/install/multi_interface_forward_controller/share/ament_index/resource_index/package_run_dependencies/multi_interface_forward_controller
[0.114s] -- Up-to-date: /home/user/ros2_control_example/install/multi_interface_forward_controller/share/ament_index/resource_index/parent_prefix_path/multi_interface_forward_controller
[0.116s] -- Up-to-date: /home/user/ros2_control_example/install/multi_interface_forward_controller/share/multi_interface_forward_controller/environment/ament_prefix_path.sh
[0.116s] -- Up-to-date: /home/user/ros2_control_example/install/multi_interface_forward_controller/share/multi_interface_forward_controller/environment/ament_prefix_path.dsv
[0.116s] -- Up-to-date: /home/user/ros2_control_example/install/multi_interface_forward_controller/share/multi_interface_forward_controller/environment/path.sh
[0.116s] -- Up-to-date: /home/user/ros2_control_example/install/multi_interface_forward_controller/share/multi_interface_forward_controller/environment/path.dsv
[0.116s] -- Up-to-date: /home/user/ros2_control_example/install/multi_interface_forward_controller/share/multi_interface_forward_controller/local_setup.bash
[0.116s] -- Up-to-date: /home/user/ros2_control_example/install/multi_interface_forward_controller/share/multi_interface_forward_controller/local_setup.sh
[0.116s] -- Up-to-date: /home/user/ros2_control_example/install/multi_interface_forward_controller/share/multi_interface_forward_controller/local_setup.zsh
[0.116s] -- Up-to-date: /home/user/ros2_control_example/install/multi_interface_forward_controller/share/multi_interface_forward_controller/local_setup.dsv
[0.117s] -- Installing: /home/user/ros2_control_example/install/multi_interface_forward_controller/share/multi_interface_forward_controller/package.dsv
[0.117s] -- Up-to-date: /home/user/ros2_control_example/install/multi_interface_forward_controller/share/ament_index/resource_index/packages/multi_interface_forward_controller
[0.117s] -- Up-to-date: /home/user/ros2_control_example/install/multi_interface_forward_controller/share/ament_index/resource_index/controller_interface__pluginlib__plugin/multi_interface_forward_controller
[0.117s] -- Up-to-date: /home/user/ros2_control_example/install/multi_interface_forward_controller/share/multi_interface_forward_controller/cmake/ament_cmake_export_include_directories-extras.cmake
[0.118s] -- Up-to-date: /home/user/ros2_control_example/install/multi_interface_forward_controller/share/multi_interface_forward_controller/cmake/ament_cmake_export_libraries-extras.cmake
[0.118s] -- Up-to-date: /home/user/ros2_control_example/install/multi_interface_forward_controller/share/multi_interface_forward_controller/cmake/ament_cmake_export_dependencies-extras.cmake
[0.118s] -- Up-to-date: /home/user/ros2_control_example/install/multi_interface_forward_controller/share/multi_interface_forward_controller/cmake/multi_interface_forward_controllerConfig.cmake
[0.118s] -- Up-to-date: /home/user/ros2_control_example/install/multi_interface_forward_controller/share/multi_interface_forward_controller/cmake/multi_interface_forward_controllerConfig-version.cmake
[0.118s] -- Up-to-date: /home/user/ros2_control_example/install/multi_interface_forward_controller/share/multi_interface_forward_controller/package.xml
[0.135s] Invoked command in '/home/user/ros2_control_example/build/multi_interface_forward_controller' returned '0': CMAKE_PREFIX_PATH=${CMAKE_PREFIX_PATH}:/opt/ros/humble /usr/bin/cmake --install /home/user/ros2_control_example/build/multi_interface_forward_controller
