[0.009s] Invoking command in '/home/user/ros2_control_example/build/custom_interfaces': CMAKE_PREFIX_PATH=/opt/ros/humble /usr/bin/cmake /home/user/ros2_control_example/src/custom_interfaces -DCMAKE_INSTALL_PREFIX=/home/user/ros2_control_example/install/custom_interfaces
[0.017s] -- Found ament_cmake: 1.3.3 (/opt/ros/humble/share/ament_cmake/cmake)
[0.115s] -- Found std_msgs: 4.2.2 (/opt/ros/humble/share/std_msgs/cmake)
[0.133s] -- Found rosidl_generator_c: 3.1.4 (/opt/ros/humble/share/rosidl_generator_c/cmake)
[0.135s] -- Found rosidl_adapter: 3.1.4 (/opt/ros/humble/share/rosidl_adapter/cmake)
[0.139s] -- Found rosidl_generator_cpp: 3.1.4 (/opt/ros/humble/share/rosidl_generator_cpp/cmake)
[0.148s] -- Using all available rosidl_typesupport_c: rosidl_typesupport_fastrtps_c;rosidl_typesupport_introspection_c
[0.159s] -- Using all available rosidl_typesupport_cpp: rosidl_typesupport_fastrtps_cpp;rosidl_typesupport_introspection_cpp
[0.201s] -- Found rosidl_default_generators: 1.2.0 (/opt/ros/humble/share/rosidl_default_generators/cmake)
[0.331s] [31mCMake Error at /opt/ros/humble/share/rosidl_adapter/cmake/rosidl_adapt_interfaces.cmake:59 (message):
[0.331s]   execute_process(/usr/bin/python3.10 -m rosidl_adapter --package-name
[0.331s]   custom_interfaces --arguments-file
[0.331s]   /home/user/ros2_control_example/build/custom_interfaces/rosidl_adapter__arguments__custom_interfaces.json
[0.331s]   --output-dir
[0.331s]   /home/user/ros2_control_example/build/custom_interfaces/rosidl_adapter/custom_interfaces
[0.331s]   --output-file
[0.332s]   /home/user/ros2_control_example/build/custom_interfaces/rosidl_adapter/custom_interfaces.idls)
[0.332s]   returned error code 1:
[0.332s] 
[0.332s]   Error processing ' builtin_interfaces/Time stamp' of
[0.332s]   'custom_interfaces/Controlnote': 'string index out of range'
[0.332s] 
[0.332s]   Traceback (most recent call last):
[0.332s] 
[0.332s]     File "/usr/lib/python3.10/runpy.py", line 196, in _run_module_as_main
[0.332s]       return _run_code(code, main_globals, None,
[0.332s]     File "/usr/lib/python3.10/runpy.py", line 86, in _run_code
[0.332s]       exec(code, run_globals)
[0.332s]     File "/opt/ros/humble/local/lib/python3.10/dist-packages/rosidl_adapter/__main__.py", line 19, in <module>
[0.332s]       sys.exit(main())
[0.332s]     File "/opt/ros/humble/local/lib/python3.10/dist-packages/rosidl_adapter/main.py", line 53, in main
[0.332s]       abs_idl_file = convert_to_idl(
[0.332s]     File "/opt/ros/humble/local/lib/python3.10/dist-packages/rosidl_adapter/__init__.py", line 19, in convert_to_idl
[0.332s]       return convert_msg_to_idl(
[0.332s]     File "/opt/ros/humble/local/lib/python3.10/dist-packages/rosidl_adapter/msg/__init__.py", line 28, in convert_msg_to_idl
[0.332s]       msg = parse_message_string(package_name, input_file.stem, content)
[0.332s]     File "/opt/ros/humble/local/lib/python3.10/dist-packages/rosidl_adapter/parser.py", line 520, in parse_message_string
[0.332s]       Type(type_string, context_package_name=pkg_name),
[0.333s]     File "/opt/ros/humble/local/lib/python3.10/dist-packages/rosidl_adapter/parser.py", line 241, in __init__
[0.333s]       self.is_array = type_string[-1] == ']'
[0.333s] 
[0.333s]   IndexError: string index out of range
[0.333s] 
[0.333s] Call Stack (most recent call first):
[0.333s]   /opt/ros/humble/share/rosidl_cmake/cmake/rosidl_generate_interfaces.cmake:130 (rosidl_adapt_interfaces)
[0.333s]   CMakeLists.txt:17 (rosidl_generate_interfaces)
[0.333s] 
[0.333s] [0m
[0.333s] -- Configuring incomplete, errors occurred!
[0.333s] See also "/home/user/ros2_control_example/build/custom_interfaces/CMakeFiles/CMakeOutput.log".
[0.335s] Invoked command in '/home/user/ros2_control_example/build/custom_interfaces' returned '1': CMAKE_PREFIX_PATH=/opt/ros/humble /usr/bin/cmake /home/user/ros2_control_example/src/custom_interfaces -DCMAKE_INSTALL_PREFIX=/home/user/ros2_control_example/install/custom_interfaces
