[0.009s] Invoking command in '/home/user/ros2_control_example/build/my_controller2': CMAKE_PREFIX_PATH=/home/user/ros2_control_example/install/custom_interfaces:/home/user/ros2_control_example/install/robot_model:/home/user/ros2_control_example/install/my_controller2:/home/user/ros2_control_example/install/my_controller:/home/user/ros2_control_example/install/multi_link_controller:/opt/ros/humble LD_LIBRARY_PATH=/home/user/ros2_control_example/install/custom_interfaces/lib:/home/user/ros2_control_example/install/my_controller2/lib:/home/user/ros2_control_example/install/my_controller/lib:/home/user/ros2_control_example/install/multi_link_controller/lib:/usr/lib/x86_64-linux-gnu/gazebo-11/plugins:/opt/ros/humble/opt/rviz_ogre_vendor/lib:/opt/ros/humble/lib/x86_64-linux-gnu:/opt/ros/humble/lib /usr/bin/cmake --build /home/user/ros2_control_example/build/my_controller2 -- -j8 -l8
[0.044s] [100%] Built target my_controller2
[0.052s] Invoked command in '/home/user/ros2_control_example/build/my_controller2' returned '0': CMAKE_PREFIX_PATH=/home/user/ros2_control_example/install/custom_interfaces:/home/user/ros2_control_example/install/robot_model:/home/user/ros2_control_example/install/my_controller2:/home/user/ros2_control_example/install/my_controller:/home/user/ros2_control_example/install/multi_link_controller:/opt/ros/humble LD_LIBRARY_PATH=/home/user/ros2_control_example/install/custom_interfaces/lib:/home/user/ros2_control_example/install/my_controller2/lib:/home/user/ros2_control_example/install/my_controller/lib:/home/user/ros2_control_example/install/multi_link_controller/lib:/usr/lib/x86_64-linux-gnu/gazebo-11/plugins:/opt/ros/humble/opt/rviz_ogre_vendor/lib:/opt/ros/humble/lib/x86_64-linux-gnu:/opt/ros/humble/lib /usr/bin/cmake --build /home/user/ros2_control_example/build/my_controller2 -- -j8 -l8
[0.067s] Invoking command in '/home/user/ros2_control_example/build/my_controller2': CMAKE_PREFIX_PATH=/home/user/ros2_control_example/install/custom_interfaces:/home/user/ros2_control_example/install/robot_model:/home/user/ros2_control_example/install/my_controller2:/home/user/ros2_control_example/install/my_controller:/home/user/ros2_control_example/install/multi_link_controller:/opt/ros/humble LD_LIBRARY_PATH=/home/user/ros2_control_example/install/custom_interfaces/lib:/home/user/ros2_control_example/install/my_controller2/lib:/home/user/ros2_control_example/install/my_controller/lib:/home/user/ros2_control_example/install/multi_link_controller/lib:/usr/lib/x86_64-linux-gnu/gazebo-11/plugins:/opt/ros/humble/opt/rviz_ogre_vendor/lib:/opt/ros/humble/lib/x86_64-linux-gnu:/opt/ros/humble/lib /usr/bin/cmake --install /home/user/ros2_control_example/build/my_controller2
[0.072s] -- Install configuration: ""
[0.072s] -- Up-to-date: /home/user/ros2_control_example/install/my_controller2/share/my_controller2/my_controller2.xml
[0.072s] -- Up-to-date: /home/user/ros2_control_example/install/my_controller2/lib/libmy_controller2.so
[0.072s] -- Up-to-date: /home/user/ros2_control_example/install/my_controller2/include
[0.072s] -- Up-to-date: /home/user/ros2_control_example/install/my_controller2/include/my_controller2
[0.072s] -- Up-to-date: /home/user/ros2_control_example/install/my_controller2/include/my_controller2/my_controller2.hpp
[0.072s] -- Up-to-date: /home/user/ros2_control_example/install/my_controller2/share/my_controller2//config
[0.072s] -- Up-to-date: /home/user/ros2_control_example/install/my_controller2/share/my_controller2//config/my_controller2_custom.yaml
[0.073s] -- Up-to-date: /home/user/ros2_control_example/install/my_controller2/share/my_controller2/environment/library_path.sh
[0.073s] -- Up-to-date: /home/user/ros2_control_example/install/my_controller2/share/my_controller2/environment/library_path.dsv
[0.073s] -- Up-to-date: /home/user/ros2_control_example/install/my_controller2/share/ament_index/resource_index/package_run_dependencies/my_controller2
[0.073s] -- Up-to-date: /home/user/ros2_control_example/install/my_controller2/share/ament_index/resource_index/parent_prefix_path/my_controller2
[0.073s] -- Up-to-date: /home/user/ros2_control_example/install/my_controller2/share/my_controller2/environment/ament_prefix_path.sh
[0.073s] -- Up-to-date: /home/user/ros2_control_example/install/my_controller2/share/my_controller2/environment/ament_prefix_path.dsv
[0.073s] -- Up-to-date: /home/user/ros2_control_example/install/my_controller2/share/my_controller2/environment/path.sh
[0.073s] -- Up-to-date: /home/user/ros2_control_example/install/my_controller2/share/my_controller2/environment/path.dsv
[0.073s] -- Up-to-date: /home/user/ros2_control_example/install/my_controller2/share/my_controller2/local_setup.bash
[0.073s] -- Up-to-date: /home/user/ros2_control_example/install/my_controller2/share/my_controller2/local_setup.sh
[0.073s] -- Up-to-date: /home/user/ros2_control_example/install/my_controller2/share/my_controller2/local_setup.zsh
[0.073s] -- Up-to-date: /home/user/ros2_control_example/install/my_controller2/share/my_controller2/local_setup.dsv
[0.074s] -- Installing: /home/user/ros2_control_example/install/my_controller2/share/my_controller2/package.dsv
[0.074s] -- Up-to-date: /home/user/ros2_control_example/install/my_controller2/share/ament_index/resource_index/packages/my_controller2
[0.076s] -- Up-to-date: /home/user/ros2_control_example/install/my_controller2/share/ament_index/resource_index/controller_interface__pluginlib__plugin/my_controller2
[0.076s] -- Up-to-date: /home/user/ros2_control_example/install/my_controller2/share/my_controller2/cmake/ament_cmake_export_include_directories-extras.cmake
[0.076s] -- Up-to-date: /home/user/ros2_control_example/install/my_controller2/share/my_controller2/cmake/ament_cmake_export_libraries-extras.cmake
[0.076s] -- Up-to-date: /home/user/ros2_control_example/install/my_controller2/share/my_controller2/cmake/ament_cmake_export_dependencies-extras.cmake
[0.076s] -- Up-to-date: /home/user/ros2_control_example/install/my_controller2/share/my_controller2/cmake/my_controller2Config.cmake
[0.077s] -- Up-to-date: /home/user/ros2_control_example/install/my_controller2/share/my_controller2/cmake/my_controller2Config-version.cmake
[0.077s] -- Up-to-date: /home/user/ros2_control_example/install/my_controller2/share/my_controller2/package.xml
[0.077s] Invoked command in '/home/user/ros2_control_example/build/my_controller2' returned '0': CMAKE_PREFIX_PATH=/home/user/ros2_control_example/install/custom_interfaces:/home/user/ros2_control_example/install/robot_model:/home/user/ros2_control_example/install/my_controller2:/home/user/ros2_control_example/install/my_controller:/home/user/ros2_control_example/install/multi_link_controller:/opt/ros/humble LD_LIBRARY_PATH=/home/user/ros2_control_example/install/custom_interfaces/lib:/home/user/ros2_control_example/install/my_controller2/lib:/home/user/ros2_control_example/install/my_controller/lib:/home/user/ros2_control_example/install/multi_link_controller/lib:/usr/lib/x86_64-linux-gnu/gazebo-11/plugins:/opt/ros/humble/opt/rviz_ogre_vendor/lib:/opt/ros/humble/lib/x86_64-linux-gnu:/opt/ros/humble/lib /usr/bin/cmake --install /home/user/ros2_control_example/build/my_controller2
